#
# There is insufficient memory for the Java Runtime Environment to continue.
# Native memory allocation (malloc) failed to allocate 2097152 bytes for AllocateHeap
# Possible reasons:
#   The system is out of physical RAM or swap space
#   The process is running with CompressedOops enabled, and the Java Heap may be blocking the growth of the native heap
# Possible solutions:
#   Reduce memory load on the system
#   Increase physical memory or swap space
#   Check if swap backing store is full
#   Decrease Java heap size (-Xmx/-Xms)
#   Decrease number of Java threads
#   Decrease Java thread stack sizes (-Xss)
#   Set larger code cache with -XX:ReservedCodeCacheSize=
#   JVM is running with Unscaled Compressed Oops mode in which the Java heap is
#     placed in the first 4GB address space. The Java Heap base address is the
#     maximum limit for the native heap growth. Please use -XX:HeapBaseMinAddress
#     to set the Java Heap base and to place the Java Heap above 4GB virtual address.
# This output file may be truncated or incomplete.
#
#  Out of Memory Error (allocation.cpp:44), pid=10752, tid=5744
#
# JRE version: OpenJDK Runtime Environment Temurin-17.0.4.1+1 (17.0.4.1+1) (build 17.0.4.1+1)
# Java VM: OpenJDK 64-Bit Server VM Temurin-17.0.4.1+1 (17.0.4.1+1, mixed mode, emulated-client, tiered, compressed oops, compressed class ptrs, g1 gc, windows-amd64)
# No core dump will be written. Minidumps are not enabled by default on client versions of Windows
#

---------------  S U M M A R Y ------------

Command Line: -Dsts.lsp.client=vscode -Dsts.log.file=/dev/null -XX:TieredStopAtLevel=1 -Xlog:jni+resolve=off -Dspring.config.location=file:c:\Users\Dell\.vscode\extensions\pivotal.vscode-spring-boot-1.39.0\language-server\BOOT-INF\classes\application.properties org.springframework.ide.vscode.boot.app.BootLanguageServerBootApp

Host: Intel(R) Core(TM) i5-8265U CPU @ 1.60GHz, 8 cores, 3G,  Windows 10 , 64 bit Build 19041 (10.0.19041.1889)
Time: Mon Oct 17 09:55:27 2022 Myanmar Standard Time elapsed time: 2845.399335 seconds (0d 0h 47m 25s)

---------------  T H R E A D  ---------------

Current thread (0x000002274e4ecf80):  VMThread "VM Thread" [stack: 0x00000035f2c00000,0x00000035f2d00000] [id=5744]

Stack: [0x00000035f2c00000,0x00000035f2d00000]
Native frames: (J=compiled Java code, j=interpreted, Vv=VM code, C=native code)
V  [jvm.dll+0x67731a]
V  [jvm.dll+0x832284]
V  [jvm.dll+0x833a2e]
V  [jvm.dll+0x834093]
V  [jvm.dll+0x245775]
V  [jvm.dll+0xa6393]
V  [jvm.dll+0x2f59c1]
V  [jvm.dll+0x2f1640]
V  [jvm.dll+0x2d9d27]
V  [jvm.dll+0x31ce37]
V  [jvm.dll+0x83853b]
V  [jvm.dll+0x839274]
V  [jvm.dll+0x83978c]
V  [jvm.dll+0x839b64]
V  [jvm.dll+0x839c30]
V  [jvm.dll+0x7e240a]
V  [jvm.dll+0x6761a5]
C  [ucrtbase.dll+0x21bb2]
C  [KERNEL32.DLL+0x17034]
C  [ntdll.dll+0x526a1]

VM_Operation (0x00000035f50fedd0): G1CollectFull, mode: safepoint, requested by thread 0x0000022750cc5b30


---------------  P R O C E S S  ---------------

Threads class SMR info:
_java_thread_list=0x0000022750832220, length=27, elements={
0x000002274e4f0bb0, 0x000002274e4f1a20, 0x000002274e51d180, 0x000002274e51ff00,
0x000002274e5220d0, 0x000002274e535410, 0x000002274e53c5f0, 0x000002274e544f00,
0x000002274f1b88d0, 0x000002274f1cc1d0, 0x000002274f85bc10, 0x0000022750cc5b30,
0x0000022750cc7ce0, 0x0000022750cc7340, 0x0000022750cc47f0, 0x0000022750cca360,
0x0000022750cc3e50, 0x0000022750cc8680, 0x0000022750cc7810, 0x0000022750cc64d0,
0x0000022750cc6000, 0x0000022750cc94f0, 0x0000022750cc4320, 0x0000022750cc8b50,
0x0000022750cc4cc0, 0x0000022750ccb6a0, 0x000002274f9315c0
}

Java Threads: ( => current thread )
  0x000002274e4f0bb0 JavaThread "Reference Handler" daemon [_thread_blocked, id=792, stack(0x00000035f2d00000,0x00000035f2e00000)]
  0x000002274e4f1a20 JavaThread "Finalizer" daemon [_thread_blocked, id=16212, stack(0x00000035f2e00000,0x00000035f2f00000)]
  0x000002274e51d180 JavaThread "Signal Dispatcher" daemon [_thread_blocked, id=15568, stack(0x00000035f2f00000,0x00000035f3000000)]
  0x000002274e51ff00 JavaThread "Attach Listener" daemon [_thread_blocked, id=15712, stack(0x00000035f3000000,0x00000035f3100000)]
  0x000002274e5220d0 JavaThread "Service Thread" daemon [_thread_blocked, id=8544, stack(0x00000035f3100000,0x00000035f3200000)]
  0x000002274e535410 JavaThread "Monitor Deflation Thread" daemon [_thread_blocked, id=13852, stack(0x00000035f3200000,0x00000035f3300000)]
  0x000002274e53c5f0 JavaThread "C1 CompilerThread0" daemon [_thread_blocked, id=13496, stack(0x00000035f3300000,0x00000035f3400000)]
  0x000002274e544f00 JavaThread "Sweeper thread" daemon [_thread_blocked, id=12968, stack(0x00000035f3400000,0x00000035f3500000)]
  0x000002274f1b88d0 JavaThread "Notification Thread" daemon [_thread_blocked, id=2768, stack(0x00000035f3500000,0x00000035f3600000)]
  0x000002274f1cc1d0 JavaThread "Common-Cleaner" daemon [_thread_blocked, id=10548, stack(0x00000035f3700000,0x00000035f3800000)]
  0x000002274f85bc10 JavaThread "boundedElastic-evictor-1" daemon [_thread_blocked, id=5724, stack(0x00000035f3800000,0x00000035f3900000)]
  0x0000022750cc5b30 JavaThread "pool-9-thread-1" [_thread_blocked, id=3156, stack(0x00000035f5000000,0x00000035f5100000)]
  0x0000022750cc7ce0 JavaThread "LanguageServerApp-lifecycle" [_thread_blocked, id=15804, stack(0x00000035f5100000,0x00000035f5200000)]
  0x0000022750cc7340 JavaThread "DestroyJavaVM" [_thread_blocked, id=13216, stack(0x00000035f2600000,0x00000035f2700000)]
  0x0000022750cc47f0 JavaThread "pool-10-thread-1" [_thread_in_native, id=12148, stack(0x00000035f5200000,0x00000035f5300000)]
  0x0000022750cca360 JavaThread "Simple-Language-Server main thread" daemon [_thread_blocked, id=4520, stack(0x00000035f5300000,0x00000035f5400000)]
  0x0000022750cc3e50 JavaThread "pool-7-thread-1" [_thread_blocked, id=9224, stack(0x00000035f5400000,0x00000035f5500000)]
  0x0000022750cc8680 JavaThread "parallel-1" daemon [_thread_blocked, id=2196, stack(0x00000035f5500000,0x00000035f5600000)]
  0x0000022750cc7810 JavaThread "Reconciler-1" daemon [_thread_blocked, id=14564, stack(0x00000035f5600000,0x00000035f5700000)]
  0x0000022750cc64d0 JavaThread "parallel-2" daemon [_thread_blocked, id=11032, stack(0x00000035f5800000,0x00000035f5900000)]
  0x0000022750cc6000 JavaThread "pool-5-thread-1" [_thread_blocked, id=452, stack(0x00000035f5f00000,0x00000035f6000000)]
  0x0000022750cc94f0 JavaThread "parallel-3" daemon [_thread_blocked, id=4796, stack(0x00000035f6000000,0x00000035f6100000)]
  0x0000022750cc4320 JavaThread "parallel-4" daemon [_thread_blocked, id=14496, stack(0x00000035f2500000,0x00000035f2600000)]
  0x0000022750cc8b50 JavaThread "parallel-5" daemon [_thread_blocked, id=9804, stack(0x00000035f4300000,0x00000035f4400000)]
  0x0000022750cc4cc0 JavaThread "parallel-6" daemon [_thread_blocked, id=9956, stack(0x00000035f2400000,0x00000035f2500000)]
  0x0000022750ccb6a0 JavaThread "parallel-7" daemon [_thread_blocked, id=5144, stack(0x00000035f4400000,0x00000035f4500000)]
  0x000002274f9315c0 JavaThread "parallel-8" daemon [_thread_blocked, id=12372, stack(0x00000035f4500000,0x00000035f4600000)]

Other Threads:
=>0x000002274e4ecf80 VMThread "VM Thread" [stack: 0x00000035f2c00000,0x00000035f2d00000] [id=5744]
  0x0000022743832550 WatcherThread [stack: 0x00000035f3600000,0x00000035f3700000] [id=10212]
  0x000002274380f9f0 GCTaskThread "GC Thread#0" [stack: 0x00000035f2700000,0x00000035f2800000] [id=15032]
  0x000002274fa425e0 GCTaskThread "GC Thread#1" [stack: 0x00000035f3900000,0x00000035f3a00000] [id=7564]
  0x000002274fb20f30 GCTaskThread "GC Thread#2" [stack: 0x00000035f3a00000,0x00000035f3b00000] [id=6608]
  0x000002274fb213f0 GCTaskThread "GC Thread#3" [stack: 0x00000035f3b00000,0x00000035f3c00000] [id=15092]
  0x000002274fb216a0 GCTaskThread "GC Thread#4" [stack: 0x00000035f3c00000,0x00000035f3d00000] [id=13252]
  0x000002274fb22160 GCTaskThread "GC Thread#5" [stack: 0x00000035f3d00000,0x00000035f3e00000] [id=3840]
  0x00000227504fb4c0 GCTaskThread "GC Thread#6" [stack: 0x00000035f3e00000,0x00000035f3f00000] [id=14884]
  0x000002275050edf0 GCTaskThread "GC Thread#7" [stack: 0x00000035f3f00000,0x00000035f4000000] [id=8940]
  0x0000022743819580 ConcurrentGCThread "G1 Main Marker" [stack: 0x00000035f2800000,0x00000035f2900000] [id=12508]
  0x000002274381c750 ConcurrentGCThread "G1 Conc#0" [stack: 0x00000035f2900000,0x00000035f2a00000] [id=12244]
  0x00000227506f2a70 ConcurrentGCThread "G1 Conc#1" [stack: 0x00000035f4100000,0x00000035f4200000] [id=10744]
  0x000002274387f3e0 ConcurrentGCThread "G1 Refine#0" [stack: 0x00000035f2a00000,0x00000035f2b00000] [id=16120]
  0x0000022752c4e5b0 ConcurrentGCThread "G1 Refine#1" [stack: 0x00000035f5700000,0x00000035f5800000] [id=10892]
  0x00000227510f03f0 ConcurrentGCThread "G1 Refine#2" [stack: 0x00000035f5e00000,0x00000035f5f00000] [id=10656]
  0x00000227536be020 ConcurrentGCThread "G1 Refine#3" [stack: 0x00000035f5d00000,0x00000035f5e00000] [id=9428]
  0x000002274387fe00 ConcurrentGCThread "G1 Service" [stack: 0x00000035f2b00000,0x00000035f2c00000] [id=5504]

Threads with active compile tasks:

VM state: at safepoint (normal execution)

VM Mutex/Monitor currently owned by a thread:  ([mutex/lock_event])
[0x0000022741736df0] Threads_lock - owner thread: 0x000002274e4ecf80
[0x00000227437d1e30] Heap_lock - owner thread: 0x0000022750cc5b30

Heap address: 0x00000000c1e00000, size: 994 MB, Compressed Oops mode: 32-bit

CDS archive(s) not mapped
Compressed class space mapped at: 0x0000000100000000-0x0000000140000000, reserved size: 1073741824
Narrow klass base: 0x0000000000000000, Narrow klass shift: 3, Narrow klass range: 0x140000000

GC Precious Log:
 CPUs: 8 total, 8 available
 Memory: 3971M
 Large Page Support: Disabled
 NUMA Support: Disabled
 Compressed Oops: Enabled (32-bit)
 Heap Region Size: 1M
 Heap Min Capacity: 8M
 Heap Initial Capacity: 64M
 Heap Max Capacity: 994M
 Pre-touch: Disabled
 Parallel Workers: 8
 Concurrent Workers: 2
 Concurrent Refinement Workers: 8
 Periodic GC: Disabled

Heap:
 garbage-first heap   total 119808K, used 36128K [0x00000000c1e00000, 0x0000000100000000)
  region size 1024K, 1 young (1024K), 0 survivors (0K)
 Metaspace       used 53455K, committed 53888K, reserved 1097728K
  class space    used 7051K, committed 7232K, reserved 1048576K

Heap Regions: E=young(eden), S=young(survivor), O=old, HS=humongous(starts), HC=humongous(continues), CS=collection set, F=free, OA=open archive, CA=closed archive, TAMS=top-at-mark-start (previous, next)
|   0|0x00000000c1e00000, 0x00000000c1f00000, 0x00000000c1f00000|100%| O|  |TAMS 0x00000000c1f00000, 0x00000000c1e00000| Untracked 
|   1|0x00000000c1f00000, 0x00000000c1ffffe0, 0x00000000c2000000| 99%| O|  |TAMS 0x00000000c1ffffe0, 0x00000000c1f00000| Untracked 
|   2|0x00000000c2000000, 0x00000000c2100000, 0x00000000c2100000|100%| O|  |TAMS 0x00000000c2100000, 0x00000000c2000000| Untracked 
|   3|0x00000000c2100000, 0x00000000c2200000, 0x00000000c2200000|100%| O|  |TAMS 0x00000000c2200000, 0x00000000c2100000| Untracked 
|   4|0x00000000c2200000, 0x00000000c22ffff0, 0x00000000c2300000| 99%| O|  |TAMS 0x00000000c22ffff0, 0x00000000c2200000| Untracked 
|   5|0x00000000c2300000, 0x00000000c23fffe8, 0x00000000c2400000| 99%| O|  |TAMS 0x00000000c23fffe8, 0x00000000c2300000| Untracked 
|   6|0x00000000c2400000, 0x00000000c2500000, 0x00000000c2500000|100%| O|  |TAMS 0x00000000c2500000, 0x00000000c2400000| Untracked 
|   7|0x00000000c2500000, 0x00000000c25ffff8, 0x00000000c2600000| 99%| O|  |TAMS 0x00000000c25ffff8, 0x00000000c2500000| Untracked 
|   8|0x00000000c2600000, 0x00000000c2700000, 0x00000000c2700000|100%| O|  |TAMS 0x00000000c2700000, 0x00000000c2600000| Untracked 
|   9|0x00000000c2700000, 0x00000000c2800000, 0x00000000c2800000|100%| O|  |TAMS 0x00000000c2800000, 0x00000000c2700000| Untracked 
|  10|0x00000000c2800000, 0x00000000c28fffc0, 0x00000000c2900000| 99%| O|  |TAMS 0x00000000c28fffc0, 0x00000000c2800000| Untracked 
|  11|0x00000000c2900000, 0x00000000c29fffd0, 0x00000000c2a00000| 99%| O|  |TAMS 0x00000000c29fffd0, 0x00000000c2900000| Untracked 
|  12|0x00000000c2a00000, 0x00000000c2afc8b8, 0x00000000c2b00000| 98%| O|  |TAMS 0x00000000c2afc8b8, 0x00000000c2a00000| Untracked 
|  13|0x00000000c2b00000, 0x00000000c2c00000, 0x00000000c2c00000|100%| O|  |TAMS 0x00000000c2c00000, 0x00000000c2b00000| Untracked 
|  14|0x00000000c2c00000, 0x00000000c2cfffb8, 0x00000000c2d00000| 99%| O|  |TAMS 0x00000000c2cfffb8, 0x00000000c2c00000| Untracked 
|  15|0x00000000c2d00000, 0x00000000c2dfffe8, 0x00000000c2e00000| 99%| O|  |TAMS 0x00000000c2dfffe8, 0x00000000c2d00000| Untracked 
|  16|0x00000000c2e00000, 0x00000000c2ef4388, 0x00000000c2f00000| 95%| O|  |TAMS 0x00000000c2ef4388, 0x00000000c2e00000| Untracked 
|  17|0x00000000c2f00000, 0x00000000c2ffffe0, 0x00000000c3000000| 99%| O|  |TAMS 0x00000000c2ffffe0, 0x00000000c2f00000| Untracked 
|  18|0x00000000c3000000, 0x00000000c30fffc0, 0x00000000c3100000| 99%| O|  |TAMS 0x00000000c30fffc0, 0x00000000c3000000| Untracked 
|  19|0x00000000c3100000, 0x00000000c3200000, 0x00000000c3200000|100%| O|  |TAMS 0x00000000c3200000, 0x00000000c3100000| Untracked 
|  20|0x00000000c3200000, 0x00000000c32fffe8, 0x00000000c3300000| 99%| O|  |TAMS 0x00000000c32fffe8, 0x00000000c3200000| Untracked 
|  21|0x00000000c3300000, 0x00000000c33fffe0, 0x00000000c3400000| 99%| O|  |TAMS 0x00000000c33fffe0, 0x00000000c3300000| Untracked 
|  22|0x00000000c3400000, 0x00000000c3500000, 0x00000000c3500000|100%| O|  |TAMS 0x00000000c3500000, 0x00000000c3400000| Untracked 
|  23|0x00000000c3500000, 0x00000000c35ffff8, 0x00000000c3600000| 99%| O|  |TAMS 0x00000000c35ffff8, 0x00000000c3500000| Untracked 
|  24|0x00000000c3600000, 0x00000000c36ffff8, 0x00000000c3700000| 99%| O|  |TAMS 0x00000000c36ffff8, 0x00000000c3600000| Untracked 
|  25|0x00000000c3700000, 0x00000000c37ffd78, 0x00000000c3800000| 99%| O|  |TAMS 0x00000000c37ffd78, 0x00000000c3700000| Untracked 
|  26|0x00000000c3800000, 0x00000000c38fffc8, 0x00000000c3900000| 99%| O|  |TAMS 0x00000000c38fffc8, 0x00000000c3800000| Untracked 
|  27|0x00000000c3900000, 0x00000000c39fffb8, 0x00000000c3a00000| 99%| O|  |TAMS 0x00000000c39fffb8, 0x00000000c3900000| Untracked 
|  28|0x00000000c3a00000, 0x00000000c3afffc0, 0x00000000c3b00000| 99%| O|  |TAMS 0x00000000c3afffc0, 0x00000000c3a00000| Untracked 
|  29|0x00000000c3b00000, 0x00000000c3bffff0, 0x00000000c3c00000| 99%| O|  |TAMS 0x00000000c3bffff0, 0x00000000c3b00000| Untracked 
|  30|0x00000000c3c00000, 0x00000000c3cffff0, 0x00000000c3d00000| 99%| O|  |TAMS 0x00000000c3cffff0, 0x00000000c3c00000| Untracked 
|  31|0x00000000c3d00000, 0x00000000c3d589b0, 0x00000000c3e00000| 34%| O|  |TAMS 0x00000000c3d00000, 0x00000000c3d00000| Untracked 
|  32|0x00000000c3e00000, 0x00000000c3f00000, 0x00000000c3f00000|100%| O|  |TAMS 0x00000000c3f00000, 0x00000000c3e00000| Untracked 
|  33|0x00000000c3f00000, 0x00000000c3fffff0, 0x00000000c4000000| 99%| O|  |TAMS 0x00000000c3fffff0, 0x00000000c3f00000| Untracked 
|  34|0x00000000c4000000, 0x00000000c4002248, 0x00000000c4100000|  0%| O|  |TAMS 0x00000000c4000000, 0x00000000c4000000| Untracked 
|  35|0x00000000c4100000, 0x00000000c4100000, 0x00000000c4200000|  0%| F|  |TAMS 0x00000000c4100000, 0x00000000c4100000| Untracked 
|  36|0x00000000c4200000, 0x00000000c42fcf60, 0x00000000c4300000| 98%| O|  |TAMS 0x00000000c42fcf60, 0x00000000c4200000| Untracked 
|  37|0x00000000c4300000, 0x00000000c4300000, 0x00000000c4400000|  0%| F|  |TAMS 0x00000000c4300000, 0x00000000c4300000| Untracked 
|  38|0x00000000c4400000, 0x00000000c4400000, 0x00000000c4500000|  0%| F|  |TAMS 0x00000000c4400000, 0x00000000c4400000| Untracked 
|  39|0x00000000c4500000, 0x00000000c4500000, 0x00000000c4600000|  0%| F|  |TAMS 0x00000000c4500000, 0x00000000c4500000| Untracked 
|  40|0x00000000c4600000, 0x00000000c4600000, 0x00000000c4700000|  0%| F|  |TAMS 0x00000000c4600000, 0x00000000c4600000| Untracked 
|  41|0x00000000c4700000, 0x00000000c4700000, 0x00000000c4800000|  0%| F|  |TAMS 0x00000000c4700000, 0x00000000c4700000| Untracked 
|  42|0x00000000c4800000, 0x00000000c4800000, 0x00000000c4900000|  0%| F|  |TAMS 0x00000000c4800000, 0x00000000c4800000| Untracked 
|  43|0x00000000c4900000, 0x00000000c4900000, 0x00000000c4a00000|  0%| F|  |TAMS 0x00000000c4900000, 0x00000000c4900000| Untracked 
|  44|0x00000000c4a00000, 0x00000000c4a00000, 0x00000000c4b00000|  0%| F|  |TAMS 0x00000000c4a00000, 0x00000000c4a00000| Untracked 
|  45|0x00000000c4b00000, 0x00000000c4b00000, 0x00000000c4c00000|  0%| F|  |TAMS 0x00000000c4b00000, 0x00000000c4b00000| Untracked 
|  46|0x00000000c4c00000, 0x00000000c4c00000, 0x00000000c4d00000|  0%| F|  |TAMS 0x00000000c4c00000, 0x00000000c4c00000| Untracked 
|  47|0x00000000c4d00000, 0x00000000c4d00000, 0x00000000c4e00000|  0%| F|  |TAMS 0x00000000c4d00000, 0x00000000c4d00000| Untracked 
|  48|0x00000000c4e00000, 0x00000000c4e00000, 0x00000000c4f00000|  0%| F|  |TAMS 0x00000000c4e00000, 0x00000000c4e00000| Untracked 
|  49|0x00000000c4f00000, 0x00000000c4f00000, 0x00000000c5000000|  0%| F|  |TAMS 0x00000000c4f00000, 0x00000000c4f00000| Untracked 
|  50|0x00000000c5000000, 0x00000000c5000000, 0x00000000c5100000|  0%| F|  |TAMS 0x00000000c5000000, 0x00000000c5000000| Untracked 
|  51|0x00000000c5100000, 0x00000000c5100000, 0x00000000c5200000|  0%| F|  |TAMS 0x00000000c5100000, 0x00000000c5100000| Untracked 
|  52|0x00000000c5200000, 0x00000000c5200000, 0x00000000c5300000|  0%| F|  |TAMS 0x00000000c5200000, 0x00000000c5200000| Untracked 
|  53|0x00000000c5300000, 0x00000000c5300000, 0x00000000c5400000|  0%| F|  |TAMS 0x00000000c5300000, 0x00000000c5300000| Untracked 
|  54|0x00000000c5400000, 0x00000000c5400000, 0x00000000c5500000|  0%| F|  |TAMS 0x00000000c5400000, 0x00000000c5400000| Untracked 
|  55|0x00000000c5500000, 0x00000000c5500000, 0x00000000c5600000|  0%| F|  |TAMS 0x00000000c5500000, 0x00000000c5500000| Untracked 
|  56|0x00000000c5600000, 0x00000000c5600000, 0x00000000c5700000|  0%| F|  |TAMS 0x00000000c5600000, 0x00000000c5600000| Untracked 
|  57|0x00000000c5700000, 0x00000000c5700000, 0x00000000c5800000|  0%| F|  |TAMS 0x00000000c5700000, 0x00000000c5700000| Untracked 
|  58|0x00000000c5800000, 0x00000000c5800000, 0x00000000c5900000|  0%| F|  |TAMS 0x00000000c5800000, 0x00000000c5800000| Untracked 
|  59|0x00000000c5900000, 0x00000000c5900000, 0x00000000c5a00000|  0%| F|  |TAMS 0x00000000c5900000, 0x00000000c5900000| Untracked 
|  60|0x00000000c5a00000, 0x00000000c5a00000, 0x00000000c5b00000|  0%| F|  |TAMS 0x00000000c5a00000, 0x00000000c5a00000| Untracked 
|  61|0x00000000c5b00000, 0x00000000c5b00000, 0x00000000c5c00000|  0%| F|  |TAMS 0x00000000c5b00000, 0x00000000c5b00000| Untracked 
|  62|0x00000000c5c00000, 0x00000000c5c00000, 0x00000000c5d00000|  0%| F|  |TAMS 0x00000000c5c00000, 0x00000000c5c00000| Untracked 
|  63|0x00000000c5d00000, 0x00000000c5d00000, 0x00000000c5e00000|  0%| F|  |TAMS 0x00000000c5d00000, 0x00000000c5d00000| Untracked 
|  64|0x00000000c5e00000, 0x00000000c5e00000, 0x00000000c5f00000|  0%| F|  |TAMS 0x00000000c5e00000, 0x00000000c5e00000| Untracked 
|  65|0x00000000c5f00000, 0x00000000c5f00000, 0x00000000c6000000|  0%| F|  |TAMS 0x00000000c5f00000, 0x00000000c5f00000| Untracked 
|  66|0x00000000c6000000, 0x00000000c6000000, 0x00000000c6100000|  0%| F|  |TAMS 0x00000000c6000000, 0x00000000c6000000| Untracked 
|  67|0x00000000c6100000, 0x00000000c6100000, 0x00000000c6200000|  0%| F|  |TAMS 0x00000000c6100000, 0x00000000c6100000| Untracked 
|  68|0x00000000c6200000, 0x00000000c6200000, 0x00000000c6300000|  0%| F|  |TAMS 0x00000000c6200000, 0x00000000c6200000| Untracked 
|  69|0x00000000c6300000, 0x00000000c6300000, 0x00000000c6400000|  0%| F|  |TAMS 0x00000000c6300000, 0x00000000c6300000| Untracked 
|  70|0x00000000c6400000, 0x00000000c6400000, 0x00000000c6500000|  0%| F|  |TAMS 0x00000000c6400000, 0x00000000c6400000| Untracked 
|  71|0x00000000c6500000, 0x00000000c6500000, 0x00000000c6600000|  0%| F|  |TAMS 0x00000000c6500000, 0x00000000c6500000| Untracked 
|  72|0x00000000c6600000, 0x00000000c6600000, 0x00000000c6700000|  0%| F|  |TAMS 0x00000000c6600000, 0x00000000c6600000| Untracked 
|  73|0x00000000c6700000, 0x00000000c6700000, 0x00000000c6800000|  0%| F|  |TAMS 0x00000000c6700000, 0x00000000c6700000| Untracked 
|  74|0x00000000c6800000, 0x00000000c6800000, 0x00000000c6900000|  0%| F|  |TAMS 0x00000000c6800000, 0x00000000c6800000| Untracked 
|  75|0x00000000c6900000, 0x00000000c6900000, 0x00000000c6a00000|  0%| F|  |TAMS 0x00000000c6900000, 0x00000000c6900000| Untracked 
|  76|0x00000000c6a00000, 0x00000000c6a00000, 0x00000000c6b00000|  0%| F|  |TAMS 0x00000000c6a00000, 0x00000000c6a00000| Untracked 
|  77|0x00000000c6b00000, 0x00000000c6b00000, 0x00000000c6c00000|  0%| F|  |TAMS 0x00000000c6b00000, 0x00000000c6b00000| Untracked 
|  78|0x00000000c6c00000, 0x00000000c6c00000, 0x00000000c6d00000|  0%| F|  |TAMS 0x00000000c6c00000, 0x00000000c6c00000| Untracked 
|  79|0x00000000c6d00000, 0x00000000c6d00000, 0x00000000c6e00000|  0%| F|  |TAMS 0x00000000c6d00000, 0x00000000c6d00000| Untracked 
|  80|0x00000000c6e00000, 0x00000000c6e00000, 0x00000000c6f00000|  0%| F|  |TAMS 0x00000000c6e00000, 0x00000000c6e00000| Untracked 
|  81|0x00000000c6f00000, 0x00000000c6f00000, 0x00000000c7000000|  0%| F|  |TAMS 0x00000000c6f00000, 0x00000000c6f00000| Untracked 
|  82|0x00000000c7000000, 0x00000000c7000000, 0x00000000c7100000|  0%| F|  |TAMS 0x00000000c7000000, 0x00000000c7000000| Untracked 
|  83|0x00000000c7100000, 0x00000000c7100000, 0x00000000c7200000|  0%| F|  |TAMS 0x00000000c7100000, 0x00000000c7100000| Untracked 
|  84|0x00000000c7200000, 0x00000000c7200000, 0x00000000c7300000|  0%| F|  |TAMS 0x00000000c7200000, 0x00000000c7200000| Untracked 
|  85|0x00000000c7300000, 0x00000000c7300000, 0x00000000c7400000|  0%| F|  |TAMS 0x00000000c7300000, 0x00000000c7300000| Untracked 
|  86|0x00000000c7400000, 0x00000000c7400000, 0x00000000c7500000|  0%| F|  |TAMS 0x00000000c7400000, 0x00000000c7400000| Untracked 
|  87|0x00000000c7500000, 0x00000000c7500000, 0x00000000c7600000|  0%| F|  |TAMS 0x00000000c7500000, 0x00000000c7500000| Untracked 
|  88|0x00000000c7600000, 0x00000000c7600000, 0x00000000c7700000|  0%| F|  |TAMS 0x00000000c7600000, 0x00000000c7600000| Untracked 
|  89|0x00000000c7700000, 0x00000000c7700000, 0x00000000c7800000|  0%| F|  |TAMS 0x00000000c7700000, 0x00000000c7700000| Untracked 
|  90|0x00000000c7800000, 0x00000000c7800000, 0x00000000c7900000|  0%| F|  |TAMS 0x00000000c7800000, 0x00000000c7800000| Untracked 
|  91|0x00000000c7900000, 0x00000000c7900000, 0x00000000c7a00000|  0%| F|  |TAMS 0x00000000c7900000, 0x00000000c7900000| Untracked 
|  92|0x00000000c7a00000, 0x00000000c7a00000, 0x00000000c7b00000|  0%| F|  |TAMS 0x00000000c7a00000, 0x00000000c7a00000| Untracked 
|  93|0x00000000c7b00000, 0x00000000c7b00000, 0x00000000c7c00000|  0%| F|  |TAMS 0x00000000c7b00000, 0x00000000c7b00000| Untracked 
|  94|0x00000000c7c00000, 0x00000000c7c00000, 0x00000000c7d00000|  0%| F|  |TAMS 0x00000000c7c00000, 0x00000000c7c00000| Untracked 
|  95|0x00000000c7d00000, 0x00000000c7d00000, 0x00000000c7e00000|  0%| F|  |TAMS 0x00000000c7d00000, 0x00000000c7d00000| Untracked 
|  96|0x00000000c7e00000, 0x00000000c7e00000, 0x00000000c7f00000|  0%| F|  |TAMS 0x00000000c7e00000, 0x00000000c7e00000| Untracked 
|  97|0x00000000c7f00000, 0x00000000c7f00000, 0x00000000c8000000|  0%| F|  |TAMS 0x00000000c7f00000, 0x00000000c7f00000| Untracked 
|  98|0x00000000c8000000, 0x00000000c8000000, 0x00000000c8100000|  0%| F|  |TAMS 0x00000000c8000000, 0x00000000c8000000| Untracked 
|  99|0x00000000c8100000, 0x00000000c8100000, 0x00000000c8200000|  0%| F|  |TAMS 0x00000000c8100000, 0x00000000c8100000| Untracked 
| 100|0x00000000c8200000, 0x00000000c8200000, 0x00000000c8300000|  0%| F|  |TAMS 0x00000000c8200000, 0x00000000c8200000| Untracked 
| 101|0x00000000c8300000, 0x00000000c8300000, 0x00000000c8400000|  0%| F|  |TAMS 0x00000000c8300000, 0x00000000c8300000| Untracked 
| 102|0x00000000c8400000, 0x00000000c8400000, 0x00000000c8500000|  0%| F|  |TAMS 0x00000000c8400000, 0x00000000c8400000| Untracked 
| 103|0x00000000c8500000, 0x00000000c8500000, 0x00000000c8600000|  0%| F|  |TAMS 0x00000000c8500000, 0x00000000c8500000| Untracked 
| 104|0x00000000c8600000, 0x00000000c8600000, 0x00000000c8700000|  0%| F|  |TAMS 0x00000000c8600000, 0x00000000c8600000| Untracked 
| 105|0x00000000c8700000, 0x00000000c8700000, 0x00000000c8800000|  0%| F|  |TAMS 0x00000000c8700000, 0x00000000c8700000| Untracked 
| 106|0x00000000c8800000, 0x00000000c8800000, 0x00000000c8900000|  0%| F|  |TAMS 0x00000000c8800000, 0x00000000c8800000| Untracked 
| 107|0x00000000c8900000, 0x00000000c8900000, 0x00000000c8a00000|  0%| F|  |TAMS 0x00000000c8900000, 0x00000000c8900000| Untracked 
| 108|0x00000000c8a00000, 0x00000000c8a00000, 0x00000000c8b00000|  0%| F|  |TAMS 0x00000000c8a00000, 0x00000000c8a00000| Untracked 
| 109|0x00000000c8b00000, 0x00000000c8b00000, 0x00000000c8c00000|  0%| F|  |TAMS 0x00000000c8b00000, 0x00000000c8b00000| Untracked 
| 110|0x00000000c8c00000, 0x00000000c8c00000, 0x00000000c8d00000|  0%| F|  |TAMS 0x00000000c8c00000, 0x00000000c8c00000| Untracked 
| 111|0x00000000c8d00000, 0x00000000c8d00000, 0x00000000c8e00000|  0%| F|  |TAMS 0x00000000c8d00000, 0x00000000c8d00000| Untracked 
| 112|0x00000000c8e00000, 0x00000000c8e00000, 0x00000000c8f00000|  0%| F|  |TAMS 0x00000000c8e00000, 0x00000000c8e00000| Untracked 
| 113|0x00000000c8f00000, 0x00000000c8f00000, 0x00000000c9000000|  0%| F|  |TAMS 0x00000000c8f00000, 0x00000000c8f00000| Untracked 
| 114|0x00000000c9000000, 0x00000000c9000000, 0x00000000c9100000|  0%| F|  |TAMS 0x00000000c9000000, 0x00000000c9000000| Untracked 
| 115|0x00000000c9100000, 0x00000000c9130f50, 0x00000000c9200000| 19%| E|  |TAMS 0x00000000c9100000, 0x00000000c9100000| Complete 
| 143|0x00000000cad00000, 0x00000000cae00000, 0x00000000cae00000|100%|HS|  |TAMS 0x00000000cae00000, 0x00000000cad00000| Untracked 

Card table byte_map: [0x0000022749780000,0x0000022749980000] _byte_map_base: 0x0000022749171000

Marking Bits (Prev, Next): (CMBitMap*) 0x0000022743811010, (CMBitMap*) 0x0000022743811050
 Prev Bits: [0x0000022749b80000, 0x000002274ab08000)
 Next Bits: [0x000002274ab10000, 0x000002274ba98000)

Polling page: 0x00000227416d0000

Metaspace:

Usage:
  Non-class:     45.32 MB used.
      Class:      6.89 MB used.
       Both:     52.20 MB used.

Virtual space:
  Non-class space:       48.00 MB reserved,      45.56 MB ( 95%) committed,  6 nodes.
      Class space:        1.00 GB reserved,       7.06 MB ( <1%) committed,  1 nodes.
             Both:        1.05 GB reserved,      52.62 MB (  5%) committed. 

Chunk freelists:
   Non-Class:  2.12 MB
       Class:  921.00 KB
        Both:  3.02 MB

MaxMetaspaceSize: unlimited
CompressedClassSpaceSize: 1.00 GB
Initial GC threshold: 21.00 MB
Current GC threshold: 87.62 MB
CDS: off
MetaspaceReclaimPolicy: balanced
 - commit_granule_bytes: 65536.
 - commit_granule_words: 8192.
 - virtual_space_node_default_size: 1048576.
 - enlarge_chunks_in_place: 1.
 - new_chunks_are_fully_committed: 0.
 - uncommit_free_chunks: 1.
 - use_allocation_guard: 0.
 - handle_deallocations: 1.


Internal statistics:

num_allocs_failed_limit: 3.
num_arena_births: 472.
num_arena_deaths: 124.
num_vsnodes_births: 7.
num_vsnodes_deaths: 0.
num_space_committed: 842.
num_space_uncommitted: 0.
num_chunks_returned_to_freelist: 147.
num_chunks_taken_from_freelist: 2186.
num_chunk_merges: 46.
num_chunk_splits: 1535.
num_chunks_enlarged: 1224.
num_purges: 10.
num_inconsistent_stats: 0.

CodeCache: size=49152Kb used=15116Kb max_used=15586Kb free=34036Kb
 bounds [0x0000022746470000, 0x0000022747400000, 0x0000022749470000]
 total_blobs=8510 nmethods=7898 adapters=539
 compilation: enabled
              stopped_count=0, restarted_count=0
 full_count=0

Compilation events (20 events):
Event: 2581.714 Thread 0x000002274e53c5f0 7894       1       reactor.core.scheduler.BoundedElasticScheduler$BoundedServices::eviction (90 bytes)
Event: 2581.733 Thread 0x000002274e53c5f0 nmethod 7894 0x00000227472fee10 code [0x00000227472ff000, 0x00000227472ff388]
Event: 2581.733 Thread 0x000002274e53c5f0 7895       1       java.time.Clock$TickClock::millis (23 bytes)
Event: 2581.735 Thread 0x000002274e53c5f0 nmethod 7895 0x00000227472fe990 code [0x00000227472feb40, 0x00000227472fece8]
Event: 2581.735 Thread 0x000002274e53c5f0 7896       1       java.time.Clock$SystemClock::millis (4 bytes)
Event: 2581.736 Thread 0x000002274e53c5f0 nmethod 7896 0x00000227472fe690 code [0x00000227472fe820, 0x00000227472fe8f8]
Event: 2581.736 Thread 0x000002274e53c5f0 7897       1       java.util.concurrent.ConcurrentLinkedDeque::toArray (6 bytes)
Event: 2581.736 Thread 0x000002274e53c5f0 nmethod 7897 0x00000227472fe390 code [0x00000227472fe520, 0x00000227472fe608]
Event: 2614.917 Thread 0x000002274e53c5f0 7899       1       org.springframework.ide.vscode.commons.languageserver.util.ParentProcessWatcher::run (36 bytes)
Event: 2614.976 Thread 0x000002274e53c5f0 nmethod 7899 0x00000227472fdc10 code [0x00000227472fde00, 0x00000227472fe118]
Event: 2625.102 Thread 0x000002274e53c5f0 7901       1       java.lang.invoke.LambdaForm$MH/0x00000001000d1400::invoke (27 bytes)
Event: 2625.116 Thread 0x000002274e53c5f0 nmethod 7901 0x00000227472fd810 code [0x00000227472fd9c0, 0x00000227472fdb18]
Event: 2625.117 Thread 0x000002274e53c5f0 7902       1       java.lang.StringConcatHelper::newArrayWithSuffix (40 bytes)
Event: 2625.123 Thread 0x000002274e53c5f0 nmethod 7902 0x00000227472fd310 code [0x00000227472fd4c0, 0x00000227472fd6a8]
Event: 2645.742 Thread 0x000002274e53c5f0 7904       1       java.lang.ProcessImpl::createCommandLine (303 bytes)
Event: 2645.781 Thread 0x000002274e53c5f0 nmethod 7904 0x00000227472fba90 code [0x00000227472fbd60, 0x00000227472fc688]
Event: 2667.342 Thread 0x000002274e53c5f0 7906       1       java.lang.System::getProperty (26 bytes)
Event: 2667.374 Thread 0x000002274e53c5f0 nmethod 7906 0x00000227472fb090 code [0x00000227472fb260, 0x00000227472fb4f8]
Event: 2812.174 Thread 0x000002274e53c5f0 7908       1       sun.security.action.GetPropertyAction::privilegedGetProperty (28 bytes)
Event: 2812.229 Thread 0x000002274e53c5f0 nmethod 7908 0x00000227472fa510 code [0x00000227472fa700, 0x00000227472faa68]

GC Heap History (20 events):
Event: 2730.097 GC heap before
{Heap before GC invocations=272 (full 235):
 garbage-first heap   total 119808K, used 36128K [0x00000000c1e00000, 0x0000000100000000)
  region size 1024K, 1 young (1024K), 0 survivors (0K)
 Metaspace       used 53432K, committed 53888K, reserved 1097728K
  class space    used 7047K, committed 7232K, reserved 1048576K
}
Event: 2730.178 GC heap after
{Heap after GC invocations=273 (full 236):
 garbage-first heap   total 119808K, used 36128K [0x00000000c1e00000, 0x0000000100000000)
  region size 1024K, 0 young (0K), 0 survivors (0K)
 Metaspace       used 53432K, committed 53888K, reserved 1097728K
  class space    used 7047K, committed 7232K, reserved 1048576K
}
Event: 2740.375 GC heap before
{Heap before GC invocations=273 (full 236):
 garbage-first heap   total 119808K, used 36128K [0x00000000c1e00000, 0x0000000100000000)
  region size 1024K, 1 young (1024K), 0 survivors (0K)
 Metaspace       used 53432K, committed 53888K, reserved 1097728K
  class space    used 7047K, committed 7232K, reserved 1048576K
}
Event: 2740.425 GC heap after
{Heap after GC invocations=274 (full 237):
 garbage-first heap   total 119808K, used 36128K [0x00000000c1e00000, 0x0000000100000000)
  region size 1024K, 0 young (0K), 0 survivors (0K)
 Metaspace       used 53432K, committed 53888K, reserved 1097728K
  class space    used 7047K, committed 7232K, reserved 1048576K
}
Event: 2750.555 GC heap before
{Heap before GC invocations=274 (full 237):
 garbage-first heap   total 119808K, used 36128K [0x00000000c1e00000, 0x0000000100000000)
  region size 1024K, 1 young (1024K), 0 survivors (0K)
 Metaspace       used 53432K, committed 53888K, reserved 1097728K
  class space    used 7047K, committed 7232K, reserved 1048576K
}
Event: 2750.599 GC heap after
{Heap after GC invocations=275 (full 238):
 garbage-first heap   total 119808K, used 36128K [0x00000000c1e00000, 0x0000000100000000)
  region size 1024K, 0 young (0K), 0 survivors (0K)
 Metaspace       used 53432K, committed 53888K, reserved 1097728K
  class space    used 7047K, committed 7232K, reserved 1048576K
}
Event: 2760.742 GC heap before
{Heap before GC invocations=275 (full 238):
 garbage-first heap   total 119808K, used 36128K [0x00000000c1e00000, 0x0000000100000000)
  region size 1024K, 1 young (1024K), 0 survivors (0K)
 Metaspace       used 53432K, committed 53888K, reserved 1097728K
  class space    used 7047K, committed 7232K, reserved 1048576K
}
Event: 2760.779 GC heap after
{Heap after GC invocations=276 (full 239):
 garbage-first heap   total 119808K, used 36128K [0x00000000c1e00000, 0x0000000100000000)
  region size 1024K, 0 young (0K), 0 survivors (0K)
 Metaspace       used 53432K, committed 53888K, reserved 1097728K
  class space    used 7047K, committed 7232K, reserved 1048576K
}
Event: 2770.942 GC heap before
{Heap before GC invocations=276 (full 239):
 garbage-first heap   total 119808K, used 36128K [0x00000000c1e00000, 0x0000000100000000)
  region size 1024K, 1 young (1024K), 0 survivors (0K)
 Metaspace       used 53432K, committed 53888K, reserved 1097728K
  class space    used 7047K, committed 7232K, reserved 1048576K
}
Event: 2770.993 GC heap after
{Heap after GC invocations=277 (full 240):
 garbage-first heap   total 119808K, used 36128K [0x00000000c1e00000, 0x0000000100000000)
  region size 1024K, 0 young (0K), 0 survivors (0K)
 Metaspace       used 53432K, committed 53888K, reserved 1097728K
  class space    used 7047K, committed 7232K, reserved 1048576K
}
Event: 2781.394 GC heap before
{Heap before GC invocations=277 (full 240):
 garbage-first heap   total 119808K, used 36128K [0x00000000c1e00000, 0x0000000100000000)
  region size 1024K, 1 young (1024K), 0 survivors (0K)
 Metaspace       used 53432K, committed 53888K, reserved 1097728K
  class space    used 7047K, committed 7232K, reserved 1048576K
}
Event: 2781.514 GC heap after
{Heap after GC invocations=278 (full 241):
 garbage-first heap   total 119808K, used 36128K [0x00000000c1e00000, 0x0000000100000000)
  region size 1024K, 0 young (0K), 0 survivors (0K)
 Metaspace       used 53432K, committed 53888K, reserved 1097728K
  class space    used 7047K, committed 7232K, reserved 1048576K
}
Event: 2791.837 GC heap before
{Heap before GC invocations=278 (full 241):
 garbage-first heap   total 119808K, used 36128K [0x00000000c1e00000, 0x0000000100000000)
  region size 1024K, 1 young (1024K), 0 survivors (0K)
 Metaspace       used 53432K, committed 53888K, reserved 1097728K
  class space    used 7047K, committed 7232K, reserved 1048576K
}
Event: 2791.884 GC heap after
{Heap after GC invocations=279 (full 242):
 garbage-first heap   total 119808K, used 36128K [0x00000000c1e00000, 0x0000000100000000)
  region size 1024K, 0 young (0K), 0 survivors (0K)
 Metaspace       used 53432K, committed 53888K, reserved 1097728K
  class space    used 7047K, committed 7232K, reserved 1048576K
}
Event: 2802.111 GC heap before
{Heap before GC invocations=279 (full 242):
 garbage-first heap   total 119808K, used 36128K [0x00000000c1e00000, 0x0000000100000000)
  region size 1024K, 1 young (1024K), 0 survivors (0K)
 Metaspace       used 53432K, committed 53888K, reserved 1097728K
  class space    used 7047K, committed 7232K, reserved 1048576K
}
Event: 2802.168 GC heap after
{Heap after GC invocations=280 (full 243):
 garbage-first heap   total 119808K, used 36128K [0x00000000c1e00000, 0x0000000100000000)
  region size 1024K, 0 young (0K), 0 survivors (0K)
 Metaspace       used 53432K, committed 53888K, reserved 1097728K
  class space    used 7047K, committed 7232K, reserved 1048576K
}
Event: 2812.373 GC heap before
{Heap before GC invocations=280 (full 243):
 garbage-first heap   total 119808K, used 36128K [0x00000000c1e00000, 0x0000000100000000)
  region size 1024K, 1 young (1024K), 0 survivors (0K)
 Metaspace       used 53432K, committed 53888K, reserved 1097728K
  class space    used 7047K, committed 7232K, reserved 1048576K
}
Event: 2812.424 GC heap after
{Heap after GC invocations=281 (full 244):
 garbage-first heap   total 119808K, used 36128K [0x00000000c1e00000, 0x0000000100000000)
  region size 1024K, 0 young (0K), 0 survivors (0K)
 Metaspace       used 53432K, committed 53888K, reserved 1097728K
  class space    used 7047K, committed 7232K, reserved 1048576K
}
Event: 2823.550 GC heap before
{Heap before GC invocations=281 (full 244):
 garbage-first heap   total 119808K, used 36128K [0x00000000c1e00000, 0x0000000100000000)
  region size 1024K, 1 young (1024K), 0 survivors (0K)
 Metaspace       used 53432K, committed 53888K, reserved 1097728K
  class space    used 7047K, committed 7232K, reserved 1048576K
}
Event: 2823.597 GC heap after
{Heap after GC invocations=282 (full 245):
 garbage-first heap   total 119808K, used 36128K [0x00000000c1e00000, 0x0000000100000000)
  region size 1024K, 0 young (0K), 0 survivors (0K)
 Metaspace       used 53432K, committed 53888K, reserved 1097728K
  class space    used 7047K, committed 7232K, reserved 1048576K
}

Deoptimization events (20 events):
Event: 38.700 Thread 0x0000022750cc6000 DEOPT PACKING pc=0x0000022746d8d204 sp=0x00000035f5ffc6e0
Event: 38.700 Thread 0x0000022750cc6000 DEOPT UNPACKING pc=0x00000227464c2b43 sp=0x00000035f5ffbbc0 mode 3
Event: 39.102 Thread 0x0000022750cc6000 DEOPT PACKING pc=0x00000227468956d2 sp=0x00000035f5ffe0f0
Event: 39.102 Thread 0x0000022750cc6000 DEOPT UNPACKING pc=0x00000227464c2b43 sp=0x00000035f5ffd5f8 mode 3
Event: 39.102 Thread 0x0000022750cc6000 DEOPT PACKING pc=0x0000022746886645 sp=0x00000035f5ffe0b0
Event: 39.102 Thread 0x0000022750cc6000 DEOPT UNPACKING pc=0x00000227464c2b43 sp=0x00000035f5ffd5f8 mode 3
Event: 42.638 Thread 0x0000022750a56410 DEOPT PACKING pc=0x0000022747210ef4 sp=0x00000035f40fe090
Event: 42.638 Thread 0x0000022750a56410 DEOPT UNPACKING pc=0x00000227464c2b43 sp=0x00000035f40fd588 mode 0
Event: 42.638 Thread 0x0000022750a56410 DEOPT PACKING pc=0x00000227472244f4 sp=0x00000035f40fe160
Event: 42.638 Thread 0x0000022750a56410 DEOPT UNPACKING pc=0x00000227464c2b43 sp=0x00000035f40fd638 mode 0
Event: 42.638 Thread 0x0000022750a56410 DEOPT PACKING pc=0x00000227471c81a4 sp=0x00000035f40fe210
Event: 42.638 Thread 0x0000022750a56410 DEOPT UNPACKING pc=0x00000227464c2b43 sp=0x00000035f40fd790 mode 0
Event: 42.639 Thread 0x0000022750a56410 DEOPT PACKING pc=0x00000227471fee2c sp=0x00000035f40fe510
Event: 42.639 Thread 0x0000022750a56410 DEOPT UNPACKING pc=0x00000227464c2b43 sp=0x00000035f40fd9a0 mode 0
Event: 370.635 Thread 0x0000022750cc47f0 DEOPT PACKING pc=0x00000227469362d4 sp=0x00000035f52feba0
Event: 370.637 Thread 0x0000022750cc47f0 DEOPT UNPACKING pc=0x00000227464c2b43 sp=0x00000035f52fe028 mode 0
Event: 1913.717 Thread 0x0000022750cc6e70 DEOPT PACKING pc=0x0000022746f97ea0 sp=0x00000035f23fdea0
Event: 1913.717 Thread 0x0000022750cc6e70 DEOPT UNPACKING pc=0x00000227464c2b43 sp=0x00000035f23fd320 mode 3
Event: 2098.134 Thread 0x0000022750cc5190 DEOPT PACKING pc=0x0000022747255ed5 sp=0x00000035f42fdd10
Event: 2098.134 Thread 0x0000022750cc5190 DEOPT UNPACKING pc=0x00000227464c2b43 sp=0x00000035f42fd210 mode 3

Classes unloaded (20 events):
Event: 146.019 Thread 0x000002274e4ecf80 Unloading class 0x000000010034d800 'java/lang/invoke/LambdaForm$MH+0x000000010034d800'
Event: 146.019 Thread 0x000002274e4ecf80 Unloading class 0x000000010034d400 'java/lang/invoke/LambdaForm$MH+0x000000010034d400'
Event: 146.019 Thread 0x000002274e4ecf80 Unloading class 0x000000010034d000 'java/lang/invoke/LambdaForm$MH+0x000000010034d000'
Event: 146.019 Thread 0x000002274e4ecf80 Unloading class 0x0000000100203000 'java/lang/invoke/LambdaForm$MH+0x0000000100203000'
Event: 146.019 Thread 0x000002274e4ecf80 Unloading class 0x0000000100202c00 'java/lang/invoke/LambdaForm$MH+0x0000000100202c00'
Event: 146.019 Thread 0x000002274e4ecf80 Unloading class 0x0000000100202800 'java/lang/invoke/LambdaForm$MH+0x0000000100202800'
Event: 146.019 Thread 0x000002274e4ecf80 Unloading class 0x0000000100202400 'java/lang/invoke/LambdaForm$MH+0x0000000100202400'
Event: 146.019 Thread 0x000002274e4ecf80 Unloading class 0x0000000100202000 'java/lang/invoke/LambdaForm$MH+0x0000000100202000'
Event: 146.019 Thread 0x000002274e4ecf80 Unloading class 0x0000000100201800 'java/lang/invoke/LambdaForm$MH+0x0000000100201800'
Event: 146.019 Thread 0x000002274e4ecf80 Unloading class 0x00000001000d2800 'java/lang/invoke/LambdaForm$MH+0x00000001000d2800'
Event: 146.019 Thread 0x000002274e4ecf80 Unloading class 0x00000001000d2000 'java/lang/invoke/LambdaForm$MH+0x00000001000d2000'
Event: 146.019 Thread 0x000002274e4ecf80 Unloading class 0x00000001000d1c00 'java/lang/invoke/LambdaForm$MH+0x00000001000d1c00'
Event: 146.019 Thread 0x000002274e4ecf80 Unloading class 0x00000001000d1800 'java/lang/invoke/LambdaForm$MH+0x00000001000d1800'
Event: 146.019 Thread 0x000002274e4ecf80 Unloading class 0x00000001000d1000 'java/lang/invoke/LambdaForm$MH+0x00000001000d1000'
Event: 146.019 Thread 0x000002274e4ecf80 Unloading class 0x00000001000d0c00 'java/lang/invoke/LambdaForm$MH+0x00000001000d0c00'
Event: 146.019 Thread 0x000002274e4ecf80 Unloading class 0x00000001000d0800 'java/lang/invoke/LambdaForm$MH+0x00000001000d0800'
Event: 146.019 Thread 0x000002274e4ecf80 Unloading class 0x00000001000d0000 'java/lang/invoke/LambdaForm$MH+0x00000001000d0000'
Event: 2169.246 Thread 0x000002274e4ecf80 Unloading class 0x0000000100201800 'java/lang/invoke/LambdaForm$MH+0x0000000100201800'
Event: 2169.246 Thread 0x000002274e4ecf80 Unloading class 0x0000000100203000 'java/lang/invoke/LambdaForm$MH+0x0000000100203000'
Event: 2169.246 Thread 0x000002274e4ecf80 Unloading class 0x0000000100384800 'java/lang/invoke/LambdaForm$MH+0x0000000100384800'

Classes redefined (0 events):
No events

Internal exceptions (20 events):
Event: 42.006 Thread 0x0000022750cc4320 Exception <a 'sun/nio/fs/WindowsException'{0x00000000e2ce2500}> (0x00000000e2ce2500) 
thrown [s\src\hotspot\share\prims\jni.cpp, line 516]
Event: 42.006 Thread 0x0000022750cc4320 Exception <a 'sun/nio/fs/WindowsException'{0x00000000e2ce28a8}> (0x00000000e2ce28a8) 
thrown [s\src\hotspot\share\prims\jni.cpp, line 516]
Event: 42.006 Thread 0x0000022750cc4320 Exception <a 'sun/nio/fs/WindowsException'{0x00000000e2ce32a0}> (0x00000000e2ce32a0) 
thrown [s\src\hotspot\share\prims\jni.cpp, line 516]
Event: 42.006 Thread 0x0000022750cc4320 Exception <a 'sun/nio/fs/WindowsException'{0x00000000e2ce3658}> (0x00000000e2ce3658) 
thrown [s\src\hotspot\share\prims\jni.cpp, line 516]
Event: 42.006 Thread 0x0000022750cc4320 Exception <a 'sun/nio/fs/WindowsException'{0x00000000e2ce4068}> (0x00000000e2ce4068) 
thrown [s\src\hotspot\share\prims\jni.cpp, line 516]
Event: 42.006 Thread 0x0000022750cc4320 Exception <a 'sun/nio/fs/WindowsException'{0x00000000e2ce4440}> (0x00000000e2ce4440) 
thrown [s\src\hotspot\share\prims\jni.cpp, line 516]
Event: 42.006 Thread 0x0000022750cc4320 Exception <a 'sun/nio/fs/WindowsException'{0x00000000e2ce4e68}> (0x00000000e2ce4e68) 
thrown [s\src\hotspot\share\prims\jni.cpp, line 516]
Event: 42.006 Thread 0x0000022750cc4320 Exception <a 'sun/nio/fs/WindowsException'{0x00000000e2ce5258}> (0x00000000e2ce5258) 
thrown [s\src\hotspot\share\prims\jni.cpp, line 516]
Event: 42.006 Thread 0x0000022750cc4320 Exception <a 'sun/nio/fs/WindowsException'{0x00000000e2ce5c78}> (0x00000000e2ce5c78) 
thrown [s\src\hotspot\share\prims\jni.cpp, line 516]
Event: 42.007 Thread 0x0000022750cc4320 Exception <a 'sun/nio/fs/WindowsException'{0x00000000e2ce6060}> (0x00000000e2ce6060) 
thrown [s\src\hotspot\share\prims\jni.cpp, line 516]
Event: 105.147 Thread 0x0000022750cc5b30 Exception <a 'java/lang/NoSuchMethodError'{0x00000000d79086e8}: 'void java.lang.invoke.DirectMethodHandle$Holder.invokeStatic(java.lang.Object, long)'> (0x00000000d79086e8) 
thrown [s\src\hotspot\share\interpreter\linkResolver.cpp, line 759]
Event: 105.152 Thread 0x0000022750cc5b30 Exception <a 'java/lang/NoSuchMethodError'{0x00000000d790da90}: 'java.lang.Object java.lang.invoke.DirectMethodHandle$Holder.newInvokeSpecial(java.lang.Object, long)'> (0x00000000d790da90) 
thrown [s\src\hotspot\share\interpreter\linkResolver.cpp, line 759]
Event: 105.159 Thread 0x0000022750cc5b30 Exception <a 'java/lang/NoSuchMethodError'{0x00000000d7914608}: 'java.lang.Object java.lang.invoke.DirectMethodHandle$Holder.invokeStatic(java.lang.Object, java.lang.Object, long, java.lang.Object)'> (0x00000000d7914608) 
thrown [s\src\hotspot\share\interpreter\linkResolver.cpp, line 759]
Event: 105.159 Thread 0x0000022750cc5b30 Exception <a 'java/lang/NoSuchMethodError'{0x00000000d79180a0}: 'java.lang.Object java.lang.invoke.DirectMethodHandle$Holder.invokeStaticInit(java.lang.Object, java.lang.Object, long, java.lang.Object)'> (0x00000000d79180a0) 
thrown [s\src\hotspot\share\interpreter\linkResolver.cpp, line 759]
Event: 105.161 Thread 0x0000022750cc5b30 Exception <a 'java/lang/NoSuchMethodError'{0x00000000d791e3d0}: 'java.lang.Object java.lang.invoke.DirectMethodHandle$Holder.newInvokeSpecial(java.lang.Object, java.lang.Object, long)'> (0x00000000d791e3d0) 
thrown [s\src\hotspot\share\interpreter\linkResolver.cpp, line 759]
Event: 1913.009 Thread 0x0000022750cc4cc0 Exception <a 'java/lang/NoSuchMethodError'{0x00000000c8da2980}: 'java.lang.Object java.lang.invoke.DirectMethodHandle$Holder.newInvokeSpecial(java.lang.Object, java.lang.Object, java.lang.Object, java.lang.Object, java.lang.Object, java.lang.Object, java.lang.Object)'> (0x00000000c8da2980) 
thrown [s\src\hotspot\share\interpreter\linkResolver.cpp, line 759]
Event: 1913.026 Thread 0x0000022750cc4cc0 Exception <a 'java/lang/NoSuchMethodError'{0x00000000c8da7290}: 'java.lang.Object java.lang.invoke.Invokers$Holder.linkToTargetMethod(java.lang.Object, java.lang.Object, java.lang.Object, java.lang.Object, java.lang.Object, java.lang.Object, java.lang.Object)'> (0x00000000c8da7290) 
thrown [s\src\hotspot\share\interpreter\linkResolver.cpp, line 759]
Event: 1913.717 Thread 0x0000022750cc6e70 Implicit null exception at 0x0000022746f97c5a to 0x0000022746f97e9b
Event: 2098.134 Thread 0x0000022750cc5190 Implicit null exception at 0x0000022747255628 to 0x0000022747255ed0
Event: 2834.375 Thread 0x0000022750cc5b30 Exception <a 'java/io/IOException'{0x00000000c9100618}: CreateProcess error=1455, The paging file is too small for this operation to complete> (0x00000000c9100618) 
thrown [s\src\hotspot\share\prims\jni.cpp, line 535]

VM Operations (20 events):
Event: 2740.426 Executing VM operation: G1CollectFull done
Event: 2750.554 Executing VM operation: G1CollectFull
Event: 2750.599 Executing VM operation: G1CollectFull done
Event: 2760.741 Executing VM operation: G1CollectFull
Event: 2760.779 Executing VM operation: G1CollectFull done
Event: 2770.942 Executing VM operation: G1CollectFull
Event: 2770.993 Executing VM operation: G1CollectFull done
Event: 2781.388 Executing VM operation: G1CollectFull
Event: 2781.514 Executing VM operation: G1CollectFull done
Event: 2791.836 Executing VM operation: G1CollectFull
Event: 2791.884 Executing VM operation: G1CollectFull done
Event: 2802.109 Executing VM operation: G1CollectFull
Event: 2802.168 Executing VM operation: G1CollectFull done
Event: 2812.371 Executing VM operation: G1CollectFull
Event: 2812.424 Executing VM operation: G1CollectFull done
Event: 2823.548 Executing VM operation: G1CollectFull
Event: 2823.597 Executing VM operation: G1CollectFull done
Event: 2834.665 Executing VM operation: Cleanup
Event: 2834.820 Executing VM operation: Cleanup done
Event: 2844.998 Executing VM operation: G1CollectFull

Events (20 events):
Event: 2023.456 Thread 0x0000022750ccb6a0 Thread exited: 0x0000022750ccb6a0
Event: 2023.458 Thread 0x0000022750cc6e70 Thread exited: 0x0000022750cc6e70
Event: 2040.252 Thread 0x0000022750cc9020 Thread added: 0x0000022750cc9020
Event: 2040.264 Thread 0x0000022750dca480 Thread added: 0x0000022750dca480
Event: 2040.265 Thread 0x000002274f932a30 Thread added: 0x000002274f932a30
Event: 2040.282 loading class java/util/concurrent/CompletionException
Event: 2040.283 loading class java/util/concurrent/CompletionException done
Event: 2045.308 Thread 0x000002274f932a30 Thread exited: 0x000002274f932a30
Event: 2045.308 Thread 0x0000022750dca480 Thread exited: 0x0000022750dca480
Event: 2058.125 Thread 0x0000022750cc4cc0 Thread added: 0x0000022750cc4cc0
Event: 2058.127 Thread 0x0000022750cc6e70 Thread added: 0x0000022750cc6e70
Event: 2063.645 Thread 0x0000022750ccb6a0 Thread added: 0x0000022750ccb6a0
Event: 2071.888 Thread 0x000002274f9315c0 Thread added: 0x000002274f9315c0
Event: 2175.316 Thread 0x0000022750cc6e70 Thread exited: 0x0000022750cc6e70
Event: 2175.443 Thread 0x0000022750cc5190 Thread exited: 0x0000022750cc5190
Event: 2183.574 Thread 0x0000022750cc9020 Thread exited: 0x0000022750cc9020
Event: 2233.993 Thread 0x000002274f930c20 Thread added: 0x000002274f930c20
Event: 2233.994 Thread 0x000002274f92fdb0 Thread added: 0x000002274f92fdb0
Event: 2294.019 Thread 0x000002274f92fdb0 Thread exited: 0x000002274f92fdb0
Event: 2294.019 Thread 0x000002274f930c20 Thread exited: 0x000002274f930c20


Dynamic libraries:
0x00007ff7b1610000 - 0x00007ff7b161e000 	c:\Users\Dell\.vscode\extensions\redhat.java-1.11.0-win32-x64\jre\17.0.4.1-win32-x86_64\bin\java.exe
0x00007ff857f50000 - 0x00007ff858148000 	C:\Windows\SYSTEM32\ntdll.dll
0x00007ff857720000 - 0x00007ff8577dd000 	C:\Windows\System32\KERNEL32.DLL
0x00007ff855b70000 - 0x00007ff855e42000 	C:\Windows\System32\KERNELBASE.dll
0x00007ff855970000 - 0x00007ff855a70000 	C:\Windows\System32\ucrtbase.dll
0x00007ff82e620000 - 0x00007ff82e638000 	c:\Users\Dell\.vscode\extensions\redhat.java-1.11.0-win32-x64\jre\17.0.4.1-win32-x86_64\bin\jli.dll
0x00007ff82e030000 - 0x00007ff82e049000 	c:\Users\Dell\.vscode\extensions\redhat.java-1.11.0-win32-x64\jre\17.0.4.1-win32-x86_64\bin\VCRUNTIME140.dll
0x00007ff856740000 - 0x00007ff8568dd000 	C:\Windows\System32\USER32.dll
0x00007ff855ec0000 - 0x00007ff855ee2000 	C:\Windows\System32\win32u.dll
0x00007ff842980000 - 0x00007ff842c1a000 	C:\Windows\WinSxS\amd64_microsoft.windows.common-controls_6595b64144ccf1df_6.0.19041.1110_none_60b5254171f9507e\COMCTL32.dll
0x00007ff856f90000 - 0x00007ff856fbb000 	C:\Windows\System32\GDI32.dll
0x00007ff855660000 - 0x00007ff85576f000 	C:\Windows\System32\gdi32full.dll
0x00007ff8577e0000 - 0x00007ff85787e000 	C:\Windows\System32\msvcrt.dll
0x00007ff855770000 - 0x00007ff85580d000 	C:\Windows\System32\msvcp_win.dll
0x00007ff8568e0000 - 0x00007ff856910000 	C:\Windows\System32\IMM32.DLL
0x00007ff844f70000 - 0x00007ff844f7c000 	c:\Users\Dell\.vscode\extensions\redhat.java-1.11.0-win32-x64\jre\17.0.4.1-win32-x86_64\bin\vcruntime140_1.dll
0x00007fffe57b0000 - 0x00007fffe5841000 	c:\Users\Dell\.vscode\extensions\redhat.java-1.11.0-win32-x64\jre\17.0.4.1-win32-x86_64\bin\msvcp140.dll
0x00007fffdf610000 - 0x00007fffe0256000 	c:\Users\Dell\.vscode\extensions\redhat.java-1.11.0-win32-x64\jre\17.0.4.1-win32-x86_64\bin\server\jvm.dll
0x00007ff856610000 - 0x00007ff8566be000 	C:\Windows\System32\ADVAPI32.dll
0x00007ff857a30000 - 0x00007ff857acc000 	C:\Windows\System32\sechost.dll
0x00007ff856db0000 - 0x00007ff856ed5000 	C:\Windows\System32\RPCRT4.dll
0x00007ff856da0000 - 0x00007ff856da8000 	C:\Windows\System32\PSAPI.DLL
0x00007ff8350e0000 - 0x00007ff8350e9000 	C:\Windows\SYSTEM32\WSOCK32.dll
0x00007ff847140000 - 0x00007ff847167000 	C:\Windows\SYSTEM32\WINMM.dll
0x00007ff84cf10000 - 0x00007ff84cf1a000 	C:\Windows\SYSTEM32\VERSION.dll
0x00007ff857ae0000 - 0x00007ff857b4b000 	C:\Windows\System32\WS2_32.dll
0x00007ff853eb0000 - 0x00007ff853ec2000 	C:\Windows\SYSTEM32\kernel.appcore.dll
0x00007ff834530000 - 0x00007ff83453a000 	c:\Users\Dell\.vscode\extensions\redhat.java-1.11.0-win32-x64\jre\17.0.4.1-win32-x86_64\bin\jimage.dll
0x00007ff853430000 - 0x00007ff853614000 	C:\Windows\SYSTEM32\DBGHELP.DLL
0x00007ff84a660000 - 0x00007ff84a68c000 	C:\Windows\SYSTEM32\dbgcore.DLL
0x00007ff855f20000 - 0x00007ff855fa2000 	C:\Windows\System32\bcryptPrimitives.dll
0x00007ff81dab0000 - 0x00007ff81dad5000 	c:\Users\Dell\.vscode\extensions\redhat.java-1.11.0-win32-x64\jre\17.0.4.1-win32-x86_64\bin\java.dll
0x00007ff823c20000 - 0x00007ff823c38000 	c:\Users\Dell\.vscode\extensions\redhat.java-1.11.0-win32-x64\jre\17.0.4.1-win32-x86_64\bin\zip.dll
0x00007ff856fc0000 - 0x00007ff857703000 	C:\Windows\System32\SHELL32.dll
0x00007ff853700000 - 0x00007ff853e91000 	C:\Windows\SYSTEM32\windows.storage.dll
0x00007ff856a40000 - 0x00007ff856d94000 	C:\Windows\System32\combase.dll
0x00007ff8550c0000 - 0x00007ff8550f0000 	C:\Windows\SYSTEM32\Wldp.dll
0x00007ff857c60000 - 0x00007ff857d0d000 	C:\Windows\System32\SHCORE.dll
0x00007ff857c00000 - 0x00007ff857c55000 	C:\Windows\System32\shlwapi.dll
0x00007ff8555a0000 - 0x00007ff8555bf000 	C:\Windows\SYSTEM32\profapi.dll
0x00007ff82db00000 - 0x00007ff82db19000 	C:\Users\Dell\.vscode\extensions\redhat.java-1.11.0-win32-x64\jre\17.0.4.1-win32-x86_64\bin\net.dll
0x00007ff8490c0000 - 0x00007ff8491cd000 	C:\Windows\SYSTEM32\WINHTTP.dll
0x00007ff854e20000 - 0x00007ff854e8a000 	C:\Windows\system32\mswsock.dll
0x00007ff82dae0000 - 0x00007ff82daf5000 	C:\Users\Dell\.vscode\extensions\redhat.java-1.11.0-win32-x64\jre\17.0.4.1-win32-x86_64\bin\nio.dll
0x00007ff82dad0000 - 0x00007ff82dae0000 	c:\Users\Dell\.vscode\extensions\redhat.java-1.11.0-win32-x64\jre\17.0.4.1-win32-x86_64\bin\verify.dll
0x00007ff82d6d0000 - 0x00007ff82d6d9000 	C:\Users\Dell\.vscode\extensions\redhat.java-1.11.0-win32-x64\jre\17.0.4.1-win32-x86_64\bin\management.dll
0x00007ff849800000 - 0x00007ff84980b000 	C:\Users\Dell\.vscode\extensions\redhat.java-1.11.0-win32-x64\jre\17.0.4.1-win32-x86_64\bin\management_ext.dll
0x00007ff8335e0000 - 0x00007ff8335f7000 	C:\Windows\system32\napinsp.dll
0x00007ff8335c0000 - 0x00007ff8335db000 	C:\Windows\system32\pnrpnsp.dll
0x00007ff8335a0000 - 0x00007ff8335b5000 	C:\Windows\system32\wshbth.dll
0x00007ff84c120000 - 0x00007ff84c13d000 	C:\Windows\system32\NLAapi.dll
0x00007ff854ac0000 - 0x00007ff854afb000 	C:\Windows\SYSTEM32\IPHLPAPI.DLL
0x00007ff854b00000 - 0x00007ff854bca000 	C:\Windows\SYSTEM32\DNSAPI.dll
0x00007ff857ad0000 - 0x00007ff857ad8000 	C:\Windows\System32\NSI.dll
0x00007ff833580000 - 0x00007ff833592000 	C:\Windows\System32\winrnr.dll
0x00007ff849020000 - 0x00007ff84902a000 	C:\Windows\System32\rasadhlp.dll
0x00007ff849040000 - 0x00007ff8490c0000 	C:\Windows\System32\fwpuclnt.dll
0x00007ff855ef0000 - 0x00007ff855f17000 	C:\Windows\System32\bcrypt.dll
0x00007ff855010000 - 0x00007ff855028000 	C:\Windows\SYSTEM32\CRYPTSP.dll
0x00007ff8546d0000 - 0x00007ff854704000 	C:\Windows\system32\rsaenh.dll
0x00007ff855520000 - 0x00007ff85554e000 	C:\Windows\SYSTEM32\USERENV.dll
0x00007ff855030000 - 0x00007ff85503c000 	C:\Windows\SYSTEM32\CRYPTBASE.dll
0x00007ff84b020000 - 0x00007ff84b037000 	C:\Windows\SYSTEM32\dhcpcsvc6.DLL
0x00007ff84b360000 - 0x00007ff84b37d000 	C:\Windows\SYSTEM32\dhcpcsvc.DLL

dbghelp: loaded successfully - version: 4.0.5 - missing functions: none
symbol engine: initialized successfully - sym options: 0x614 - pdb path: .;c:\Users\Dell\.vscode\extensions\redhat.java-1.11.0-win32-x64\jre\17.0.4.1-win32-x86_64\bin;C:\Windows\SYSTEM32;C:\Windows\WinSxS\amd64_microsoft.windows.common-controls_6595b64144ccf1df_6.0.19041.1110_none_60b5254171f9507e;c:\Users\Dell\.vscode\extensions\redhat.java-1.11.0-win32-x64\jre\17.0.4.1-win32-x86_64\bin\server

VM Arguments:
jvm_args: -Dsts.lsp.client=vscode -Dsts.log.file=/dev/null -XX:TieredStopAtLevel=1 -Xlog:jni+resolve=off -Dspring.config.location=file:c:\Users\Dell\.vscode\extensions\pivotal.vscode-spring-boot-1.39.0\language-server\BOOT-INF\classes\application.properties 
java_command: org.springframework.ide.vscode.boot.app.BootLanguageServerBootApp
java_class_path (initial): c:\Users\Dell\.vscode\extensions\pivotal.vscode-spring-boot-1.39.0\language-server\BOOT-INF\classes;c:\Users\Dell\.vscode\extensions\pivotal.vscode-spring-boot-1.39.0\language-server\BOOT-INF\lib\annotations-23.0.0.jar;c:\Users\Dell\.vscode\extensions\pivotal.vscode-spring-boot-1.39.0\language-server\BOOT-INF\lib\antlr-runtime-3.5.2.jar;c:\Users\Dell\.vscode\extensions\pivotal.vscode-spring-boot-1.39.0\language-server\BOOT-INF\lib\antlr4-4.9.3.jar;c:\Users\Dell\.vscode\extensions\pivotal.vscode-spring-boot-1.39.0\language-server\BOOT-INF\lib\antlr4-runtime-4.9.3.jar;c:\Users\Dell\.vscode\extensions\pivotal.vscode-spring-boot-1.39.0\language-server\BOOT-INF\lib\asm-9.3.jar;c:\Users\Dell\.vscode\extensions\pivotal.vscode-spring-boot-1.39.0\language-server\BOOT-INF\lib\asm-analysis-9.3.jar;c:\Users\Dell\.vscode\extensions\pivotal.vscode-spring-boot-1.39.0\language-server\BOOT-INF\lib\asm-tree-9.3.jar;c:\Users\Dell\.vscode\extensions\pivotal.vscode-spring-boot-1.39.0\language-server\BOOT-INF\lib\asm-util-9.3.jar;c:\Users\Dell\.vscode\extensions\pivotal.vscode-spring-boot-1.39.0\language-server\BOOT-INF\lib\byte-buddy-1.12.13.jar;c:\Users\Dell\.vscode\extensions\pivotal.vscode-spring-boot-1.39.0\language-server\BOOT-INF\lib\caffeine-2.9.3.jar;c:\Users\Dell\.vscode\extensions\pivotal.vscode-spring-boot-1.39.0\language-server\BOOT-INF\lib\checker-qual-3.12.0.jar;c:\Users\Dell\.vscode\extensions\pivotal.vscode-spring-boot-1.39.0\language-server\BOOT-INF\lib\classgraph-4.8.149.jar;c:\Users\Dell\.vscode\extensions\pivotal.vscode-spring-boot-1.39.0\language-server\BOOT-INF\lib\commons-codec-1.15.jar;c:\Users\Dell\.vscode\extensions\pivotal.vscode-spring-boot-1.39.0\language-server\BOOT-INF\lib\commons-compress-1.21.jar;c:\Users\Dell\.vscode\extensions\pivotal.vscode-spring-boot-1.39.0\language-server\BOOT-INF\lib\commons-exec-1.3.jar;c:\Users\Dell\.vscode\extensions\pivotal.vscode-spring-boot-1.39.0\language-server\BOOT-INF\lib\commons-io-2.4.jar;c
Launcher Type: SUN_STANDARD

[Global flags]
     intx CICompilerCount                          = 4                                         {product} {ergonomic}
     uint ConcGCThreads                            = 2                                         {product} {ergonomic}
     uint G1ConcRefinementThreads                  = 8                                         {product} {ergonomic}
   size_t G1HeapRegionSize                         = 1048576                                   {product} {ergonomic}
    uintx GCDrainStackTargetSize                   = 64                                        {product} {ergonomic}
   size_t InitialHeapSize                          = 67108864                                  {product} {ergonomic}
   size_t MarkStackSize                            = 4194304                                   {product} {ergonomic}
   size_t MaxHeapSize                              = 1042284544                                {product} {ergonomic}
   size_t MaxNewSize                               = 624951296                                 {product} {ergonomic}
   size_t MinHeapDeltaBytes                        = 1048576                                   {product} {ergonomic}
   size_t MinHeapSize                              = 8388608                                   {product} {ergonomic}
    uintx NonProfiledCodeHeapSize                  = 0                                      {pd product} {ergonomic}
     bool ProfileInterpreter                       = false                                  {pd product} {command line}
    uintx ProfiledCodeHeapSize                     = 0                                      {pd product} {ergonomic}
   size_t SoftMaxHeapSize                          = 1042284544                             {manageable} {ergonomic}
     intx TieredStopAtLevel                        = 1                                         {product} {command line}
     bool UseCompressedClassPointers               = true                           {product lp64_product} {ergonomic}
     bool UseCompressedOops                        = true                           {product lp64_product} {ergonomic}
     bool UseG1GC                                  = true                                      {product} {ergonomic}
     bool UseLargePagesIndividualAllocation        = false                                  {pd product} {ergonomic}

Logging:
Log output configuration:
 #0: stdout all=warning,jni+resolve=off uptime,level,tags
 #1: stderr all=off uptime,level,tags

Environment Variables:
PATH=C:\Windows\system32;C:\Windows;C:\Windows\System32\Wbem;C:\Windows\System32\WindowsPowerShell\v1.0\;C:\Windows\System32\OpenSSH\;C:\Program Files\Cloudflare\Cloudflare WARP\;C:\Program Files\Git\cmd;C:\JDK 11  Now Now\jdk-11.0.1\bin;D:\NodeJS\;C:\Users\Dell\AppData\Local\Microsoft\WindowsApps;C:\JDK 11  Now Now\jdk-11.0.1\bin;C:\Users\Dell\AppData\Roaming\npm;C:\Users\Dell\AppData\Local\Programs\Microsoft VS Code\bin
USERNAME=Dell
OS=Windows_NT
PROCESSOR_IDENTIFIER=Intel64 Family 6 Model 142 Stepping 11, GenuineIntel
TMP=C:\Users\Dell\AppData\Local\Temp
TEMP=C:\Users\Dell\AppData\Local\Temp



---------------  S Y S T E M  ---------------

OS:
 Windows 10 , 64 bit Build 19041 (10.0.19041.1889)
OS uptime: 2 days 21:48 hours

CPU: total 8 (initial active 8) (4 cores per cpu, 2 threads per core) family 6 model 142 stepping 11 microcode 0xf0, cx8, cmov, fxsr, ht, mmx, 3dnowpref, sse, sse2, sse3, ssse3, sse4.1, sse4.2, popcnt, lzcnt, tsc, tscinvbit, avx, avx2, aes, erms, clmul, bmi1, bmi2, adx, fma, vzeroupper, clflush, clflushopt

Memory: 4k page, system-wide physical 3971M (172M free)
TotalPageFile size 16259M (AvailPageFile size 5M)
current process WorkingSet (physical memory assigned to process): 33M, peak: 625M
current process commit charge ("private bytes"): 286M, peak: 827M

vm_info: OpenJDK 64-Bit Server VM (17.0.4.1+1) for windows-amd64 JRE (17.0.4.1+1), built on Aug 17 2022 07:42:43 by "temurin" with MS VC++ 16.7 (VS2019)

END.
