#
# There is insufficient memory for the Java Runtime Environment to continue.
# Native memory allocation (mmap) failed to map 120586240 bytes for G1 virtual space
# Possible reasons:
#   The system is out of physical RAM or swap space
#   The process is running with CompressedOops enabled, and the Java Heap may be blocking the growth of the native heap
# Possible solutions:
#   Reduce memory load on the system
#   Increase physical memory or swap space
#   Check if swap backing store is full
#   Decrease Java heap size (-Xmx/-Xms)
#   Decrease number of Java threads
#   Decrease Java thread stack sizes (-Xss)
#   Set larger code cache with -XX:ReservedCodeCacheSize=
#   JVM is running with Unscaled Compressed Oops mode in which the Java heap is
#     placed in the first 4GB address space. The Java Heap base address is the
#     maximum limit for the native heap growth. Please use -XX:HeapBaseMinAddress
#     to set the Java Heap base and to place the Java Heap above 4GB virtual address.
# This output file may be truncated or incomplete.
#
#  Out of Memory Error (os_windows.cpp:3541), pid=14308, tid=14728
#
# JRE version: OpenJDK Runtime Environment Temurin-17.0.4.1+1 (17.0.4.1+1) (build 17.0.4.1+1)
# Java VM: OpenJDK 64-Bit Server VM Temurin-17.0.4.1+1 (17.0.4.1+1, mixed mode, emulated-client, tiered, compressed oops, compressed class ptrs, g1 gc, windows-amd64)
# No core dump will be written. Minidumps are not enabled by default on client versions of Windows
#

---------------  S U M M A R Y ------------

Command Line: -Dsts.lsp.client=vscode -Dsts.log.file=/dev/null -XX:TieredStopAtLevel=1 -Xlog:jni+resolve=off -Dspring.config.location=file:c:\Users\Dell\.vscode\extensions\pivotal.vscode-spring-boot-1.39.0\language-server\BOOT-INF\classes\application.properties org.springframework.ide.vscode.boot.app.BootLanguageServerBootApp

Host: Intel(R) Core(TM) i5-8265U CPU @ 1.60GHz, 8 cores, 3G,  Windows 10 , 64 bit Build 19041 (10.0.19041.1889)
Time: Mon Oct 17 09:55:41 2022 Myanmar Standard Time elapsed time: 2.718045 seconds (0d 0h 0m 2s)

---------------  T H R E A D  ---------------

Current thread (0x0000020ea7b825a0):  VMThread "VM Thread" [stack: 0x0000001883a00000,0x0000001883b00000] [id=14728]

Stack: [0x0000001883a00000,0x0000001883b00000]
Native frames: (J=compiled Java code, j=interpreted, Vv=VM code, C=native code)
V  [jvm.dll+0x67731a]
V  [jvm.dll+0x832284]
V  [jvm.dll+0x833a2e]
V  [jvm.dll+0x834093]
V  [jvm.dll+0x245775]
V  [jvm.dll+0x674209]
V  [jvm.dll+0x668a92]
V  [jvm.dll+0x30471b]
V  [jvm.dll+0x30bc66]
V  [jvm.dll+0x35ba9e]
V  [jvm.dll+0x35bccf]
V  [jvm.dll+0x2db5b8]
V  [jvm.dll+0x2d986c]
V  [jvm.dll+0x2d8e3c]
V  [jvm.dll+0x31cd9b]
V  [jvm.dll+0x83853b]
V  [jvm.dll+0x839274]
V  [jvm.dll+0x83978c]
V  [jvm.dll+0x839b64]
V  [jvm.dll+0x839c30]
V  [jvm.dll+0x7e240a]
V  [jvm.dll+0x6761a5]
C  [ucrtbase.dll+0x21bb2]
C  [KERNEL32.DLL+0x17034]
C  [ntdll.dll+0x526a1]

VM_Operation (0x00000018854fdd00): G1CollectForAllocation, mode: safepoint, requested by thread 0x0000020eaa12a6b0


---------------  P R O C E S S  ---------------

Threads class SMR info:
_java_thread_list=0x0000020ea9c19ff0, length=39, elements={
0x0000020ea7b98740, 0x0000020ea7b993b0, 0x0000020ea7bd4130, 0x0000020ea7bd4cb0,
0x0000020ea7bd6580, 0x0000020ea7bd7e50, 0x0000020ea7bd87c0, 0x0000020ea7bdcb50,
0x0000020ea86f2530, 0x0000020ea86f2a40, 0x0000020ea86fd390, 0x0000020ea8701a20,
0x0000020eaa12cd30, 0x0000020eaa12a1e0, 0x0000020eaa12c860, 0x0000020eaa12d200,
0x0000020eaa12a6b0, 0x0000020eaa12dba0, 0x0000020eaa12ab80, 0x0000020eaa12b050,
0x0000020eaa12b520, 0x0000020eaa12d6d0, 0x0000020eaa12c390, 0x0000020eaa12b9f0,
0x0000020eaa12bec0, 0x0000020eaa55fbe0, 0x0000020eaa55ed70, 0x0000020eaa560580,
0x0000020eaa55e3d0, 0x0000020eaa55e8a0, 0x0000020eaa562260, 0x0000020eaa560a50,
0x0000020eaa55f240, 0x0000020eaa55c220, 0x0000020eaa560f20, 0x0000020eaa55df00,
0x0000020eaa55f710, 0x0000020eaa5613f0, 0x0000020eaa5618c0
}

Java Threads: ( => current thread )
  0x0000020ea7b98740 JavaThread "Reference Handler" daemon [_thread_blocked, id=13724, stack(0x0000001883b00000,0x0000001883c00000)]
  0x0000020ea7b993b0 JavaThread "Finalizer" daemon [_thread_blocked, id=12188, stack(0x0000001883c00000,0x0000001883d00000)]
  0x0000020ea7bd4130 JavaThread "Signal Dispatcher" daemon [_thread_blocked, id=1436, stack(0x0000001883d00000,0x0000001883e00000)]
  0x0000020ea7bd4cb0 JavaThread "Attach Listener" daemon [_thread_blocked, id=14088, stack(0x0000001883e00000,0x0000001883f00000)]
  0x0000020ea7bd6580 JavaThread "Service Thread" daemon [_thread_blocked, id=9316, stack(0x0000001883f00000,0x0000001884000000)]
  0x0000020ea7bd7e50 JavaThread "Monitor Deflation Thread" daemon [_thread_blocked, id=6092, stack(0x0000001884000000,0x0000001884100000)]
  0x0000020ea7bd87c0 JavaThread "C1 CompilerThread0" daemon [_thread_blocked, id=13372, stack(0x0000001884100000,0x0000001884200000)]
  0x0000020ea7bdcb50 JavaThread "Sweeper thread" daemon [_thread_blocked, id=8036, stack(0x0000001884200000,0x0000001884300000)]
  0x0000020ea86f2530 JavaThread "C1 CompilerThread1" daemon [_thread_blocked, id=5616, stack(0x0000001884300000,0x0000001884400000)]
  0x0000020ea86f2a40 JavaThread "C1 CompilerThread2" daemon [_thread_blocked, id=8460, stack(0x0000001884400000,0x0000001884500000)]
  0x0000020ea86fd390 JavaThread "Notification Thread" daemon [_thread_blocked, id=8920, stack(0x0000001884500000,0x0000001884600000)]
  0x0000020ea8701a20 JavaThread "Common-Cleaner" daemon [_thread_blocked, id=10012, stack(0x0000001884700000,0x0000001884800000)]
  0x0000020eaa12cd30 JavaThread "boundedElastic-evictor-1" daemon [_thread_blocked, id=2012, stack(0x0000001884f00000,0x0000001885000000)]
  0x0000020eaa12a1e0 JavaThread "ForkJoinPool.commonPool-worker-1" daemon [_thread_blocked, id=13048, stack(0x0000001885100000,0x0000001885200000)]
  0x0000020eaa12c860 JavaThread "ClassGraph-worker-0" daemon [_thread_blocked, id=4304, stack(0x0000001885200000,0x0000001885300000)]
  0x0000020eaa12d200 JavaThread "ClassGraph-worker-1" daemon [_thread_blocked, id=6268, stack(0x0000001885300000,0x0000001885400000)]
  0x0000020eaa12a6b0 JavaThread "ClassGraph-worker-2" daemon [_thread_blocked, id=5036, stack(0x0000001885400000,0x0000001885500000)]
  0x0000020eaa12dba0 JavaThread "ClassGraph-worker-3" daemon [_thread_blocked, id=7188, stack(0x0000001885500000,0x0000001885600000)]
  0x0000020eaa12ab80 JavaThread "ClassGraph-worker-4" daemon [_thread_blocked, id=1480, stack(0x0000001885600000,0x0000001885700000)]
  0x0000020eaa12b050 JavaThread "ClassGraph-worker-5" daemon [_thread_blocked, id=13168, stack(0x0000001885700000,0x0000001885800000)]
  0x0000020eaa12b520 JavaThread "ClassGraph-worker-6" daemon [_thread_blocked, id=10848, stack(0x0000001885800000,0x0000001885900000)]
  0x0000020eaa12d6d0 JavaThread "ClassGraph-worker-7" daemon [_thread_blocked, id=12924, stack(0x0000001885900000,0x0000001885a00000)]
  0x0000020eaa12c390 JavaThread "ClassGraph-worker-8" daemon [_thread_blocked, id=9592, stack(0x0000001885a00000,0x0000001885b00000)]
  0x0000020eaa12b9f0 JavaThread "ClassGraph-worker-9" daemon [_thread_blocked, id=10884, stack(0x0000001885b00000,0x0000001885c00000)]
  0x0000020eaa12bec0 JavaThread "ClassGraph-worker-10" daemon [_thread_blocked, id=1392, stack(0x0000001885c00000,0x0000001885d00000)]
  0x0000020eaa55fbe0 JavaThread "ClassGraph-worker-11" daemon [_thread_blocked, id=13408, stack(0x0000001885d00000,0x0000001885e00000)]
  0x0000020eaa55ed70 JavaThread "ClassGraph-worker-12" daemon [_thread_blocked, id=3052, stack(0x0000001885e00000,0x0000001885f00000)]
  0x0000020eaa560580 JavaThread "ClassGraph-worker-13" daemon [_thread_blocked, id=13480, stack(0x0000001885f00000,0x0000001886000000)]
  0x0000020eaa55e3d0 JavaThread "pool-9-thread-1" [_thread_blocked, id=9624, stack(0x0000001886000000,0x0000001886100000)]
  0x0000020eaa55e8a0 JavaThread "LanguageServerApp-lifecycle" [_thread_blocked, id=12804, stack(0x0000001886100000,0x0000001886200000)]
  0x0000020eaa562260 JavaThread "DestroyJavaVM" [_thread_blocked, id=7464, stack(0x0000001883400000,0x0000001883500000)]
  0x0000020eaa560a50 JavaThread "pool-10-thread-1" [_thread_in_native, id=15540, stack(0x0000001886200000,0x0000001886300000)]
  0x0000020eaa55f240 JavaThread "Simple-Language-Server main thread" daemon [_thread_blocked, id=7008, stack(0x0000001886700000,0x0000001886800000)]
  0x0000020eaa55c220 JavaThread "pool-7-thread-1" [_thread_blocked, id=10700, stack(0x0000001886800000,0x0000001886900000)]
  0x0000020eaa560f20 JavaThread "parallel-1" daemon [_thread_blocked, id=9120, stack(0x0000001886900000,0x0000001886a00000)]
  0x0000020eaa55df00 JavaThread "parallel-2" daemon [_thread_blocked, id=13360, stack(0x0000001886a00000,0x0000001886b00000)]
  0x0000020eaa55f710 JavaThread "pool-4-thread-1" [_thread_blocked, id=9396, stack(0x0000001886b00000,0x0000001886c00000)]
  0x0000020eaa5613f0 JavaThread "parallel-3" daemon [_thread_blocked, id=12080, stack(0x0000001886c00000,0x0000001886d00000)]
  0x0000020eaa5618c0 JavaThread "Reconciler-1" daemon [_thread_blocked, id=11116, stack(0x0000001886d00000,0x0000001886e00000)]

Other Threads:
=>0x0000020ea7b825a0 VMThread "VM Thread" [stack: 0x0000001883a00000,0x0000001883b00000] [id=14728]
  0x0000020e9cec44e0 WatcherThread [stack: 0x0000001884600000,0x0000001884700000] [id=16176]
  0x0000020e9ce60c40 GCTaskThread "GC Thread#0" [stack: 0x0000001883500000,0x0000001883600000] [id=16076]
  0x0000020ea9081970 GCTaskThread "GC Thread#1" [stack: 0x0000001884800000,0x0000001884900000] [id=9532]
  0x0000020ea9057090 GCTaskThread "GC Thread#2" [stack: 0x0000001884900000,0x0000001884a00000] [id=13988]
  0x0000020ea90a3930 GCTaskThread "GC Thread#3" [stack: 0x0000001884a00000,0x0000001884b00000] [id=14392]
  0x0000020ea90a3be0 GCTaskThread "GC Thread#4" [stack: 0x0000001884b00000,0x0000001884c00000] [id=5824]
  0x0000020ea8da02b0 GCTaskThread "GC Thread#5" [stack: 0x0000001884c00000,0x0000001884d00000] [id=15400]
  0x0000020ea9d70b40 GCTaskThread "GC Thread#6" [stack: 0x0000001884d00000,0x0000001884e00000] [id=14836]
  0x0000020ea9d7fec0 GCTaskThread "GC Thread#7" [stack: 0x0000001884e00000,0x0000001884f00000] [id=968]
  0x0000020e9ce6aad0 ConcurrentGCThread "G1 Main Marker" [stack: 0x0000001883600000,0x0000001883700000] [id=14296]
  0x0000020e9ce6dba0 ConcurrentGCThread "G1 Conc#0" [stack: 0x0000001883700000,0x0000001883800000] [id=14544]
  0x0000020ea9ed4180 ConcurrentGCThread "G1 Conc#1" [stack: 0x0000001885000000,0x0000001885100000] [id=15496]
  0x0000020ea7a00490 ConcurrentGCThread "G1 Refine#0" [stack: 0x0000001883800000,0x0000001883900000] [id=10324]
  0x0000020eaa6d4510 ConcurrentGCThread "G1 Refine#1" [stack: 0x0000001886300000,0x0000001886400000] [id=8236]
  0x0000020eaaa07630 ConcurrentGCThread "G1 Refine#2" [stack: 0x0000001886400000,0x0000001886500000] [id=2576]
  0x0000020eaa54aa70 ConcurrentGCThread "G1 Refine#3" [stack: 0x0000001886500000,0x0000001886600000] [id=8744]
  0x0000020eaa9deb10 ConcurrentGCThread "G1 Refine#4" [stack: 0x0000001886600000,0x0000001886700000] [id=2704]
  0x0000020ea7a00db0 ConcurrentGCThread "G1 Service" [stack: 0x0000001883900000,0x0000001883a00000] [id=7760]

Threads with active compile tasks:
C1 CompilerThread0     2744 3684   !   1       io.github.classgraph.Classfile::readConstantPoolEntries (936 bytes)
C1 CompilerThread1     2744 3701       1       io.github.classgraph.Classfile::readMethods (1501 bytes)
C1 CompilerThread2     2744 3694   !   1       io.github.classgraph.ClasspathElementModule$1$1::close (16 bytes)

VM state: at safepoint (normal execution)

VM Mutex/Monitor currently owned by a thread:  ([mutex/lock_event])
[0x0000020e9acb8560] Threads_lock - owner thread: 0x0000020ea7b825a0
[0x0000020e9ce21e50] Heap_lock - owner thread: 0x0000020eaa12a6b0

Heap address: 0x00000000c1e00000, size: 994 MB, Compressed Oops mode: 32-bit

CDS archive(s) not mapped
Compressed class space mapped at: 0x0000000100000000-0x0000000140000000, reserved size: 1073741824
Narrow klass base: 0x0000000000000000, Narrow klass shift: 3, Narrow klass range: 0x140000000

GC Precious Log:
 CPUs: 8 total, 8 available
 Memory: 3971M
 Large Page Support: Disabled
 NUMA Support: Disabled
 Compressed Oops: Enabled (32-bit)
 Heap Region Size: 1M
 Heap Min Capacity: 8M
 Heap Initial Capacity: 64M
 Heap Max Capacity: 994M
 Pre-touch: Disabled
 Parallel Workers: 8
 Concurrent Workers: 2
 Concurrent Refinement Workers: 8
 Periodic GC: Disabled

Heap:
 garbage-first heap   total 101376K, used 64804K [0x00000000c1e00000, 0x0000000100000000)
  region size 1024K, 2 young (2048K), 2 survivors (2048K)
 Metaspace       used 36120K, committed 36416K, reserved 1081344K
  class space    used 4710K, committed 4864K, reserved 1048576K

Heap Regions: E=young(eden), S=young(survivor), O=old, HS=humongous(starts), HC=humongous(continues), CS=collection set, F=free, OA=open archive, CA=closed archive, TAMS=top-at-mark-start (previous, next)
|   0|0x00000000c1e00000, 0x00000000c1f00000, 0x00000000c1f00000|100%| O|  |TAMS 0x00000000c1f00000, 0x00000000c1f00000| Untracked 
|   1|0x00000000c1f00000, 0x00000000c2000000, 0x00000000c2000000|100%| O|  |TAMS 0x00000000c2000000, 0x00000000c2000000| Untracked 
|   2|0x00000000c2000000, 0x00000000c2100000, 0x00000000c2100000|100%| O|  |TAMS 0x00000000c2100000, 0x00000000c2100000| Untracked 
|   3|0x00000000c2100000, 0x00000000c2200000, 0x00000000c2200000|100%| O|  |TAMS 0x00000000c2200000, 0x00000000c2200000| Untracked 
|   4|0x00000000c2200000, 0x00000000c2300000, 0x00000000c2300000|100%| O|  |TAMS 0x00000000c2300000, 0x00000000c2300000| Untracked 
|   5|0x00000000c2300000, 0x00000000c2400000, 0x00000000c2400000|100%| O|  |TAMS 0x00000000c2400000, 0x00000000c2400000| Untracked 
|   6|0x00000000c2400000, 0x00000000c2500000, 0x00000000c2500000|100%| O|  |TAMS 0x00000000c2500000, 0x00000000c2500000| Untracked 
|   7|0x00000000c2500000, 0x00000000c2600000, 0x00000000c2600000|100%| O|  |TAMS 0x00000000c2600000, 0x00000000c2600000| Untracked 
|   8|0x00000000c2600000, 0x00000000c2700000, 0x00000000c2700000|100%| O|  |TAMS 0x00000000c2700000, 0x00000000c2700000| Untracked 
|   9|0x00000000c2700000, 0x00000000c2800000, 0x00000000c2800000|100%| O|  |TAMS 0x00000000c2800000, 0x00000000c2800000| Untracked 
|  10|0x00000000c2800000, 0x00000000c2900000, 0x00000000c2900000|100%| O|  |TAMS 0x00000000c2900000, 0x00000000c2900000| Untracked 
|  11|0x00000000c2900000, 0x00000000c2a00000, 0x00000000c2a00000|100%| O|  |TAMS 0x00000000c2a00000, 0x00000000c2a00000| Untracked 
|  12|0x00000000c2a00000, 0x00000000c2b00000, 0x00000000c2b00000|100%| O|  |TAMS 0x00000000c2b00000, 0x00000000c2b00000| Untracked 
|  13|0x00000000c2b00000, 0x00000000c2c00000, 0x00000000c2c00000|100%| O|  |TAMS 0x00000000c2c00000, 0x00000000c2c00000| Untracked 
|  14|0x00000000c2c00000, 0x00000000c2d00000, 0x00000000c2d00000|100%| O|  |TAMS 0x00000000c2d00000, 0x00000000c2d00000| Untracked 
|  15|0x00000000c2d00000, 0x00000000c2e00000, 0x00000000c2e00000|100%| O|  |TAMS 0x00000000c2e00000, 0x00000000c2e00000| Untracked 
|  16|0x00000000c2e00000, 0x00000000c2f00000, 0x00000000c2f00000|100%| O|  |TAMS 0x00000000c2f00000, 0x00000000c2f00000| Untracked 
|  17|0x00000000c2f00000, 0x00000000c3000000, 0x00000000c3000000|100%| O|  |TAMS 0x00000000c3000000, 0x00000000c3000000| Untracked 
|  18|0x00000000c3000000, 0x00000000c3100000, 0x00000000c3100000|100%| O|  |TAMS 0x00000000c3100000, 0x00000000c3100000| Untracked 
|  19|0x00000000c3100000, 0x00000000c3200000, 0x00000000c3200000|100%| O|  |TAMS 0x00000000c3200000, 0x00000000c3200000| Untracked 
|  20|0x00000000c3200000, 0x00000000c3300000, 0x00000000c3300000|100%| O|  |TAMS 0x00000000c3300000, 0x00000000c3300000| Untracked 
|  21|0x00000000c3300000, 0x00000000c3400000, 0x00000000c3400000|100%| O|  |TAMS 0x00000000c3400000, 0x00000000c3400000| Untracked 
|  22|0x00000000c3400000, 0x00000000c3500000, 0x00000000c3500000|100%| O|  |TAMS 0x00000000c3500000, 0x00000000c3500000| Untracked 
|  23|0x00000000c3500000, 0x00000000c3600000, 0x00000000c3600000|100%| O|  |TAMS 0x00000000c3600000, 0x00000000c3600000| Untracked 
|  24|0x00000000c3600000, 0x00000000c3700000, 0x00000000c3700000|100%| O|  |TAMS 0x00000000c3700000, 0x00000000c3700000| Untracked 
|  25|0x00000000c3700000, 0x00000000c3800000, 0x00000000c3800000|100%| O|  |TAMS 0x00000000c3800000, 0x00000000c3800000| Untracked 
|  26|0x00000000c3800000, 0x00000000c3900000, 0x00000000c3900000|100%| O|  |TAMS 0x00000000c3900000, 0x00000000c3900000| Untracked 
|  27|0x00000000c3900000, 0x00000000c3a00000, 0x00000000c3a00000|100%| O|  |TAMS 0x00000000c3a00000, 0x00000000c3a00000| Untracked 
|  28|0x00000000c3a00000, 0x00000000c3b00000, 0x00000000c3b00000|100%| O|  |TAMS 0x00000000c3b00000, 0x00000000c3b00000| Untracked 
|  29|0x00000000c3b00000, 0x00000000c3c00000, 0x00000000c3c00000|100%| O|  |TAMS 0x00000000c3c00000, 0x00000000c3c00000| Untracked 
|  30|0x00000000c3c00000, 0x00000000c3d00000, 0x00000000c3d00000|100%| O|  |TAMS 0x00000000c3d00000, 0x00000000c3d00000| Untracked 
|  31|0x00000000c3d00000, 0x00000000c3e00000, 0x00000000c3e00000|100%| O|  |TAMS 0x00000000c3e00000, 0x00000000c3e00000| Untracked 
|  32|0x00000000c3e00000, 0x00000000c3f00000, 0x00000000c3f00000|100%| O|  |TAMS 0x00000000c3f00000, 0x00000000c3f00000| Untracked 
|  33|0x00000000c3f00000, 0x00000000c4000000, 0x00000000c4000000|100%| O|  |TAMS 0x00000000c4000000, 0x00000000c4000000| Untracked 
|  34|0x00000000c4000000, 0x00000000c4100000, 0x00000000c4100000|100%| O|  |TAMS 0x00000000c40f3a00, 0x00000000c4100000| Untracked 
|  35|0x00000000c4100000, 0x00000000c4200000, 0x00000000c4200000|100%| O|  |TAMS 0x00000000c4100000, 0x00000000c4200000| Untracked 
|  36|0x00000000c4200000, 0x00000000c4300000, 0x00000000c4300000|100%| O|  |TAMS 0x00000000c4200000, 0x00000000c4300000| Untracked 
|  37|0x00000000c4300000, 0x00000000c4400000, 0x00000000c4400000|100%| O|  |TAMS 0x00000000c4300000, 0x00000000c4400000| Untracked 
|  38|0x00000000c4400000, 0x00000000c4500000, 0x00000000c4500000|100%| O|  |TAMS 0x00000000c4400000, 0x00000000c4500000| Untracked 
|  39|0x00000000c4500000, 0x00000000c4600000, 0x00000000c4600000|100%| O|  |TAMS 0x00000000c4500000, 0x00000000c4600000| Untracked 
|  40|0x00000000c4600000, 0x00000000c4700000, 0x00000000c4700000|100%| O|  |TAMS 0x00000000c4600000, 0x00000000c4700000| Untracked 
|  41|0x00000000c4700000, 0x00000000c4800000, 0x00000000c4800000|100%| O|  |TAMS 0x00000000c4700000, 0x00000000c4800000| Untracked 
|  42|0x00000000c4800000, 0x00000000c4900000, 0x00000000c4900000|100%|HS|  |TAMS 0x00000000c4800000, 0x00000000c4900000| Complete 
|  43|0x00000000c4900000, 0x00000000c4a00000, 0x00000000c4a00000|100%|HS|  |TAMS 0x00000000c4900000, 0x00000000c4a00000| Complete 
|  44|0x00000000c4a00000, 0x00000000c4b00000, 0x00000000c4b00000|100%| O|  |TAMS 0x00000000c4a00000, 0x00000000c4b00000| Untracked 
|  45|0x00000000c4b00000, 0x00000000c4c00000, 0x00000000c4c00000|100%| O|  |TAMS 0x00000000c4b00000, 0x00000000c4c00000| Untracked 
|  46|0x00000000c4c00000, 0x00000000c4d00000, 0x00000000c4d00000|100%| O|  |TAMS 0x00000000c4c00000, 0x00000000c4d00000| Untracked 
|  47|0x00000000c4d00000, 0x00000000c4e00000, 0x00000000c4e00000|100%| O|  |TAMS 0x00000000c4d00000, 0x00000000c4e00000| Untracked 
|  48|0x00000000c4e00000, 0x00000000c4f00000, 0x00000000c4f00000|100%| O|  |TAMS 0x00000000c4e00000, 0x00000000c4f00000| Untracked 
|  49|0x00000000c4f00000, 0x00000000c5000000, 0x00000000c5000000|100%| O|  |TAMS 0x00000000c4f00000, 0x00000000c5000000| Untracked 
|  50|0x00000000c5000000, 0x00000000c5100000, 0x00000000c5100000|100%| O|  |TAMS 0x00000000c5000000, 0x00000000c5100000| Untracked 
|  51|0x00000000c5100000, 0x00000000c5200000, 0x00000000c5200000|100%| O|  |TAMS 0x00000000c5100000, 0x00000000c5200000| Untracked 
|  52|0x00000000c5200000, 0x00000000c5300000, 0x00000000c5300000|100%| O|  |TAMS 0x00000000c5200000, 0x00000000c5300000| Untracked 
|  53|0x00000000c5300000, 0x00000000c5400000, 0x00000000c5400000|100%| O|  |TAMS 0x00000000c5300000, 0x00000000c5400000| Untracked 
|  54|0x00000000c5400000, 0x00000000c5500000, 0x00000000c5500000|100%| O|  |TAMS 0x00000000c5400000, 0x00000000c5500000| Untracked 
|  55|0x00000000c5500000, 0x00000000c5600000, 0x00000000c5600000|100%| O|  |TAMS 0x00000000c5500000, 0x00000000c5600000| Untracked 
|  56|0x00000000c5600000, 0x00000000c5700000, 0x00000000c5700000|100%| O|  |TAMS 0x00000000c5600000, 0x00000000c56cbe00| Untracked 
|  57|0x00000000c5700000, 0x00000000c5800000, 0x00000000c5800000|100%| O|  |TAMS 0x00000000c5700000, 0x00000000c5700000| Untracked 
|  58|0x00000000c5800000, 0x00000000c5900000, 0x00000000c5900000|100%| O|  |TAMS 0x00000000c5800000, 0x00000000c5800000| Untracked 
|  59|0x00000000c5900000, 0x00000000c5a00000, 0x00000000c5a00000|100%| O|  |TAMS 0x00000000c5900000, 0x00000000c5900000| Untracked 
|  60|0x00000000c5a00000, 0x00000000c5b00000, 0x00000000c5b00000|100%| O|  |TAMS 0x00000000c5a00000, 0x00000000c5a00000| Untracked 
|  61|0x00000000c5b00000, 0x00000000c5bc9c00, 0x00000000c5c00000| 78%| O|  |TAMS 0x00000000c5b00000, 0x00000000c5b00000| Untracked 
|  62|0x00000000c5c00000, 0x00000000c5c00000, 0x00000000c5d00000|  0%| F|  |TAMS 0x00000000c5c00000, 0x00000000c5c00000| Untracked 
|  63|0x00000000c5d00000, 0x00000000c5d00000, 0x00000000c5e00000|  0%| F|  |TAMS 0x00000000c5d00000, 0x00000000c5d00000| Untracked 
|  64|0x00000000c5e00000, 0x00000000c5e00000, 0x00000000c5f00000|  0%| F|  |TAMS 0x00000000c5e00000, 0x00000000c5e00000| Untracked 
|  65|0x00000000c5f00000, 0x00000000c5f00000, 0x00000000c6000000|  0%| F|  |TAMS 0x00000000c5f00000, 0x00000000c5f00000| Untracked 
|  66|0x00000000c6000000, 0x00000000c6000000, 0x00000000c6100000|  0%| F|  |TAMS 0x00000000c6000000, 0x00000000c6000000| Untracked 
|  67|0x00000000c6100000, 0x00000000c6100000, 0x00000000c6200000|  0%| F|  |TAMS 0x00000000c6100000, 0x00000000c6100000| Untracked 
|  68|0x00000000c6200000, 0x00000000c6200000, 0x00000000c6300000|  0%| F|  |TAMS 0x00000000c6200000, 0x00000000c6200000| Untracked 
|  69|0x00000000c6300000, 0x00000000c6300000, 0x00000000c6400000|  0%| F|  |TAMS 0x00000000c6300000, 0x00000000c6300000| Untracked 
|  70|0x00000000c6400000, 0x00000000c6400000, 0x00000000c6500000|  0%| F|  |TAMS 0x00000000c6400000, 0x00000000c6400000| Untracked 
|  71|0x00000000c6500000, 0x00000000c6500000, 0x00000000c6600000|  0%| F|  |TAMS 0x00000000c6500000, 0x00000000c6500000| Untracked 
|  72|0x00000000c6600000, 0x00000000c6600000, 0x00000000c6700000|  0%| F|  |TAMS 0x00000000c6600000, 0x00000000c6600000| Untracked 
|  73|0x00000000c6700000, 0x00000000c6700000, 0x00000000c6800000|  0%| F|  |TAMS 0x00000000c6700000, 0x00000000c6700000| Untracked 
|  74|0x00000000c6800000, 0x00000000c6800000, 0x00000000c6900000|  0%| F|  |TAMS 0x00000000c6800000, 0x00000000c6800000| Untracked 
|  75|0x00000000c6900000, 0x00000000c6900000, 0x00000000c6a00000|  0%| F|  |TAMS 0x00000000c6900000, 0x00000000c6900000| Untracked 
|  76|0x00000000c6a00000, 0x00000000c6a00000, 0x00000000c6b00000|  0%| F|  |TAMS 0x00000000c6a00000, 0x00000000c6a00000| Untracked 
|  77|0x00000000c6b00000, 0x00000000c6b00000, 0x00000000c6c00000|  0%| F|  |TAMS 0x00000000c6b00000, 0x00000000c6b00000| Untracked 
|  78|0x00000000c6c00000, 0x00000000c6c00000, 0x00000000c6d00000|  0%| F|  |TAMS 0x00000000c6c00000, 0x00000000c6c00000| Untracked 
|  79|0x00000000c6d00000, 0x00000000c6d00000, 0x00000000c6e00000|  0%| F|  |TAMS 0x00000000c6d00000, 0x00000000c6d00000| Untracked 
|  80|0x00000000c6e00000, 0x00000000c6e00000, 0x00000000c6f00000|  0%| F|  |TAMS 0x00000000c6e00000, 0x00000000c6e00000| Untracked 
|  81|0x00000000c6f00000, 0x00000000c6f00000, 0x00000000c7000000|  0%| F|  |TAMS 0x00000000c6f00000, 0x00000000c6f00000| Untracked 
|  82|0x00000000c7000000, 0x00000000c7000000, 0x00000000c7100000|  0%| F|  |TAMS 0x00000000c7000000, 0x00000000c7000000| Untracked 
|  83|0x00000000c7100000, 0x00000000c717f5a8, 0x00000000c7200000| 49%| S|CS|TAMS 0x00000000c7100000, 0x00000000c7100000| Complete 
|  84|0x00000000c7200000, 0x00000000c7300000, 0x00000000c7300000|100%| S|CS|TAMS 0x00000000c7200000, 0x00000000c7200000| Complete 
|  85|0x00000000c7300000, 0x00000000c7300000, 0x00000000c7400000|  0%| F|  |TAMS 0x00000000c7300000, 0x00000000c7300000| Untracked 
|  86|0x00000000c7400000, 0x00000000c7400000, 0x00000000c7500000|  0%| F|  |TAMS 0x00000000c7400000, 0x00000000c7400000| Untracked 
|  87|0x00000000c7500000, 0x00000000c7500000, 0x00000000c7600000|  0%| F|  |TAMS 0x00000000c7500000, 0x00000000c7500000| Untracked 
|  88|0x00000000c7600000, 0x00000000c7600000, 0x00000000c7700000|  0%| F|  |TAMS 0x00000000c7600000, 0x00000000c7600000| Untracked 
|  89|0x00000000c7700000, 0x00000000c7700000, 0x00000000c7800000|  0%| F|  |TAMS 0x00000000c7700000, 0x00000000c7700000| Untracked 
|  90|0x00000000c7800000, 0x00000000c7800000, 0x00000000c7900000|  0%| F|  |TAMS 0x00000000c7800000, 0x00000000c7800000| Untracked 
|  91|0x00000000c7900000, 0x00000000c7900000, 0x00000000c7a00000|  0%| F|  |TAMS 0x00000000c7900000, 0x00000000c7900000| Untracked 
|  92|0x00000000c7a00000, 0x00000000c7a00000, 0x00000000c7b00000|  0%| F|  |TAMS 0x00000000c7a00000, 0x00000000c7a00000| Untracked 
|  93|0x00000000c7b00000, 0x00000000c7b00000, 0x00000000c7c00000|  0%| F|  |TAMS 0x00000000c7b00000, 0x00000000c7b00000| Untracked 
|  94|0x00000000c7c00000, 0x00000000c7c00000, 0x00000000c7d00000|  0%| F|  |TAMS 0x00000000c7c00000, 0x00000000c7c00000| Untracked 
|  95|0x00000000c7d00000, 0x00000000c7d00000, 0x00000000c7e00000|  0%| F|  |TAMS 0x00000000c7d00000, 0x00000000c7d00000| Untracked 
|  96|0x00000000c7e00000, 0x00000000c7e00000, 0x00000000c7f00000|  0%| F|  |TAMS 0x00000000c7e00000, 0x00000000c7e00000| Untracked 
|  97|0x00000000c7f00000, 0x00000000c7f00000, 0x00000000c8000000|  0%| F|  |TAMS 0x00000000c7f00000, 0x00000000c7f00000| Untracked 
|  98|0x00000000c8000000, 0x00000000c8000000, 0x00000000c8100000|  0%| F|  |TAMS 0x00000000c8000000, 0x00000000c8000000| Untracked 

Card table byte_map: [0x0000020ea2dd0000,0x0000020ea2fd0000] _byte_map_base: 0x0000020ea27c1000

Marking Bits (Prev, Next): (CMBitMap*) 0x0000020e9ce62560, (CMBitMap*) 0x0000020e9ce625a0
 Prev Bits: [0x0000020ea31d0000, 0x0000020ea4158000)
 Next Bits: [0x0000020ea4160000, 0x0000020ea50e8000)

Polling page: 0x0000020e9c600000

Metaspace:

Usage:
  Non-class:     30.67 MB used.
      Class:      4.60 MB used.
       Both:     35.27 MB used.

Virtual space:
  Non-class space:       32.00 MB reserved,      30.81 MB ( 96%) committed,  4 nodes.
      Class space:        1.00 GB reserved,       4.75 MB ( <1%) committed,  1 nodes.
             Both:        1.03 GB reserved,      35.56 MB (  3%) committed. 

Chunk freelists:
   Non-Class:  770.00 KB
       Class:  3.20 MB
        Both:  3.95 MB

MaxMetaspaceSize: unlimited
CompressedClassSpaceSize: 1.00 GB
Initial GC threshold: 21.00 MB
Current GC threshold: 59.19 MB
CDS: off
MetaspaceReclaimPolicy: balanced
 - commit_granule_bytes: 65536.
 - commit_granule_words: 8192.
 - virtual_space_node_default_size: 1048576.
 - enlarge_chunks_in_place: 1.
 - new_chunks_are_fully_committed: 0.
 - uncommit_free_chunks: 1.
 - use_allocation_guard: 0.
 - handle_deallocations: 1.


Internal statistics:

num_allocs_failed_limit: 6.
num_arena_births: 344.
num_arena_deaths: 0.
num_vsnodes_births: 5.
num_vsnodes_deaths: 0.
num_space_committed: 569.
num_space_uncommitted: 0.
num_chunks_returned_to_freelist: 6.
num_chunks_taken_from_freelist: 1394.
num_chunk_merges: 6.
num_chunk_splits: 943.
num_chunks_enlarged: 724.
num_purges: 0.
num_inconsistent_stats: 0.

CodeCache: size=49152Kb used=8346Kb max_used=8346Kb free=40805Kb
 bounds [0x0000020e9fac0000, 0x0000020ea02f0000, 0x0000020ea2ac0000]
 total_blobs=4217 nmethods=3692 adapters=449
 compilation: enabled
              stopped_count=0, restarted_count=0
 full_count=0

Compilation events (20 events):
Event: 2.707 Thread 0x0000020ea86f2a40 nmethod 3660 0x0000020ea02e0e10 code [0x0000020ea02e0fa0, 0x0000020ea02e10d8]
Event: 2.707 Thread 0x0000020ea86f2a40 3687   !   1       jdk.internal.misc.ScopedMemoryAccess::getLongUnalignedInternal (38 bytes)
Event: 2.707 Thread 0x0000020ea86f2a40 nmethod 3687 0x0000020ea02e1190 code [0x0000020ea02e1340, 0x0000020ea02e14b8]
Event: 2.707 Thread 0x0000020ea86f2a40 3688       1       java.nio.HeapByteBuffer::getLong (30 bytes)
Event: 2.708 Thread 0x0000020ea86f2530 nmethod 3669 0x0000020ea02e1610 code [0x0000020ea02e1900, 0x0000020ea02e24d8]
Event: 2.708 Thread 0x0000020ea86f2a40 nmethod 3688 0x0000020ea02e2a10 code [0x0000020ea02e2c00, 0x0000020ea02e2f68]
Event: 2.708 Thread 0x0000020ea86f2530 3689   !   1       jdk.internal.misc.ScopedMemoryAccess::getLongUnaligned (22 bytes)
Event: 2.708 Thread 0x0000020ea86f2a40 3691       1       jdk.internal.jimage.decompressor.CompressedResourceHeader::readFromResource (104 bytes)
Event: 2.708 Thread 0x0000020ea86f2530 nmethod 3689 0x0000020ea02e3210 code [0x0000020ea02e33c0, 0x0000020ea02e3608]
Event: 2.708 Thread 0x0000020ea86f2530 3686       1       io.github.classgraph.Classfile$ClassContainment::<init> (20 bytes)
Event: 2.708 Thread 0x0000020ea86f2530 nmethod 3686 0x0000020ea02e3810 code [0x0000020ea02e39a0, 0x0000020ea02e3af8]
Event: 2.708 Thread 0x0000020ea86f2530 3685       1       java.util.Optional::isPresent (13 bytes)
Event: 2.708 Thread 0x0000020ea86f2530 nmethod 3685 0x0000020ea02e3b90 code [0x0000020ea02e3d20, 0x0000020ea02e3df8]
Event: 2.708 Thread 0x0000020ea86f2530 3695  s    1       java.io.ByteArrayOutputStream::toByteArray (12 bytes)
Event: 2.709 Thread 0x0000020ea86f2530 nmethod 3695 0x0000020ea02e3e90 code [0x0000020ea02e4040, 0x0000020ea02e42e8]
Event: 2.709 Thread 0x0000020ea86f2530 3692   !   1       nonapi.io.github.classgraph.utils.ProxyingInputStream::close (31 bytes)
Event: 2.709 Thread 0x0000020ea86f2530 nmethod 3692 0x0000020ea02e4810 code [0x0000020ea02e49a0, 0x0000020ea02e4b28]
Event: 2.709 Thread 0x0000020ea86f2530 3701       1       io.github.classgraph.Classfile::readMethods (1501 bytes)
Event: 2.710 Thread 0x0000020ea86f2a40 nmethod 3691 0x0000020ea02e4c10 code [0x0000020ea02e4fa0, 0x0000020ea02e5fe8]
Event: 2.710 Thread 0x0000020ea86f2a40 3694   !   1       io.github.classgraph.ClasspathElementModule$1$1::close (16 bytes)

GC Heap History (20 events):
Event: 1.448 GC heap after
{Heap after GC invocations=5 (full 0):
 garbage-first heap   total 45056K, used 12978K [0x00000000c1e00000, 0x0000000100000000)
  region size 1024K, 3 young (3072K), 3 survivors (3072K)
 Metaspace       used 24878K, committed 25088K, reserved 1073152K
  class space    used 3069K, committed 3136K, reserved 1048576K
}
Event: 1.463 GC heap before
{Heap before GC invocations=5 (full 0):
 garbage-first heap   total 45056K, used 14002K [0x00000000c1e00000, 0x0000000100000000)
  region size 1024K, 4 young (4096K), 3 survivors (3072K)
 Metaspace       used 25132K, committed 25344K, reserved 1073152K
  class space    used 3096K, committed 3200K, reserved 1048576K
}
Event: 1.467 GC heap after
{Heap after GC invocations=6 (full 0):
 garbage-first heap   total 54272K, used 13051K [0x00000000c1e00000, 0x0000000100000000)
  region size 1024K, 1 young (1024K), 1 survivors (1024K)
 Metaspace       used 25132K, committed 25344K, reserved 1073152K
  class space    used 3096K, committed 3200K, reserved 1048576K
}
Event: 1.828 GC heap before
{Heap before GC invocations=6 (full 0):
 garbage-first heap   total 54272K, used 33531K [0x00000000c1e00000, 0x0000000100000000)
  region size 1024K, 22 young (22528K), 1 survivors (1024K)
 Metaspace       used 28538K, committed 28800K, reserved 1081344K
  class space    used 3585K, committed 3712K, reserved 1048576K
}
Event: 1.831 GC heap after
{Heap after GC invocations=7 (full 0):
 garbage-first heap   total 54272K, used 15139K [0x00000000c1e00000, 0x0000000100000000)
  region size 1024K, 3 young (3072K), 3 survivors (3072K)
 Metaspace       used 28538K, committed 28800K, reserved 1081344K
  class space    used 3585K, committed 3712K, reserved 1048576K
}
Event: 2.107 GC heap before
{Heap before GC invocations=7 (full 0):
 garbage-first heap   total 54272K, used 35619K [0x00000000c1e00000, 0x0000000100000000)
  region size 1024K, 23 young (23552K), 3 survivors (3072K)
 Metaspace       used 32913K, committed 33152K, reserved 1081344K
  class space    used 4170K, committed 4288K, reserved 1048576K
}
Event: 2.113 GC heap after
{Heap after GC invocations=8 (full 0):
 garbage-first heap   total 54272K, used 16692K [0x00000000c1e00000, 0x0000000100000000)
  region size 1024K, 2 young (2048K), 2 survivors (2048K)
 Metaspace       used 32913K, committed 33152K, reserved 1081344K
  class space    used 4170K, committed 4288K, reserved 1048576K
}
Event: 2.184 GC heap before
{Heap before GC invocations=8 (full 0):
 garbage-first heap   total 54272K, used 37172K [0x00000000c1e00000, 0x0000000100000000)
  region size 1024K, 23 young (23552K), 2 survivors (2048K)
 Metaspace       used 33305K, committed 33600K, reserved 1081344K
  class space    used 4227K, committed 4352K, reserved 1048576K
}
Event: 2.190 GC heap after
{Heap after GC invocations=9 (full 0):
 garbage-first heap   total 54272K, used 21426K [0x00000000c1e00000, 0x0000000100000000)
  region size 1024K, 3 young (3072K), 3 survivors (3072K)
 Metaspace       used 33305K, committed 33600K, reserved 1081344K
  class space    used 4227K, committed 4352K, reserved 1048576K
}
Event: 2.224 GC heap before
{Heap before GC invocations=9 (full 0):
 garbage-first heap   total 54272K, used 37810K [0x00000000c1e00000, 0x0000000100000000)
  region size 1024K, 20 young (20480K), 3 survivors (3072K)
 Metaspace       used 33511K, committed 33856K, reserved 1081344K
  class space    used 4258K, committed 4416K, reserved 1048576K
}
Event: 2.230 GC heap after
{Heap after GC invocations=10 (full 0):
 garbage-first heap   total 101376K, used 24880K [0x00000000c1e00000, 0x0000000100000000)
  region size 1024K, 3 young (3072K), 3 survivors (3072K)
 Metaspace       used 33511K, committed 33856K, reserved 1081344K
  class space    used 4258K, committed 4416K, reserved 1048576K
}
Event: 2.366 GC heap before
{Heap before GC invocations=10 (full 0):
 garbage-first heap   total 101376K, used 69936K [0x00000000c1e00000, 0x0000000100000000)
  region size 1024K, 47 young (48128K), 3 survivors (3072K)
 Metaspace       used 34541K, committed 34816K, reserved 1081344K
  class space    used 4408K, committed 4544K, reserved 1048576K
}
Event: 2.375 GC heap after
{Heap after GC invocations=11 (full 0):
 garbage-first heap   total 101376K, used 32436K [0x00000000c1e00000, 0x0000000100000000)
  region size 1024K, 6 young (6144K), 6 survivors (6144K)
 Metaspace       used 34541K, committed 34816K, reserved 1081344K
  class space    used 4408K, committed 4544K, reserved 1048576K
}
Event: 2.439 GC heap before
{Heap before GC invocations=11 (full 0):
 garbage-first heap   total 101376K, used 69300K [0x00000000c1e00000, 0x0000000100000000)
  region size 1024K, 42 young (43008K), 6 survivors (6144K)
 Metaspace       used 34791K, committed 35136K, reserved 1081344K
  class space    used 4447K, committed 4608K, reserved 1048576K
}
Event: 2.452 GC heap after
{Heap after GC invocations=12 (full 0):
 garbage-first heap   total 101376K, used 41934K [0x00000000c1e00000, 0x0000000100000000)
  region size 1024K, 6 young (6144K), 6 survivors (6144K)
 Metaspace       used 34791K, committed 35136K, reserved 1081344K
  class space    used 4447K, committed 4608K, reserved 1048576K
}
Event: 2.558 GC heap before
{Heap before GC invocations=12 (full 0):
 garbage-first heap   total 101376K, used 63438K [0x00000000c1e00000, 0x0000000100000000)
  region size 1024K, 28 young (28672K), 6 survivors (6144K)
 Metaspace       used 35876K, committed 36160K, reserved 1081344K
  class space    used 4655K, committed 4800K, reserved 1048576K
}
Event: 2.565 GC heap after
{Heap after GC invocations=13 (full 0):
 garbage-first heap   total 101376K, used 46658K [0x00000000c1e00000, 0x0000000100000000)
  region size 1024K, 4 young (4096K), 4 survivors (4096K)
 Metaspace       used 35876K, committed 36160K, reserved 1081344K
  class space    used 4655K, committed 4800K, reserved 1048576K
}
Event: 2.674 GC heap before
{Heap before GC invocations=14 (full 0):
 garbage-first heap   total 101376K, used 76354K [0x00000000c1e00000, 0x0000000100000000)
  region size 1024K, 31 young (31744K), 4 survivors (4096K)
 Metaspace       used 36017K, committed 36352K, reserved 1081344K
  class space    used 4692K, committed 4864K, reserved 1048576K
}
Event: 2.693 GC heap after
{Heap after GC invocations=15 (full 0):
 garbage-first heap   total 101376K, used 62255K [0x00000000c1e00000, 0x0000000100000000)
  region size 1024K, 4 young (4096K), 4 survivors (4096K)
 Metaspace       used 36017K, committed 36352K, reserved 1081344K
  class space    used 4692K, committed 4864K, reserved 1048576K
}
Event: 2.710 GC heap before
{Heap before GC invocations=15 (full 0):
 garbage-first heap   total 101376K, used 75567K [0x00000000c1e00000, 0x0000000100000000)
  region size 1024K, 18 young (18432K), 4 survivors (4096K)
 Metaspace       used 36120K, committed 36416K, reserved 1081344K
  class space    used 4710K, committed 4864K, reserved 1048576K
}

Deoptimization events (10 events):
Event: 1.121 Thread 0x0000020e9ce23dc0 DEOPT PACKING pc=0x0000020e9ff82799 sp=0x00000018834fd580
Event: 1.121 Thread 0x0000020e9ce23dc0 DEOPT UNPACKING pc=0x0000020e9fb12b43 sp=0x00000018834fca60 mode 3
Event: 2.092 Thread 0x0000020eaa12a1e0 DEOPT PACKING pc=0x0000020ea013942b sp=0x00000018851fe8f0
Event: 2.092 Thread 0x0000020eaa12a1e0 DEOPT UNPACKING pc=0x0000020e9fb12b43 sp=0x00000018851fde38 mode 3
Event: 2.245 Thread 0x0000020eaa12d6d0 DEOPT PACKING pc=0x0000020e9ff7fb01 sp=0x00000018859feac0
Event: 2.245 Thread 0x0000020eaa12d6d0 DEOPT UNPACKING pc=0x0000020e9fb12b43 sp=0x00000018859fdf50 mode 3
Event: 2.469 Thread 0x0000020eaa55f240 DEOPT PACKING pc=0x0000020ea02a2e35 sp=0x00000018867fd4d0
Event: 2.469 Thread 0x0000020eaa55f240 DEOPT UNPACKING pc=0x0000020e9fb12b43 sp=0x00000018867fc9e8 mode 3
Event: 2.590 Thread 0x0000020eaa12ab80 DEOPT PACKING pc=0x0000020e9ff7be97 sp=0x00000018856fed40
Event: 2.590 Thread 0x0000020eaa12ab80 DEOPT UNPACKING pc=0x0000020e9fb12b43 sp=0x00000018856fe198 mode 3

Classes unloaded (0 events):
No events

Classes redefined (0 events):
No events

Internal exceptions (20 events):
Event: 2.121 Thread 0x0000020eaa12d200 Exception <a 'sun/nio/fs/WindowsException'{0x00000000c5d68ae8}> (0x00000000c5d68ae8) 
thrown [s\src\hotspot\share\prims\jni.cpp, line 516]
Event: 2.121 Thread 0x0000020eaa12d200 Exception <a 'sun/nio/fs/WindowsException'{0x00000000c51ab260}> (0x00000000c51ab260) 
thrown [s\src\hotspot\share\prims\jni.cpp, line 516]
Event: 2.121 Thread 0x0000020eaa12d200 Exception <a 'sun/nio/fs/WindowsException'{0x00000000c51abc48}> (0x00000000c51abc48) 
thrown [s\src\hotspot\share\prims\jni.cpp, line 516]
Event: 2.121 Thread 0x0000020eaa12d200 Exception <a 'sun/nio/fs/WindowsException'{0x00000000c51abff0}> (0x00000000c51abff0) 
thrown [s\src\hotspot\share\prims\jni.cpp, line 516]
Event: 2.121 Thread 0x0000020eaa12d200 Exception <a 'sun/nio/fs/WindowsException'{0x00000000c51ac9e8}> (0x00000000c51ac9e8) 
thrown [s\src\hotspot\share\prims\jni.cpp, line 516]
Event: 2.121 Thread 0x0000020eaa12d200 Exception <a 'sun/nio/fs/WindowsException'{0x00000000c51acda0}> (0x00000000c51acda0) 
thrown [s\src\hotspot\share\prims\jni.cpp, line 516]
Event: 2.121 Thread 0x0000020eaa12d200 Exception <a 'sun/nio/fs/WindowsException'{0x00000000c51ad7b0}> (0x00000000c51ad7b0) 
thrown [s\src\hotspot\share\prims\jni.cpp, line 516]
Event: 2.121 Thread 0x0000020eaa12d200 Exception <a 'sun/nio/fs/WindowsException'{0x00000000c51adb88}> (0x00000000c51adb88) 
thrown [s\src\hotspot\share\prims\jni.cpp, line 516]
Event: 2.121 Thread 0x0000020eaa12d200 Exception <a 'sun/nio/fs/WindowsException'{0x00000000c51ae5b0}> (0x00000000c51ae5b0) 
thrown [s\src\hotspot\share\prims\jni.cpp, line 516]
Event: 2.121 Thread 0x0000020eaa12d200 Exception <a 'sun/nio/fs/WindowsException'{0x00000000c51ae9a0}> (0x00000000c51ae9a0) 
thrown [s\src\hotspot\share\prims\jni.cpp, line 516]
Event: 2.121 Thread 0x0000020eaa12d200 Exception <a 'sun/nio/fs/WindowsException'{0x00000000c51af3c0}> (0x00000000c51af3c0) 
thrown [s\src\hotspot\share\prims\jni.cpp, line 516]
Event: 2.122 Thread 0x0000020eaa12d200 Exception <a 'sun/nio/fs/WindowsException'{0x00000000c51af7a8}> (0x00000000c51af7a8) 
thrown [s\src\hotspot\share\prims\jni.cpp, line 516]
Event: 2.150 Thread 0x0000020e9ce23dc0 Exception <a 'java/lang/NoSuchMethodError'{0x00000000c4d42d18}: 'java.lang.Object java.lang.invoke.DirectMethodHandle$Holder.newInvokeSpecial(java.lang.Object, java.lang.Object, int, java.lang.Object, java.lang.Object)'> (0x00000000c4d42d18) 
thrown [s\src\hotspot\share\interpreter\linkResolver.cpp, line 759]
Event: 2.152 Thread 0x0000020e9ce23dc0 Exception <a 'java/lang/NoSuchMethodError'{0x00000000c4d54ce8}: 'java.lang.Object java.lang.invoke.DirectMethodHandle$Holder.invokeSpecial(java.lang.Object, java.lang.Object, int, java.lang.Object, int, java.lang.Object)'> (0x00000000c4d54ce8) 
thrown [s\src\hotspot\share\interpreter\linkResolver.cpp, line 759]
Event: 2.152 Thread 0x0000020e9ce23dc0 Exception <a 'java/lang/NoSuchMethodError'{0x00000000c48da398}: 'java.lang.Object java.lang.invoke.DirectMethodHandle$Holder.newInvokeSpecial(java.lang.Object, java.lang.Object, int, java.lang.Object, int)'> (0x00000000c48da398) 
thrown [s\src\hotspot\share\interpreter\linkResolver.cpp, line 759]
Event: 2.153 Thread 0x0000020e9ce23dc0 Exception <a 'java/lang/NoSuchMethodError'{0x00000000c48de498}: 'java.lang.Object java.lang.invoke.DirectMethodHandle$Holder.invokeSpecial(java.lang.Object, java.lang.Object, java.lang.Object, int, java.lang.Object, int)'> (0x00000000c48de498) 
thrown [s\src\hotspot\share\interpreter\linkResolver.cpp, line 759]
Event: 2.462 Thread 0x0000020eaa560a50 Exception <a 'java/lang/NoSuchMethodError'{0x00000000c7d49978}: 'java.lang.Object java.lang.invoke.DirectMethodHandle$Holder.invokeStatic(java.lang.Object, java.lang.Object, java.lang.Object, int, java.lang.Object, java.lang.Object)'> (0x00000000c7d49978) 
thrown [s\src\hotspot\share\interpreter\linkResolver.cpp, line 759]
Event: 2.464 Thread 0x0000020eaa55f240 Exception <a 'java/lang/NoSuchMethodError'{0x00000000c7d732d0}: 'java.lang.Object java.lang.invoke.DirectMethodHandle$Holder.invokeStatic(java.lang.Object, int, java.lang.Object)'> (0x00000000c7d732d0) 
thrown [s\src\hotspot\share\interpreter\linkResolver.cpp, line 759]
Event: 2.567 Thread 0x0000020eaa55f240 Exception <a 'java/lang/NoSuchMethodError'{0x00000000c80267e8}: 'int java.lang.invoke.DirectMethodHandle$Holder.invokeStatic(java.lang.Object)'> (0x00000000c80267e8) 
thrown [s\src\hotspot\share\interpreter\linkResolver.cpp, line 759]
Event: 2.568 Thread 0x0000020eaa55f240 Exception <a 'java/lang/NoSuchMethodError'{0x00000000c8029e90}: 'int java.lang.invoke.DirectMethodHandle$Holder.invokeStaticInit(java.lang.Object)'> (0x00000000c8029e90) 
thrown [s\src\hotspot\share\interpreter\linkResolver.cpp, line 759]

VM Operations (20 events):
Event: 2.375 Executing VM operation: G1CollectForAllocation done
Event: 2.389 Executing VM operation: HandshakeAllThreads
Event: 2.389 Executing VM operation: HandshakeAllThreads done
Event: 2.439 Executing VM operation: G1CollectForAllocation
Event: 2.453 Executing VM operation: G1CollectForAllocation done
Event: 2.512 Executing VM operation: HandshakeAllThreads
Event: 2.512 Executing VM operation: HandshakeAllThreads done
Event: 2.558 Executing VM operation: CollectForMetadataAllocation
Event: 2.565 Executing VM operation: CollectForMetadataAllocation done
Event: 2.594 Executing VM operation: G1Concurrent
Event: 2.596 Executing VM operation: G1Concurrent done
Event: 2.605 Executing VM operation: HandshakeAllThreads
Event: 2.605 Executing VM operation: HandshakeAllThreads done
Event: 2.613 Executing VM operation: G1Concurrent
Event: 2.613 Executing VM operation: G1Concurrent done
Event: 2.674 Executing VM operation: G1CollectForAllocation
Event: 2.693 Executing VM operation: G1CollectForAllocation done
Event: 2.710 Executing VM operation: G1CollectForAllocation
Event: 2.710 Executing VM operation: G1CollectForAllocation done
Event: 2.710 Executing VM operation: G1CollectForAllocation

Events (20 events):
Event: 2.494 loading class java/util/concurrent/atomic/AtomicLongFieldUpdater$CASUpdater$1 done
Event: 2.494 loading class java/util/ServiceConfigurationError done
Event: 2.496 Thread 0x0000020eaa55c220 Thread added: 0x0000020eaa55c220
Event: 2.500 Thread 0x0000020eaa560f20 Thread added: 0x0000020eaa560f20
Event: 2.503 Thread 0x0000020eaa55df00 Thread added: 0x0000020eaa55df00
Event: 2.508 loading class java/util/concurrent/ConcurrentHashMap$ValueSpliterator
Event: 2.508 loading class java/util/concurrent/ConcurrentHashMap$ValueSpliterator done
Event: 2.515 loading class java/util/concurrent/CompletableFuture$UniApply
Event: 2.515 loading class java/util/concurrent/CompletableFuture$UniApply done
Event: 2.516 Thread 0x0000020eaa55f710 Thread added: 0x0000020eaa55f710
Event: 2.516 loading class java/util/concurrent/CompletableFuture$UniExceptionally
Event: 2.516 loading class java/util/concurrent/CompletableFuture$UniExceptionally done
Event: 2.516 loading class java/util/concurrent/CompletableFuture$Signaller
Event: 2.516 loading class java/util/concurrent/CompletableFuture$Signaller done
Event: 2.573 Thread 0x0000020eaa5613f0 Thread added: 0x0000020eaa5613f0
Event: 2.601 Thread 0x0000020eaa5618c0 Thread added: 0x0000020eaa5618c0
Event: 2.619 loading class java/util/concurrent/CompletableFuture$UniCompose
Event: 2.619 loading class java/util/concurrent/CompletableFuture$UniCompose done
Event: 2.674 loading class jdk/internal/vm/annotation/ForceInline
Event: 2.674 loading class jdk/internal/vm/annotation/ForceInline done


Dynamic libraries:
0x00007ff7b1610000 - 0x00007ff7b161e000 	c:\Users\Dell\.vscode\extensions\redhat.java-1.11.0-win32-x64\jre\17.0.4.1-win32-x86_64\bin\java.exe
0x00007ff857f50000 - 0x00007ff858148000 	C:\Windows\SYSTEM32\ntdll.dll
0x00007ff857720000 - 0x00007ff8577dd000 	C:\Windows\System32\KERNEL32.DLL
0x00007ff855b70000 - 0x00007ff855e42000 	C:\Windows\System32\KERNELBASE.dll
0x00007ff855970000 - 0x00007ff855a70000 	C:\Windows\System32\ucrtbase.dll
0x00007ff82e620000 - 0x00007ff82e638000 	c:\Users\Dell\.vscode\extensions\redhat.java-1.11.0-win32-x64\jre\17.0.4.1-win32-x86_64\bin\jli.dll
0x00007ff82e030000 - 0x00007ff82e049000 	c:\Users\Dell\.vscode\extensions\redhat.java-1.11.0-win32-x64\jre\17.0.4.1-win32-x86_64\bin\VCRUNTIME140.dll
0x00007ff856740000 - 0x00007ff8568dd000 	C:\Windows\System32\USER32.dll
0x00007ff842980000 - 0x00007ff842c1a000 	C:\Windows\WinSxS\amd64_microsoft.windows.common-controls_6595b64144ccf1df_6.0.19041.1110_none_60b5254171f9507e\COMCTL32.dll
0x00007ff855ec0000 - 0x00007ff855ee2000 	C:\Windows\System32\win32u.dll
0x00007ff856f90000 - 0x00007ff856fbb000 	C:\Windows\System32\GDI32.dll
0x00007ff8577e0000 - 0x00007ff85787e000 	C:\Windows\System32\msvcrt.dll
0x00007ff855660000 - 0x00007ff85576f000 	C:\Windows\System32\gdi32full.dll
0x00007ff855770000 - 0x00007ff85580d000 	C:\Windows\System32\msvcp_win.dll
0x00007ff8568e0000 - 0x00007ff856910000 	C:\Windows\System32\IMM32.DLL
0x00007ff844f70000 - 0x00007ff844f7c000 	c:\Users\Dell\.vscode\extensions\redhat.java-1.11.0-win32-x64\jre\17.0.4.1-win32-x86_64\bin\vcruntime140_1.dll
0x00007fffe57b0000 - 0x00007fffe5841000 	c:\Users\Dell\.vscode\extensions\redhat.java-1.11.0-win32-x64\jre\17.0.4.1-win32-x86_64\bin\msvcp140.dll
0x00007fffdf610000 - 0x00007fffe0256000 	c:\Users\Dell\.vscode\extensions\redhat.java-1.11.0-win32-x64\jre\17.0.4.1-win32-x86_64\bin\server\jvm.dll
0x00007ff856610000 - 0x00007ff8566be000 	C:\Windows\System32\ADVAPI32.dll
0x00007ff857a30000 - 0x00007ff857acc000 	C:\Windows\System32\sechost.dll
0x00007ff856db0000 - 0x00007ff856ed5000 	C:\Windows\System32\RPCRT4.dll
0x00007ff856da0000 - 0x00007ff856da8000 	C:\Windows\System32\PSAPI.DLL
0x00007ff847140000 - 0x00007ff847167000 	C:\Windows\SYSTEM32\WINMM.dll
0x00007ff84cf10000 - 0x00007ff84cf1a000 	C:\Windows\SYSTEM32\VERSION.dll
0x00007ff8350e0000 - 0x00007ff8350e9000 	C:\Windows\SYSTEM32\WSOCK32.dll
0x00007ff857ae0000 - 0x00007ff857b4b000 	C:\Windows\System32\WS2_32.dll
0x00007ff853eb0000 - 0x00007ff853ec2000 	C:\Windows\SYSTEM32\kernel.appcore.dll
0x00007ff834530000 - 0x00007ff83453a000 	c:\Users\Dell\.vscode\extensions\redhat.java-1.11.0-win32-x64\jre\17.0.4.1-win32-x86_64\bin\jimage.dll
0x00007ff853430000 - 0x00007ff853614000 	C:\Windows\SYSTEM32\DBGHELP.DLL
0x00007ff84a660000 - 0x00007ff84a68c000 	C:\Windows\SYSTEM32\dbgcore.DLL
0x00007ff855f20000 - 0x00007ff855fa2000 	C:\Windows\System32\bcryptPrimitives.dll
0x00007ff81dab0000 - 0x00007ff81dad5000 	c:\Users\Dell\.vscode\extensions\redhat.java-1.11.0-win32-x64\jre\17.0.4.1-win32-x86_64\bin\java.dll
0x00007ff823c20000 - 0x00007ff823c38000 	c:\Users\Dell\.vscode\extensions\redhat.java-1.11.0-win32-x64\jre\17.0.4.1-win32-x86_64\bin\zip.dll
0x00007ff856fc0000 - 0x00007ff857703000 	C:\Windows\System32\SHELL32.dll
0x00007ff853700000 - 0x00007ff853e91000 	C:\Windows\SYSTEM32\windows.storage.dll
0x00007ff856a40000 - 0x00007ff856d94000 	C:\Windows\System32\combase.dll
0x00007ff8550c0000 - 0x00007ff8550f0000 	C:\Windows\SYSTEM32\Wldp.dll
0x00007ff857c60000 - 0x00007ff857d0d000 	C:\Windows\System32\SHCORE.dll
0x00007ff857c00000 - 0x00007ff857c55000 	C:\Windows\System32\shlwapi.dll
0x00007ff8555a0000 - 0x00007ff8555bf000 	C:\Windows\SYSTEM32\profapi.dll
0x00007ff82db00000 - 0x00007ff82db19000 	C:\Users\Dell\.vscode\extensions\redhat.java-1.11.0-win32-x64\jre\17.0.4.1-win32-x86_64\bin\net.dll
0x00007ff8490c0000 - 0x00007ff8491cd000 	C:\Windows\SYSTEM32\WINHTTP.dll
0x00007ff854e20000 - 0x00007ff854e8a000 	C:\Windows\system32\mswsock.dll
0x00007ff82dae0000 - 0x00007ff82daf5000 	C:\Users\Dell\.vscode\extensions\redhat.java-1.11.0-win32-x64\jre\17.0.4.1-win32-x86_64\bin\nio.dll
0x00007ff82dad0000 - 0x00007ff82dae0000 	c:\Users\Dell\.vscode\extensions\redhat.java-1.11.0-win32-x64\jre\17.0.4.1-win32-x86_64\bin\verify.dll
0x00007ff84d320000 - 0x00007ff84d329000 	C:\Users\Dell\.vscode\extensions\redhat.java-1.11.0-win32-x64\jre\17.0.4.1-win32-x86_64\bin\management.dll
0x00007ff84d0a0000 - 0x00007ff84d0ab000 	C:\Users\Dell\.vscode\extensions\redhat.java-1.11.0-win32-x64\jre\17.0.4.1-win32-x86_64\bin\management_ext.dll
0x00007ff8335e0000 - 0x00007ff8335f7000 	C:\Windows\system32\napinsp.dll
0x00007ff8335c0000 - 0x00007ff8335db000 	C:\Windows\system32\pnrpnsp.dll
0x00007ff8335a0000 - 0x00007ff8335b5000 	C:\Windows\system32\wshbth.dll
0x00007ff84c120000 - 0x00007ff84c13d000 	C:\Windows\system32\NLAapi.dll
0x00007ff854ac0000 - 0x00007ff854afb000 	C:\Windows\SYSTEM32\IPHLPAPI.DLL
0x00007ff854b00000 - 0x00007ff854bca000 	C:\Windows\SYSTEM32\DNSAPI.dll
0x00007ff857ad0000 - 0x00007ff857ad8000 	C:\Windows\System32\NSI.dll
0x00007ff833580000 - 0x00007ff833592000 	C:\Windows\System32\winrnr.dll
0x00007ff849020000 - 0x00007ff84902a000 	C:\Windows\System32\rasadhlp.dll
0x00007ff849040000 - 0x00007ff8490c0000 	C:\Windows\System32\fwpuclnt.dll
0x00007ff855ef0000 - 0x00007ff855f17000 	C:\Windows\System32\bcrypt.dll
0x00007ff855010000 - 0x00007ff855028000 	C:\Windows\SYSTEM32\CRYPTSP.dll
0x00007ff8546d0000 - 0x00007ff854704000 	C:\Windows\system32\rsaenh.dll
0x00007ff855520000 - 0x00007ff85554e000 	C:\Windows\SYSTEM32\USERENV.dll
0x00007ff855030000 - 0x00007ff85503c000 	C:\Windows\SYSTEM32\CRYPTBASE.dll
0x00007ff84b020000 - 0x00007ff84b037000 	C:\Windows\SYSTEM32\dhcpcsvc6.DLL
0x00007ff84b360000 - 0x00007ff84b37d000 	C:\Windows\SYSTEM32\dhcpcsvc.DLL

dbghelp: loaded successfully - version: 4.0.5 - missing functions: none
symbol engine: initialized successfully - sym options: 0x614 - pdb path: .;c:\Users\Dell\.vscode\extensions\redhat.java-1.11.0-win32-x64\jre\17.0.4.1-win32-x86_64\bin;C:\Windows\SYSTEM32;C:\Windows\WinSxS\amd64_microsoft.windows.common-controls_6595b64144ccf1df_6.0.19041.1110_none_60b5254171f9507e;c:\Users\Dell\.vscode\extensions\redhat.java-1.11.0-win32-x64\jre\17.0.4.1-win32-x86_64\bin\server

VM Arguments:
jvm_args: -Dsts.lsp.client=vscode -Dsts.log.file=/dev/null -XX:TieredStopAtLevel=1 -Xlog:jni+resolve=off -Dspring.config.location=file:c:\Users\Dell\.vscode\extensions\pivotal.vscode-spring-boot-1.39.0\language-server\BOOT-INF\classes\application.properties 
java_command: org.springframework.ide.vscode.boot.app.BootLanguageServerBootApp
java_class_path (initial): c:\Users\Dell\.vscode\extensions\pivotal.vscode-spring-boot-1.39.0\language-server\BOOT-INF\classes;c:\Users\Dell\.vscode\extensions\pivotal.vscode-spring-boot-1.39.0\language-server\BOOT-INF\lib\annotations-23.0.0.jar;c:\Users\Dell\.vscode\extensions\pivotal.vscode-spring-boot-1.39.0\language-server\BOOT-INF\lib\antlr-runtime-3.5.2.jar;c:\Users\Dell\.vscode\extensions\pivotal.vscode-spring-boot-1.39.0\language-server\BOOT-INF\lib\antlr4-4.9.3.jar;c:\Users\Dell\.vscode\extensions\pivotal.vscode-spring-boot-1.39.0\language-server\BOOT-INF\lib\antlr4-runtime-4.9.3.jar;c:\Users\Dell\.vscode\extensions\pivotal.vscode-spring-boot-1.39.0\language-server\BOOT-INF\lib\asm-9.3.jar;c:\Users\Dell\.vscode\extensions\pivotal.vscode-spring-boot-1.39.0\language-server\BOOT-INF\lib\asm-analysis-9.3.jar;c:\Users\Dell\.vscode\extensions\pivotal.vscode-spring-boot-1.39.0\language-server\BOOT-INF\lib\asm-tree-9.3.jar;c:\Users\Dell\.vscode\extensions\pivotal.vscode-spring-boot-1.39.0\language-server\BOOT-INF\lib\asm-util-9.3.jar;c:\Users\Dell\.vscode\extensions\pivotal.vscode-spring-boot-1.39.0\language-server\BOOT-INF\lib\byte-buddy-1.12.13.jar;c:\Users\Dell\.vscode\extensions\pivotal.vscode-spring-boot-1.39.0\language-server\BOOT-INF\lib\caffeine-2.9.3.jar;c:\Users\Dell\.vscode\extensions\pivotal.vscode-spring-boot-1.39.0\language-server\BOOT-INF\lib\checker-qual-3.12.0.jar;c:\Users\Dell\.vscode\extensions\pivotal.vscode-spring-boot-1.39.0\language-server\BOOT-INF\lib\classgraph-4.8.149.jar;c:\Users\Dell\.vscode\extensions\pivotal.vscode-spring-boot-1.39.0\language-server\BOOT-INF\lib\commons-codec-1.15.jar;c:\Users\Dell\.vscode\extensions\pivotal.vscode-spring-boot-1.39.0\language-server\BOOT-INF\lib\commons-compress-1.21.jar;c:\Users\Dell\.vscode\extensions\pivotal.vscode-spring-boot-1.39.0\language-server\BOOT-INF\lib\commons-exec-1.3.jar;c:\Users\Dell\.vscode\extensions\pivotal.vscode-spring-boot-1.39.0\language-server\BOOT-INF\lib\commons-io-2.4.jar;c
Launcher Type: SUN_STANDARD

[Global flags]
     intx CICompilerCount                          = 4                                         {product} {ergonomic}
     uint ConcGCThreads                            = 2                                         {product} {ergonomic}
     uint G1ConcRefinementThreads                  = 8                                         {product} {ergonomic}
   size_t G1HeapRegionSize                         = 1048576                                   {product} {ergonomic}
    uintx GCDrainStackTargetSize                   = 64                                        {product} {ergonomic}
   size_t InitialHeapSize                          = 67108864                                  {product} {ergonomic}
   size_t MarkStackSize                            = 4194304                                   {product} {ergonomic}
   size_t MaxHeapSize                              = 1042284544                                {product} {ergonomic}
   size_t MaxNewSize                               = 624951296                                 {product} {ergonomic}
   size_t MinHeapDeltaBytes                        = 1048576                                   {product} {ergonomic}
   size_t MinHeapSize                              = 8388608                                   {product} {ergonomic}
    uintx NonProfiledCodeHeapSize                  = 0                                      {pd product} {ergonomic}
     bool ProfileInterpreter                       = false                                  {pd product} {command line}
    uintx ProfiledCodeHeapSize                     = 0                                      {pd product} {ergonomic}
   size_t SoftMaxHeapSize                          = 1042284544                             {manageable} {ergonomic}
     intx TieredStopAtLevel                        = 1                                         {product} {command line}
     bool UseCompressedClassPointers               = true                           {product lp64_product} {ergonomic}
     bool UseCompressedOops                        = true                           {product lp64_product} {ergonomic}
     bool UseG1GC                                  = true                                      {product} {ergonomic}
     bool UseLargePagesIndividualAllocation        = false                                  {pd product} {ergonomic}

Logging:
Log output configuration:
 #0: stdout all=warning,jni+resolve=off uptime,level,tags
 #1: stderr all=off uptime,level,tags

Environment Variables:
PATH=C:\Windows\system32;C:\Windows;C:\Windows\System32\Wbem;C:\Windows\System32\WindowsPowerShell\v1.0\;C:\Windows\System32\OpenSSH\;C:\Program Files\Cloudflare\Cloudflare WARP\;C:\Program Files\Git\cmd;C:\JDK 11  Now Now\jdk-11.0.1\bin;D:\NodeJS\;C:\Users\Dell\AppData\Local\Microsoft\WindowsApps;C:\JDK 11  Now Now\jdk-11.0.1\bin;C:\Users\Dell\AppData\Roaming\npm;C:\Users\Dell\AppData\Local\Programs\Microsoft VS Code\bin
USERNAME=Dell
OS=Windows_NT
PROCESSOR_IDENTIFIER=Intel64 Family 6 Model 142 Stepping 11, GenuineIntel
TMP=C:\Users\Dell\AppData\Local\Temp
TEMP=C:\Users\Dell\AppData\Local\Temp



---------------  S Y S T E M  ---------------

OS:
 Windows 10 , 64 bit Build 19041 (10.0.19041.1889)
OS uptime: 2 days 21:49 hours

CPU: total 8 (initial active 8) (4 cores per cpu, 2 threads per core) family 6 model 142 stepping 11 microcode 0xf0, cx8, cmov, fxsr, ht, mmx, 3dnowpref, sse, sse2, sse3, ssse3, sse4.1, sse4.2, popcnt, lzcnt, tsc, tscinvbit, avx, avx2, aes, erms, clmul, bmi1, bmi2, adx, fma, vzeroupper, clflush, clflushopt

Memory: 4k page, system-wide physical 3971M (197M free)
TotalPageFile size 16259M (AvailPageFile size 45M)
current process WorkingSet (physical memory assigned to process): 197M, peak: 198M
current process commit charge ("private bytes"): 236M, peak: 351M

vm_info: OpenJDK 64-Bit Server VM (17.0.4.1+1) for windows-amd64 JRE (17.0.4.1+1), built on Aug 17 2022 07:42:43 by "temurin" with MS VC++ 16.7 (VS2019)

END.
