#
# There is insufficient memory for the Java Runtime Environment to continue.
# Native memory allocation (mmap) failed to map 337641472 bytes for G1 virtual space
# Possible reasons:
#   The system is out of physical RAM or swap space
#   The process is running with CompressedOops enabled, and the Java Heap may be blocking the growth of the native heap
# Possible solutions:
#   Reduce memory load on the system
#   Increase physical memory or swap space
#   Check if swap backing store is full
#   Decrease Java heap size (-Xmx/-Xms)
#   Decrease number of Java threads
#   Decrease Java thread stack sizes (-Xss)
#   Set larger code cache with -XX:ReservedCodeCacheSize=
#   JVM is running with Unscaled Compressed Oops mode in which the Java heap is
#     placed in the first 4GB address space. The Java Heap base address is the
#     maximum limit for the native heap growth. Please use -XX:HeapBaseMinAddress
#     to set the Java Heap base and to place the Java Heap above 4GB virtual address.
# This output file may be truncated or incomplete.
#
#  Out of Memory Error (os_windows.cpp:3541), pid=6244, tid=13244
#
# JRE version: OpenJDK Runtime Environment Temurin-17.0.4.1+1 (17.0.4.1+1) (build 17.0.4.1+1)
# Java VM: OpenJDK 64-Bit Server VM Temurin-17.0.4.1+1 (17.0.4.1+1, mixed mode, emulated-client, tiered, compressed oops, compressed class ptrs, g1 gc, windows-amd64)
# No core dump will be written. Minidumps are not enabled by default on client versions of Windows
#

---------------  S U M M A R Y ------------

Command Line: -Dsts.lsp.client=vscode -Dsts.log.file=/dev/null -XX:TieredStopAtLevel=1 -Xlog:jni+resolve=off -Dspring.config.location=file:c:\Users\Dell\.vscode\extensions\pivotal.vscode-spring-boot-1.40.0\language-server\BOOT-INF\classes\application.properties org.springframework.ide.vscode.boot.app.BootLanguageServerBootApp

Host: Intel(R) Core(TM) i5-8265U CPU @ 1.60GHz, 8 cores, 3G,  Windows 10 , 64 bit Build 19041 (10.0.19041.1889)
Time: Sat Nov  5 21:13:54 2022 Myanmar Standard Time elapsed time: 3.558341 seconds (0d 0h 0m 3s)

---------------  T H R E A D  ---------------

Current thread (0x000001097f163b90):  VMThread "VM Thread" [stack: 0x00000008faf00000,0x00000008fb000000] [id=13244]

Stack: [0x00000008faf00000,0x00000008fb000000]
Native frames: (J=compiled Java code, j=interpreted, Vv=VM code, C=native code)
V  [jvm.dll+0x67731a]
V  [jvm.dll+0x832284]
V  [jvm.dll+0x833a2e]
V  [jvm.dll+0x834093]
V  [jvm.dll+0x245775]
V  [jvm.dll+0x674209]
V  [jvm.dll+0x668a92]
V  [jvm.dll+0x30471b]
V  [jvm.dll+0x30bc66]
V  [jvm.dll+0x35ba9e]
V  [jvm.dll+0x35bccf]
V  [jvm.dll+0x2db5b8]
V  [jvm.dll+0x2d986c]
V  [jvm.dll+0x2d8e3c]
V  [jvm.dll+0x31cd9b]
V  [jvm.dll+0x83853b]
V  [jvm.dll+0x839274]
V  [jvm.dll+0x83978c]
V  [jvm.dll+0x839b64]
V  [jvm.dll+0x839c30]
V  [jvm.dll+0x7e240a]
V  [jvm.dll+0x6761a5]
C  [ucrtbase.dll+0x21bb2]
C  [KERNEL32.DLL+0x17034]
C  [ntdll.dll+0x526a1]

VM_Operation (0x00000008fdbfe7d0): G1CollectForAllocation, mode: safepoint, requested by thread 0x0000010901e747e0


---------------  P R O C E S S  ---------------

Threads class SMR info:
_java_thread_list=0x0000010901e65d70, length=39, elements={
0x000001097f189280, 0x000001097f189e40, 0x000001097f1ba690, 0x000001097f1bcb70,
0x000001097f1bd130, 0x000001097f1be700, 0x000001097f1ca9f0, 0x000001097f1d2f10,
0x000001097fc1c5c0, 0x000001097fdcb8a0, 0x000001097fdd5550, 0x00000109019ea100,
0x0000010901ad4020, 0x0000010901bf7e10, 0x0000010974472730, 0x0000010901bac860,
0x0000010901caee50, 0x0000010901cbf240, 0x0000010901cdd080, 0x0000010901cdfdf0,
0x0000010901ce02c0, 0x0000010901d18090, 0x0000010901d176f0, 0x0000010901d17bc0,
0x0000010901d18560, 0x0000010901d18a30, 0x0000010901d17220, 0x0000010901e74310,
0x0000010901e6f140, 0x0000010901e6e2d0, 0x0000010901e6e7a0, 0x0000010901e734a0,
0x0000010901e6ffb0, 0x0000010901e72fd0, 0x0000010901e72160, 0x0000010901e747e0,
0x0000010901e70950, 0x0000010901e712f0, 0x0000010901e74cb0
}

Java Threads: ( => current thread )
  0x000001097f189280 JavaThread "Reference Handler" daemon [_thread_blocked, id=1508, stack(0x00000008fb000000,0x00000008fb100000)]
  0x000001097f189e40 JavaThread "Finalizer" daemon [_thread_blocked, id=11748, stack(0x00000008fb100000,0x00000008fb200000)]
  0x000001097f1ba690 JavaThread "Signal Dispatcher" daemon [_thread_blocked, id=17320, stack(0x00000008fb200000,0x00000008fb300000)]
  0x000001097f1bcb70 JavaThread "Attach Listener" daemon [_thread_blocked, id=15064, stack(0x00000008fb300000,0x00000008fb400000)]
  0x000001097f1bd130 JavaThread "Service Thread" daemon [_thread_blocked, id=14512, stack(0x00000008fb400000,0x00000008fb500000)]
  0x000001097f1be700 JavaThread "Monitor Deflation Thread" daemon [_thread_blocked, id=16664, stack(0x00000008fb500000,0x00000008fb600000)]
  0x000001097f1ca9f0 JavaThread "C1 CompilerThread0" daemon [_thread_blocked, id=15124, stack(0x00000008fb600000,0x00000008fb700000)]
  0x000001097f1d2f10 JavaThread "Sweeper thread" daemon [_thread_blocked, id=13420, stack(0x00000008fb700000,0x00000008fb800000)]
  0x000001097fc1c5c0 JavaThread "C1 CompilerThread1" daemon [_thread_blocked, id=1940, stack(0x00000008fb800000,0x00000008fb900000)]
  0x000001097fdcb8a0 JavaThread "Notification Thread" daemon [_thread_blocked, id=17116, stack(0x00000008fb900000,0x00000008fba00000)]
  0x000001097fdd5550 JavaThread "Common-Cleaner" daemon [_thread_blocked, id=11064, stack(0x00000008fbb00000,0x00000008fbc00000)]
  0x00000109019ea100 JavaThread "boundedElastic-evictor-1" daemon [_thread_blocked, id=5040, stack(0x00000008fc300000,0x00000008fc400000)]
  0x0000010901ad4020 JavaThread "pool-9-thread-1" [_thread_blocked, id=8824, stack(0x00000008fc500000,0x00000008fc600000)]
  0x0000010901bf7e10 JavaThread "LanguageServerApp-lifecycle" [_thread_blocked, id=7920, stack(0x00000008fc600000,0x00000008fc700000)]
  0x0000010974472730 JavaThread "DestroyJavaVM" [_thread_blocked, id=16244, stack(0x00000008fa900000,0x00000008faa00000)]
  0x0000010901bac860 JavaThread "pool-10-thread-1" [_thread_in_native, id=12232, stack(0x00000008fc700000,0x00000008fc800000)]
  0x0000010901caee50 JavaThread "Simple-Language-Server main thread" daemon [_thread_blocked, id=3216, stack(0x00000008fc800000,0x00000008fc900000)]
  0x0000010901cbf240 JavaThread "ForkJoinPool.commonPool-worker-1" daemon [_thread_blocked, id=13152, stack(0x00000008fc900000,0x00000008fca00000)]
  0x0000010901cdd080 JavaThread "pool-7-thread-1" [_thread_blocked, id=16376, stack(0x00000008fca00000,0x00000008fcb00000)]
  0x0000010901cdfdf0 JavaThread "parallel-1" daemon [_thread_blocked, id=6780, stack(0x00000008fcb00000,0x00000008fcc00000)]
  0x0000010901ce02c0 JavaThread "parallel-2" daemon [_thread_blocked, id=1360, stack(0x00000008fcc00000,0x00000008fcd00000)]
  0x0000010901d18090 JavaThread "parallel-3" daemon [_thread_blocked, id=2600, stack(0x00000008fcd00000,0x00000008fce00000)]
  0x0000010901d176f0 JavaThread "parallel-4" daemon [_thread_blocked, id=6576, stack(0x00000008fce00000,0x00000008fcf00000)]
  0x0000010901d17bc0 JavaThread "ClassGraph-worker-0" daemon [_thread_blocked, id=11256, stack(0x00000008fcf00000,0x00000008fd000000)]
  0x0000010901d18560 JavaThread "ClassGraph-worker-1" daemon [_thread_blocked, id=12856, stack(0x00000008fd000000,0x00000008fd100000)]
  0x0000010901d18a30 JavaThread "ClassGraph-worker-2" daemon [_thread_blocked, id=1240, stack(0x00000008fd100000,0x00000008fd200000)]
  0x0000010901d17220 JavaThread "ClassGraph-worker-3" daemon [_thread_blocked, id=464, stack(0x00000008fd200000,0x00000008fd300000)]
  0x0000010901e74310 JavaThread "ClassGraph-worker-4" daemon [_thread_blocked, id=2364, stack(0x00000008fd300000,0x00000008fd400000)]
  0x0000010901e6f140 JavaThread "ClassGraph-worker-5" daemon [_thread_blocked, id=10304, stack(0x00000008fd400000,0x00000008fd500000)]
  0x0000010901e6e2d0 JavaThread "ClassGraph-worker-6" daemon [_thread_blocked, id=14256, stack(0x00000008fd500000,0x00000008fd600000)]
  0x0000010901e6e7a0 JavaThread "ClassGraph-worker-7" daemon [_thread_blocked, id=15392, stack(0x00000008fd600000,0x00000008fd700000)]
  0x0000010901e734a0 JavaThread "ClassGraph-worker-8" daemon [_thread_blocked, id=16372, stack(0x00000008fd700000,0x00000008fd800000)]
  0x0000010901e6ffb0 JavaThread "ClassGraph-worker-9" daemon [_thread_blocked, id=4840, stack(0x00000008fd800000,0x00000008fd900000)]
  0x0000010901e72fd0 JavaThread "ClassGraph-worker-10" daemon [_thread_blocked, id=13512, stack(0x00000008fd900000,0x00000008fda00000)]
  0x0000010901e72160 JavaThread "ClassGraph-worker-11" daemon [_thread_blocked, id=14292, stack(0x00000008fda00000,0x00000008fdb00000)]
  0x0000010901e747e0 JavaThread "ClassGraph-worker-12" daemon [_thread_blocked, id=2308, stack(0x00000008fdb00000,0x00000008fdc00000)]
  0x0000010901e70950 JavaThread "ClassGraph-worker-13" daemon [_thread_blocked, id=10008, stack(0x00000008fdc00000,0x00000008fdd00000)]
  0x0000010901e712f0 JavaThread "parallel-5" daemon [_thread_blocked, id=1212, stack(0x00000008fdd00000,0x00000008fde00000)]
  0x0000010901e74cb0 JavaThread "Reconciler-1" daemon [_thread_blocked, id=13976, stack(0x00000008fde00000,0x00000008fdf00000)]

Other Threads:
=>0x000001097f163b90 VMThread "VM Thread" [stack: 0x00000008faf00000,0x00000008fb000000] [id=13244]
  0x000001097fdcc590 WatcherThread [stack: 0x00000008fba00000,0x00000008fbb00000] [id=10776]
  0x00000109744af8b0 GCTaskThread "GC Thread#0" [stack: 0x00000008faa00000,0x00000008fab00000] [id=1960]
  0x00000109006e1ff0 GCTaskThread "GC Thread#1" [stack: 0x00000008fbc00000,0x00000008fbd00000] [id=9880]
  0x000001090075c8a0 GCTaskThread "GC Thread#2" [stack: 0x00000008fbd00000,0x00000008fbe00000] [id=15880]
  0x000001090075cb50 GCTaskThread "GC Thread#3" [stack: 0x00000008fbe00000,0x00000008fbf00000] [id=12804]
  0x000001090075d210 GCTaskThread "GC Thread#4" [stack: 0x00000008fbf00000,0x00000008fc000000] [id=6152]
  0x000001090075e0f0 GCTaskThread "GC Thread#5" [stack: 0x00000008fc000000,0x00000008fc100000] [id=908]
  0x00000109014fc020 GCTaskThread "GC Thread#6" [stack: 0x00000008fc100000,0x00000008fc200000] [id=16388]
  0x00000109014fc2d0 GCTaskThread "GC Thread#7" [stack: 0x00000008fc200000,0x00000008fc300000] [id=8556]
  0x00000109744b92e0 ConcurrentGCThread "G1 Main Marker" [stack: 0x00000008fab00000,0x00000008fac00000] [id=13360]
  0x00000109744bc350 ConcurrentGCThread "G1 Conc#0" [stack: 0x00000008fac00000,0x00000008fad00000] [id=7600]
  0x00000109016a0920 ConcurrentGCThread "G1 Conc#1" [stack: 0x00000008fc400000,0x00000008fc500000] [id=15444]
  0x000001097451d150 ConcurrentGCThread "G1 Refine#0" [stack: 0x00000008fad00000,0x00000008fae00000] [id=2668]
  0x0000010903ac9cd0 ConcurrentGCThread "G1 Refine#1" [stack: 0x00000008fdf00000,0x00000008fe000000] [id=17104]
  0x0000010903ad7ce0 ConcurrentGCThread "G1 Refine#2" [stack: 0x00000008fe000000,0x00000008fe100000] [id=17232]
  0x00000109022fee90 ConcurrentGCThread "G1 Refine#3" [stack: 0x00000008fe100000,0x00000008fe200000] [id=12100]
  0x0000010901f40410 ConcurrentGCThread "G1 Refine#4" [stack: 0x00000008fe200000,0x00000008fe300000] [id=12588]
  0x000001097451da10 ConcurrentGCThread "G1 Service" [stack: 0x00000008fae00000,0x00000008faf00000] [id=2168]

Threads with active compile tasks:

VM state: at safepoint (normal execution)

VM Mutex/Monitor currently owned by a thread:  ([mutex/lock_event])
[0x0000010972316a80] Threads_lock - owner thread: 0x000001097f163b90
[0x0000010974470cd0] Heap_lock - owner thread: 0x0000010901e747e0

Heap address: 0x00000000c1e00000, size: 994 MB, Compressed Oops mode: 32-bit

CDS archive(s) not mapped
Compressed class space mapped at: 0x0000000100000000-0x0000000140000000, reserved size: 1073741824
Narrow klass base: 0x0000000000000000, Narrow klass shift: 3, Narrow klass range: 0x140000000

GC Precious Log:
 CPUs: 8 total, 8 available
 Memory: 3971M
 Large Page Support: Disabled
 NUMA Support: Disabled
 Compressed Oops: Enabled (32-bit)
 Heap Region Size: 1M
 Heap Min Capacity: 8M
 Heap Initial Capacity: 64M
 Heap Max Capacity: 994M
 Pre-touch: Disabled
 Parallel Workers: 8
 Concurrent Workers: 2
 Concurrent Refinement Workers: 8
 Periodic GC: Disabled

Heap:
 garbage-first heap   total 194560K, used 78567K [0x00000000c1e00000, 0x0000000100000000)
  region size 1024K, 6 young (6144K), 6 survivors (6144K)
 Metaspace       used 38819K, committed 39168K, reserved 1089536K
  class space    used 4897K, committed 5056K, reserved 1048576K

Heap Regions: E=young(eden), S=young(survivor), O=old, HS=humongous(starts), HC=humongous(continues), CS=collection set, F=free, OA=open archive, CA=closed archive, TAMS=top-at-mark-start (previous, next)
|   0|0x00000000c1e00000, 0x00000000c1f00000, 0x00000000c1f00000|100%| O|  |TAMS 0x00000000c1f00000, 0x00000000c1e00000| Untracked 
|   1|0x00000000c1f00000, 0x00000000c2000000, 0x00000000c2000000|100%| O|  |TAMS 0x00000000c2000000, 0x00000000c1f00000| Untracked 
|   2|0x00000000c2000000, 0x00000000c2100000, 0x00000000c2100000|100%| O|  |TAMS 0x00000000c2100000, 0x00000000c2000000| Untracked 
|   3|0x00000000c2100000, 0x00000000c2200000, 0x00000000c2200000|100%| O|  |TAMS 0x00000000c2200000, 0x00000000c2100000| Untracked 
|   4|0x00000000c2200000, 0x00000000c2300000, 0x00000000c2300000|100%| O|  |TAMS 0x00000000c2300000, 0x00000000c2200000| Untracked 
|   5|0x00000000c2300000, 0x00000000c2400000, 0x00000000c2400000|100%| O|  |TAMS 0x00000000c2400000, 0x00000000c2300000| Untracked 
|   6|0x00000000c2400000, 0x00000000c2500000, 0x00000000c2500000|100%| O|  |TAMS 0x00000000c2500000, 0x00000000c2400000| Untracked 
|   7|0x00000000c2500000, 0x00000000c2600000, 0x00000000c2600000|100%| O|  |TAMS 0x00000000c2600000, 0x00000000c2500000| Untracked 
|   8|0x00000000c2600000, 0x00000000c2700000, 0x00000000c2700000|100%| O|  |TAMS 0x00000000c2700000, 0x00000000c2600000| Untracked 
|   9|0x00000000c2700000, 0x00000000c2800000, 0x00000000c2800000|100%| O|  |TAMS 0x00000000c2800000, 0x00000000c2700000| Untracked 
|  10|0x00000000c2800000, 0x00000000c286f800, 0x00000000c2900000| 43%| O|  |TAMS 0x00000000c286f800, 0x00000000c2800000| Untracked 
|  11|0x00000000c2900000, 0x00000000c2a00000, 0x00000000c2a00000|100%| O|  |TAMS 0x00000000c2a00000, 0x00000000c2900000| Untracked 
|  12|0x00000000c2a00000, 0x00000000c2b00000, 0x00000000c2b00000|100%|HS|  |TAMS 0x00000000c2a00000, 0x00000000c2a00000| Complete 
|  13|0x00000000c2b00000, 0x00000000c2c00000, 0x00000000c2c00000|100%| O|  |TAMS 0x00000000c2c00000, 0x00000000c2b00000| Untracked 
|  14|0x00000000c2c00000, 0x00000000c2d00000, 0x00000000c2d00000|100%| O|  |TAMS 0x00000000c2d00000, 0x00000000c2c00000| Untracked 
|  15|0x00000000c2d00000, 0x00000000c2e00000, 0x00000000c2e00000|100%| O|  |TAMS 0x00000000c2e00000, 0x00000000c2d00000| Untracked 
|  16|0x00000000c2e00000, 0x00000000c2f00000, 0x00000000c2f00000|100%| O|  |TAMS 0x00000000c2f00000, 0x00000000c2e00000| Untracked 
|  17|0x00000000c2f00000, 0x00000000c3000000, 0x00000000c3000000|100%| O|  |TAMS 0x00000000c3000000, 0x00000000c2f00000| Untracked 
|  18|0x00000000c3000000, 0x00000000c3100000, 0x00000000c3100000|100%| O|  |TAMS 0x00000000c3100000, 0x00000000c3000000| Untracked 
|  19|0x00000000c3100000, 0x00000000c3200000, 0x00000000c3200000|100%| O|  |TAMS 0x00000000c3200000, 0x00000000c3100000| Untracked 
|  20|0x00000000c3200000, 0x00000000c3300000, 0x00000000c3300000|100%| O|  |TAMS 0x00000000c3300000, 0x00000000c3200000| Untracked 
|  21|0x00000000c3300000, 0x00000000c3400000, 0x00000000c3400000|100%| O|  |TAMS 0x00000000c3400000, 0x00000000c3300000| Untracked 
|  22|0x00000000c3400000, 0x00000000c3500000, 0x00000000c3500000|100%| O|  |TAMS 0x00000000c3500000, 0x00000000c3400000| Untracked 
|  23|0x00000000c3500000, 0x00000000c3600000, 0x00000000c3600000|100%| O|  |TAMS 0x00000000c3600000, 0x00000000c3500000| Untracked 
|  24|0x00000000c3600000, 0x00000000c3700000, 0x00000000c3700000|100%| O|  |TAMS 0x00000000c3700000, 0x00000000c3600000| Untracked 
|  25|0x00000000c3700000, 0x00000000c3800000, 0x00000000c3800000|100%| O|  |TAMS 0x00000000c3800000, 0x00000000c3700000| Untracked 
|  26|0x00000000c3800000, 0x00000000c3900000, 0x00000000c3900000|100%| O|  |TAMS 0x00000000c3900000, 0x00000000c3800000| Untracked 
|  27|0x00000000c3900000, 0x00000000c3a00000, 0x00000000c3a00000|100%| O|  |TAMS 0x00000000c3a00000, 0x00000000c3900000| Untracked 
|  28|0x00000000c3a00000, 0x00000000c3b00000, 0x00000000c3b00000|100%| O|  |TAMS 0x00000000c3b00000, 0x00000000c3a00000| Untracked 
|  29|0x00000000c3b00000, 0x00000000c3c00000, 0x00000000c3c00000|100%| O|  |TAMS 0x00000000c3c00000, 0x00000000c3b00000| Untracked 
|  30|0x00000000c3c00000, 0x00000000c3d00000, 0x00000000c3d00000|100%| O|  |TAMS 0x00000000c3d00000, 0x00000000c3c00000| Untracked 
|  31|0x00000000c3d00000, 0x00000000c3e00000, 0x00000000c3e00000|100%| O|  |TAMS 0x00000000c3e00000, 0x00000000c3d00000| Untracked 
|  32|0x00000000c3e00000, 0x00000000c3f00000, 0x00000000c3f00000|100%| O|  |TAMS 0x00000000c3f00000, 0x00000000c3e00000| Untracked 
|  33|0x00000000c3f00000, 0x00000000c4000000, 0x00000000c4000000|100%| O|  |TAMS 0x00000000c4000000, 0x00000000c3f00000| Untracked 
|  34|0x00000000c4000000, 0x00000000c4100000, 0x00000000c4100000|100%| O|  |TAMS 0x00000000c4072800, 0x00000000c4000000| Untracked 
|  35|0x00000000c4100000, 0x00000000c4200000, 0x00000000c4200000|100%| O|  |TAMS 0x00000000c4100000, 0x00000000c4100000| Untracked 
|  36|0x00000000c4200000, 0x00000000c4300000, 0x00000000c4300000|100%| O|  |TAMS 0x00000000c4200000, 0x00000000c4200000| Untracked 
|  37|0x00000000c4300000, 0x00000000c4400000, 0x00000000c4400000|100%| O|  |TAMS 0x00000000c4300000, 0x00000000c4300000| Untracked 
|  38|0x00000000c4400000, 0x00000000c4500000, 0x00000000c4500000|100%| O|  |TAMS 0x00000000c4400000, 0x00000000c4400000| Untracked 
|  39|0x00000000c4500000, 0x00000000c4600000, 0x00000000c4600000|100%| O|  |TAMS 0x00000000c4500000, 0x00000000c4500000| Untracked 
|  40|0x00000000c4600000, 0x00000000c4700000, 0x00000000c4700000|100%| O|  |TAMS 0x00000000c4600000, 0x00000000c4600000| Untracked 
|  41|0x00000000c4700000, 0x00000000c4800000, 0x00000000c4800000|100%| O|  |TAMS 0x00000000c4700000, 0x00000000c4700000| Untracked 
|  42|0x00000000c4800000, 0x00000000c4900000, 0x00000000c4900000|100%| O|  |TAMS 0x00000000c4800000, 0x00000000c4800000| Untracked 
|  43|0x00000000c4900000, 0x00000000c4a00000, 0x00000000c4a00000|100%| O|  |TAMS 0x00000000c4900000, 0x00000000c4900000| Untracked 
|  44|0x00000000c4a00000, 0x00000000c4b00000, 0x00000000c4b00000|100%| O|  |TAMS 0x00000000c4a00000, 0x00000000c4a00000| Untracked 
|  45|0x00000000c4b00000, 0x00000000c4c00000, 0x00000000c4c00000|100%|HS|  |TAMS 0x00000000c4b00000, 0x00000000c4b00000| Complete 
|  46|0x00000000c4c00000, 0x00000000c4d00000, 0x00000000c4d00000|100%|HS|  |TAMS 0x00000000c4c00000, 0x00000000c4c00000| Complete 
|  47|0x00000000c4d00000, 0x00000000c4e00000, 0x00000000c4e00000|100%| O|  |TAMS 0x00000000c4d00000, 0x00000000c4d00000| Untracked 
|  48|0x00000000c4e00000, 0x00000000c4f00000, 0x00000000c4f00000|100%| O|  |TAMS 0x00000000c4e00000, 0x00000000c4e00000| Untracked 
|  49|0x00000000c4f00000, 0x00000000c5000000, 0x00000000c5000000|100%| O|  |TAMS 0x00000000c4f00000, 0x00000000c4f00000| Untracked 
|  50|0x00000000c5000000, 0x00000000c5100000, 0x00000000c5100000|100%| O|  |TAMS 0x00000000c5000000, 0x00000000c5000000| Untracked 
|  51|0x00000000c5100000, 0x00000000c5200000, 0x00000000c5200000|100%| O|  |TAMS 0x00000000c5100000, 0x00000000c5100000| Untracked 
|  52|0x00000000c5200000, 0x00000000c5300000, 0x00000000c5300000|100%| O|  |TAMS 0x00000000c5200000, 0x00000000c5200000| Untracked 
|  53|0x00000000c5300000, 0x00000000c5400000, 0x00000000c5400000|100%| O|  |TAMS 0x00000000c5300000, 0x00000000c5300000| Untracked 
|  54|0x00000000c5400000, 0x00000000c5500000, 0x00000000c5500000|100%| O|  |TAMS 0x00000000c5400000, 0x00000000c5400000| Untracked 
|  55|0x00000000c5500000, 0x00000000c5600000, 0x00000000c5600000|100%| O|  |TAMS 0x00000000c5500000, 0x00000000c5500000| Untracked 
|  56|0x00000000c5600000, 0x00000000c5700000, 0x00000000c5700000|100%| O|  |TAMS 0x00000000c5600000, 0x00000000c5600000| Untracked 
|  57|0x00000000c5700000, 0x00000000c5800000, 0x00000000c5800000|100%| O|  |TAMS 0x00000000c5700000, 0x00000000c5700000| Untracked 
|  58|0x00000000c5800000, 0x00000000c5900000, 0x00000000c5900000|100%| O|  |TAMS 0x00000000c5800000, 0x00000000c5800000| Untracked 
|  59|0x00000000c5900000, 0x00000000c5a00000, 0x00000000c5a00000|100%| O|  |TAMS 0x00000000c5900000, 0x00000000c5900000| Untracked 
|  60|0x00000000c5a00000, 0x00000000c5b00000, 0x00000000c5b00000|100%| O|  |TAMS 0x00000000c5a00000, 0x00000000c5a00000| Untracked 
|  61|0x00000000c5b00000, 0x00000000c5c00000, 0x00000000c5c00000|100%| O|  |TAMS 0x00000000c5b00000, 0x00000000c5b00000| Untracked 
|  62|0x00000000c5c00000, 0x00000000c5d00000, 0x00000000c5d00000|100%| O|  |TAMS 0x00000000c5c00000, 0x00000000c5c00000| Untracked 
|  63|0x00000000c5d00000, 0x00000000c5e00000, 0x00000000c5e00000|100%| O|  |TAMS 0x00000000c5d00000, 0x00000000c5d00000| Untracked 
|  64|0x00000000c5e00000, 0x00000000c5f00000, 0x00000000c5f00000|100%| O|  |TAMS 0x00000000c5e00000, 0x00000000c5e00000| Untracked 
|  65|0x00000000c5f00000, 0x00000000c6000000, 0x00000000c6000000|100%| O|  |TAMS 0x00000000c5f00000, 0x00000000c5f00000| Untracked 
|  66|0x00000000c6000000, 0x00000000c6100000, 0x00000000c6100000|100%| O|  |TAMS 0x00000000c6000000, 0x00000000c6000000| Untracked 
|  67|0x00000000c6100000, 0x00000000c6200000, 0x00000000c6200000|100%| O|  |TAMS 0x00000000c6100000, 0x00000000c6100000| Untracked 
|  68|0x00000000c6200000, 0x00000000c6300000, 0x00000000c6300000|100%| O|  |TAMS 0x00000000c6200000, 0x00000000c6200000| Untracked 
|  69|0x00000000c6300000, 0x00000000c6400000, 0x00000000c6400000|100%| O|  |TAMS 0x00000000c6300000, 0x00000000c6300000| Untracked 
|  70|0x00000000c6400000, 0x00000000c6500000, 0x00000000c6500000|100%| O|  |TAMS 0x00000000c6400000, 0x00000000c6400000| Untracked 
|  71|0x00000000c6500000, 0x00000000c654a600, 0x00000000c6600000| 29%| O|  |TAMS 0x00000000c6500000, 0x00000000c6500000| Untracked 
|  72|0x00000000c6600000, 0x00000000c6600000, 0x00000000c6700000|  0%| F|  |TAMS 0x00000000c6600000, 0x00000000c6600000| Untracked 
|  73|0x00000000c6700000, 0x00000000c6700000, 0x00000000c6800000|  0%| F|  |TAMS 0x00000000c6700000, 0x00000000c6700000| Untracked 
|  74|0x00000000c6800000, 0x00000000c6800000, 0x00000000c6900000|  0%| F|  |TAMS 0x00000000c6800000, 0x00000000c6800000| Untracked 
|  75|0x00000000c6900000, 0x00000000c6900000, 0x00000000c6a00000|  0%| F|  |TAMS 0x00000000c6900000, 0x00000000c6900000| Untracked 
|  76|0x00000000c6a00000, 0x00000000c6a00000, 0x00000000c6b00000|  0%| F|  |TAMS 0x00000000c6a00000, 0x00000000c6a00000| Untracked 
|  77|0x00000000c6b00000, 0x00000000c6b00000, 0x00000000c6c00000|  0%| F|  |TAMS 0x00000000c6b00000, 0x00000000c6b00000| Untracked 
|  78|0x00000000c6c00000, 0x00000000c6c00000, 0x00000000c6d00000|  0%| F|  |TAMS 0x00000000c6c00000, 0x00000000c6c00000| Untracked 
|  79|0x00000000c6d00000, 0x00000000c6d00000, 0x00000000c6e00000|  0%| F|  |TAMS 0x00000000c6d00000, 0x00000000c6d00000| Untracked 
|  80|0x00000000c6e00000, 0x00000000c6e00000, 0x00000000c6f00000|  0%| F|  |TAMS 0x00000000c6e00000, 0x00000000c6e00000| Untracked 
|  81|0x00000000c6f00000, 0x00000000c6f00000, 0x00000000c7000000|  0%| F|  |TAMS 0x00000000c6f00000, 0x00000000c6f00000| Untracked 
|  82|0x00000000c7000000, 0x00000000c7000000, 0x00000000c7100000|  0%| F|  |TAMS 0x00000000c7000000, 0x00000000c7000000| Untracked 
|  83|0x00000000c7100000, 0x00000000c7100000, 0x00000000c7200000|  0%| F|  |TAMS 0x00000000c7100000, 0x00000000c7100000| Untracked 
|  84|0x00000000c7200000, 0x00000000c7200000, 0x00000000c7300000|  0%| F|  |TAMS 0x00000000c7200000, 0x00000000c7200000| Untracked 
|  85|0x00000000c7300000, 0x00000000c7300000, 0x00000000c7400000|  0%| F|  |TAMS 0x00000000c7300000, 0x00000000c7300000| Untracked 
|  86|0x00000000c7400000, 0x00000000c7400000, 0x00000000c7500000|  0%| F|  |TAMS 0x00000000c7400000, 0x00000000c7400000| Untracked 
|  87|0x00000000c7500000, 0x00000000c7500000, 0x00000000c7600000|  0%| F|  |TAMS 0x00000000c7500000, 0x00000000c7500000| Untracked 
|  88|0x00000000c7600000, 0x00000000c7600000, 0x00000000c7700000|  0%| F|  |TAMS 0x00000000c7600000, 0x00000000c7600000| Untracked 
|  89|0x00000000c7700000, 0x00000000c7700000, 0x00000000c7800000|  0%| F|  |TAMS 0x00000000c7700000, 0x00000000c7700000| Untracked 
|  90|0x00000000c7800000, 0x00000000c7800000, 0x00000000c7900000|  0%| F|  |TAMS 0x00000000c7800000, 0x00000000c7800000| Untracked 
|  91|0x00000000c7900000, 0x00000000c7900000, 0x00000000c7a00000|  0%| F|  |TAMS 0x00000000c7900000, 0x00000000c7900000| Untracked 
|  92|0x00000000c7a00000, 0x00000000c7a00000, 0x00000000c7b00000|  0%| F|  |TAMS 0x00000000c7a00000, 0x00000000c7a00000| Untracked 
|  93|0x00000000c7b00000, 0x00000000c7b00000, 0x00000000c7c00000|  0%| F|  |TAMS 0x00000000c7b00000, 0x00000000c7b00000| Untracked 
|  94|0x00000000c7c00000, 0x00000000c7c00000, 0x00000000c7d00000|  0%| F|  |TAMS 0x00000000c7c00000, 0x00000000c7c00000| Untracked 
|  95|0x00000000c7d00000, 0x00000000c7d00000, 0x00000000c7e00000|  0%| F|  |TAMS 0x00000000c7d00000, 0x00000000c7d00000| Untracked 
|  96|0x00000000c7e00000, 0x00000000c7e00000, 0x00000000c7f00000|  0%| F|  |TAMS 0x00000000c7e00000, 0x00000000c7e00000| Untracked 
|  97|0x00000000c7f00000, 0x00000000c7f00000, 0x00000000c8000000|  0%| F|  |TAMS 0x00000000c7f00000, 0x00000000c7f00000| Untracked 
|  98|0x00000000c8000000, 0x00000000c8000000, 0x00000000c8100000|  0%| F|  |TAMS 0x00000000c8000000, 0x00000000c8000000| Untracked 
|  99|0x00000000c8100000, 0x00000000c8100000, 0x00000000c8200000|  0%| F|  |TAMS 0x00000000c8100000, 0x00000000c8100000| Untracked 
| 100|0x00000000c8200000, 0x00000000c8200000, 0x00000000c8300000|  0%| F|  |TAMS 0x00000000c8200000, 0x00000000c8200000| Untracked 
| 101|0x00000000c8300000, 0x00000000c8300000, 0x00000000c8400000|  0%| F|  |TAMS 0x00000000c8300000, 0x00000000c8300000| Untracked 
| 102|0x00000000c8400000, 0x00000000c8400000, 0x00000000c8500000|  0%| F|  |TAMS 0x00000000c8400000, 0x00000000c8400000| Untracked 
| 103|0x00000000c8500000, 0x00000000c8500000, 0x00000000c8600000|  0%| F|  |TAMS 0x00000000c8500000, 0x00000000c8500000| Untracked 
| 104|0x00000000c8600000, 0x00000000c8600000, 0x00000000c8700000|  0%| F|  |TAMS 0x00000000c8600000, 0x00000000c8600000| Untracked 
| 105|0x00000000c8700000, 0x00000000c8700000, 0x00000000c8800000|  0%| F|  |TAMS 0x00000000c8700000, 0x00000000c8700000| Untracked 
| 106|0x00000000c8800000, 0x00000000c8800000, 0x00000000c8900000|  0%| F|  |TAMS 0x00000000c8800000, 0x00000000c8800000| Untracked 
| 107|0x00000000c8900000, 0x00000000c8900000, 0x00000000c8a00000|  0%| F|  |TAMS 0x00000000c8900000, 0x00000000c8900000| Untracked 
| 108|0x00000000c8a00000, 0x00000000c8a00000, 0x00000000c8b00000|  0%| F|  |TAMS 0x00000000c8a00000, 0x00000000c8a00000| Untracked 
| 109|0x00000000c8b00000, 0x00000000c8b00000, 0x00000000c8c00000|  0%| F|  |TAMS 0x00000000c8b00000, 0x00000000c8b00000| Untracked 
| 110|0x00000000c8c00000, 0x00000000c8c00000, 0x00000000c8d00000|  0%| F|  |TAMS 0x00000000c8c00000, 0x00000000c8c00000| Untracked 
| 111|0x00000000c8d00000, 0x00000000c8d00000, 0x00000000c8e00000|  0%| F|  |TAMS 0x00000000c8d00000, 0x00000000c8d00000| Untracked 
| 112|0x00000000c8e00000, 0x00000000c8e00000, 0x00000000c8f00000|  0%| F|  |TAMS 0x00000000c8e00000, 0x00000000c8e00000| Untracked 
| 113|0x00000000c8f00000, 0x00000000c8f00000, 0x00000000c9000000|  0%| F|  |TAMS 0x00000000c8f00000, 0x00000000c8f00000| Untracked 
| 114|0x00000000c9000000, 0x00000000c9000000, 0x00000000c9100000|  0%| F|  |TAMS 0x00000000c9000000, 0x00000000c9000000| Untracked 
| 115|0x00000000c9100000, 0x00000000c9100000, 0x00000000c9200000|  0%| F|  |TAMS 0x00000000c9100000, 0x00000000c9100000| Untracked 
| 116|0x00000000c9200000, 0x00000000c9200000, 0x00000000c9300000|  0%| F|  |TAMS 0x00000000c9200000, 0x00000000c9200000| Untracked 
| 117|0x00000000c9300000, 0x00000000c9300000, 0x00000000c9400000|  0%| F|  |TAMS 0x00000000c9300000, 0x00000000c9300000| Untracked 
| 118|0x00000000c9400000, 0x00000000c9400000, 0x00000000c9500000|  0%| F|  |TAMS 0x00000000c9400000, 0x00000000c9400000| Untracked 
| 119|0x00000000c9500000, 0x00000000c9600000, 0x00000000c9600000|100%| S|CS|TAMS 0x00000000c9500000, 0x00000000c9500000| Complete 
| 120|0x00000000c9600000, 0x00000000c9700000, 0x00000000c9700000|100%| S|CS|TAMS 0x00000000c9600000, 0x00000000c9600000| Complete 
| 121|0x00000000c9700000, 0x00000000c9800000, 0x00000000c9800000|100%| S|CS|TAMS 0x00000000c9700000, 0x00000000c9700000| Complete 
| 122|0x00000000c9800000, 0x00000000c9900000, 0x00000000c9900000|100%| S|CS|TAMS 0x00000000c9800000, 0x00000000c9800000| Complete 
| 123|0x00000000c9900000, 0x00000000c9a00000, 0x00000000c9a00000|100%| S|CS|TAMS 0x00000000c9900000, 0x00000000c9900000| Complete 
| 124|0x00000000c9a00000, 0x00000000c9b00000, 0x00000000c9b00000|100%| S|CS|TAMS 0x00000000c9a00000, 0x00000000c9a00000| Complete 
| 125|0x00000000c9b00000, 0x00000000c9b00000, 0x00000000c9c00000|  0%| F|  |TAMS 0x00000000c9b00000, 0x00000000c9b00000| Untracked 
| 126|0x00000000c9c00000, 0x00000000c9c00000, 0x00000000c9d00000|  0%| F|  |TAMS 0x00000000c9c00000, 0x00000000c9c00000| Untracked 
| 127|0x00000000c9d00000, 0x00000000c9d00000, 0x00000000c9e00000|  0%| F|  |TAMS 0x00000000c9d00000, 0x00000000c9d00000| Untracked 
| 128|0x00000000c9e00000, 0x00000000c9e00000, 0x00000000c9f00000|  0%| F|  |TAMS 0x00000000c9e00000, 0x00000000c9e00000| Untracked 
| 129|0x00000000c9f00000, 0x00000000c9f00000, 0x00000000ca000000|  0%| F|  |TAMS 0x00000000c9f00000, 0x00000000c9f00000| Untracked 
| 130|0x00000000ca000000, 0x00000000ca000000, 0x00000000ca100000|  0%| F|  |TAMS 0x00000000ca000000, 0x00000000ca000000| Untracked 
| 131|0x00000000ca100000, 0x00000000ca100000, 0x00000000ca200000|  0%| F|  |TAMS 0x00000000ca100000, 0x00000000ca100000| Untracked 
| 132|0x00000000ca200000, 0x00000000ca200000, 0x00000000ca300000|  0%| F|  |TAMS 0x00000000ca200000, 0x00000000ca200000| Untracked 
| 133|0x00000000ca300000, 0x00000000ca300000, 0x00000000ca400000|  0%| F|  |TAMS 0x00000000ca300000, 0x00000000ca300000| Untracked 
| 134|0x00000000ca400000, 0x00000000ca400000, 0x00000000ca500000|  0%| F|  |TAMS 0x00000000ca400000, 0x00000000ca400000| Untracked 
| 135|0x00000000ca500000, 0x00000000ca500000, 0x00000000ca600000|  0%| F|  |TAMS 0x00000000ca500000, 0x00000000ca500000| Untracked 
| 136|0x00000000ca600000, 0x00000000ca600000, 0x00000000ca700000|  0%| F|  |TAMS 0x00000000ca600000, 0x00000000ca600000| Untracked 
| 137|0x00000000ca700000, 0x00000000ca700000, 0x00000000ca800000|  0%| F|  |TAMS 0x00000000ca700000, 0x00000000ca700000| Untracked 
| 138|0x00000000ca800000, 0x00000000ca800000, 0x00000000ca900000|  0%| F|  |TAMS 0x00000000ca800000, 0x00000000ca800000| Untracked 
| 139|0x00000000ca900000, 0x00000000ca900000, 0x00000000caa00000|  0%| F|  |TAMS 0x00000000ca900000, 0x00000000ca900000| Untracked 
| 140|0x00000000caa00000, 0x00000000caa00000, 0x00000000cab00000|  0%| F|  |TAMS 0x00000000caa00000, 0x00000000caa00000| Untracked 
| 141|0x00000000cab00000, 0x00000000cab00000, 0x00000000cac00000|  0%| F|  |TAMS 0x00000000cab00000, 0x00000000cab00000| Untracked 
| 142|0x00000000cac00000, 0x00000000cac00000, 0x00000000cad00000|  0%| F|  |TAMS 0x00000000cac00000, 0x00000000cac00000| Untracked 
| 143|0x00000000cad00000, 0x00000000cad00000, 0x00000000cae00000|  0%| F|  |TAMS 0x00000000cad00000, 0x00000000cad00000| Untracked 
| 144|0x00000000cae00000, 0x00000000cae00000, 0x00000000caf00000|  0%| F|  |TAMS 0x00000000cae00000, 0x00000000cae00000| Untracked 
| 145|0x00000000caf00000, 0x00000000caf00000, 0x00000000cb000000|  0%| F|  |TAMS 0x00000000caf00000, 0x00000000caf00000| Untracked 
| 146|0x00000000cb000000, 0x00000000cb000000, 0x00000000cb100000|  0%| F|  |TAMS 0x00000000cb000000, 0x00000000cb000000| Untracked 
| 147|0x00000000cb100000, 0x00000000cb100000, 0x00000000cb200000|  0%| F|  |TAMS 0x00000000cb100000, 0x00000000cb100000| Untracked 
| 148|0x00000000cb200000, 0x00000000cb200000, 0x00000000cb300000|  0%| F|  |TAMS 0x00000000cb200000, 0x00000000cb200000| Untracked 
| 149|0x00000000cb300000, 0x00000000cb300000, 0x00000000cb400000|  0%| F|  |TAMS 0x00000000cb300000, 0x00000000cb300000| Untracked 
| 150|0x00000000cb400000, 0x00000000cb400000, 0x00000000cb500000|  0%| F|  |TAMS 0x00000000cb400000, 0x00000000cb400000| Untracked 
| 151|0x00000000cb500000, 0x00000000cb500000, 0x00000000cb600000|  0%| F|  |TAMS 0x00000000cb500000, 0x00000000cb500000| Untracked 
| 152|0x00000000cb600000, 0x00000000cb600000, 0x00000000cb700000|  0%| F|  |TAMS 0x00000000cb600000, 0x00000000cb600000| Untracked 
| 153|0x00000000cb700000, 0x00000000cb700000, 0x00000000cb800000|  0%| F|  |TAMS 0x00000000cb700000, 0x00000000cb700000| Untracked 
| 154|0x00000000cb800000, 0x00000000cb800000, 0x00000000cb900000|  0%| F|  |TAMS 0x00000000cb800000, 0x00000000cb800000| Untracked 
| 155|0x00000000cb900000, 0x00000000cb900000, 0x00000000cba00000|  0%| F|  |TAMS 0x00000000cb900000, 0x00000000cb900000| Untracked 
| 156|0x00000000cba00000, 0x00000000cba00000, 0x00000000cbb00000|  0%| F|  |TAMS 0x00000000cba00000, 0x00000000cba00000| Untracked 
| 157|0x00000000cbb00000, 0x00000000cbb00000, 0x00000000cbc00000|  0%| F|  |TAMS 0x00000000cbb00000, 0x00000000cbb00000| Untracked 
| 158|0x00000000cbc00000, 0x00000000cbc00000, 0x00000000cbd00000|  0%| F|  |TAMS 0x00000000cbc00000, 0x00000000cbc00000| Untracked 
| 159|0x00000000cbd00000, 0x00000000cbd00000, 0x00000000cbe00000|  0%| F|  |TAMS 0x00000000cbd00000, 0x00000000cbd00000| Untracked 
| 160|0x00000000cbe00000, 0x00000000cbe00000, 0x00000000cbf00000|  0%| F|  |TAMS 0x00000000cbe00000, 0x00000000cbe00000| Untracked 
| 161|0x00000000cbf00000, 0x00000000cbf00000, 0x00000000cc000000|  0%| F|  |TAMS 0x00000000cbf00000, 0x00000000cbf00000| Untracked 
| 162|0x00000000cc000000, 0x00000000cc000000, 0x00000000cc100000|  0%| F|  |TAMS 0x00000000cc000000, 0x00000000cc000000| Untracked 
| 163|0x00000000cc100000, 0x00000000cc100000, 0x00000000cc200000|  0%| F|  |TAMS 0x00000000cc100000, 0x00000000cc100000| Untracked 
| 164|0x00000000cc200000, 0x00000000cc200000, 0x00000000cc300000|  0%| F|  |TAMS 0x00000000cc200000, 0x00000000cc200000| Untracked 
| 165|0x00000000cc300000, 0x00000000cc300000, 0x00000000cc400000|  0%| F|  |TAMS 0x00000000cc300000, 0x00000000cc300000| Untracked 
| 166|0x00000000cc400000, 0x00000000cc400000, 0x00000000cc500000|  0%| F|  |TAMS 0x00000000cc400000, 0x00000000cc400000| Untracked 
| 167|0x00000000cc500000, 0x00000000cc500000, 0x00000000cc600000|  0%| F|  |TAMS 0x00000000cc500000, 0x00000000cc500000| Untracked 
| 168|0x00000000cc600000, 0x00000000cc600000, 0x00000000cc700000|  0%| F|  |TAMS 0x00000000cc600000, 0x00000000cc600000| Untracked 
| 169|0x00000000cc700000, 0x00000000cc700000, 0x00000000cc800000|  0%| F|  |TAMS 0x00000000cc700000, 0x00000000cc700000| Untracked 
| 170|0x00000000cc800000, 0x00000000cc800000, 0x00000000cc900000|  0%| F|  |TAMS 0x00000000cc800000, 0x00000000cc800000| Untracked 
| 171|0x00000000cc900000, 0x00000000cc900000, 0x00000000cca00000|  0%| F|  |TAMS 0x00000000cc900000, 0x00000000cc900000| Untracked 
| 172|0x00000000cca00000, 0x00000000cca00000, 0x00000000ccb00000|  0%| F|  |TAMS 0x00000000cca00000, 0x00000000cca00000| Untracked 
| 173|0x00000000ccb00000, 0x00000000ccb00000, 0x00000000ccc00000|  0%| F|  |TAMS 0x00000000ccb00000, 0x00000000ccb00000| Untracked 
| 174|0x00000000ccc00000, 0x00000000ccc00000, 0x00000000ccd00000|  0%| F|  |TAMS 0x00000000ccc00000, 0x00000000ccc00000| Untracked 
| 175|0x00000000ccd00000, 0x00000000ccd00000, 0x00000000cce00000|  0%| F|  |TAMS 0x00000000ccd00000, 0x00000000ccd00000| Untracked 
| 176|0x00000000cce00000, 0x00000000cce00000, 0x00000000ccf00000|  0%| F|  |TAMS 0x00000000cce00000, 0x00000000cce00000| Untracked 
| 177|0x00000000ccf00000, 0x00000000ccf00000, 0x00000000cd000000|  0%| F|  |TAMS 0x00000000ccf00000, 0x00000000ccf00000| Untracked 
| 178|0x00000000cd000000, 0x00000000cd000000, 0x00000000cd100000|  0%| F|  |TAMS 0x00000000cd000000, 0x00000000cd000000| Untracked 
| 179|0x00000000cd100000, 0x00000000cd100000, 0x00000000cd200000|  0%| F|  |TAMS 0x00000000cd100000, 0x00000000cd100000| Untracked 
| 180|0x00000000cd200000, 0x00000000cd200000, 0x00000000cd300000|  0%| F|  |TAMS 0x00000000cd200000, 0x00000000cd200000| Untracked 
| 181|0x00000000cd300000, 0x00000000cd300000, 0x00000000cd400000|  0%| F|  |TAMS 0x00000000cd300000, 0x00000000cd300000| Untracked 
| 182|0x00000000cd400000, 0x00000000cd400000, 0x00000000cd500000|  0%| F|  |TAMS 0x00000000cd400000, 0x00000000cd400000| Untracked 
| 183|0x00000000cd500000, 0x00000000cd500000, 0x00000000cd600000|  0%| F|  |TAMS 0x00000000cd500000, 0x00000000cd500000| Untracked 
| 184|0x00000000cd600000, 0x00000000cd600000, 0x00000000cd700000|  0%| F|  |TAMS 0x00000000cd600000, 0x00000000cd600000| Untracked 
| 185|0x00000000cd700000, 0x00000000cd700000, 0x00000000cd800000|  0%| F|  |TAMS 0x00000000cd700000, 0x00000000cd700000| Untracked 
| 186|0x00000000cd800000, 0x00000000cd800000, 0x00000000cd900000|  0%| F|  |TAMS 0x00000000cd800000, 0x00000000cd800000| Untracked 
| 187|0x00000000cd900000, 0x00000000cd900000, 0x00000000cda00000|  0%| F|  |TAMS 0x00000000cd900000, 0x00000000cd900000| Untracked 
| 188|0x00000000cda00000, 0x00000000cda00000, 0x00000000cdb00000|  0%| F|  |TAMS 0x00000000cda00000, 0x00000000cda00000| Untracked 
| 189|0x00000000cdb00000, 0x00000000cdb00000, 0x00000000cdc00000|  0%| F|  |TAMS 0x00000000cdb00000, 0x00000000cdb00000| Untracked 

Card table byte_map: [0x000001097a420000,0x000001097a620000] _byte_map_base: 0x0000010979e11000

Marking Bits (Prev, Next): (CMBitMap*) 0x00000109744b0db0, (CMBitMap*) 0x00000109744b0d70
 Prev Bits: [0x000001097b7b0000, 0x000001097c738000)
 Next Bits: [0x000001097a820000, 0x000001097b7a8000)

Polling page: 0x0000010972460000

Metaspace:

Usage:
  Non-class:     33.13 MB used.
      Class:      4.78 MB used.
       Both:     37.91 MB used.

Virtual space:
  Non-class space:       40.00 MB reserved,      33.31 MB ( 83%) committed,  5 nodes.
      Class space:        1.00 GB reserved,       4.94 MB ( <1%) committed,  1 nodes.
             Both:        1.04 GB reserved,      38.25 MB (  4%) committed. 

Chunk freelists:
   Non-Class:  2.73 MB
       Class:  3.01 MB
        Both:  5.74 MB

MaxMetaspaceSize: unlimited
CompressedClassSpaceSize: 1.00 GB
Initial GC threshold: 21.00 MB
Current GC threshold: 61.69 MB
CDS: off
MetaspaceReclaimPolicy: balanced
 - commit_granule_bytes: 65536.
 - commit_granule_words: 8192.
 - virtual_space_node_default_size: 1048576.
 - enlarge_chunks_in_place: 1.
 - new_chunks_are_fully_committed: 0.
 - uncommit_free_chunks: 1.
 - use_allocation_guard: 0.
 - handle_deallocations: 1.


Internal statistics:

num_allocs_failed_limit: 8.
num_arena_births: 348.
num_arena_deaths: 0.
num_vsnodes_births: 6.
num_vsnodes_deaths: 0.
num_space_committed: 612.
num_space_uncommitted: 0.
num_chunks_returned_to_freelist: 8.
num_chunks_taken_from_freelist: 1495.
num_chunk_merges: 8.
num_chunk_splits: 1038.
num_chunks_enlarged: 799.
num_purges: 0.
num_inconsistent_stats: 0.

CodeCache: size=49152Kb used=8372Kb max_used=8372Kb free=40779Kb
 bounds [0x0000010977110000, 0x0000010977940000, 0x000001097a110000]
 total_blobs=4492 nmethods=3963 adapters=455
 compilation: enabled
              stopped_count=0, restarted_count=0
 full_count=0

Compilation events (20 events):
Event: 3.480 Thread 0x000001097fc1c5c0 3953       1       org.eclipse.jdt.internal.compiler.classfmt.ModuleInfo$ModuleReferenceInfo::name (5 bytes)
Event: 3.480 Thread 0x000001097fc1c5c0 nmethod 3953 0x0000010977937e10 code [0x0000010977937fa0, 0x0000010977938078]
Event: 3.482 Thread 0x000001097fc1c5c0 3955       1       java.util.zip.ZipFile$Source::initCEN (591 bytes)
Event: 3.490 Thread 0x000001097fc1c5c0 nmethod 3955 0x0000010977938110 code [0x0000010977938460, 0x0000010977939a68]
Event: 3.524 Thread 0x000001097f1ca9f0 3957  s    1       jdk.internal.perf.PerfCounter::get (9 bytes)
Event: 3.524 Thread 0x000001097fc1c5c0 3956  s    1       jdk.internal.perf.PerfCounter::add (18 bytes)
Event: 3.524 Thread 0x000001097f1ca9f0 nmethod 3957 0x000001097793a710 code [0x000001097793a8a0, 0x000001097793aa48]
Event: 3.524 Thread 0x000001097fc1c5c0 nmethod 3956 0x000001097793ab10 code [0x000001097793acc0, 0x000001097793af78]
Event: 3.524 Thread 0x000001097f1ca9f0 3958   !   1       java.nio.DirectLongBufferU::get (36 bytes)
Event: 3.524 Thread 0x000001097fc1c5c0 3959   !   1       jdk.internal.misc.ScopedMemoryAccess::getLong (20 bytes)
Event: 3.524 Thread 0x000001097fc1c5c0 nmethod 3959 0x000001097793b110 code [0x000001097793b2c0, 0x000001097793b4b8]
Event: 3.524 Thread 0x000001097fc1c5c0 3961   !   1       java.nio.DirectLongBufferU::put (39 bytes)
Event: 3.524 Thread 0x000001097f1ca9f0 nmethod 3958 0x000001097793b610 code [0x000001097793b7e0, 0x000001097793baa8]
Event: 3.524 Thread 0x000001097f1ca9f0 3962   !   1       jdk.internal.misc.ScopedMemoryAccess::putLong (25 bytes)
Event: 3.525 Thread 0x000001097fc1c5c0 nmethod 3961 0x000001097793bd90 code [0x000001097793bf60, 0x000001097793c228]
Event: 3.525 Thread 0x000001097f1ca9f0 nmethod 3962 0x000001097793c510 code [0x000001097793c6c0, 0x000001097793c8d8]
Event: 3.525 Thread 0x000001097fc1c5c0 3963   !   1       jdk.internal.misc.ScopedMemoryAccess::putLongInternal (37 bytes)
Event: 3.525 Thread 0x000001097f1ca9f0 3960   !   1       jdk.internal.misc.ScopedMemoryAccess::getLongInternal (36 bytes)
Event: 3.525 Thread 0x000001097f1ca9f0 nmethod 3960 0x000001097793ca10 code [0x000001097793cba0, 0x000001097793ccc8]
Event: 3.525 Thread 0x000001097fc1c5c0 nmethod 3963 0x000001097793cd90 code [0x000001097793cf20, 0x000001097793d068]

GC Heap History (20 events):
Event: 2.771 GC heap after
{Heap after GC invocations=10 (full 0):
 garbage-first heap   total 76800K, used 28427K [0x00000000c1e00000, 0x0000000100000000)
  region size 1024K, 3 young (3072K), 3 survivors (3072K)
 Metaspace       used 35479K, committed 35840K, reserved 1081344K
  class space    used 4601K, committed 4800K, reserved 1048576K
}
Event: 2.834 GC heap before
{Heap before GC invocations=10 (full 0):
 garbage-first heap   total 76800K, used 39691K [0x00000000c1e00000, 0x0000000100000000)
  region size 1024K, 16 young (16384K), 3 survivors (3072K)
 Metaspace       used 35883K, committed 36160K, reserved 1081344K
  class space    used 4638K, committed 4800K, reserved 1048576K
}
Event: 2.839 GC heap after
{Heap after GC invocations=11 (full 0):
 garbage-first heap   total 76800K, used 30880K [0x00000000c1e00000, 0x0000000100000000)
  region size 1024K, 3 young (3072K), 3 survivors (3072K)
 Metaspace       used 35883K, committed 36160K, reserved 1081344K
  class space    used 4638K, committed 4800K, reserved 1048576K
}
Event: 2.939 GC heap before
{Heap before GC invocations=12 (full 0):
 garbage-first heap   total 76800K, used 54432K [0x00000000c1e00000, 0x0000000100000000)
  region size 1024K, 26 young (26624K), 3 survivors (3072K)
 Metaspace       used 36274K, committed 36544K, reserved 1081344K
  class space    used 4665K, committed 4800K, reserved 1048576K
}
Event: 2.944 GC heap after
{Heap after GC invocations=13 (full 0):
 garbage-first heap   total 76800K, used 34718K [0x00000000c1e00000, 0x0000000100000000)
  region size 1024K, 4 young (4096K), 4 survivors (4096K)
 Metaspace       used 36274K, committed 36544K, reserved 1081344K
  class space    used 4665K, committed 4800K, reserved 1048576K
}
Event: 2.999 GC heap before
{Heap before GC invocations=13 (full 0):
 garbage-first heap   total 76800K, used 56222K [0x00000000c1e00000, 0x0000000100000000)
  region size 1024K, 25 young (25600K), 4 survivors (4096K)
 Metaspace       used 36812K, committed 37184K, reserved 1081344K
  class space    used 4721K, committed 4864K, reserved 1048576K
}
Event: 3.004 GC heap after
{Heap after GC invocations=14 (full 0):
 garbage-first heap   total 76800K, used 38417K [0x00000000c1e00000, 0x0000000100000000)
  region size 1024K, 4 young (4096K), 4 survivors (4096K)
 Metaspace       used 36812K, committed 37184K, reserved 1081344K
  class space    used 4721K, committed 4864K, reserved 1048576K
}
Event: 3.037 GC heap before
{Heap before GC invocations=14 (full 0):
 garbage-first heap   total 76800K, used 55825K [0x00000000c1e00000, 0x0000000100000000)
  region size 1024K, 22 young (22528K), 4 survivors (4096K)
 Metaspace       used 37001K, committed 37312K, reserved 1081344K
  class space    used 4734K, committed 4864K, reserved 1048576K
}
Event: 3.045 GC heap after
{Heap after GC invocations=15 (full 0):
 garbage-first heap   total 76800K, used 44559K [0x00000000c1e00000, 0x0000000100000000)
  region size 1024K, 3 young (3072K), 3 survivors (3072K)
 Metaspace       used 37001K, committed 37312K, reserved 1081344K
  class space    used 4734K, committed 4864K, reserved 1048576K
}
Event: 3.091 GC heap before
{Heap before GC invocations=15 (full 0):
 garbage-first heap   total 97280K, used 56847K [0x00000000c1e00000, 0x0000000100000000)
  region size 1024K, 16 young (16384K), 3 survivors (3072K)
 Metaspace       used 37495K, committed 37888K, reserved 1089536K
  class space    used 4751K, committed 4928K, reserved 1048576K
}
Event: 3.098 GC heap after
{Heap after GC invocations=16 (full 0):
 garbage-first heap   total 194560K, used 47369K [0x00000000c1e00000, 0x0000000100000000)
  region size 1024K, 2 young (2048K), 2 survivors (2048K)
 Metaspace       used 37495K, committed 37888K, reserved 1089536K
  class space    used 4751K, committed 4928K, reserved 1048576K
}
Event: 3.383 GC heap before
{Heap before GC invocations=17 (full 0):
 garbage-first heap   total 194560K, used 131337K [0x00000000c1e00000, 0x0000000100000000)
  region size 1024K, 83 young (84992K), 2 survivors (2048K)
 Metaspace       used 38719K, committed 39040K, reserved 1089536K
  class space    used 4884K, committed 5056K, reserved 1048576K
}
Event: 3.429 GC heap after
{Heap after GC invocations=18 (full 0):
 garbage-first heap   total 194560K, used 69246K [0x00000000c1e00000, 0x0000000100000000)
  region size 1024K, 11 young (11264K), 11 survivors (11264K)
 Metaspace       used 38719K, committed 39040K, reserved 1089536K
  class space    used 4884K, committed 5056K, reserved 1048576K
}
Event: 3.432 GC heap before
{Heap before GC invocations=18 (full 0):
 garbage-first heap   total 194560K, used 69246K [0x00000000c1e00000, 0x0000000100000000)
  region size 1024K, 12 young (12288K), 11 survivors (11264K)
 Metaspace       used 38722K, committed 39040K, reserved 1089536K
  class space    used 4887K, committed 5056K, reserved 1048576K
}
Event: 3.452 GC heap after
{Heap after GC invocations=19 (full 0):
 garbage-first heap   total 194560K, used 70574K [0x00000000c1e00000, 0x0000000100000000)
  region size 1024K, 2 young (2048K), 2 survivors (2048K)
 Metaspace       used 38722K, committed 39040K, reserved 1089536K
  class space    used 4887K, committed 5056K, reserved 1048576K
}
Event: 3.485 GC heap before
{Heap before GC invocations=19 (full 0):
 garbage-first heap   total 194560K, used 118702K [0x00000000c1e00000, 0x0000000100000000)
  region size 1024K, 50 young (51200K), 2 survivors (2048K)
 Metaspace       used 38819K, committed 39168K, reserved 1089536K
  class space    used 4897K, committed 5056K, reserved 1048576K
}
Event: 3.489 GC heap after
{Heap after GC invocations=20 (full 0):
 garbage-first heap   total 194560K, used 71726K [0x00000000c1e00000, 0x0000000100000000)
  region size 1024K, 3 young (3072K), 3 survivors (3072K)
 Metaspace       used 38819K, committed 39168K, reserved 1089536K
  class space    used 4897K, committed 5056K, reserved 1048576K
}
Event: 3.510 GC heap before
{Heap before GC invocations=20 (full 0):
 garbage-first heap   total 194560K, used 125998K [0x00000000c1e00000, 0x0000000100000000)
  region size 1024K, 56 young (57344K), 3 survivors (3072K)
 Metaspace       used 38819K, committed 39168K, reserved 1089536K
  class space    used 4897K, committed 5056K, reserved 1048576K
}
Event: 3.513 GC heap after
{Heap after GC invocations=21 (full 0):
 garbage-first heap   total 194560K, used 75653K [0x00000000c1e00000, 0x0000000100000000)
  region size 1024K, 6 young (6144K), 6 survivors (6144K)
 Metaspace       used 38819K, committed 39168K, reserved 1089536K
  class space    used 4897K, committed 5056K, reserved 1048576K
}
Event: 3.542 GC heap before
{Heap before GC invocations=21 (full 0):
 garbage-first heap   total 194560K, used 135045K [0x00000000c1e00000, 0x0000000100000000)
  region size 1024K, 65 young (66560K), 6 survivors (6144K)
 Metaspace       used 38819K, committed 39168K, reserved 1089536K
  class space    used 4897K, committed 5056K, reserved 1048576K
}

Deoptimization events (10 events):
Event: 1.352 Thread 0x0000010974472730 DEOPT PACKING pc=0x000001097753c799 sp=0x00000008fa9fd0f0
Event: 1.352 Thread 0x0000010974472730 DEOPT UNPACKING pc=0x0000010977162b43 sp=0x00000008fa9fc5d0 mode 3
Event: 2.504 Thread 0x0000010901caee50 DEOPT PACKING pc=0x00000109777658b5 sp=0x00000008fc8fd650
Event: 2.504 Thread 0x0000010901caee50 DEOPT UNPACKING pc=0x0000010977162b43 sp=0x00000008fc8fcb68 mode 3
Event: 2.531 Thread 0x0000010901bac860 DEOPT PACKING pc=0x000001097753b601 sp=0x00000008fc7fdf00
Event: 2.531 Thread 0x0000010901bac860 DEOPT UNPACKING pc=0x0000010977162b43 sp=0x00000008fc7fd390 mode 3
Event: 2.532 Thread 0x0000010901cdd080 DEOPT PACKING pc=0x0000010977538a97 sp=0x00000008fcafefd0
Event: 2.532 Thread 0x0000010901cdd080 DEOPT UNPACKING pc=0x0000010977162b43 sp=0x00000008fcafe428 mode 3
Event: 2.572 Thread 0x0000010901cbf240 DEOPT PACKING pc=0x00000109777873ab sp=0x00000008fc9fe8f0
Event: 2.572 Thread 0x0000010901cbf240 DEOPT UNPACKING pc=0x0000010977162b43 sp=0x00000008fc9fde38 mode 3

Classes unloaded (0 events):
No events

Classes redefined (0 events):
No events

Internal exceptions (20 events):
Event: 2.598 Thread 0x0000010901d18560 Exception <a 'sun/nio/fs/WindowsException'{0x00000000c4543618}> (0x00000000c4543618) 
thrown [s\src\hotspot\share\prims\jni.cpp, line 516]
Event: 2.599 Thread 0x0000010901d18560 Exception <a 'sun/nio/fs/WindowsException'{0x00000000c4544028}> (0x00000000c4544028) 
thrown [s\src\hotspot\share\prims\jni.cpp, line 516]
Event: 2.599 Thread 0x0000010901d18560 Exception <a 'sun/nio/fs/WindowsException'{0x00000000c4544400}> (0x00000000c4544400) 
thrown [s\src\hotspot\share\prims\jni.cpp, line 516]
Event: 2.599 Thread 0x0000010901d18560 Exception <a 'sun/nio/fs/WindowsException'{0x00000000c4544de8}> (0x00000000c4544de8) 
thrown [s\src\hotspot\share\prims\jni.cpp, line 516]
Event: 2.599 Thread 0x0000010901d18560 Exception <a 'sun/nio/fs/WindowsException'{0x00000000c4545188}> (0x00000000c4545188) 
thrown [s\src\hotspot\share\prims\jni.cpp, line 516]
Event: 2.599 Thread 0x0000010901d18560 Exception <a 'sun/nio/fs/WindowsException'{0x00000000c4545b80}> (0x00000000c4545b80) 
thrown [s\src\hotspot\share\prims\jni.cpp, line 516]
Event: 2.599 Thread 0x0000010901d18560 Exception <a 'sun/nio/fs/WindowsException'{0x00000000c4545f38}> (0x00000000c4545f38) 
thrown [s\src\hotspot\share\prims\jni.cpp, line 516]
Event: 2.599 Thread 0x0000010901d18560 Exception <a 'sun/nio/fs/WindowsException'{0x00000000c4546920}> (0x00000000c4546920) 
thrown [s\src\hotspot\share\prims\jni.cpp, line 516]
Event: 2.599 Thread 0x0000010901d18560 Exception <a 'sun/nio/fs/WindowsException'{0x00000000c4546cc8}> (0x00000000c4546cc8) 
thrown [s\src\hotspot\share\prims\jni.cpp, line 516]
Event: 2.599 Thread 0x0000010901d18560 Exception <a 'sun/nio/fs/WindowsException'{0x00000000c45476c0}> (0x00000000c45476c0) 
thrown [s\src\hotspot\share\prims\jni.cpp, line 516]
Event: 2.599 Thread 0x0000010901d18560 Exception <a 'sun/nio/fs/WindowsException'{0x00000000c4547a78}> (0x00000000c4547a78) 
thrown [s\src\hotspot\share\prims\jni.cpp, line 516]
Event: 2.600 Thread 0x0000010901d18560 Exception <a 'sun/nio/fs/WindowsException'{0x00000000c4548488}> (0x00000000c4548488) 
thrown [s\src\hotspot\share\prims\jni.cpp, line 516]
Event: 2.600 Thread 0x0000010901d18560 Exception <a 'sun/nio/fs/WindowsException'{0x00000000c4548860}> (0x00000000c4548860) 
thrown [s\src\hotspot\share\prims\jni.cpp, line 516]
Event: 2.600 Thread 0x0000010901d18560 Exception <a 'sun/nio/fs/WindowsException'{0x00000000c4549288}> (0x00000000c4549288) 
thrown [s\src\hotspot\share\prims\jni.cpp, line 516]
Event: 2.600 Thread 0x0000010901d18560 Exception <a 'sun/nio/fs/WindowsException'{0x00000000c4549678}> (0x00000000c4549678) 
thrown [s\src\hotspot\share\prims\jni.cpp, line 516]
Event: 2.600 Thread 0x0000010901d18560 Exception <a 'sun/nio/fs/WindowsException'{0x00000000c454a098}> (0x00000000c454a098) 
thrown [s\src\hotspot\share\prims\jni.cpp, line 516]
Event: 2.600 Thread 0x0000010901caee50 Exception <a 'java/lang/NoSuchMethodError'{0x00000000c44f52f0}: 'int java.lang.invoke.DirectMethodHandle$Holder.invokeStatic(java.lang.Object)'> (0x00000000c44f52f0) 
thrown [s\src\hotspot\share\interpreter\linkResolver.cpp, line 759]
Event: 2.600 Thread 0x0000010901d18560 Exception <a 'sun/nio/fs/WindowsException'{0x00000000c454a480}> (0x00000000c454a480) 
thrown [s\src\hotspot\share\prims\jni.cpp, line 516]
Event: 2.600 Thread 0x0000010901caee50 Exception <a 'java/lang/NoSuchMethodError'{0x00000000c44f8998}: 'int java.lang.invoke.DirectMethodHandle$Holder.invokeStaticInit(java.lang.Object)'> (0x00000000c44f8998) 
thrown [s\src\hotspot\share\interpreter\linkResolver.cpp, line 759]
Event: 3.225 Thread 0x0000010901caee50 Exception <a 'java/lang/NoSuchMethodError'{0x00000000cc5cc7c0}: 'java.lang.Object java.lang.invoke.Invokers$Holder.invoke_MT(java.lang.Object, java.lang.Object, java.lang.Object)'> (0x00000000cc5cc7c0) 
thrown [s\src\hotspot\share\interpreter\linkResolver.cpp, line 759]

VM Operations (20 events):
Event: 3.267 Executing VM operation: HandshakeAllThreads done
Event: 3.377 Executing VM operation: HandshakeAllThreads
Event: 3.383 Executing VM operation: HandshakeAllThreads done
Event: 3.383 Executing VM operation: G1CollectForAllocation
Event: 3.429 Executing VM operation: G1CollectForAllocation done
Event: 3.431 Executing VM operation: G1CollectForAllocation
Event: 3.453 Executing VM operation: G1CollectForAllocation done
Event: 3.458 Executing VM operation: HandshakeAllThreads
Event: 3.459 Executing VM operation: HandshakeAllThreads done
Event: 3.485 Executing VM operation: G1CollectForAllocation
Event: 3.485 Executing VM operation: G1CollectForAllocation done
Event: 3.485 Executing VM operation: G1CollectForAllocation
Event: 3.489 Executing VM operation: G1CollectForAllocation done
Event: 3.509 Executing VM operation: G1CollectForAllocation
Event: 3.509 Executing VM operation: G1CollectForAllocation done
Event: 3.509 Executing VM operation: G1CollectForAllocation
Event: 3.513 Executing VM operation: G1CollectForAllocation done
Event: 3.541 Executing VM operation: G1CollectForAllocation
Event: 3.542 Executing VM operation: G1CollectForAllocation done
Event: 3.542 Executing VM operation: G1CollectForAllocation

Events (20 events):
Event: 3.229 loading class jdk/internal/jrtfs/JrtPath
Event: 3.229 loading class jdk/internal/jrtfs/JrtPath done
Event: 3.231 loading class java/nio/file/FileVisitOption
Event: 3.231 loading class java/nio/file/FileVisitOption done
Event: 3.231 loading class java/nio/file/FileTreeWalker
Event: 3.231 loading class java/nio/file/FileTreeWalker done
Event: 3.267 loading class java/nio/file/FileTreeWalker$DirectoryNode
Event: 3.267 loading class java/nio/file/FileTreeWalker$DirectoryNode done
Event: 3.267 loading class java/nio/file/FileTreeWalker$Event
Event: 3.267 loading class java/nio/file/FileTreeWalker$Event done
Event: 3.267 loading class java/nio/file/FileTreeWalker$EventType
Event: 3.267 loading class java/nio/file/FileTreeWalker$EventType done
Event: 3.267 loading class java/nio/file/Files$3
Event: 3.267 loading class java/nio/file/Files$3 done
Event: 3.267 loading class java/nio/file/FileVisitResult
Event: 3.267 loading class java/nio/file/FileVisitResult done
Event: 3.293 loading class java/nio/channels/Channels$ReadableByteChannelImpl
Event: 3.294 loading class java/nio/channels/Channels$ReadableByteChannelImpl done
Event: 3.294 loading class java/nio/channels/NonWritableChannelException
Event: 3.294 loading class java/nio/channels/NonWritableChannelException done


Dynamic libraries:
0x00007ff67a3a0000 - 0x00007ff67a3ae000 	c:\Users\Dell\.vscode\extensions\redhat.java-1.12.0-win32-x64\jre\17.0.4.1-win32-x86_64\bin\java.exe
0x00007ffbf87d0000 - 0x00007ffbf89c8000 	C:\Windows\SYSTEM32\ntdll.dll
0x00007ffbf7360000 - 0x00007ffbf741d000 	C:\Windows\System32\KERNEL32.DLL
0x00007ffbf61c0000 - 0x00007ffbf6492000 	C:\Windows\System32\KERNELBASE.dll
0x00007ffbf5ee0000 - 0x00007ffbf5fe0000 	C:\Windows\System32\ucrtbase.dll
0x00007ffbd7570000 - 0x00007ffbd7588000 	c:\Users\Dell\.vscode\extensions\redhat.java-1.12.0-win32-x64\jre\17.0.4.1-win32-x86_64\bin\jli.dll
0x00007ffbabda0000 - 0x00007ffbabdb9000 	c:\Users\Dell\.vscode\extensions\redhat.java-1.12.0-win32-x64\jre\17.0.4.1-win32-x86_64\bin\VCRUNTIME140.dll
0x00007ffbf6ef0000 - 0x00007ffbf708d000 	C:\Windows\System32\USER32.dll
0x00007ffbd9ed0000 - 0x00007ffbda16a000 	C:\Windows\WinSxS\amd64_microsoft.windows.common-controls_6595b64144ccf1df_6.0.19041.1110_none_60b5254171f9507e\COMCTL32.dll
0x00007ffbf6190000 - 0x00007ffbf61b2000 	C:\Windows\System32\win32u.dll
0x00007ffbf72b0000 - 0x00007ffbf734e000 	C:\Windows\System32\msvcrt.dll
0x00007ffbf8480000 - 0x00007ffbf84ab000 	C:\Windows\System32\GDI32.dll
0x00007ffbf6550000 - 0x00007ffbf665f000 	C:\Windows\System32\gdi32full.dll
0x00007ffbf66f0000 - 0x00007ffbf678d000 	C:\Windows\System32\msvcp_win.dll
0x00007ffbf71c0000 - 0x00007ffbf71f0000 	C:\Windows\System32\IMM32.DLL
0x00007ffbd7480000 - 0x00007ffbd748c000 	c:\Users\Dell\.vscode\extensions\redhat.java-1.12.0-win32-x64\jre\17.0.4.1-win32-x86_64\bin\vcruntime140_1.dll
0x00007ffb7ce00000 - 0x00007ffb7ce91000 	c:\Users\Dell\.vscode\extensions\redhat.java-1.12.0-win32-x64\jre\17.0.4.1-win32-x86_64\bin\msvcp140.dll
0x00007ffb78050000 - 0x00007ffb78c96000 	c:\Users\Dell\.vscode\extensions\redhat.java-1.12.0-win32-x64\jre\17.0.4.1-win32-x86_64\bin\server\jvm.dll
0x00007ffbf7b80000 - 0x00007ffbf7c2e000 	C:\Windows\System32\ADVAPI32.dll
0x00007ffbf8290000 - 0x00007ffbf832c000 	C:\Windows\System32\sechost.dll
0x00007ffbf8660000 - 0x00007ffbf8785000 	C:\Windows\System32\RPCRT4.dll
0x00007ffbf72a0000 - 0x00007ffbf72a8000 	C:\Windows\System32\PSAPI.DLL
0x00007ffbd2ef0000 - 0x00007ffbd2ef9000 	C:\Windows\SYSTEM32\WSOCK32.dll
0x00007ffbe0d50000 - 0x00007ffbe0d77000 	C:\Windows\SYSTEM32\WINMM.dll
0x00007ffbf0940000 - 0x00007ffbf094a000 	C:\Windows\SYSTEM32\VERSION.dll
0x00007ffbf7cb0000 - 0x00007ffbf7d1b000 	C:\Windows\System32\WS2_32.dll
0x00007ffbf3da0000 - 0x00007ffbf3db2000 	C:\Windows\SYSTEM32\kernel.appcore.dll
0x00007ffbd14a0000 - 0x00007ffbd14aa000 	c:\Users\Dell\.vscode\extensions\redhat.java-1.12.0-win32-x64\jre\17.0.4.1-win32-x86_64\bin\jimage.dll
0x00007ffbe7930000 - 0x00007ffbe7b14000 	C:\Windows\SYSTEM32\DBGHELP.DLL
0x00007ffbe0380000 - 0x00007ffbe03ac000 	C:\Windows\SYSTEM32\dbgcore.DLL
0x00007ffbf6660000 - 0x00007ffbf66e2000 	C:\Windows\System32\bcryptPrimitives.dll
0x00007ffba2da0000 - 0x00007ffba2dc5000 	c:\Users\Dell\.vscode\extensions\redhat.java-1.12.0-win32-x64\jre\17.0.4.1-win32-x86_64\bin\java.dll
0x00007ffbaba00000 - 0x00007ffbaba18000 	c:\Users\Dell\.vscode\extensions\redhat.java-1.12.0-win32-x64\jre\17.0.4.1-win32-x86_64\bin\zip.dll
0x00007ffbf7420000 - 0x00007ffbf7b63000 	C:\Windows\System32\SHELL32.dll
0x00007ffbf3fa0000 - 0x00007ffbf4731000 	C:\Windows\SYSTEM32\windows.storage.dll
0x00007ffbf7e50000 - 0x00007ffbf81a4000 	C:\Windows\System32\combase.dll
0x00007ffbf5940000 - 0x00007ffbf5970000 	C:\Windows\SYSTEM32\Wldp.dll
0x00007ffbf71f0000 - 0x00007ffbf729d000 	C:\Windows\System32\SHCORE.dll
0x00007ffbf8330000 - 0x00007ffbf8385000 	C:\Windows\System32\shlwapi.dll
0x00007ffbf5e20000 - 0x00007ffbf5e3f000 	C:\Windows\SYSTEM32\profapi.dll
0x00007ffbaae10000 - 0x00007ffbaae29000 	C:\Users\Dell\.vscode\extensions\redhat.java-1.12.0-win32-x64\jre\17.0.4.1-win32-x86_64\bin\net.dll
0x00007ffbe3a80000 - 0x00007ffbe3b8d000 	C:\Windows\SYSTEM32\WINHTTP.dll
0x00007ffbf56a0000 - 0x00007ffbf570a000 	C:\Windows\system32\mswsock.dll
0x00007ffbab9c0000 - 0x00007ffbab9d5000 	C:\Users\Dell\.vscode\extensions\redhat.java-1.12.0-win32-x64\jre\17.0.4.1-win32-x86_64\bin\nio.dll
0x00007ffbc75f0000 - 0x00007ffbc7600000 	c:\Users\Dell\.vscode\extensions\redhat.java-1.12.0-win32-x64\jre\17.0.4.1-win32-x86_64\bin\verify.dll
0x00007ffbf1770000 - 0x00007ffbf1779000 	C:\Users\Dell\.vscode\extensions\redhat.java-1.12.0-win32-x64\jre\17.0.4.1-win32-x86_64\bin\management.dll
0x00007ffbf1760000 - 0x00007ffbf176b000 	C:\Users\Dell\.vscode\extensions\redhat.java-1.12.0-win32-x64\jre\17.0.4.1-win32-x86_64\bin\management_ext.dll
0x00007ffbd1740000 - 0x00007ffbd1757000 	C:\Windows\system32\napinsp.dll
0x00007ffbd1720000 - 0x00007ffbd173b000 	C:\Windows\system32\pnrpnsp.dll
0x00007ffbd1700000 - 0x00007ffbd1715000 	C:\Windows\system32\wshbth.dll
0x00007ffbf2340000 - 0x00007ffbf235d000 	C:\Windows\system32\NLAapi.dll
0x00007ffbf5340000 - 0x00007ffbf537b000 	C:\Windows\SYSTEM32\IPHLPAPI.DLL
0x00007ffbf5390000 - 0x00007ffbf545a000 	C:\Windows\SYSTEM32\DNSAPI.dll
0x00007ffbf7b70000 - 0x00007ffbf7b78000 	C:\Windows\System32\NSI.dll
0x00007ffbd16e0000 - 0x00007ffbd16f2000 	C:\Windows\System32\winrnr.dll
0x00007ffbe3730000 - 0x00007ffbe373a000 	C:\Windows\System32\rasadhlp.dll
0x00007ffbe38c0000 - 0x00007ffbe3940000 	C:\Windows\System32\fwpuclnt.dll
0x00007ffbf6790000 - 0x00007ffbf67b7000 	C:\Windows\System32\bcrypt.dll
0x00007ffbf58a0000 - 0x00007ffbf58b8000 	C:\Windows\SYSTEM32\CRYPTSP.dll
0x00007ffbf4f50000 - 0x00007ffbf4f84000 	C:\Windows\system32\rsaenh.dll
0x00007ffbf5da0000 - 0x00007ffbf5dce000 	C:\Windows\SYSTEM32\USERENV.dll
0x00007ffbf5890000 - 0x00007ffbf589c000 	C:\Windows\SYSTEM32\CRYPTBASE.dll
0x00007ffbeea40000 - 0x00007ffbeea57000 	C:\Windows\SYSTEM32\dhcpcsvc6.DLL
0x00007ffbef260000 - 0x00007ffbef27d000 	C:\Windows\SYSTEM32\dhcpcsvc.DLL

dbghelp: loaded successfully - version: 4.0.5 - missing functions: none
symbol engine: initialized successfully - sym options: 0x614 - pdb path: .;c:\Users\Dell\.vscode\extensions\redhat.java-1.12.0-win32-x64\jre\17.0.4.1-win32-x86_64\bin;C:\Windows\SYSTEM32;C:\Windows\WinSxS\amd64_microsoft.windows.common-controls_6595b64144ccf1df_6.0.19041.1110_none_60b5254171f9507e;c:\Users\Dell\.vscode\extensions\redhat.java-1.12.0-win32-x64\jre\17.0.4.1-win32-x86_64\bin\server

VM Arguments:
jvm_args: -Dsts.lsp.client=vscode -Dsts.log.file=/dev/null -XX:TieredStopAtLevel=1 -Xlog:jni+resolve=off -Dspring.config.location=file:c:\Users\Dell\.vscode\extensions\pivotal.vscode-spring-boot-1.40.0\language-server\BOOT-INF\classes\application.properties 
java_command: org.springframework.ide.vscode.boot.app.BootLanguageServerBootApp
java_class_path (initial): c:\Users\Dell\.vscode\extensions\pivotal.vscode-spring-boot-1.40.0\language-server\BOOT-INF\classes;c:\Users\Dell\.vscode\extensions\pivotal.vscode-spring-boot-1.40.0\language-server\BOOT-INF\lib\annotations-23.0.0.jar;c:\Users\Dell\.vscode\extensions\pivotal.vscode-spring-boot-1.40.0\language-server\BOOT-INF\lib\ant-1.10.12.jar;c:\Users\Dell\.vscode\extensions\pivotal.vscode-spring-boot-1.40.0\language-server\BOOT-INF\lib\ant-launcher-1.10.12.jar;c:\Users\Dell\.vscode\extensions\pivotal.vscode-spring-boot-1.40.0\language-server\BOOT-INF\lib\antlr-runtime-3.5.2.jar;c:\Users\Dell\.vscode\extensions\pivotal.vscode-spring-boot-1.40.0\language-server\BOOT-INF\lib\antlr4-4.9.3.jar;c:\Users\Dell\.vscode\extensions\pivotal.vscode-spring-boot-1.40.0\language-server\BOOT-INF\lib\antlr4-runtime-4.9.3.jar;c:\Users\Dell\.vscode\extensions\pivotal.vscode-spring-boot-1.40.0\language-server\BOOT-INF\lib\asm-9.3.jar;c:\Users\Dell\.vscode\extensions\pivotal.vscode-spring-boot-1.40.0\language-server\BOOT-INF\lib\asm-analysis-9.3.jar;c:\Users\Dell\.vscode\extensions\pivotal.vscode-spring-boot-1.40.0\language-server\BOOT-INF\lib\asm-tree-9.3.jar;c:\Users\Dell\.vscode\extensions\pivotal.vscode-spring-boot-1.40.0\language-server\BOOT-INF\lib\asm-util-9.3.jar;c:\Users\Dell\.vscode\extensions\pivotal.vscode-spring-boot-1.40.0\language-server\BOOT-INF\lib\byte-buddy-1.12.13.jar;c:\Users\Dell\.vscode\extensions\pivotal.vscode-spring-boot-1.40.0\language-server\BOOT-INF\lib\caffeine-2.9.3.jar;c:\Users\Dell\.vscode\extensions\pivotal.vscode-spring-boot-1.40.0\language-server\BOOT-INF\lib\checker-qual-3.12.0.jar;c:\Users\Dell\.vscode\extensions\pivotal.vscode-spring-boot-1.40.0\language-server\BOOT-INF\lib\classgraph-4.8.149.jar;c:\Users\Dell\.vscode\extensions\pivotal.vscode-spring-boot-1.40.0\language-server\BOOT-INF\lib\commons-codec-1.15.jar;c:\Users\Dell\.vscode\extensions\pivotal.vscode-spring-boot-1.40.0\language-server\BOOT-INF\lib\commons-compress-1.21.jar;
Launcher Type: SUN_STANDARD

[Global flags]
     intx CICompilerCount                          = 4                                         {product} {ergonomic}
     uint ConcGCThreads                            = 2                                         {product} {ergonomic}
     uint G1ConcRefinementThreads                  = 8                                         {product} {ergonomic}
   size_t G1HeapRegionSize                         = 1048576                                   {product} {ergonomic}
    uintx GCDrainStackTargetSize                   = 64                                        {product} {ergonomic}
   size_t InitialHeapSize                          = 67108864                                  {product} {ergonomic}
   size_t MarkStackSize                            = 4194304                                   {product} {ergonomic}
   size_t MaxHeapSize                              = 1042284544                                {product} {ergonomic}
   size_t MaxNewSize                               = 624951296                                 {product} {ergonomic}
   size_t MinHeapDeltaBytes                        = 1048576                                   {product} {ergonomic}
   size_t MinHeapSize                              = 8388608                                   {product} {ergonomic}
    uintx NonProfiledCodeHeapSize                  = 0                                      {pd product} {ergonomic}
     bool ProfileInterpreter                       = false                                  {pd product} {command line}
    uintx ProfiledCodeHeapSize                     = 0                                      {pd product} {ergonomic}
   size_t SoftMaxHeapSize                          = 1042284544                             {manageable} {ergonomic}
     intx TieredStopAtLevel                        = 1                                         {product} {command line}
     bool UseCompressedClassPointers               = true                           {product lp64_product} {ergonomic}
     bool UseCompressedOops                        = true                           {product lp64_product} {ergonomic}
     bool UseG1GC                                  = true                                      {product} {ergonomic}
     bool UseLargePagesIndividualAllocation        = false                                  {pd product} {ergonomic}

Logging:
Log output configuration:
 #0: stdout all=warning,jni+resolve=off uptime,level,tags
 #1: stderr all=off uptime,level,tags

Environment Variables:
PATH=C:\Windows\system32;C:\Windows;C:\Windows\System32\Wbem;C:\Windows\System32\WindowsPowerShell\v1.0\;C:\Windows\System32\OpenSSH\;C:\Program Files\Cloudflare\Cloudflare WARP\;C:\Program Files\Git\cmd;C:\JDK 11  Now Now\jdk-11.0.1\bin;D:\NodeJS\;C:\Users\Dell\AppData\Local\Microsoft\WindowsApps;C:\JDK 11  Now Now\jdk-11.0.1\bin;C:\Users\Dell\AppData\Roaming\npm;C:\Users\Dell\AppData\Local\Programs\Microsoft VS Code\bin
USERNAME=Dell
OS=Windows_NT
PROCESSOR_IDENTIFIER=Intel64 Family 6 Model 142 Stepping 11, GenuineIntel
TMP=C:\Users\Dell\AppData\Local\Temp
TEMP=C:\Users\Dell\AppData\Local\Temp



---------------  S Y S T E M  ---------------

OS:
 Windows 10 , 64 bit Build 19041 (10.0.19041.1889)
OS uptime: 2 days 8:14 hours

CPU: total 8 (initial active 8) (4 cores per cpu, 2 threads per core) family 6 model 142 stepping 11 microcode 0xf0, cx8, cmov, fxsr, ht, mmx, 3dnowpref, sse, sse2, sse3, ssse3, sse4.1, sse4.2, popcnt, lzcnt, tsc, tscinvbit, avx, avx2, aes, erms, clmul, bmi1, bmi2, adx, fma, vzeroupper, clflush, clflushopt

Memory: 4k page, system-wide physical 3971M (109M free)
TotalPageFile size 16259M (AvailPageFile size 94M)
current process WorkingSet (physical memory assigned to process): 196M, peak: 237M
current process commit charge ("private bytes"): 336M, peak: 658M

vm_info: OpenJDK 64-Bit Server VM (17.0.4.1+1) for windows-amd64 JRE (17.0.4.1+1), built on Aug 17 2022 07:42:43 by "temurin" with MS VC++ 16.7 (VS2019)

END.
