#
# There is insufficient memory for the Java Runtime Environment to continue.
# Native memory allocation (mmap) failed to map 282066944 bytes for G1 virtual space
# Possible reasons:
#   The system is out of physical RAM or swap space
#   The process is running with CompressedOops enabled, and the Java Heap may be blocking the growth of the native heap
# Possible solutions:
#   Reduce memory load on the system
#   Increase physical memory or swap space
#   Check if swap backing store is full
#   Decrease Java heap size (-Xmx/-Xms)
#   Decrease number of Java threads
#   Decrease Java thread stack sizes (-Xss)
#   Set larger code cache with -XX:ReservedCodeCacheSize=
#   JVM is running with Unscaled Compressed Oops mode in which the Java heap is
#     placed in the first 4GB address space. The Java Heap base address is the
#     maximum limit for the native heap growth. Please use -XX:HeapBaseMinAddress
#     to set the Java Heap base and to place the Java Heap above 4GB virtual address.
# This output file may be truncated or incomplete.
#
#  Out of Memory Error (os_windows.cpp:3541), pid=9480, tid=6528
#
# JRE version: OpenJDK Runtime Environment Temurin-17.0.4.1+1 (17.0.4.1+1) (build 17.0.4.1+1)
# Java VM: OpenJDK 64-Bit Server VM Temurin-17.0.4.1+1 (17.0.4.1+1, mixed mode, emulated-client, tiered, compressed oops, compressed class ptrs, g1 gc, windows-amd64)
# No core dump will be written. Minidumps are not enabled by default on client versions of Windows
#

---------------  S U M M A R Y ------------

Command Line: -Dsts.lsp.client=vscode -Dsts.log.file=/dev/null -XX:TieredStopAtLevel=1 -Xlog:jni+resolve=off -Dspring.config.location=file:c:\Users\Dell\.vscode\extensions\pivotal.vscode-spring-boot-1.40.0\language-server\BOOT-INF\classes\application.properties org.springframework.ide.vscode.boot.app.BootLanguageServerBootApp

Host: Intel(R) Core(TM) i5-8265U CPU @ 1.60GHz, 8 cores, 3G,  Windows 10 , 64 bit Build 19041 (10.0.19041.1889)
Time: Sat Nov  5 21:13:42 2022 Myanmar Standard Time elapsed time: 4.394034 seconds (0d 0h 0m 4s)

---------------  T H R E A D  ---------------

Current thread (0x000001c3dbc9bf60):  VMThread "VM Thread" [stack: 0x0000002e41400000,0x0000002e41500000] [id=6528]

Stack: [0x0000002e41400000,0x0000002e41500000]
Native frames: (J=compiled Java code, j=interpreted, Vv=VM code, C=native code)
V  [jvm.dll+0x67731a]
V  [jvm.dll+0x832284]
V  [jvm.dll+0x833a2e]
V  [jvm.dll+0x834093]
V  [jvm.dll+0x245775]
V  [jvm.dll+0x674209]
V  [jvm.dll+0x668a92]
V  [jvm.dll+0x30471b]
V  [jvm.dll+0x30bc66]
V  [jvm.dll+0x35ba9e]
V  [jvm.dll+0x35bccf]
V  [jvm.dll+0x2db5b8]
V  [jvm.dll+0x2d986c]
V  [jvm.dll+0x2d8e3c]
V  [jvm.dll+0x31cd9b]
V  [jvm.dll+0x83853b]
V  [jvm.dll+0x839274]
V  [jvm.dll+0x83978c]
V  [jvm.dll+0x839b64]
V  [jvm.dll+0x839c30]
V  [jvm.dll+0x7e240a]
V  [jvm.dll+0x6761a5]
C  [ucrtbase.dll+0x21bb2]
C  [KERNEL32.DLL+0x17034]
C  [ntdll.dll+0x526a1]

VM_Operation (0x0000002e435fe630): G1CollectForAllocation, mode: safepoint, requested by thread 0x000001c3de5215e0


---------------  P R O C E S S  ---------------

Threads class SMR info:
_java_thread_list=0x000001c3dde5bda0, length=39, elements={
0x000001c3dbcb43a0, 0x000001c3dbcb56f0, 0x000001c3dbcc58a0, 0x000001c3dbcc8360,
0x000001c3dbcf4010, 0x000001c3dbcf6080, 0x000001c3dbcfd600, 0x000001c3dbd01f10,
0x000001c3dbc5c860, 0x000001c3dc9cd880, 0x000001c3dc9d9030, 0x000001c3de1ead40,
0x000001c3de457030, 0x000001c3de457d10, 0x000001c3d0ff28e0, 0x000001c3de0ae260,
0x000001c3de4bd810, 0x000001c3de51d2f0, 0x000001c3de529140, 0x000001c3de529610,
0x000001c3de521110, 0x000001c3de520c40, 0x000001c3de521f80, 0x000001c3de521ab0,
0x000001c3de5215e0, 0x000001c3de522450, 0x000001c3de68d550, 0x000001c3de68c6e0,
0x000001c3de68aa00, 0x000001c3de68ed60, 0x000001c3de690570, 0x000001c3de68cbb0,
0x000001c3de68b3a0, 0x000001c3de68d080, 0x000001c3de68b870, 0x000001c3de68bd40,
0x000001c3de688d20, 0x000001c3de6900a0, 0x000001c3de68c210
}

Java Threads: ( => current thread )
  0x000001c3dbcb43a0 JavaThread "Reference Handler" daemon [_thread_blocked, id=1116, stack(0x0000002e41500000,0x0000002e41600000)]
  0x000001c3dbcb56f0 JavaThread "Finalizer" daemon [_thread_blocked, id=10836, stack(0x0000002e41600000,0x0000002e41700000)]
  0x000001c3dbcc58a0 JavaThread "Signal Dispatcher" daemon [_thread_blocked, id=15588, stack(0x0000002e41700000,0x0000002e41800000)]
  0x000001c3dbcc8360 JavaThread "Attach Listener" daemon [_thread_blocked, id=5752, stack(0x0000002e41800000,0x0000002e41900000)]
  0x000001c3dbcf4010 JavaThread "Service Thread" daemon [_thread_blocked, id=17032, stack(0x0000002e41900000,0x0000002e41a00000)]
  0x000001c3dbcf6080 JavaThread "Monitor Deflation Thread" daemon [_thread_blocked, id=17316, stack(0x0000002e41a00000,0x0000002e41b00000)]
  0x000001c3dbcfd600 JavaThread "C1 CompilerThread0" daemon [_thread_blocked, id=12360, stack(0x0000002e41b00000,0x0000002e41c00000)]
  0x000001c3dbd01f10 JavaThread "Sweeper thread" daemon [_thread_blocked, id=14852, stack(0x0000002e41c00000,0x0000002e41d00000)]
  0x000001c3dbc5c860 JavaThread "C1 CompilerThread1" daemon [_thread_blocked, id=12252, stack(0x0000002e41d00000,0x0000002e41e00000)]
  0x000001c3dc9cd880 JavaThread "Notification Thread" daemon [_thread_blocked, id=12800, stack(0x0000002e41e00000,0x0000002e41f00000)]
  0x000001c3dc9d9030 JavaThread "Common-Cleaner" daemon [_thread_blocked, id=4664, stack(0x0000002e42000000,0x0000002e42100000)]
  0x000001c3de1ead40 JavaThread "boundedElastic-evictor-1" daemon [_thread_blocked, id=17004, stack(0x0000002e42800000,0x0000002e42900000)]
  0x000001c3de457030 JavaThread "pool-9-thread-1" [_thread_blocked, id=10540, stack(0x0000002e42a00000,0x0000002e42b00000)]
  0x000001c3de457d10 JavaThread "LanguageServerApp-lifecycle" [_thread_blocked, id=11672, stack(0x0000002e42b00000,0x0000002e42c00000)]
  0x000001c3d0ff28e0 JavaThread "DestroyJavaVM" [_thread_blocked, id=13580, stack(0x0000002e40e00000,0x0000002e40f00000)]
  0x000001c3de0ae260 JavaThread "pool-10-thread-1" [_thread_in_native, id=8528, stack(0x0000002e42c00000,0x0000002e42d00000)]
  0x000001c3de4bd810 JavaThread "Simple-Language-Server main thread" daemon [_thread_blocked, id=1256, stack(0x0000002e42d00000,0x0000002e42e00000)]
  0x000001c3de51d2f0 JavaThread "ForkJoinPool.commonPool-worker-1" daemon [_thread_blocked, id=9460, stack(0x0000002e42e00000,0x0000002e42f00000)]
  0x000001c3de529140 JavaThread "pool-7-thread-1" [_thread_blocked, id=12308, stack(0x0000002e42f00000,0x0000002e43000000)]
  0x000001c3de529610 JavaThread "parallel-1" daemon [_thread_blocked, id=14648, stack(0x0000002e43000000,0x0000002e43100000)]
  0x000001c3de521110 JavaThread "parallel-2" daemon [_thread_blocked, id=10768, stack(0x0000002e43100000,0x0000002e43200000)]
  0x000001c3de520c40 JavaThread "parallel-3" daemon [_thread_blocked, id=9540, stack(0x0000002e43200000,0x0000002e43300000)]
  0x000001c3de521f80 JavaThread "parallel-4" daemon [_thread_blocked, id=11300, stack(0x0000002e43300000,0x0000002e43400000)]
  0x000001c3de521ab0 JavaThread "ClassGraph-worker-0" daemon [_thread_blocked, id=15404, stack(0x0000002e43400000,0x0000002e43500000)]
  0x000001c3de5215e0 JavaThread "ClassGraph-worker-1" daemon [_thread_blocked, id=5152, stack(0x0000002e43500000,0x0000002e43600000)]
  0x000001c3de522450 JavaThread "ClassGraph-worker-2" daemon [_thread_blocked, id=9716, stack(0x0000002e43600000,0x0000002e43700000)]
  0x000001c3de68d550 JavaThread "ClassGraph-worker-3" daemon [_thread_blocked, id=12480, stack(0x0000002e43700000,0x0000002e43800000)]
  0x000001c3de68c6e0 JavaThread "ClassGraph-worker-4" daemon [_thread_blocked, id=11676, stack(0x0000002e43800000,0x0000002e43900000)]
  0x000001c3de68aa00 JavaThread "ClassGraph-worker-5" daemon [_thread_blocked, id=15372, stack(0x0000002e43900000,0x0000002e43a00000)]
  0x000001c3de68ed60 JavaThread "ClassGraph-worker-6" daemon [_thread_blocked, id=888, stack(0x0000002e43a00000,0x0000002e43b00000)]
  0x000001c3de690570 JavaThread "ClassGraph-worker-7" daemon [_thread_blocked, id=10268, stack(0x0000002e43b00000,0x0000002e43c00000)]
  0x000001c3de68cbb0 JavaThread "ClassGraph-worker-8" daemon [_thread_blocked, id=6604, stack(0x0000002e43c00000,0x0000002e43d00000)]
  0x000001c3de68b3a0 JavaThread "ClassGraph-worker-9" daemon [_thread_blocked, id=1856, stack(0x0000002e43d00000,0x0000002e43e00000)]
  0x000001c3de68d080 JavaThread "ClassGraph-worker-10" daemon [_thread_blocked, id=12160, stack(0x0000002e43e00000,0x0000002e43f00000)]
  0x000001c3de68b870 JavaThread "ClassGraph-worker-11" daemon [_thread_blocked, id=9248, stack(0x0000002e43f00000,0x0000002e44000000)]
  0x000001c3de68bd40 JavaThread "ClassGraph-worker-12" daemon [_thread_blocked, id=15052, stack(0x0000002e44000000,0x0000002e44100000)]
  0x000001c3de688d20 JavaThread "ClassGraph-worker-13" daemon [_thread_blocked, id=11140, stack(0x0000002e44100000,0x0000002e44200000)]
  0x000001c3de6900a0 JavaThread "parallel-5" daemon [_thread_blocked, id=10264, stack(0x0000002e44200000,0x0000002e44300000)]
  0x000001c3de68c210 JavaThread "Reconciler-1" daemon [_thread_blocked, id=16172, stack(0x0000002e44300000,0x0000002e44400000)]

Other Threads:
=>0x000001c3dbc9bf60 VMThread "VM Thread" [stack: 0x0000002e41400000,0x0000002e41500000] [id=6528]
  0x000001c3dc9cdd50 WatcherThread [stack: 0x0000002e41f00000,0x0000002e42000000] [id=1460]
  0x000001c3d102f970 GCTaskThread "GC Thread#0" [stack: 0x0000002e40f00000,0x0000002e41000000] [id=10052]
  0x000001c3dd33c690 GCTaskThread "GC Thread#1" [stack: 0x0000002e42100000,0x0000002e42200000] [id=5596]
  0x000001c3dd359bf0 GCTaskThread "GC Thread#2" [stack: 0x0000002e42200000,0x0000002e42300000] [id=3968]
  0x000001c3dd3a5510 GCTaskThread "GC Thread#3" [stack: 0x0000002e42300000,0x0000002e42400000] [id=10344]
  0x000001c3dd3a5dd0 GCTaskThread "GC Thread#4" [stack: 0x0000002e42400000,0x0000002e42500000] [id=11180]
  0x000001c3dd3ae090 GCTaskThread "GC Thread#5" [stack: 0x0000002e42500000,0x0000002e42600000] [id=1288]
  0x000001c3ddcdfa20 GCTaskThread "GC Thread#6" [stack: 0x0000002e42600000,0x0000002e42700000] [id=1348]
  0x000001c3ddcdf210 GCTaskThread "GC Thread#7" [stack: 0x0000002e42700000,0x0000002e42800000] [id=13224]
  0x000001c3d10393a0 ConcurrentGCThread "G1 Main Marker" [stack: 0x0000002e41000000,0x0000002e41100000] [id=5468]
  0x000001c3d103b400 ConcurrentGCThread "G1 Conc#0" [stack: 0x0000002e41100000,0x0000002e41200000] [id=15744]
  0x000001c3ddcdf4c0 ConcurrentGCThread "G1 Conc#1" [stack: 0x0000002e42900000,0x0000002e42a00000] [id=15164]
  0x000001c3d109d2f0 ConcurrentGCThread "G1 Refine#0" [stack: 0x0000002e41200000,0x0000002e41300000] [id=13016]
  0x000001c3de9e38b0 ConcurrentGCThread "G1 Refine#1" [stack: 0x0000002e44400000,0x0000002e44500000] [id=12516]
  0x000001c3d109dbb0 ConcurrentGCThread "G1 Service" [stack: 0x0000002e41300000,0x0000002e41400000] [id=952]

Threads with active compile tasks:

VM state: at safepoint (normal execution)

VM Mutex/Monitor currently owned by a thread:  ([mutex/lock_event])
[0x000001c3cee05ff0] Threads_lock - owner thread: 0x000001c3dbc9bf60
[0x000001c3d0ff14b0] Heap_lock - owner thread: 0x000001c3de5215e0

Heap address: 0x00000000c1e00000, size: 994 MB, Compressed Oops mode: 32-bit

CDS archive(s) not mapped
Compressed class space mapped at: 0x0000000100000000-0x0000000140000000, reserved size: 1073741824
Narrow klass base: 0x0000000000000000, Narrow klass shift: 3, Narrow klass range: 0x140000000

GC Precious Log:
 CPUs: 8 total, 8 available
 Memory: 3971M
 Large Page Support: Disabled
 NUMA Support: Disabled
 Compressed Oops: Enabled (32-bit)
 Heap Region Size: 1M
 Heap Min Capacity: 8M
 Heap Initial Capacity: 64M
 Heap Max Capacity: 994M
 Pre-touch: Disabled
 Parallel Workers: 8
 Concurrent Workers: 2
 Concurrent Refinement Workers: 8
 Periodic GC: Disabled

Heap:
 garbage-first heap   total 216064K, used 84869K [0x00000000c1e00000, 0x0000000100000000)
  region size 1024K, 7 young (7168K), 7 survivors (7168K)
 Metaspace       used 38865K, committed 39168K, reserved 1089536K
  class space    used 4905K, committed 5056K, reserved 1048576K

Heap Regions: E=young(eden), S=young(survivor), O=old, HS=humongous(starts), HC=humongous(continues), CS=collection set, F=free, OA=open archive, CA=closed archive, TAMS=top-at-mark-start (previous, next)
|   0|0x00000000c1e00000, 0x00000000c1f00000, 0x00000000c1f00000|100%| O|  |TAMS 0x00000000c1f00000, 0x00000000c1e00000| Untracked 
|   1|0x00000000c1f00000, 0x00000000c2000000, 0x00000000c2000000|100%| O|  |TAMS 0x00000000c2000000, 0x00000000c1f00000| Untracked 
|   2|0x00000000c2000000, 0x00000000c2100000, 0x00000000c2100000|100%| O|  |TAMS 0x00000000c2100000, 0x00000000c2000000| Untracked 
|   3|0x00000000c2100000, 0x00000000c2200000, 0x00000000c2200000|100%| O|  |TAMS 0x00000000c2200000, 0x00000000c2100000| Untracked 
|   4|0x00000000c2200000, 0x00000000c2300000, 0x00000000c2300000|100%| O|  |TAMS 0x00000000c2300000, 0x00000000c2200000| Untracked 
|   5|0x00000000c2300000, 0x00000000c2400000, 0x00000000c2400000|100%| O|  |TAMS 0x00000000c2400000, 0x00000000c2300000| Untracked 
|   6|0x00000000c2400000, 0x00000000c2500000, 0x00000000c2500000|100%| O|  |TAMS 0x00000000c2500000, 0x00000000c2400000| Untracked 
|   7|0x00000000c2500000, 0x00000000c2600000, 0x00000000c2600000|100%| O|  |TAMS 0x00000000c2600000, 0x00000000c2500000| Untracked 
|   8|0x00000000c2600000, 0x00000000c2700000, 0x00000000c2700000|100%| O|  |TAMS 0x00000000c2700000, 0x00000000c2600000| Untracked 
|   9|0x00000000c2700000, 0x00000000c2800000, 0x00000000c2800000|100%| O|  |TAMS 0x00000000c2800000, 0x00000000c2700000| Untracked 
|  10|0x00000000c2800000, 0x00000000c287fa00, 0x00000000c2900000| 49%| O|  |TAMS 0x00000000c287fa00, 0x00000000c2800000| Untracked 
|  11|0x00000000c2900000, 0x00000000c2a00000, 0x00000000c2a00000|100%| O|  |TAMS 0x00000000c2a00000, 0x00000000c2900000| Untracked 
|  12|0x00000000c2a00000, 0x00000000c2b00000, 0x00000000c2b00000|100%| O|  |TAMS 0x00000000c2b00000, 0x00000000c2a00000| Untracked 
|  13|0x00000000c2b00000, 0x00000000c2c00000, 0x00000000c2c00000|100%| O|  |TAMS 0x00000000c2c00000, 0x00000000c2b00000| Untracked 
|  14|0x00000000c2c00000, 0x00000000c2d00000, 0x00000000c2d00000|100%| O|  |TAMS 0x00000000c2d00000, 0x00000000c2c00000| Untracked 
|  15|0x00000000c2d00000, 0x00000000c2e00000, 0x00000000c2e00000|100%| O|  |TAMS 0x00000000c2e00000, 0x00000000c2d00000| Untracked 
|  16|0x00000000c2e00000, 0x00000000c2f00000, 0x00000000c2f00000|100%| O|  |TAMS 0x00000000c2f00000, 0x00000000c2e00000| Untracked 
|  17|0x00000000c2f00000, 0x00000000c3000000, 0x00000000c3000000|100%| O|  |TAMS 0x00000000c3000000, 0x00000000c2f00000| Untracked 
|  18|0x00000000c3000000, 0x00000000c3100000, 0x00000000c3100000|100%| O|  |TAMS 0x00000000c3100000, 0x00000000c3000000| Untracked 
|  19|0x00000000c3100000, 0x00000000c3200000, 0x00000000c3200000|100%| O|  |TAMS 0x00000000c3200000, 0x00000000c3100000| Untracked 
|  20|0x00000000c3200000, 0x00000000c3300000, 0x00000000c3300000|100%| O|  |TAMS 0x00000000c3300000, 0x00000000c3200000| Untracked 
|  21|0x00000000c3300000, 0x00000000c3400000, 0x00000000c3400000|100%| O|  |TAMS 0x00000000c3400000, 0x00000000c3300000| Untracked 
|  22|0x00000000c3400000, 0x00000000c3500000, 0x00000000c3500000|100%| O|  |TAMS 0x00000000c3500000, 0x00000000c3400000| Untracked 
|  23|0x00000000c3500000, 0x00000000c3600000, 0x00000000c3600000|100%| O|  |TAMS 0x00000000c3600000, 0x00000000c3500000| Untracked 
|  24|0x00000000c3600000, 0x00000000c3700000, 0x00000000c3700000|100%| O|  |TAMS 0x00000000c3700000, 0x00000000c3600000| Untracked 
|  25|0x00000000c3700000, 0x00000000c3800000, 0x00000000c3800000|100%| O|  |TAMS 0x00000000c3800000, 0x00000000c3700000| Untracked 
|  26|0x00000000c3800000, 0x00000000c3900000, 0x00000000c3900000|100%| O|  |TAMS 0x00000000c3900000, 0x00000000c3800000| Untracked 
|  27|0x00000000c3900000, 0x00000000c3a00000, 0x00000000c3a00000|100%| O|  |TAMS 0x00000000c3a00000, 0x00000000c3900000| Untracked 
|  28|0x00000000c3a00000, 0x00000000c3b00000, 0x00000000c3b00000|100%| O|  |TAMS 0x00000000c3b00000, 0x00000000c3a00000| Untracked 
|  29|0x00000000c3b00000, 0x00000000c3c00000, 0x00000000c3c00000|100%| O|  |TAMS 0x00000000c3c00000, 0x00000000c3b00000| Untracked 
|  30|0x00000000c3c00000, 0x00000000c3d00000, 0x00000000c3d00000|100%| O|  |TAMS 0x00000000c3d00000, 0x00000000c3c00000| Untracked 
|  31|0x00000000c3d00000, 0x00000000c3e00000, 0x00000000c3e00000|100%| O|  |TAMS 0x00000000c3e00000, 0x00000000c3d00000| Untracked 
|  32|0x00000000c3e00000, 0x00000000c3f00000, 0x00000000c3f00000|100%| O|  |TAMS 0x00000000c3f00000, 0x00000000c3e00000| Untracked 
|  33|0x00000000c3f00000, 0x00000000c4000000, 0x00000000c4000000|100%| O|  |TAMS 0x00000000c4000000, 0x00000000c3f00000| Untracked 
|  34|0x00000000c4000000, 0x00000000c4100000, 0x00000000c4100000|100%| O|  |TAMS 0x00000000c4100000, 0x00000000c4000000| Untracked 
|  35|0x00000000c4100000, 0x00000000c4200000, 0x00000000c4200000|100%| O|  |TAMS 0x00000000c4200000, 0x00000000c4100000| Untracked 
|  36|0x00000000c4200000, 0x00000000c4300000, 0x00000000c4300000|100%| O|  |TAMS 0x00000000c4300000, 0x00000000c4200000| Untracked 
|  37|0x00000000c4300000, 0x00000000c4400000, 0x00000000c4400000|100%| O|  |TAMS 0x00000000c4400000, 0x00000000c4300000| Untracked 
|  38|0x00000000c4400000, 0x00000000c4500000, 0x00000000c4500000|100%| O|  |TAMS 0x00000000c4400000, 0x00000000c4400000| Untracked 
|  39|0x00000000c4500000, 0x00000000c4600000, 0x00000000c4600000|100%| O|  |TAMS 0x00000000c4500000, 0x00000000c4500000| Untracked 
|  40|0x00000000c4600000, 0x00000000c4700000, 0x00000000c4700000|100%| O|  |TAMS 0x00000000c4600000, 0x00000000c4600000| Untracked 
|  41|0x00000000c4700000, 0x00000000c4800000, 0x00000000c4800000|100%| O|  |TAMS 0x00000000c4700000, 0x00000000c4700000| Untracked 
|  42|0x00000000c4800000, 0x00000000c4900000, 0x00000000c4900000|100%| O|  |TAMS 0x00000000c4800000, 0x00000000c4800000| Untracked 
|  43|0x00000000c4900000, 0x00000000c4a00000, 0x00000000c4a00000|100%| O|  |TAMS 0x00000000c4900000, 0x00000000c4900000| Untracked 
|  44|0x00000000c4a00000, 0x00000000c4b00000, 0x00000000c4b00000|100%|HS|  |TAMS 0x00000000c4a00000, 0x00000000c4a00000| Complete 
|  45|0x00000000c4b00000, 0x00000000c4c00000, 0x00000000c4c00000|100%|HS|  |TAMS 0x00000000c4b00000, 0x00000000c4b00000| Complete 
|  46|0x00000000c4c00000, 0x00000000c4d00000, 0x00000000c4d00000|100%|HS|  |TAMS 0x00000000c4c00000, 0x00000000c4c00000| Complete 
|  47|0x00000000c4d00000, 0x00000000c4e00000, 0x00000000c4e00000|100%| O|  |TAMS 0x00000000c4d00000, 0x00000000c4d00000| Untracked 
|  48|0x00000000c4e00000, 0x00000000c4f00000, 0x00000000c4f00000|100%| O|  |TAMS 0x00000000c4e00000, 0x00000000c4e00000| Untracked 
|  49|0x00000000c4f00000, 0x00000000c5000000, 0x00000000c5000000|100%| O|  |TAMS 0x00000000c4f00000, 0x00000000c4f00000| Untracked 
|  50|0x00000000c5000000, 0x00000000c5100000, 0x00000000c5100000|100%| O|  |TAMS 0x00000000c5000000, 0x00000000c5000000| Untracked 
|  51|0x00000000c5100000, 0x00000000c5200000, 0x00000000c5200000|100%| O|  |TAMS 0x00000000c5100000, 0x00000000c5100000| Untracked 
|  52|0x00000000c5200000, 0x00000000c5300000, 0x00000000c5300000|100%| O|  |TAMS 0x00000000c5200000, 0x00000000c5200000| Untracked 
|  53|0x00000000c5300000, 0x00000000c5400000, 0x00000000c5400000|100%| O|  |TAMS 0x00000000c5300000, 0x00000000c5300000| Untracked 
|  54|0x00000000c5400000, 0x00000000c5500000, 0x00000000c5500000|100%| O|  |TAMS 0x00000000c5400000, 0x00000000c5400000| Untracked 
|  55|0x00000000c5500000, 0x00000000c5600000, 0x00000000c5600000|100%| O|  |TAMS 0x00000000c5500000, 0x00000000c5500000| Untracked 
|  56|0x00000000c5600000, 0x00000000c5700000, 0x00000000c5700000|100%| O|  |TAMS 0x00000000c5600000, 0x00000000c5600000| Untracked 
|  57|0x00000000c5700000, 0x00000000c5800000, 0x00000000c5800000|100%| O|  |TAMS 0x00000000c5700000, 0x00000000c5700000| Untracked 
|  58|0x00000000c5800000, 0x00000000c5900000, 0x00000000c5900000|100%| O|  |TAMS 0x00000000c5800000, 0x00000000c5800000| Untracked 
|  59|0x00000000c5900000, 0x00000000c5a00000, 0x00000000c5a00000|100%| O|  |TAMS 0x00000000c5900000, 0x00000000c5900000| Untracked 
|  60|0x00000000c5a00000, 0x00000000c5b00000, 0x00000000c5b00000|100%| O|  |TAMS 0x00000000c5a00000, 0x00000000c5a00000| Untracked 
|  61|0x00000000c5b00000, 0x00000000c5c00000, 0x00000000c5c00000|100%| O|  |TAMS 0x00000000c5b00000, 0x00000000c5b00000| Untracked 
|  62|0x00000000c5c00000, 0x00000000c5d00000, 0x00000000c5d00000|100%| O|  |TAMS 0x00000000c5c00000, 0x00000000c5c00000| Untracked 
|  63|0x00000000c5d00000, 0x00000000c5e00000, 0x00000000c5e00000|100%| O|  |TAMS 0x00000000c5d00000, 0x00000000c5d00000| Untracked 
|  64|0x00000000c5e00000, 0x00000000c5f00000, 0x00000000c5f00000|100%| O|  |TAMS 0x00000000c5e00000, 0x00000000c5e00000| Untracked 
|  65|0x00000000c5f00000, 0x00000000c6000000, 0x00000000c6000000|100%| O|  |TAMS 0x00000000c5f00000, 0x00000000c5f00000| Untracked 
|  66|0x00000000c6000000, 0x00000000c6100000, 0x00000000c6100000|100%| O|  |TAMS 0x00000000c6000000, 0x00000000c6000000| Untracked 
|  67|0x00000000c6100000, 0x00000000c6200000, 0x00000000c6200000|100%| O|  |TAMS 0x00000000c6100000, 0x00000000c6100000| Untracked 
|  68|0x00000000c6200000, 0x00000000c6300000, 0x00000000c6300000|100%| O|  |TAMS 0x00000000c6200000, 0x00000000c6200000| Untracked 
|  69|0x00000000c6300000, 0x00000000c6400000, 0x00000000c6400000|100%| O|  |TAMS 0x00000000c6300000, 0x00000000c6300000| Untracked 
|  70|0x00000000c6400000, 0x00000000c6500000, 0x00000000c6500000|100%| O|  |TAMS 0x00000000c6400000, 0x00000000c6400000| Untracked 
|  71|0x00000000c6500000, 0x00000000c6600000, 0x00000000c6600000|100%| O|  |TAMS 0x00000000c6500000, 0x00000000c6500000| Untracked 
|  72|0x00000000c6600000, 0x00000000c6700000, 0x00000000c6700000|100%| O|  |TAMS 0x00000000c6600000, 0x00000000c6600000| Untracked 
|  73|0x00000000c6700000, 0x00000000c6800000, 0x00000000c6800000|100%| O|  |TAMS 0x00000000c6700000, 0x00000000c6700000| Untracked 
|  74|0x00000000c6800000, 0x00000000c6900000, 0x00000000c6900000|100%| O|  |TAMS 0x00000000c6800000, 0x00000000c6800000| Untracked 
|  75|0x00000000c6900000, 0x00000000c6a00000, 0x00000000c6a00000|100%| O|  |TAMS 0x00000000c6900000, 0x00000000c6900000| Untracked 
|  76|0x00000000c6a00000, 0x00000000c6aa1800, 0x00000000c6b00000| 63%| O|  |TAMS 0x00000000c6a00000, 0x00000000c6a00000| Untracked 
|  77|0x00000000c6b00000, 0x00000000c6b00000, 0x00000000c6c00000|  0%| F|  |TAMS 0x00000000c6b00000, 0x00000000c6b00000| Untracked 
|  78|0x00000000c6c00000, 0x00000000c6c00000, 0x00000000c6d00000|  0%| F|  |TAMS 0x00000000c6c00000, 0x00000000c6c00000| Untracked 
|  79|0x00000000c6d00000, 0x00000000c6d00000, 0x00000000c6e00000|  0%| F|  |TAMS 0x00000000c6d00000, 0x00000000c6d00000| Untracked 
|  80|0x00000000c6e00000, 0x00000000c6e00000, 0x00000000c6f00000|  0%| F|  |TAMS 0x00000000c6e00000, 0x00000000c6e00000| Untracked 
|  81|0x00000000c6f00000, 0x00000000c6f00000, 0x00000000c7000000|  0%| F|  |TAMS 0x00000000c6f00000, 0x00000000c6f00000| Untracked 
|  82|0x00000000c7000000, 0x00000000c7000000, 0x00000000c7100000|  0%| F|  |TAMS 0x00000000c7000000, 0x00000000c7000000| Untracked 
|  83|0x00000000c7100000, 0x00000000c7100000, 0x00000000c7200000|  0%| F|  |TAMS 0x00000000c7100000, 0x00000000c7100000| Untracked 
|  84|0x00000000c7200000, 0x00000000c7200000, 0x00000000c7300000|  0%| F|  |TAMS 0x00000000c7200000, 0x00000000c7200000| Untracked 
|  85|0x00000000c7300000, 0x00000000c7300000, 0x00000000c7400000|  0%| F|  |TAMS 0x00000000c7300000, 0x00000000c7300000| Untracked 
|  86|0x00000000c7400000, 0x00000000c7400000, 0x00000000c7500000|  0%| F|  |TAMS 0x00000000c7400000, 0x00000000c7400000| Untracked 
|  87|0x00000000c7500000, 0x00000000c7500000, 0x00000000c7600000|  0%| F|  |TAMS 0x00000000c7500000, 0x00000000c7500000| Untracked 
|  88|0x00000000c7600000, 0x00000000c7600000, 0x00000000c7700000|  0%| F|  |TAMS 0x00000000c7600000, 0x00000000c7600000| Untracked 
|  89|0x00000000c7700000, 0x00000000c7700000, 0x00000000c7800000|  0%| F|  |TAMS 0x00000000c7700000, 0x00000000c7700000| Untracked 
|  90|0x00000000c7800000, 0x00000000c7800000, 0x00000000c7900000|  0%| F|  |TAMS 0x00000000c7800000, 0x00000000c7800000| Untracked 
|  91|0x00000000c7900000, 0x00000000c7900000, 0x00000000c7a00000|  0%| F|  |TAMS 0x00000000c7900000, 0x00000000c7900000| Untracked 
|  92|0x00000000c7a00000, 0x00000000c7a00000, 0x00000000c7b00000|  0%| F|  |TAMS 0x00000000c7a00000, 0x00000000c7a00000| Untracked 
|  93|0x00000000c7b00000, 0x00000000c7b00000, 0x00000000c7c00000|  0%| F|  |TAMS 0x00000000c7b00000, 0x00000000c7b00000| Untracked 
|  94|0x00000000c7c00000, 0x00000000c7c00000, 0x00000000c7d00000|  0%| F|  |TAMS 0x00000000c7c00000, 0x00000000c7c00000| Untracked 
|  95|0x00000000c7d00000, 0x00000000c7d00000, 0x00000000c7e00000|  0%| F|  |TAMS 0x00000000c7d00000, 0x00000000c7d00000| Untracked 
|  96|0x00000000c7e00000, 0x00000000c7e00000, 0x00000000c7f00000|  0%| F|  |TAMS 0x00000000c7e00000, 0x00000000c7e00000| Untracked 
|  97|0x00000000c7f00000, 0x00000000c7f00000, 0x00000000c8000000|  0%| F|  |TAMS 0x00000000c7f00000, 0x00000000c7f00000| Untracked 
|  98|0x00000000c8000000, 0x00000000c8000000, 0x00000000c8100000|  0%| F|  |TAMS 0x00000000c8000000, 0x00000000c8000000| Untracked 
|  99|0x00000000c8100000, 0x00000000c8100000, 0x00000000c8200000|  0%| F|  |TAMS 0x00000000c8100000, 0x00000000c8100000| Untracked 
| 100|0x00000000c8200000, 0x00000000c8200000, 0x00000000c8300000|  0%| F|  |TAMS 0x00000000c8200000, 0x00000000c8200000| Untracked 
| 101|0x00000000c8300000, 0x00000000c8300000, 0x00000000c8400000|  0%| F|  |TAMS 0x00000000c8300000, 0x00000000c8300000| Untracked 
| 102|0x00000000c8400000, 0x00000000c8400000, 0x00000000c8500000|  0%| F|  |TAMS 0x00000000c8400000, 0x00000000c8400000| Untracked 
| 103|0x00000000c8500000, 0x00000000c8500000, 0x00000000c8600000|  0%| F|  |TAMS 0x00000000c8500000, 0x00000000c8500000| Untracked 
| 104|0x00000000c8600000, 0x00000000c8600000, 0x00000000c8700000|  0%| F|  |TAMS 0x00000000c8600000, 0x00000000c8600000| Untracked 
| 105|0x00000000c8700000, 0x00000000c8700000, 0x00000000c8800000|  0%| F|  |TAMS 0x00000000c8700000, 0x00000000c8700000| Untracked 
| 106|0x00000000c8800000, 0x00000000c8800000, 0x00000000c8900000|  0%| F|  |TAMS 0x00000000c8800000, 0x00000000c8800000| Untracked 
| 107|0x00000000c8900000, 0x00000000c8900000, 0x00000000c8a00000|  0%| F|  |TAMS 0x00000000c8900000, 0x00000000c8900000| Untracked 
| 108|0x00000000c8a00000, 0x00000000c8a00000, 0x00000000c8b00000|  0%| F|  |TAMS 0x00000000c8a00000, 0x00000000c8a00000| Untracked 
| 109|0x00000000c8b00000, 0x00000000c8b00000, 0x00000000c8c00000|  0%| F|  |TAMS 0x00000000c8b00000, 0x00000000c8b00000| Untracked 
| 110|0x00000000c8c00000, 0x00000000c8c00000, 0x00000000c8d00000|  0%| F|  |TAMS 0x00000000c8c00000, 0x00000000c8c00000| Untracked 
| 111|0x00000000c8d00000, 0x00000000c8d00000, 0x00000000c8e00000|  0%| F|  |TAMS 0x00000000c8d00000, 0x00000000c8d00000| Untracked 
| 112|0x00000000c8e00000, 0x00000000c8e00000, 0x00000000c8f00000|  0%| F|  |TAMS 0x00000000c8e00000, 0x00000000c8e00000| Untracked 
| 113|0x00000000c8f00000, 0x00000000c8f00000, 0x00000000c9000000|  0%| F|  |TAMS 0x00000000c8f00000, 0x00000000c8f00000| Untracked 
| 114|0x00000000c9000000, 0x00000000c90c0410, 0x00000000c9100000| 75%| S|CS|TAMS 0x00000000c9000000, 0x00000000c9000000| Complete 
| 115|0x00000000c9100000, 0x00000000c9200000, 0x00000000c9200000|100%| S|CS|TAMS 0x00000000c9100000, 0x00000000c9100000| Complete 
| 116|0x00000000c9200000, 0x00000000c9300000, 0x00000000c9300000|100%| S|CS|TAMS 0x00000000c9200000, 0x00000000c9200000| Complete 
| 117|0x00000000c9300000, 0x00000000c9300000, 0x00000000c9400000|  0%| F|  |TAMS 0x00000000c9300000, 0x00000000c9300000| Untracked 
| 118|0x00000000c9400000, 0x00000000c9400000, 0x00000000c9500000|  0%| F|  |TAMS 0x00000000c9400000, 0x00000000c9400000| Untracked 
| 119|0x00000000c9500000, 0x00000000c9500000, 0x00000000c9600000|  0%| F|  |TAMS 0x00000000c9500000, 0x00000000c9500000| Untracked 
| 120|0x00000000c9600000, 0x00000000c9600000, 0x00000000c9700000|  0%| F|  |TAMS 0x00000000c9600000, 0x00000000c9600000| Untracked 
| 121|0x00000000c9700000, 0x00000000c9700000, 0x00000000c9800000|  0%| F|  |TAMS 0x00000000c9700000, 0x00000000c9700000| Untracked 
| 122|0x00000000c9800000, 0x00000000c9800000, 0x00000000c9900000|  0%| F|  |TAMS 0x00000000c9800000, 0x00000000c9800000| Untracked 
| 123|0x00000000c9900000, 0x00000000c9900000, 0x00000000c9a00000|  0%| F|  |TAMS 0x00000000c9900000, 0x00000000c9900000| Untracked 
| 124|0x00000000c9a00000, 0x00000000c9b00000, 0x00000000c9b00000|100%| S|CS|TAMS 0x00000000c9a00000, 0x00000000c9a00000| Complete 
| 125|0x00000000c9b00000, 0x00000000c9c00000, 0x00000000c9c00000|100%| S|CS|TAMS 0x00000000c9b00000, 0x00000000c9b00000| Complete 
| 126|0x00000000c9c00000, 0x00000000c9d00000, 0x00000000c9d00000|100%| S|CS|TAMS 0x00000000c9c00000, 0x00000000c9c00000| Complete 
| 127|0x00000000c9d00000, 0x00000000c9e00000, 0x00000000c9e00000|100%| S|CS|TAMS 0x00000000c9d00000, 0x00000000c9d00000| Complete 
| 128|0x00000000c9e00000, 0x00000000c9e00000, 0x00000000c9f00000|  0%| F|  |TAMS 0x00000000c9e00000, 0x00000000c9e00000| Untracked 
| 129|0x00000000c9f00000, 0x00000000c9f00000, 0x00000000ca000000|  0%| F|  |TAMS 0x00000000c9f00000, 0x00000000c9f00000| Untracked 
| 130|0x00000000ca000000, 0x00000000ca000000, 0x00000000ca100000|  0%| F|  |TAMS 0x00000000ca000000, 0x00000000ca000000| Untracked 
| 131|0x00000000ca100000, 0x00000000ca100000, 0x00000000ca200000|  0%| F|  |TAMS 0x00000000ca100000, 0x00000000ca100000| Untracked 
| 132|0x00000000ca200000, 0x00000000ca200000, 0x00000000ca300000|  0%| F|  |TAMS 0x00000000ca200000, 0x00000000ca200000| Untracked 
| 133|0x00000000ca300000, 0x00000000ca300000, 0x00000000ca400000|  0%| F|  |TAMS 0x00000000ca300000, 0x00000000ca300000| Untracked 
| 134|0x00000000ca400000, 0x00000000ca400000, 0x00000000ca500000|  0%| F|  |TAMS 0x00000000ca400000, 0x00000000ca400000| Untracked 
| 135|0x00000000ca500000, 0x00000000ca500000, 0x00000000ca600000|  0%| F|  |TAMS 0x00000000ca500000, 0x00000000ca500000| Untracked 
| 136|0x00000000ca600000, 0x00000000ca600000, 0x00000000ca700000|  0%| F|  |TAMS 0x00000000ca600000, 0x00000000ca600000| Untracked 
| 137|0x00000000ca700000, 0x00000000ca700000, 0x00000000ca800000|  0%| F|  |TAMS 0x00000000ca700000, 0x00000000ca700000| Untracked 
| 138|0x00000000ca800000, 0x00000000ca800000, 0x00000000ca900000|  0%| F|  |TAMS 0x00000000ca800000, 0x00000000ca800000| Untracked 
| 139|0x00000000ca900000, 0x00000000ca900000, 0x00000000caa00000|  0%| F|  |TAMS 0x00000000ca900000, 0x00000000ca900000| Untracked 
| 140|0x00000000caa00000, 0x00000000caa00000, 0x00000000cab00000|  0%| F|  |TAMS 0x00000000caa00000, 0x00000000caa00000| Untracked 
| 141|0x00000000cab00000, 0x00000000cab00000, 0x00000000cac00000|  0%| F|  |TAMS 0x00000000cab00000, 0x00000000cab00000| Untracked 
| 142|0x00000000cac00000, 0x00000000cac00000, 0x00000000cad00000|  0%| F|  |TAMS 0x00000000cac00000, 0x00000000cac00000| Untracked 
| 143|0x00000000cad00000, 0x00000000cad00000, 0x00000000cae00000|  0%| F|  |TAMS 0x00000000cad00000, 0x00000000cad00000| Untracked 
| 144|0x00000000cae00000, 0x00000000cae00000, 0x00000000caf00000|  0%| F|  |TAMS 0x00000000cae00000, 0x00000000cae00000| Untracked 
| 145|0x00000000caf00000, 0x00000000caf00000, 0x00000000cb000000|  0%| F|  |TAMS 0x00000000caf00000, 0x00000000caf00000| Untracked 
| 146|0x00000000cb000000, 0x00000000cb000000, 0x00000000cb100000|  0%| F|  |TAMS 0x00000000cb000000, 0x00000000cb000000| Untracked 
| 147|0x00000000cb100000, 0x00000000cb100000, 0x00000000cb200000|  0%| F|  |TAMS 0x00000000cb100000, 0x00000000cb100000| Untracked 
| 148|0x00000000cb200000, 0x00000000cb200000, 0x00000000cb300000|  0%| F|  |TAMS 0x00000000cb200000, 0x00000000cb200000| Untracked 
| 149|0x00000000cb300000, 0x00000000cb300000, 0x00000000cb400000|  0%| F|  |TAMS 0x00000000cb300000, 0x00000000cb300000| Untracked 
| 150|0x00000000cb400000, 0x00000000cb400000, 0x00000000cb500000|  0%| F|  |TAMS 0x00000000cb400000, 0x00000000cb400000| Untracked 
| 151|0x00000000cb500000, 0x00000000cb500000, 0x00000000cb600000|  0%| F|  |TAMS 0x00000000cb500000, 0x00000000cb500000| Untracked 
| 152|0x00000000cb600000, 0x00000000cb600000, 0x00000000cb700000|  0%| F|  |TAMS 0x00000000cb600000, 0x00000000cb600000| Untracked 
| 153|0x00000000cb700000, 0x00000000cb700000, 0x00000000cb800000|  0%| F|  |TAMS 0x00000000cb700000, 0x00000000cb700000| Untracked 
| 154|0x00000000cb800000, 0x00000000cb800000, 0x00000000cb900000|  0%| F|  |TAMS 0x00000000cb800000, 0x00000000cb800000| Untracked 
| 155|0x00000000cb900000, 0x00000000cb900000, 0x00000000cba00000|  0%| F|  |TAMS 0x00000000cb900000, 0x00000000cb900000| Untracked 
| 156|0x00000000cba00000, 0x00000000cba00000, 0x00000000cbb00000|  0%| F|  |TAMS 0x00000000cba00000, 0x00000000cba00000| Untracked 
| 157|0x00000000cbb00000, 0x00000000cbb00000, 0x00000000cbc00000|  0%| F|  |TAMS 0x00000000cbb00000, 0x00000000cbb00000| Untracked 
| 158|0x00000000cbc00000, 0x00000000cbc00000, 0x00000000cbd00000|  0%| F|  |TAMS 0x00000000cbc00000, 0x00000000cbc00000| Untracked 
| 159|0x00000000cbd00000, 0x00000000cbd00000, 0x00000000cbe00000|  0%| F|  |TAMS 0x00000000cbd00000, 0x00000000cbd00000| Untracked 
| 160|0x00000000cbe00000, 0x00000000cbe00000, 0x00000000cbf00000|  0%| F|  |TAMS 0x00000000cbe00000, 0x00000000cbe00000| Untracked 
| 161|0x00000000cbf00000, 0x00000000cbf00000, 0x00000000cc000000|  0%| F|  |TAMS 0x00000000cbf00000, 0x00000000cbf00000| Untracked 
| 162|0x00000000cc000000, 0x00000000cc000000, 0x00000000cc100000|  0%| F|  |TAMS 0x00000000cc000000, 0x00000000cc000000| Untracked 
| 163|0x00000000cc100000, 0x00000000cc100000, 0x00000000cc200000|  0%| F|  |TAMS 0x00000000cc100000, 0x00000000cc100000| Untracked 
| 164|0x00000000cc200000, 0x00000000cc200000, 0x00000000cc300000|  0%| F|  |TAMS 0x00000000cc200000, 0x00000000cc200000| Untracked 
| 165|0x00000000cc300000, 0x00000000cc300000, 0x00000000cc400000|  0%| F|  |TAMS 0x00000000cc300000, 0x00000000cc300000| Untracked 
| 166|0x00000000cc400000, 0x00000000cc400000, 0x00000000cc500000|  0%| F|  |TAMS 0x00000000cc400000, 0x00000000cc400000| Untracked 
| 167|0x00000000cc500000, 0x00000000cc500000, 0x00000000cc600000|  0%| F|  |TAMS 0x00000000cc500000, 0x00000000cc500000| Untracked 
| 168|0x00000000cc600000, 0x00000000cc600000, 0x00000000cc700000|  0%| F|  |TAMS 0x00000000cc600000, 0x00000000cc600000| Untracked 
| 169|0x00000000cc700000, 0x00000000cc700000, 0x00000000cc800000|  0%| F|  |TAMS 0x00000000cc700000, 0x00000000cc700000| Untracked 
| 170|0x00000000cc800000, 0x00000000cc800000, 0x00000000cc900000|  0%| F|  |TAMS 0x00000000cc800000, 0x00000000cc800000| Untracked 
| 171|0x00000000cc900000, 0x00000000cc900000, 0x00000000cca00000|  0%| F|  |TAMS 0x00000000cc900000, 0x00000000cc900000| Untracked 
| 172|0x00000000cca00000, 0x00000000cca00000, 0x00000000ccb00000|  0%| F|  |TAMS 0x00000000cca00000, 0x00000000cca00000| Untracked 
| 173|0x00000000ccb00000, 0x00000000ccb00000, 0x00000000ccc00000|  0%| F|  |TAMS 0x00000000ccb00000, 0x00000000ccb00000| Untracked 
| 174|0x00000000ccc00000, 0x00000000ccc00000, 0x00000000ccd00000|  0%| F|  |TAMS 0x00000000ccc00000, 0x00000000ccc00000| Untracked 
| 175|0x00000000ccd00000, 0x00000000ccd00000, 0x00000000cce00000|  0%| F|  |TAMS 0x00000000ccd00000, 0x00000000ccd00000| Untracked 
| 176|0x00000000cce00000, 0x00000000cce00000, 0x00000000ccf00000|  0%| F|  |TAMS 0x00000000cce00000, 0x00000000cce00000| Untracked 
| 177|0x00000000ccf00000, 0x00000000ccf00000, 0x00000000cd000000|  0%| F|  |TAMS 0x00000000ccf00000, 0x00000000ccf00000| Untracked 
| 178|0x00000000cd000000, 0x00000000cd000000, 0x00000000cd100000|  0%| F|  |TAMS 0x00000000cd000000, 0x00000000cd000000| Untracked 
| 179|0x00000000cd100000, 0x00000000cd100000, 0x00000000cd200000|  0%| F|  |TAMS 0x00000000cd100000, 0x00000000cd100000| Untracked 
| 180|0x00000000cd200000, 0x00000000cd200000, 0x00000000cd300000|  0%| F|  |TAMS 0x00000000cd200000, 0x00000000cd200000| Untracked 
| 181|0x00000000cd300000, 0x00000000cd300000, 0x00000000cd400000|  0%| F|  |TAMS 0x00000000cd300000, 0x00000000cd300000| Untracked 
| 182|0x00000000cd400000, 0x00000000cd400000, 0x00000000cd500000|  0%| F|  |TAMS 0x00000000cd400000, 0x00000000cd400000| Untracked 
| 183|0x00000000cd500000, 0x00000000cd500000, 0x00000000cd600000|  0%| F|  |TAMS 0x00000000cd500000, 0x00000000cd500000| Untracked 
| 184|0x00000000cd600000, 0x00000000cd600000, 0x00000000cd700000|  0%| F|  |TAMS 0x00000000cd600000, 0x00000000cd600000| Untracked 
| 185|0x00000000cd700000, 0x00000000cd700000, 0x00000000cd800000|  0%| F|  |TAMS 0x00000000cd700000, 0x00000000cd700000| Untracked 
| 186|0x00000000cd800000, 0x00000000cd800000, 0x00000000cd900000|  0%| F|  |TAMS 0x00000000cd800000, 0x00000000cd800000| Untracked 
| 187|0x00000000cd900000, 0x00000000cd900000, 0x00000000cda00000|  0%| F|  |TAMS 0x00000000cd900000, 0x00000000cd900000| Untracked 
| 188|0x00000000cda00000, 0x00000000cda00000, 0x00000000cdb00000|  0%| F|  |TAMS 0x00000000cda00000, 0x00000000cda00000| Untracked 
| 189|0x00000000cdb00000, 0x00000000cdb00000, 0x00000000cdc00000|  0%| F|  |TAMS 0x00000000cdb00000, 0x00000000cdb00000| Untracked 
| 190|0x00000000cdc00000, 0x00000000cdc00000, 0x00000000cdd00000|  0%| F|  |TAMS 0x00000000cdc00000, 0x00000000cdc00000| Untracked 
| 191|0x00000000cdd00000, 0x00000000cdd00000, 0x00000000cde00000|  0%| F|  |TAMS 0x00000000cdd00000, 0x00000000cdd00000| Untracked 
| 192|0x00000000cde00000, 0x00000000cde00000, 0x00000000cdf00000|  0%| F|  |TAMS 0x00000000cde00000, 0x00000000cde00000| Untracked 
| 193|0x00000000cdf00000, 0x00000000cdf00000, 0x00000000ce000000|  0%| F|  |TAMS 0x00000000cdf00000, 0x00000000cdf00000| Untracked 
| 194|0x00000000ce000000, 0x00000000ce000000, 0x00000000ce100000|  0%| F|  |TAMS 0x00000000ce000000, 0x00000000ce000000| Untracked 
| 195|0x00000000ce100000, 0x00000000ce100000, 0x00000000ce200000|  0%| F|  |TAMS 0x00000000ce100000, 0x00000000ce100000| Untracked 
| 196|0x00000000ce200000, 0x00000000ce200000, 0x00000000ce300000|  0%| F|  |TAMS 0x00000000ce200000, 0x00000000ce200000| Untracked 
| 197|0x00000000ce300000, 0x00000000ce300000, 0x00000000ce400000|  0%| F|  |TAMS 0x00000000ce300000, 0x00000000ce300000| Untracked 
| 198|0x00000000ce400000, 0x00000000ce400000, 0x00000000ce500000|  0%| F|  |TAMS 0x00000000ce400000, 0x00000000ce400000| Untracked 
| 199|0x00000000ce500000, 0x00000000ce500000, 0x00000000ce600000|  0%| F|  |TAMS 0x00000000ce500000, 0x00000000ce500000| Untracked 
| 200|0x00000000ce600000, 0x00000000ce600000, 0x00000000ce700000|  0%| F|  |TAMS 0x00000000ce600000, 0x00000000ce600000| Untracked 
| 201|0x00000000ce700000, 0x00000000ce700000, 0x00000000ce800000|  0%| F|  |TAMS 0x00000000ce700000, 0x00000000ce700000| Untracked 
| 202|0x00000000ce800000, 0x00000000ce800000, 0x00000000ce900000|  0%| F|  |TAMS 0x00000000ce800000, 0x00000000ce800000| Untracked 
| 203|0x00000000ce900000, 0x00000000ce900000, 0x00000000cea00000|  0%| F|  |TAMS 0x00000000ce900000, 0x00000000ce900000| Untracked 
| 204|0x00000000cea00000, 0x00000000cea00000, 0x00000000ceb00000|  0%| F|  |TAMS 0x00000000cea00000, 0x00000000cea00000| Untracked 
| 205|0x00000000ceb00000, 0x00000000ceb00000, 0x00000000cec00000|  0%| F|  |TAMS 0x00000000ceb00000, 0x00000000ceb00000| Untracked 
| 206|0x00000000cec00000, 0x00000000cec00000, 0x00000000ced00000|  0%| F|  |TAMS 0x00000000cec00000, 0x00000000cec00000| Untracked 
| 207|0x00000000ced00000, 0x00000000ced00000, 0x00000000cee00000|  0%| F|  |TAMS 0x00000000ced00000, 0x00000000ced00000| Untracked 
| 208|0x00000000cee00000, 0x00000000cee00000, 0x00000000cef00000|  0%| F|  |TAMS 0x00000000cee00000, 0x00000000cee00000| Untracked 
| 209|0x00000000cef00000, 0x00000000cef00000, 0x00000000cf000000|  0%| F|  |TAMS 0x00000000cef00000, 0x00000000cef00000| Untracked 
| 210|0x00000000cf000000, 0x00000000cf000000, 0x00000000cf100000|  0%| F|  |TAMS 0x00000000cf000000, 0x00000000cf000000| Untracked 

Card table byte_map: [0x000001c3d6fa0000,0x000001c3d71a0000] _byte_map_base: 0x000001c3d6991000

Marking Bits (Prev, Next): (CMBitMap*) 0x000001c3d1030e70, (CMBitMap*) 0x000001c3d1030e30
 Prev Bits: [0x000001c3d8330000, 0x000001c3d92b8000)
 Next Bits: [0x000001c3d73a0000, 0x000001c3d8328000)

Polling page: 0x000001c3cef50000

Metaspace:

Usage:
  Non-class:     33.16 MB used.
      Class:      4.79 MB used.
       Both:     37.95 MB used.

Virtual space:
  Non-class space:       40.00 MB reserved,      33.31 MB ( 83%) committed,  5 nodes.
      Class space:        1.00 GB reserved,       4.94 MB ( <1%) committed,  1 nodes.
             Both:        1.04 GB reserved,      38.25 MB (  4%) committed. 

Chunk freelists:
   Non-Class:  2.70 MB
       Class:  2.91 MB
        Both:  5.61 MB

MaxMetaspaceSize: unlimited
CompressedClassSpaceSize: 1.00 GB
Initial GC threshold: 21.00 MB
Current GC threshold: 62.00 MB
CDS: off
MetaspaceReclaimPolicy: balanced
 - commit_granule_bytes: 65536.
 - commit_granule_words: 8192.
 - virtual_space_node_default_size: 1048576.
 - enlarge_chunks_in_place: 1.
 - new_chunks_are_fully_committed: 0.
 - uncommit_free_chunks: 1.
 - use_allocation_guard: 0.
 - handle_deallocations: 1.


Internal statistics:

num_allocs_failed_limit: 6.
num_arena_births: 348.
num_arena_deaths: 0.
num_vsnodes_births: 6.
num_vsnodes_deaths: 0.
num_space_committed: 612.
num_space_uncommitted: 0.
num_chunks_returned_to_freelist: 6.
num_chunks_taken_from_freelist: 1491.
num_chunk_merges: 6.
num_chunk_splits: 1029.
num_chunks_enlarged: 798.
num_purges: 0.
num_inconsistent_stats: 0.

CodeCache: size=49152Kb used=8408Kb max_used=8408Kb free=40743Kb
 bounds [0x000001c3d3c90000, 0x000001c3d44d0000, 0x000001c3d6c90000]
 total_blobs=4511 nmethods=3981 adapters=455
 compilation: enabled
              stopped_count=0, restarted_count=0
 full_count=0

Compilation events (20 events):
Event: 4.329 Thread 0x000001c3dbcfd600 nmethod 3972 0x000001c3d44c2310 code [0x000001c3d44c24e0, 0x000001c3d44c27a8]
Event: 4.329 Thread 0x000001c3dbc5c860 nmethod 3974 0x000001c3d44c2a90 code [0x000001c3d44c2c20, 0x000001c3d44c2d68]
Event: 4.332 Thread 0x000001c3dbcfd600 3976       1       java.util.WeakHashMap::newTable (5 bytes)
Event: 4.332 Thread 0x000001c3dbc5c860 3975       1       java.util.WeakHashMap::<init> (133 bytes)
Event: 4.332 Thread 0x000001c3dbcfd600 nmethod 3976 0x000001c3d44c2e10 code [0x000001c3d44c2fa0, 0x000001c3d44c30f8]
Event: 4.333 Thread 0x000001c3dbcfd600 3977       1       java.util.WeakHashMap::<init> (9 bytes)
Event: 4.333 Thread 0x000001c3dbcfd600 nmethod 3977 0x000001c3d44c3190 code [0x000001c3d44c3340, 0x000001c3d44c3428]
Event: 4.334 Thread 0x000001c3dbc5c860 nmethod 3975 0x000001c3d44c3490 code [0x000001c3d44c3700, 0x000001c3d44c40c8]
Event: 4.342 Thread 0x000001c3dbc5c860 3978       1       org.eclipse.jdt.internal.compiler.batch.ClasspathJrt::getModule (39 bytes)
Event: 4.342 Thread 0x000001c3dbcfd600 3979       1       org.eclipse.jdt.internal.compiler.classfmt.ModuleInfo$PackageExportInfo::targets (5 bytes)
Event: 4.342 Thread 0x000001c3dbcfd600 nmethod 3979 0x000001c3d44c4490 code [0x000001c3d44c4620, 0x000001c3d44c46f8]
Event: 4.342 Thread 0x000001c3dbcfd600 3980       1       org.eclipse.jdt.internal.compiler.batch.ClasspathLocation$$Lambda$572/0x0000000100510690::apply (12 bytes)
Event: 4.342 Thread 0x000001c3dbc5c860 nmethod 3978 0x000001c3d44c4790 code [0x000001c3d44c4960, 0x000001c3d44c4c08]
Event: 4.343 Thread 0x000001c3dbc5c860 3981       1       org.eclipse.jdt.internal.compiler.batch.ClasspathLocation::lambda$0 (9 bytes)
Event: 4.343 Thread 0x000001c3dbcfd600 nmethod 3980 0x000001c3d44c4d90 code [0x000001c3d44c4f60, 0x000001c3d44c5288]
Event: 4.343 Thread 0x000001c3dbcfd600 3982       1       jdk.internal.misc.Unsafe::weakCompareAndSetReference (11 bytes)
Event: 4.343 Thread 0x000001c3dbc5c860 nmethod 3981 0x000001c3d44c5490 code [0x000001c3d44c5640, 0x000001c3d44c5928]
Event: 4.343 Thread 0x000001c3dbcfd600 nmethod 3982 0x000001c3d44c5a90 code [0x000001c3d44c5c20, 0x000001c3d44c5d58]
Event: 4.352 Thread 0x000001c3dbcfd600 3983       1       ch.qos.logback.classic.Logger::appendLoopOnAppenders (18 bytes)
Event: 4.353 Thread 0x000001c3dbcfd600 nmethod 3983 0x000001c3d44c5e10 code [0x000001c3d44c5fc0, 0x000001c3d44c60e8]

GC Heap History (20 events):
Event: 3.333 GC heap after
{Heap after GC invocations=12 (full 0):
 garbage-first heap   total 84992K, used 31681K [0x00000000c1e00000, 0x0000000100000000)
  region size 1024K, 1 young (1024K), 1 survivors (1024K)
 Metaspace       used 35949K, committed 36160K, reserved 1081344K
  class space    used 4640K, committed 4736K, reserved 1048576K
}
Event: 3.412 GC heap before
{Heap before GC invocations=13 (full 0):
 garbage-first heap   total 84992K, used 60353K [0x00000000c1e00000, 0x0000000100000000)
  region size 1024K, 30 young (30720K), 1 survivors (1024K)
 Metaspace       used 36609K, committed 36992K, reserved 1081344K
  class space    used 4711K, committed 4864K, reserved 1048576K
}
Event: 3.417 GC heap after
{Heap after GC invocations=14 (full 0):
 garbage-first heap   total 84992K, used 36116K [0x00000000c1e00000, 0x0000000100000000)
  region size 1024K, 4 young (4096K), 4 survivors (4096K)
 Metaspace       used 36609K, committed 36992K, reserved 1081344K
  class space    used 4711K, committed 4864K, reserved 1048576K
}
Event: 3.419 GC heap before
{Heap before GC invocations=14 (full 0):
 garbage-first heap   total 84992K, used 37140K [0x00000000c1e00000, 0x0000000100000000)
  region size 1024K, 5 young (5120K), 4 survivors (4096K)
 Metaspace       used 36609K, committed 36992K, reserved 1081344K
  class space    used 4711K, committed 4864K, reserved 1048576K
}
Event: 3.422 GC heap after
{Heap after GC invocations=15 (full 0):
 garbage-first heap   total 84992K, used 35956K [0x00000000c1e00000, 0x0000000100000000)
  region size 1024K, 1 young (1024K), 1 survivors (1024K)
 Metaspace       used 36609K, committed 36992K, reserved 1081344K
  class space    used 4711K, committed 4864K, reserved 1048576K
}
Event: 3.481 GC heap before
{Heap before GC invocations=15 (full 0):
 garbage-first heap   total 84992K, used 61556K [0x00000000c1e00000, 0x0000000100000000)
  region size 1024K, 27 young (27648K), 1 survivors (1024K)
 Metaspace       used 36971K, committed 37312K, reserved 1081344K
  class space    used 4732K, committed 4864K, reserved 1048576K
}
Event: 3.488 GC heap after
{Heap after GC invocations=16 (full 0):
 garbage-first heap   total 84992K, used 42494K [0x00000000c1e00000, 0x0000000100000000)
  region size 1024K, 4 young (4096K), 4 survivors (4096K)
 Metaspace       used 36971K, committed 37312K, reserved 1081344K
  class space    used 4732K, committed 4864K, reserved 1048576K
}
Event: 3.538 GC heap before
{Heap before GC invocations=16 (full 0):
 garbage-first heap   total 84992K, used 61950K [0x00000000c1e00000, 0x0000000100000000)
  region size 1024K, 24 young (24576K), 4 survivors (4096K)
 Metaspace       used 37463K, committed 37760K, reserved 1089536K
  class space    used 4743K, committed 4864K, reserved 1048576K
}
Event: 3.548 GC heap after
{Heap after GC invocations=17 (full 0):
 garbage-first heap   total 216064K, used 46739K [0x00000000c1e00000, 0x0000000100000000)
  region size 1024K, 3 young (3072K), 3 survivors (3072K)
 Metaspace       used 37463K, committed 37760K, reserved 1089536K
  class space    used 4743K, committed 4864K, reserved 1048576K
}
Event: 3.967 GC heap before
{Heap before GC invocations=18 (full 0):
 garbage-first heap   total 191488K, used 136851K [0x00000000c1e00000, 0x0000000100000000)
  region size 1024K, 89 young (91136K), 3 survivors (3072K)
 Metaspace       used 38731K, committed 39104K, reserved 1089536K
  class space    used 4887K, committed 5056K, reserved 1048576K
}
Event: 4.038 GC heap after
{Heap after GC invocations=19 (full 0):
 garbage-first heap   total 191488K, used 71182K [0x00000000c1e00000, 0x0000000100000000)
  region size 1024K, 12 young (12288K), 12 survivors (12288K)
 Metaspace       used 38731K, committed 39104K, reserved 1089536K
  class space    used 4887K, committed 5056K, reserved 1048576K
}
Event: 4.040 GC heap before
{Heap before GC invocations=19 (full 0):
 garbage-first heap   total 191488K, used 71182K [0x00000000c1e00000, 0x0000000100000000)
  region size 1024K, 13 young (13312K), 12 survivors (12288K)
 Metaspace       used 38731K, committed 39104K, reserved 1089536K
  class space    used 4887K, committed 5056K, reserved 1048576K
}
Event: 4.053 GC heap after
{Heap after GC invocations=20 (full 0):
 garbage-first heap   total 191488K, used 73131K [0x00000000c1e00000, 0x0000000100000000)
  region size 1024K, 2 young (2048K), 2 survivors (2048K)
 Metaspace       used 38731K, committed 39104K, reserved 1089536K
  class space    used 4887K, committed 5056K, reserved 1048576K
}
Event: 4.150 GC heap before
{Heap before GC invocations=20 (full 0):
 garbage-first heap   total 191488K, used 121259K [0x00000000c1e00000, 0x0000000100000000)
  region size 1024K, 50 young (51200K), 2 survivors (2048K)
 Metaspace       used 38820K, committed 39168K, reserved 1089536K
  class space    used 4899K, committed 5056K, reserved 1048576K
}
Event: 4.153 GC heap after
{Heap after GC invocations=21 (full 0):
 garbage-first heap   total 191488K, used 74827K [0x00000000c1e00000, 0x0000000100000000)
  region size 1024K, 3 young (3072K), 3 survivors (3072K)
 Metaspace       used 38820K, committed 39168K, reserved 1089536K
  class space    used 4899K, committed 5056K, reserved 1048576K
}
Event: 4.185 GC heap before
{Heap before GC invocations=21 (full 0):
 garbage-first heap   total 191488K, used 127051K [0x00000000c1e00000, 0x0000000100000000)
  region size 1024K, 55 young (56320K), 3 survivors (3072K)
 Metaspace       used 38820K, committed 39168K, reserved 1089536K
  class space    used 4899K, committed 5056K, reserved 1048576K
}
Event: 4.188 GC heap after
{Heap after GC invocations=22 (full 0):
 garbage-first heap   total 191488K, used 77764K [0x00000000c1e00000, 0x0000000100000000)
  region size 1024K, 6 young (6144K), 6 survivors (6144K)
 Metaspace       used 38820K, committed 39168K, reserved 1089536K
  class space    used 4899K, committed 5056K, reserved 1048576K
}
Event: 4.309 GC heap before
{Heap before GC invocations=22 (full 0):
 garbage-first heap   total 191488K, used 135108K [0x00000000c1e00000, 0x0000000100000000)
  region size 1024K, 63 young (64512K), 6 survivors (6144K)
 Metaspace       used 38820K, committed 39168K, reserved 1089536K
  class space    used 4899K, committed 5056K, reserved 1048576K
}
Event: 4.315 GC heap after
{Heap after GC invocations=23 (full 0):
 garbage-first heap   total 191488K, used 81105K [0x00000000c1e00000, 0x0000000100000000)
  region size 1024K, 7 young (7168K), 7 survivors (7168K)
 Metaspace       used 38820K, committed 39168K, reserved 1089536K
  class space    used 4899K, committed 5056K, reserved 1048576K
}
Event: 4.354 GC heap before
{Heap before GC invocations=23 (full 0):
 garbage-first heap   total 191488K, used 140497K [0x00000000c1e00000, 0x0000000100000000)
  region size 1024K, 66 young (67584K), 7 survivors (7168K)
 Metaspace       used 38865K, committed 39168K, reserved 1089536K
  class space    used 4905K, committed 5056K, reserved 1048576K
}

Deoptimization events (10 events):
Event: 1.493 Thread 0x000001c3d0ff28e0 DEOPT PACKING pc=0x000001c3d40c5f99 sp=0x0000002e40efd2d0
Event: 1.493 Thread 0x000001c3d0ff28e0 DEOPT UNPACKING pc=0x000001c3d3ce2b43 sp=0x0000002e40efc7b0 mode 3
Event: 3.074 Thread 0x000001c3de4bd810 DEOPT PACKING pc=0x000001c3d42ed135 sp=0x0000002e42dfd5a0
Event: 3.074 Thread 0x000001c3de4bd810 DEOPT UNPACKING pc=0x000001c3d3ce2b43 sp=0x0000002e42dfcab8 mode 3
Event: 3.093 Thread 0x000001c3de0ae260 DEOPT PACKING pc=0x000001c3d40c4e01 sp=0x0000002e42cfda80
Event: 3.093 Thread 0x000001c3de0ae260 DEOPT UNPACKING pc=0x000001c3d3ce2b43 sp=0x0000002e42cfcf10 mode 3
Event: 3.094 Thread 0x000001c3de529140 DEOPT PACKING pc=0x000001c3d40c1e97 sp=0x0000002e42ffefe0
Event: 3.094 Thread 0x000001c3de529140 DEOPT UNPACKING pc=0x000001c3d3ce2b43 sp=0x0000002e42ffe438 mode 3
Event: 3.141 Thread 0x000001c3de51d2f0 DEOPT PACKING pc=0x000001c3d430f8ab sp=0x0000002e42efe2a0
Event: 3.141 Thread 0x000001c3de51d2f0 DEOPT UNPACKING pc=0x000001c3d3ce2b43 sp=0x0000002e42efd7e8 mode 3

Classes unloaded (0 events):
No events

Classes redefined (0 events):
No events

Internal exceptions (20 events):
Event: 3.163 Thread 0x000001c3de5215e0 Exception <a 'sun/nio/fs/WindowsException'{0x00000000c54595f0}> (0x00000000c54595f0) 
thrown [s\src\hotspot\share\prims\jni.cpp, line 516]
Event: 3.163 Thread 0x000001c3de5215e0 Exception <a 'sun/nio/fs/WindowsException'{0x00000000c545a000}> (0x00000000c545a000) 
thrown [s\src\hotspot\share\prims\jni.cpp, line 516]
Event: 3.163 Thread 0x000001c3de5215e0 Exception <a 'sun/nio/fs/WindowsException'{0x00000000c545a3d8}> (0x00000000c545a3d8) 
thrown [s\src\hotspot\share\prims\jni.cpp, line 516]
Event: 3.163 Thread 0x000001c3de5215e0 Exception <a 'sun/nio/fs/WindowsException'{0x00000000c545adc0}> (0x00000000c545adc0) 
thrown [s\src\hotspot\share\prims\jni.cpp, line 516]
Event: 3.164 Thread 0x000001c3de5215e0 Exception <a 'sun/nio/fs/WindowsException'{0x00000000c545b160}> (0x00000000c545b160) 
thrown [s\src\hotspot\share\prims\jni.cpp, line 516]
Event: 3.164 Thread 0x000001c3de5215e0 Exception <a 'sun/nio/fs/WindowsException'{0x00000000c545bb58}> (0x00000000c545bb58) 
thrown [s\src\hotspot\share\prims\jni.cpp, line 516]
Event: 3.164 Thread 0x000001c3de5215e0 Exception <a 'sun/nio/fs/WindowsException'{0x00000000c545bf10}> (0x00000000c545bf10) 
thrown [s\src\hotspot\share\prims\jni.cpp, line 516]
Event: 3.164 Thread 0x000001c3de5215e0 Exception <a 'sun/nio/fs/WindowsException'{0x00000000c5370d88}> (0x00000000c5370d88) 
thrown [s\src\hotspot\share\prims\jni.cpp, line 516]
Event: 3.164 Thread 0x000001c3de5215e0 Exception <a 'sun/nio/fs/WindowsException'{0x00000000c5371130}> (0x00000000c5371130) 
thrown [s\src\hotspot\share\prims\jni.cpp, line 516]
Event: 3.164 Thread 0x000001c3de5215e0 Exception <a 'sun/nio/fs/WindowsException'{0x00000000c5371b28}> (0x00000000c5371b28) 
thrown [s\src\hotspot\share\prims\jni.cpp, line 516]
Event: 3.164 Thread 0x000001c3de5215e0 Exception <a 'sun/nio/fs/WindowsException'{0x00000000c5371ee0}> (0x00000000c5371ee0) 
thrown [s\src\hotspot\share\prims\jni.cpp, line 516]
Event: 3.164 Thread 0x000001c3de5215e0 Exception <a 'sun/nio/fs/WindowsException'{0x00000000c53728f0}> (0x00000000c53728f0) 
thrown [s\src\hotspot\share\prims\jni.cpp, line 516]
Event: 3.164 Thread 0x000001c3de5215e0 Exception <a 'sun/nio/fs/WindowsException'{0x00000000c5372cc8}> (0x00000000c5372cc8) 
thrown [s\src\hotspot\share\prims\jni.cpp, line 516]
Event: 3.164 Thread 0x000001c3de5215e0 Exception <a 'sun/nio/fs/WindowsException'{0x00000000c53736f0}> (0x00000000c53736f0) 
thrown [s\src\hotspot\share\prims\jni.cpp, line 516]
Event: 3.164 Thread 0x000001c3de5215e0 Exception <a 'sun/nio/fs/WindowsException'{0x00000000c5373ae0}> (0x00000000c5373ae0) 
thrown [s\src\hotspot\share\prims\jni.cpp, line 516]
Event: 3.165 Thread 0x000001c3de5215e0 Exception <a 'sun/nio/fs/WindowsException'{0x00000000c5374500}> (0x00000000c5374500) 
thrown [s\src\hotspot\share\prims\jni.cpp, line 516]
Event: 3.165 Thread 0x000001c3de5215e0 Exception <a 'sun/nio/fs/WindowsException'{0x00000000c53748e8}> (0x00000000c53748e8) 
thrown [s\src\hotspot\share\prims\jni.cpp, line 516]
Event: 3.165 Thread 0x000001c3de4bd810 Exception <a 'java/lang/NoSuchMethodError'{0x00000000c536ec88}: 'int java.lang.invoke.DirectMethodHandle$Holder.invokeStatic(java.lang.Object)'> (0x00000000c536ec88) 
thrown [s\src\hotspot\share\interpreter\linkResolver.cpp, line 759]
Event: 3.165 Thread 0x000001c3de4bd810 Exception <a 'java/lang/NoSuchMethodError'{0x00000000c5381630}: 'int java.lang.invoke.DirectMethodHandle$Holder.invokeStaticInit(java.lang.Object)'> (0x00000000c5381630) 
thrown [s\src\hotspot\share\interpreter\linkResolver.cpp, line 759]
Event: 3.752 Thread 0x000001c3de4bd810 Exception <a 'java/lang/NoSuchMethodError'{0x00000000cc59b9f8}: 'java.lang.Object java.lang.invoke.Invokers$Holder.invoke_MT(java.lang.Object, java.lang.Object, java.lang.Object)'> (0x00000000cc59b9f8) 
thrown [s\src\hotspot\share\interpreter\linkResolver.cpp, line 759]

VM Operations (20 events):
Event: 4.039 Executing VM operation: G1CollectForAllocation done
Event: 4.039 Executing VM operation: G1CollectForAllocation
Event: 4.054 Executing VM operation: G1CollectForAllocation done
Event: 4.059 Executing VM operation: HandshakeAllThreads
Event: 4.059 Executing VM operation: HandshakeAllThreads done
Event: 4.150 Executing VM operation: G1CollectForAllocation
Event: 4.150 Executing VM operation: G1CollectForAllocation done
Event: 4.150 Executing VM operation: G1CollectForAllocation
Event: 4.153 Executing VM operation: G1CollectForAllocation done
Event: 4.184 Executing VM operation: G1CollectForAllocation
Event: 4.185 Executing VM operation: G1CollectForAllocation done
Event: 4.185 Executing VM operation: G1CollectForAllocation
Event: 4.188 Executing VM operation: G1CollectForAllocation done
Event: 4.309 Executing VM operation: G1CollectForAllocation
Event: 4.309 Executing VM operation: G1CollectForAllocation done
Event: 4.309 Executing VM operation: G1CollectForAllocation
Event: 4.315 Executing VM operation: G1CollectForAllocation done
Event: 4.354 Executing VM operation: G1CollectForAllocation
Event: 4.354 Executing VM operation: G1CollectForAllocation done
Event: 4.354 Executing VM operation: G1CollectForAllocation

Events (20 events):
Event: 3.817 loading class java/nio/file/FileTreeWalker$DirectoryNode
Event: 3.817 loading class java/nio/file/FileTreeWalker$DirectoryNode done
Event: 3.818 loading class java/nio/file/FileTreeWalker$Event
Event: 3.818 loading class java/nio/file/FileTreeWalker$Event done
Event: 3.818 loading class java/nio/file/FileTreeWalker$EventType
Event: 3.818 loading class java/nio/file/FileTreeWalker$EventType done
Event: 3.818 loading class java/nio/file/Files$3
Event: 3.818 loading class java/nio/file/Files$3 done
Event: 3.818 loading class java/nio/file/FileVisitResult
Event: 3.818 loading class java/nio/file/FileVisitResult done
Event: 3.851 loading class java/nio/channels/Channels$ReadableByteChannelImpl
Event: 3.851 loading class java/nio/channels/Channels$ReadableByteChannelImpl done
Event: 3.852 loading class java/nio/channels/NonWritableChannelException
Event: 3.852 loading class java/nio/channels/NonWritableChannelException done
Event: 4.350 loading class java/util/WeakHashMap$EntrySet
Event: 4.351 loading class java/util/WeakHashMap$EntrySet done
Event: 4.351 loading class java/util/WeakHashMap$EntryIterator
Event: 4.351 loading class java/util/WeakHashMap$HashIterator
Event: 4.352 loading class java/util/WeakHashMap$HashIterator done
Event: 4.352 loading class java/util/WeakHashMap$EntryIterator done


Dynamic libraries:
0x00007ff67a3a0000 - 0x00007ff67a3ae000 	c:\Users\Dell\.vscode\extensions\redhat.java-1.12.0-win32-x64\jre\17.0.4.1-win32-x86_64\bin\java.exe
0x00007ffbf87d0000 - 0x00007ffbf89c8000 	C:\Windows\SYSTEM32\ntdll.dll
0x00007ffbf7360000 - 0x00007ffbf741d000 	C:\Windows\System32\KERNEL32.DLL
0x00007ffbf61c0000 - 0x00007ffbf6492000 	C:\Windows\System32\KERNELBASE.dll
0x00007ffbf5ee0000 - 0x00007ffbf5fe0000 	C:\Windows\System32\ucrtbase.dll
0x00007ffbd7570000 - 0x00007ffbd7588000 	c:\Users\Dell\.vscode\extensions\redhat.java-1.12.0-win32-x64\jre\17.0.4.1-win32-x86_64\bin\jli.dll
0x00007ffbabda0000 - 0x00007ffbabdb9000 	c:\Users\Dell\.vscode\extensions\redhat.java-1.12.0-win32-x64\jre\17.0.4.1-win32-x86_64\bin\VCRUNTIME140.dll
0x00007ffbf6ef0000 - 0x00007ffbf708d000 	C:\Windows\System32\USER32.dll
0x00007ffbd9ed0000 - 0x00007ffbda16a000 	C:\Windows\WinSxS\amd64_microsoft.windows.common-controls_6595b64144ccf1df_6.0.19041.1110_none_60b5254171f9507e\COMCTL32.dll
0x00007ffbf6190000 - 0x00007ffbf61b2000 	C:\Windows\System32\win32u.dll
0x00007ffbf72b0000 - 0x00007ffbf734e000 	C:\Windows\System32\msvcrt.dll
0x00007ffbf8480000 - 0x00007ffbf84ab000 	C:\Windows\System32\GDI32.dll
0x00007ffbf6550000 - 0x00007ffbf665f000 	C:\Windows\System32\gdi32full.dll
0x00007ffbf66f0000 - 0x00007ffbf678d000 	C:\Windows\System32\msvcp_win.dll
0x00007ffbf71c0000 - 0x00007ffbf71f0000 	C:\Windows\System32\IMM32.DLL
0x00007ffbd7480000 - 0x00007ffbd748c000 	c:\Users\Dell\.vscode\extensions\redhat.java-1.12.0-win32-x64\jre\17.0.4.1-win32-x86_64\bin\vcruntime140_1.dll
0x00007ffb7ce00000 - 0x00007ffb7ce91000 	c:\Users\Dell\.vscode\extensions\redhat.java-1.12.0-win32-x64\jre\17.0.4.1-win32-x86_64\bin\msvcp140.dll
0x00007ffb78050000 - 0x00007ffb78c96000 	c:\Users\Dell\.vscode\extensions\redhat.java-1.12.0-win32-x64\jre\17.0.4.1-win32-x86_64\bin\server\jvm.dll
0x00007ffbf7b80000 - 0x00007ffbf7c2e000 	C:\Windows\System32\ADVAPI32.dll
0x00007ffbf8290000 - 0x00007ffbf832c000 	C:\Windows\System32\sechost.dll
0x00007ffbf8660000 - 0x00007ffbf8785000 	C:\Windows\System32\RPCRT4.dll
0x00007ffbf72a0000 - 0x00007ffbf72a8000 	C:\Windows\System32\PSAPI.DLL
0x00007ffbe0d50000 - 0x00007ffbe0d77000 	C:\Windows\SYSTEM32\WINMM.dll
0x00007ffbf0940000 - 0x00007ffbf094a000 	C:\Windows\SYSTEM32\VERSION.dll
0x00007ffbd2ef0000 - 0x00007ffbd2ef9000 	C:\Windows\SYSTEM32\WSOCK32.dll
0x00007ffbf7cb0000 - 0x00007ffbf7d1b000 	C:\Windows\System32\WS2_32.dll
0x00007ffbf3da0000 - 0x00007ffbf3db2000 	C:\Windows\SYSTEM32\kernel.appcore.dll
0x00007ffbd14a0000 - 0x00007ffbd14aa000 	c:\Users\Dell\.vscode\extensions\redhat.java-1.12.0-win32-x64\jre\17.0.4.1-win32-x86_64\bin\jimage.dll
0x00007ffbe7930000 - 0x00007ffbe7b14000 	C:\Windows\SYSTEM32\DBGHELP.DLL
0x00007ffbe0380000 - 0x00007ffbe03ac000 	C:\Windows\SYSTEM32\dbgcore.DLL
0x00007ffbf6660000 - 0x00007ffbf66e2000 	C:\Windows\System32\bcryptPrimitives.dll
0x00007ffba2da0000 - 0x00007ffba2dc5000 	c:\Users\Dell\.vscode\extensions\redhat.java-1.12.0-win32-x64\jre\17.0.4.1-win32-x86_64\bin\java.dll
0x00007ffbaba00000 - 0x00007ffbaba18000 	c:\Users\Dell\.vscode\extensions\redhat.java-1.12.0-win32-x64\jre\17.0.4.1-win32-x86_64\bin\zip.dll
0x00007ffbf7420000 - 0x00007ffbf7b63000 	C:\Windows\System32\SHELL32.dll
0x00007ffbf3fa0000 - 0x00007ffbf4731000 	C:\Windows\SYSTEM32\windows.storage.dll
0x00007ffbf7e50000 - 0x00007ffbf81a4000 	C:\Windows\System32\combase.dll
0x00007ffbf5940000 - 0x00007ffbf5970000 	C:\Windows\SYSTEM32\Wldp.dll
0x00007ffbf71f0000 - 0x00007ffbf729d000 	C:\Windows\System32\SHCORE.dll
0x00007ffbf8330000 - 0x00007ffbf8385000 	C:\Windows\System32\shlwapi.dll
0x00007ffbf5e20000 - 0x00007ffbf5e3f000 	C:\Windows\SYSTEM32\profapi.dll
0x00007ffbaae10000 - 0x00007ffbaae29000 	C:\Users\Dell\.vscode\extensions\redhat.java-1.12.0-win32-x64\jre\17.0.4.1-win32-x86_64\bin\net.dll
0x00007ffbe3a80000 - 0x00007ffbe3b8d000 	C:\Windows\SYSTEM32\WINHTTP.dll
0x00007ffbf56a0000 - 0x00007ffbf570a000 	C:\Windows\system32\mswsock.dll
0x00007ffbab9c0000 - 0x00007ffbab9d5000 	C:\Users\Dell\.vscode\extensions\redhat.java-1.12.0-win32-x64\jre\17.0.4.1-win32-x86_64\bin\nio.dll
0x00007ffbc75f0000 - 0x00007ffbc7600000 	c:\Users\Dell\.vscode\extensions\redhat.java-1.12.0-win32-x64\jre\17.0.4.1-win32-x86_64\bin\verify.dll
0x00007ffbf1770000 - 0x00007ffbf1779000 	C:\Users\Dell\.vscode\extensions\redhat.java-1.12.0-win32-x64\jre\17.0.4.1-win32-x86_64\bin\management.dll
0x00007ffbf1760000 - 0x00007ffbf176b000 	C:\Users\Dell\.vscode\extensions\redhat.java-1.12.0-win32-x64\jre\17.0.4.1-win32-x86_64\bin\management_ext.dll
0x00007ffbd1740000 - 0x00007ffbd1757000 	C:\Windows\system32\napinsp.dll
0x00007ffbd1720000 - 0x00007ffbd173b000 	C:\Windows\system32\pnrpnsp.dll
0x00007ffbd1700000 - 0x00007ffbd1715000 	C:\Windows\system32\wshbth.dll
0x00007ffbf2340000 - 0x00007ffbf235d000 	C:\Windows\system32\NLAapi.dll
0x00007ffbf5340000 - 0x00007ffbf537b000 	C:\Windows\SYSTEM32\IPHLPAPI.DLL
0x00007ffbf5390000 - 0x00007ffbf545a000 	C:\Windows\SYSTEM32\DNSAPI.dll
0x00007ffbf7b70000 - 0x00007ffbf7b78000 	C:\Windows\System32\NSI.dll
0x00007ffbd16e0000 - 0x00007ffbd16f2000 	C:\Windows\System32\winrnr.dll
0x00007ffbe3730000 - 0x00007ffbe373a000 	C:\Windows\System32\rasadhlp.dll
0x00007ffbe38c0000 - 0x00007ffbe3940000 	C:\Windows\System32\fwpuclnt.dll
0x00007ffbf6790000 - 0x00007ffbf67b7000 	C:\Windows\System32\bcrypt.dll
0x00007ffbf58a0000 - 0x00007ffbf58b8000 	C:\Windows\SYSTEM32\CRYPTSP.dll
0x00007ffbf4f50000 - 0x00007ffbf4f84000 	C:\Windows\system32\rsaenh.dll
0x00007ffbf5da0000 - 0x00007ffbf5dce000 	C:\Windows\SYSTEM32\USERENV.dll
0x00007ffbf5890000 - 0x00007ffbf589c000 	C:\Windows\SYSTEM32\CRYPTBASE.dll
0x00007ffbeea40000 - 0x00007ffbeea57000 	C:\Windows\SYSTEM32\dhcpcsvc6.DLL
0x00007ffbef260000 - 0x00007ffbef27d000 	C:\Windows\SYSTEM32\dhcpcsvc.DLL

dbghelp: loaded successfully - version: 4.0.5 - missing functions: none
symbol engine: initialized successfully - sym options: 0x614 - pdb path: .;c:\Users\Dell\.vscode\extensions\redhat.java-1.12.0-win32-x64\jre\17.0.4.1-win32-x86_64\bin;C:\Windows\SYSTEM32;C:\Windows\WinSxS\amd64_microsoft.windows.common-controls_6595b64144ccf1df_6.0.19041.1110_none_60b5254171f9507e;c:\Users\Dell\.vscode\extensions\redhat.java-1.12.0-win32-x64\jre\17.0.4.1-win32-x86_64\bin\server

VM Arguments:
jvm_args: -Dsts.lsp.client=vscode -Dsts.log.file=/dev/null -XX:TieredStopAtLevel=1 -Xlog:jni+resolve=off -Dspring.config.location=file:c:\Users\Dell\.vscode\extensions\pivotal.vscode-spring-boot-1.40.0\language-server\BOOT-INF\classes\application.properties 
java_command: org.springframework.ide.vscode.boot.app.BootLanguageServerBootApp
java_class_path (initial): c:\Users\Dell\.vscode\extensions\pivotal.vscode-spring-boot-1.40.0\language-server\BOOT-INF\classes;c:\Users\Dell\.vscode\extensions\pivotal.vscode-spring-boot-1.40.0\language-server\BOOT-INF\lib\annotations-23.0.0.jar;c:\Users\Dell\.vscode\extensions\pivotal.vscode-spring-boot-1.40.0\language-server\BOOT-INF\lib\ant-1.10.12.jar;c:\Users\Dell\.vscode\extensions\pivotal.vscode-spring-boot-1.40.0\language-server\BOOT-INF\lib\ant-launcher-1.10.12.jar;c:\Users\Dell\.vscode\extensions\pivotal.vscode-spring-boot-1.40.0\language-server\BOOT-INF\lib\antlr-runtime-3.5.2.jar;c:\Users\Dell\.vscode\extensions\pivotal.vscode-spring-boot-1.40.0\language-server\BOOT-INF\lib\antlr4-4.9.3.jar;c:\Users\Dell\.vscode\extensions\pivotal.vscode-spring-boot-1.40.0\language-server\BOOT-INF\lib\antlr4-runtime-4.9.3.jar;c:\Users\Dell\.vscode\extensions\pivotal.vscode-spring-boot-1.40.0\language-server\BOOT-INF\lib\asm-9.3.jar;c:\Users\Dell\.vscode\extensions\pivotal.vscode-spring-boot-1.40.0\language-server\BOOT-INF\lib\asm-analysis-9.3.jar;c:\Users\Dell\.vscode\extensions\pivotal.vscode-spring-boot-1.40.0\language-server\BOOT-INF\lib\asm-tree-9.3.jar;c:\Users\Dell\.vscode\extensions\pivotal.vscode-spring-boot-1.40.0\language-server\BOOT-INF\lib\asm-util-9.3.jar;c:\Users\Dell\.vscode\extensions\pivotal.vscode-spring-boot-1.40.0\language-server\BOOT-INF\lib\byte-buddy-1.12.13.jar;c:\Users\Dell\.vscode\extensions\pivotal.vscode-spring-boot-1.40.0\language-server\BOOT-INF\lib\caffeine-2.9.3.jar;c:\Users\Dell\.vscode\extensions\pivotal.vscode-spring-boot-1.40.0\language-server\BOOT-INF\lib\checker-qual-3.12.0.jar;c:\Users\Dell\.vscode\extensions\pivotal.vscode-spring-boot-1.40.0\language-server\BOOT-INF\lib\classgraph-4.8.149.jar;c:\Users\Dell\.vscode\extensions\pivotal.vscode-spring-boot-1.40.0\language-server\BOOT-INF\lib\commons-codec-1.15.jar;c:\Users\Dell\.vscode\extensions\pivotal.vscode-spring-boot-1.40.0\language-server\BOOT-INF\lib\commons-compress-1.21.jar;
Launcher Type: SUN_STANDARD

[Global flags]
     intx CICompilerCount                          = 4                                         {product} {ergonomic}
     uint ConcGCThreads                            = 2                                         {product} {ergonomic}
     uint G1ConcRefinementThreads                  = 8                                         {product} {ergonomic}
   size_t G1HeapRegionSize                         = 1048576                                   {product} {ergonomic}
    uintx GCDrainStackTargetSize                   = 64                                        {product} {ergonomic}
   size_t InitialHeapSize                          = 67108864                                  {product} {ergonomic}
   size_t MarkStackSize                            = 4194304                                   {product} {ergonomic}
   size_t MaxHeapSize                              = 1042284544                                {product} {ergonomic}
   size_t MaxNewSize                               = 624951296                                 {product} {ergonomic}
   size_t MinHeapDeltaBytes                        = 1048576                                   {product} {ergonomic}
   size_t MinHeapSize                              = 8388608                                   {product} {ergonomic}
    uintx NonProfiledCodeHeapSize                  = 0                                      {pd product} {ergonomic}
     bool ProfileInterpreter                       = false                                  {pd product} {command line}
    uintx ProfiledCodeHeapSize                     = 0                                      {pd product} {ergonomic}
   size_t SoftMaxHeapSize                          = 1042284544                             {manageable} {ergonomic}
     intx TieredStopAtLevel                        = 1                                         {product} {command line}
     bool UseCompressedClassPointers               = true                           {product lp64_product} {ergonomic}
     bool UseCompressedOops                        = true                           {product lp64_product} {ergonomic}
     bool UseG1GC                                  = true                                      {product} {ergonomic}
     bool UseLargePagesIndividualAllocation        = false                                  {pd product} {ergonomic}

Logging:
Log output configuration:
 #0: stdout all=warning,jni+resolve=off uptime,level,tags
 #1: stderr all=off uptime,level,tags

Environment Variables:
PATH=C:\Windows\system32;C:\Windows;C:\Windows\System32\Wbem;C:\Windows\System32\WindowsPowerShell\v1.0\;C:\Windows\System32\OpenSSH\;C:\Program Files\Cloudflare\Cloudflare WARP\;C:\Program Files\Git\cmd;C:\JDK 11  Now Now\jdk-11.0.1\bin;D:\NodeJS\;C:\Users\Dell\AppData\Local\Microsoft\WindowsApps;C:\JDK 11  Now Now\jdk-11.0.1\bin;C:\Users\Dell\AppData\Roaming\npm;C:\Users\Dell\AppData\Local\Programs\Microsoft VS Code\bin
USERNAME=Dell
OS=Windows_NT
PROCESSOR_IDENTIFIER=Intel64 Family 6 Model 142 Stepping 11, GenuineIntel
TMP=C:\Users\Dell\AppData\Local\Temp
TEMP=C:\Users\Dell\AppData\Local\Temp



---------------  S Y S T E M  ---------------

OS:
 Windows 10 , 64 bit Build 19041 (10.0.19041.1889)
OS uptime: 2 days 8:13 hours

CPU: total 8 (initial active 8) (4 cores per cpu, 2 threads per core) family 6 model 142 stepping 11 microcode 0xf0, cx8, cmov, fxsr, ht, mmx, 3dnowpref, sse, sse2, sse3, ssse3, sse4.1, sse4.2, popcnt, lzcnt, tsc, tscinvbit, avx, avx2, aes, erms, clmul, bmi1, bmi2, adx, fma, vzeroupper, clflush, clflushopt

Memory: 4k page, system-wide physical 3971M (92M free)
TotalPageFile size 16259M (AvailPageFile size 89M)
current process WorkingSet (physical memory assigned to process): 248M, peak: 272M
current process commit charge ("private bytes"): 358M, peak: 627M

vm_info: OpenJDK 64-Bit Server VM (17.0.4.1+1) for windows-amd64 JRE (17.0.4.1+1), built on Aug 17 2022 07:42:43 by "temurin" with MS VC++ 16.7 (VS2019)

END.
