#
# There is insufficient memory for the Java Runtime Environment to continue.
# Native memory allocation (mmap) failed to map 68157440 bytes for G1 virtual space
# Possible reasons:
#   The system is out of physical RAM or swap space
#   The process is running with CompressedOops enabled, and the Java Heap may be blocking the growth of the native heap
# Possible solutions:
#   Reduce memory load on the system
#   Increase physical memory or swap space
#   Check if swap backing store is full
#   Decrease Java heap size (-Xmx/-Xms)
#   Decrease number of Java threads
#   Decrease Java thread stack sizes (-Xss)
#   Set larger code cache with -XX:ReservedCodeCacheSize=
#   JVM is running with Unscaled Compressed Oops mode in which the Java heap is
#     placed in the first 4GB address space. The Java Heap base address is the
#     maximum limit for the native heap growth. Please use -XX:HeapBaseMinAddress
#     to set the Java Heap base and to place the Java Heap above 4GB virtual address.
# This output file may be truncated or incomplete.
#
#  Out of Memory Error (os_windows.cpp:3541), pid=4752, tid=2160
#
# JRE version: OpenJDK Runtime Environment Temurin-17.0.4.1+1 (17.0.4.1+1) (build 17.0.4.1+1)
# Java VM: OpenJDK 64-Bit Server VM Temurin-17.0.4.1+1 (17.0.4.1+1, mixed mode, emulated-client, tiered, compressed oops, compressed class ptrs, g1 gc, windows-amd64)
# No core dump will be written. Minidumps are not enabled by default on client versions of Windows
#

---------------  S U M M A R Y ------------

Command Line: -Dsts.lsp.client=vscode -Dsts.log.file=/dev/null -XX:TieredStopAtLevel=1 -Xlog:jni+resolve=off -Dspring.config.location=file:c:\Users\Dell\.vscode\extensions\pivotal.vscode-spring-boot-1.39.0\language-server\BOOT-INF\classes\application.properties org.springframework.ide.vscode.boot.app.BootLanguageServerBootApp

Host: Intel(R) Core(TM) i5-8265U CPU @ 1.60GHz, 8 cores, 3G,  Windows 10 , 64 bit Build 19041 (10.0.19041.1889)
Time: Mon Oct 17 09:55:33 2022 Myanmar Standard Time elapsed time: 5.207625 seconds (0d 0h 0m 5s)

---------------  T H R E A D  ---------------

Current thread (0x00000224e70dfb80):  VMThread "VM Thread" [stack: 0x000000c64b400000,0x000000c64b500000] [id=2160]

Stack: [0x000000c64b400000,0x000000c64b500000]
Native frames: (J=compiled Java code, j=interpreted, Vv=VM code, C=native code)
V  [jvm.dll+0x67731a]
V  [jvm.dll+0x832284]
V  [jvm.dll+0x833a2e]
V  [jvm.dll+0x834093]
V  [jvm.dll+0x245775]
V  [jvm.dll+0x674209]
V  [jvm.dll+0x668a92]
V  [jvm.dll+0x30471b]
V  [jvm.dll+0x30bc66]
V  [jvm.dll+0x35ba9e]
V  [jvm.dll+0x35bccf]
V  [jvm.dll+0x2db5b8]
V  [jvm.dll+0x2d986c]
V  [jvm.dll+0x2d8e3c]
V  [jvm.dll+0x31cd9b]
V  [jvm.dll+0x83853b]
V  [jvm.dll+0x839274]
V  [jvm.dll+0x83978c]
V  [jvm.dll+0x839b64]
V  [jvm.dll+0x839c30]
V  [jvm.dll+0x7e240a]
V  [jvm.dll+0x6761a5]
C  [ucrtbase.dll+0x21bb2]
C  [KERNEL32.DLL+0x17034]
C  [ntdll.dll+0x526a1]

VM_Operation (0x000000c64cefea40): G1CollectForAllocation, mode: safepoint, requested by thread 0x00000224e998c950


---------------  P R O C E S S  ---------------

Threads class SMR info:
_java_thread_list=0x00000224e98fdbd0, length=32, elements={
0x00000224e70f6390, 0x00000224e70f7200, 0x00000224e7132130, 0x00000224e7134eb0,
0x00000224e7136870, 0x00000224e7138230, 0x00000224e7139bb0, 0x00000224e713f9c0,
0x00000224e7dd23f0, 0x00000224e7dd48e0, 0x00000224e873c360, 0x00000224e95b0500,
0x00000224e961beb0, 0x00000224e97ba4f0, 0x00000224e9954f30, 0x00000224e998c950,
0x00000224e998ce20, 0x00000224e998d2f0, 0x00000224e9991fe0, 0x00000224e9998290,
0x00000224e9990d00, 0x00000224e998fe90, 0x00000224e998d810, 0x00000224e9990360,
0x00000224e99911d0, 0x00000224e9990830, 0x00000224e998dce0, 0x00000224e998e1b0,
0x00000224e998e680, 0x00000224e998eb50, 0x00000224e998f020, 0x00000224e998f4f0
}

Java Threads: ( => current thread )
  0x00000224e70f6390 JavaThread "Reference Handler" daemon [_thread_blocked, id=11656, stack(0x000000c64b500000,0x000000c64b600000)]
  0x00000224e70f7200 JavaThread "Finalizer" daemon [_thread_blocked, id=4068, stack(0x000000c64b600000,0x000000c64b700000)]
  0x00000224e7132130 JavaThread "Signal Dispatcher" daemon [_thread_blocked, id=16004, stack(0x000000c64b700000,0x000000c64b800000)]
  0x00000224e7134eb0 JavaThread "Attach Listener" daemon [_thread_blocked, id=3048, stack(0x000000c64b800000,0x000000c64b900000)]
  0x00000224e7136870 JavaThread "Service Thread" daemon [_thread_blocked, id=8776, stack(0x000000c64b900000,0x000000c64ba00000)]
  0x00000224e7138230 JavaThread "Monitor Deflation Thread" daemon [_thread_blocked, id=15312, stack(0x000000c64ba00000,0x000000c64bb00000)]
  0x00000224e7139bb0 JavaThread "C1 CompilerThread0" daemon [_thread_blocked, id=592, stack(0x000000c64bb00000,0x000000c64bc00000)]
  0x00000224e713f9c0 JavaThread "Sweeper thread" daemon [_thread_blocked, id=6456, stack(0x000000c64bc00000,0x000000c64bd00000)]
  0x00000224e7dd23f0 JavaThread "Notification Thread" daemon [_thread_blocked, id=6688, stack(0x000000c64bd00000,0x000000c64be00000)]
  0x00000224e7dd48e0 JavaThread "Common-Cleaner" daemon [_thread_blocked, id=10340, stack(0x000000c64bf00000,0x000000c64c000000)]
  0x00000224e873c360 JavaThread "C1 CompilerThread1" daemon [_thread_blocked, id=9108, stack(0x000000c64c900000,0x000000c64ca00000)]
  0x00000224e95b0500 JavaThread "C1 CompilerThread2" daemon [_thread_blocked, id=14004, stack(0x000000c64c800000,0x000000c64c900000)]
  0x00000224e961beb0 JavaThread "boundedElastic-evictor-1" daemon [_thread_blocked, id=10152, stack(0x000000c64cb00000,0x000000c64cc00000)]
  0x00000224e97ba4f0 JavaThread "ForkJoinPool.commonPool-worker-1" daemon [_thread_blocked, id=11524, stack(0x000000c64cc00000,0x000000c64cd00000)]
  0x00000224e9954f30 JavaThread "ClassGraph-worker-0" daemon [_thread_blocked, id=11328, stack(0x000000c64cd00000,0x000000c64ce00000)]
  0x00000224e998c950 JavaThread "ClassGraph-worker-1" daemon [_thread_blocked, id=1356, stack(0x000000c64ce00000,0x000000c64cf00000)]
  0x00000224e998ce20 JavaThread "ClassGraph-worker-2" daemon [_thread_blocked, id=13636, stack(0x000000c64cf00000,0x000000c64d000000)]
  0x00000224e998d2f0 JavaThread "ClassGraph-worker-3" daemon [_thread_blocked, id=12512, stack(0x000000c64d000000,0x000000c64d100000)]
  0x00000224e9991fe0 JavaThread "ClassGraph-worker-4" daemon [_thread_blocked, id=14976, stack(0x000000c64d100000,0x000000c64d200000)]
  0x00000224e9998290 JavaThread "ClassGraph-worker-5" daemon [_thread_blocked, id=9332, stack(0x000000c64d200000,0x000000c64d300000)]
  0x00000224e9990d00 JavaThread "ClassGraph-worker-6" daemon [_thread_blocked, id=8092, stack(0x000000c64d300000,0x000000c64d400000)]
  0x00000224e998fe90 JavaThread "ClassGraph-worker-7" daemon [_thread_blocked, id=9344, stack(0x000000c64d400000,0x000000c64d500000)]
  0x00000224e998d810 JavaThread "ClassGraph-worker-8" daemon [_thread_blocked, id=9608, stack(0x000000c64d500000,0x000000c64d600000)]
  0x00000224e9990360 JavaThread "ClassGraph-worker-9" daemon [_thread_blocked, id=460, stack(0x000000c64d600000,0x000000c64d700000)]
  0x00000224e99911d0 JavaThread "ClassGraph-worker-10" daemon [_thread_blocked, id=13536, stack(0x000000c64d700000,0x000000c64d800000)]
  0x00000224e9990830 JavaThread "ClassGraph-worker-11" daemon [_thread_blocked, id=10488, stack(0x000000c64d800000,0x000000c64d900000)]
  0x00000224e998dce0 JavaThread "ClassGraph-worker-12" daemon [_thread_blocked, id=15728, stack(0x000000c64d900000,0x000000c64da00000)]
  0x00000224e998e1b0 JavaThread "ClassGraph-worker-13" daemon [_thread_blocked, id=5844, stack(0x000000c64da00000,0x000000c64db00000)]
  0x00000224e998e680 JavaThread "pool-9-thread-1" [_thread_blocked, id=6780, stack(0x000000c64db00000,0x000000c64dc00000)]
  0x00000224e998eb50 JavaThread "LanguageServerApp-lifecycle" [_thread_blocked, id=12636, stack(0x000000c64dc00000,0x000000c64dd00000)]
  0x00000224e998f020 JavaThread "DestroyJavaVM" [_thread_blocked, id=13380, stack(0x000000c64ae00000,0x000000c64af00000)]
  0x00000224e998f4f0 JavaThread "pool-10-thread-1" [_thread_blocked, id=3312, stack(0x000000c64dd00000,0x000000c64de00000)]

Other Threads:
=>0x00000224e70dfb80 VMThread "VM Thread" [stack: 0x000000c64b400000,0x000000c64b500000] [id=2160]
  0x00000224da482560 WatcherThread [stack: 0x000000c64be00000,0x000000c64bf00000] [id=11240]
  0x00000224da4702a0 GCTaskThread "GC Thread#0" [stack: 0x000000c64af00000,0x000000c64b000000] [id=2976]
  0x00000224e86e28f0 GCTaskThread "GC Thread#1" [stack: 0x000000c64c000000,0x000000c64c100000] [id=16268]
  0x00000224e86e2040 GCTaskThread "GC Thread#2" [stack: 0x000000c64c100000,0x000000c64c200000] [id=11560]
  0x00000224e85f9800 GCTaskThread "GC Thread#3" [stack: 0x000000c64c200000,0x000000c64c300000] [id=8556]
  0x00000224e85f9ab0 GCTaskThread "GC Thread#4" [stack: 0x000000c64c300000,0x000000c64c400000] [id=1196]
  0x00000224e873c8f0 GCTaskThread "GC Thread#5" [stack: 0x000000c64c400000,0x000000c64c500000] [id=14620]
  0x00000224e91202c0 GCTaskThread "GC Thread#6" [stack: 0x000000c64c600000,0x000000c64c700000] [id=15760]
  0x00000224e9120570 GCTaskThread "GC Thread#7" [stack: 0x000000c64c700000,0x000000c64c800000] [id=5152]
  0x00000224da478e20 ConcurrentGCThread "G1 Main Marker" [stack: 0x000000c64b000000,0x000000c64b100000] [id=12388]
  0x00000224da47a840 ConcurrentGCThread "G1 Conc#0" [stack: 0x000000c64b100000,0x000000c64b200000] [id=7320]
  0x00000224e92f8020 ConcurrentGCThread "G1 Conc#1" [stack: 0x000000c64ca00000,0x000000c64cb00000] [id=10216]
  0x00000224da4de250 ConcurrentGCThread "G1 Refine#0" [stack: 0x000000c64b200000,0x000000c64b300000] [id=9984]
  0x00000224e7eef560 ConcurrentGCThread "G1 Refine#1" [stack: 0x000000c64c500000,0x000000c64c600000] [id=7552]
  0x00000224da4dec70 ConcurrentGCThread "G1 Service" [stack: 0x000000c64b300000,0x000000c64b400000] [id=15552]

Threads with active compile tasks:
C1 CompilerThread1     5235 3442 %     1       io.github.classgraph.ClasspathElementZip::scanPaths @ 182 (879 bytes)

VM state: at safepoint (normal execution)

VM Mutex/Monitor currently owned by a thread:  ([mutex/lock_event])
[0x00000224da2b5c90] Threads_lock - owner thread: 0x00000224e70dfb80
[0x00000224da42f7f0] Heap_lock - owner thread: 0x00000224e998c950

Heap address: 0x00000000c1e00000, size: 994 MB, Compressed Oops mode: 32-bit

CDS archive(s) not mapped
Compressed class space mapped at: 0x0000000100000000-0x0000000140000000, reserved size: 1073741824
Narrow klass base: 0x0000000000000000, Narrow klass shift: 3, Narrow klass range: 0x140000000

GC Precious Log:
 CPUs: 8 total, 8 available
 Memory: 3971M
 Large Page Support: Disabled
 NUMA Support: Disabled
 Compressed Oops: Enabled (32-bit)
 Heap Region Size: 1M
 Heap Min Capacity: 8M
 Heap Initial Capacity: 64M
 Heap Max Capacity: 994M
 Pre-touch: Disabled
 Parallel Workers: 8
 Concurrent Workers: 2
 Concurrent Refinement Workers: 8
 Periodic GC: Disabled

Heap:
 garbage-first heap   total 66560K, used 38065K [0x00000000c1e00000, 0x0000000100000000)
  region size 1024K, 3 young (3072K), 3 survivors (3072K)
 Metaspace       used 34484K, committed 34816K, reserved 1081344K
  class space    used 4401K, committed 4608K, reserved 1048576K

Heap Regions: E=young(eden), S=young(survivor), O=old, HS=humongous(starts), HC=humongous(continues), CS=collection set, F=free, OA=open archive, CA=closed archive, TAMS=top-at-mark-start (previous, next)
|   0|0x00000000c1e00000, 0x00000000c1f00000, 0x00000000c1f00000|100%| O|  |TAMS 0x00000000c1f00000, 0x00000000c1e00000| Untracked 
|   1|0x00000000c1f00000, 0x00000000c2000000, 0x00000000c2000000|100%| O|  |TAMS 0x00000000c2000000, 0x00000000c1f00000| Untracked 
|   2|0x00000000c2000000, 0x00000000c2100000, 0x00000000c2100000|100%| O|  |TAMS 0x00000000c2100000, 0x00000000c2000000| Untracked 
|   3|0x00000000c2100000, 0x00000000c2200000, 0x00000000c2200000|100%| O|  |TAMS 0x00000000c2200000, 0x00000000c2100000| Untracked 
|   4|0x00000000c2200000, 0x00000000c2300000, 0x00000000c2300000|100%| O|  |TAMS 0x00000000c2300000, 0x00000000c2200000| Untracked 
|   5|0x00000000c2300000, 0x00000000c2400000, 0x00000000c2400000|100%| O|  |TAMS 0x00000000c2400000, 0x00000000c2300000| Untracked 
|   6|0x00000000c2400000, 0x00000000c2500000, 0x00000000c2500000|100%| O|  |TAMS 0x00000000c2500000, 0x00000000c2400000| Untracked 
|   7|0x00000000c2500000, 0x00000000c2600000, 0x00000000c2600000|100%| O|  |TAMS 0x00000000c25e3600, 0x00000000c2500000| Untracked 
|   8|0x00000000c2600000, 0x00000000c2700000, 0x00000000c2700000|100%| O|  |TAMS 0x00000000c2600000, 0x00000000c2600000| Untracked 
|   9|0x00000000c2700000, 0x00000000c2800000, 0x00000000c2800000|100%| O|  |TAMS 0x00000000c2700000, 0x00000000c2700000| Untracked 
|  10|0x00000000c2800000, 0x00000000c2900000, 0x00000000c2900000|100%| O|  |TAMS 0x00000000c2800000, 0x00000000c2800000| Untracked 
|  11|0x00000000c2900000, 0x00000000c2a00000, 0x00000000c2a00000|100%| O|  |TAMS 0x00000000c2900000, 0x00000000c2900000| Untracked 
|  12|0x00000000c2a00000, 0x00000000c2b00000, 0x00000000c2b00000|100%| O|  |TAMS 0x00000000c2a00000, 0x00000000c2a00000| Untracked 
|  13|0x00000000c2b00000, 0x00000000c2c00000, 0x00000000c2c00000|100%| O|  |TAMS 0x00000000c2b00000, 0x00000000c2b00000| Untracked 
|  14|0x00000000c2c00000, 0x00000000c2d00000, 0x00000000c2d00000|100%| O|  |TAMS 0x00000000c2c00000, 0x00000000c2c00000| Untracked 
|  15|0x00000000c2d00000, 0x00000000c2e00000, 0x00000000c2e00000|100%| O|  |TAMS 0x00000000c2d00000, 0x00000000c2d00000| Untracked 
|  16|0x00000000c2e00000, 0x00000000c2f00000, 0x00000000c2f00000|100%| O|  |TAMS 0x00000000c2e00000, 0x00000000c2e00000| Untracked 
|  17|0x00000000c2f00000, 0x00000000c3000000, 0x00000000c3000000|100%| O|  |TAMS 0x00000000c2f00000, 0x00000000c2f00000| Untracked 
|  18|0x00000000c3000000, 0x00000000c3100000, 0x00000000c3100000|100%| O|  |TAMS 0x00000000c3000000, 0x00000000c3000000| Untracked 
|  19|0x00000000c3100000, 0x00000000c3200000, 0x00000000c3200000|100%| O|  |TAMS 0x00000000c3100000, 0x00000000c3100000| Untracked 
|  20|0x00000000c3200000, 0x00000000c3300000, 0x00000000c3300000|100%| O|  |TAMS 0x00000000c3200000, 0x00000000c3200000| Untracked 
|  21|0x00000000c3300000, 0x00000000c3400000, 0x00000000c3400000|100%| O|  |TAMS 0x00000000c3300000, 0x00000000c3300000| Untracked 
|  22|0x00000000c3400000, 0x00000000c3500000, 0x00000000c3500000|100%| O|  |TAMS 0x00000000c3400000, 0x00000000c3400000| Untracked 
|  23|0x00000000c3500000, 0x00000000c3600000, 0x00000000c3600000|100%| O|  |TAMS 0x00000000c3500000, 0x00000000c3500000| Untracked 
|  24|0x00000000c3600000, 0x00000000c3700000, 0x00000000c3700000|100%| O|  |TAMS 0x00000000c3600000, 0x00000000c3600000| Untracked 
|  25|0x00000000c3700000, 0x00000000c3800000, 0x00000000c3800000|100%| O|  |TAMS 0x00000000c3700000, 0x00000000c3700000| Untracked 
|  26|0x00000000c3800000, 0x00000000c3900000, 0x00000000c3900000|100%| O|  |TAMS 0x00000000c3800000, 0x00000000c3800000| Untracked 
|  27|0x00000000c3900000, 0x00000000c3a00000, 0x00000000c3a00000|100%| O|  |TAMS 0x00000000c3900000, 0x00000000c3900000| Untracked 
|  28|0x00000000c3a00000, 0x00000000c3b00000, 0x00000000c3b00000|100%| O|  |TAMS 0x00000000c3a00000, 0x00000000c3a00000| Untracked 
|  29|0x00000000c3b00000, 0x00000000c3c00000, 0x00000000c3c00000|100%| O|  |TAMS 0x00000000c3b00000, 0x00000000c3b00000| Untracked 
|  30|0x00000000c3c00000, 0x00000000c3d00000, 0x00000000c3d00000|100%| O|  |TAMS 0x00000000c3c00000, 0x00000000c3c00000| Untracked 
|  31|0x00000000c3d00000, 0x00000000c3e00000, 0x00000000c3e00000|100%| O|  |TAMS 0x00000000c3d00000, 0x00000000c3d00000| Untracked 
|  32|0x00000000c3e00000, 0x00000000c3f00000, 0x00000000c3f00000|100%| O|  |TAMS 0x00000000c3e00000, 0x00000000c3e00000| Untracked 
|  33|0x00000000c3f00000, 0x00000000c4000000, 0x00000000c4000000|100%| O|  |TAMS 0x00000000c3f00000, 0x00000000c3f00000| Untracked 
|  34|0x00000000c4000000, 0x00000000c402c600, 0x00000000c4100000| 17%| O|  |TAMS 0x00000000c4000000, 0x00000000c4000000| Untracked 
|  35|0x00000000c4100000, 0x00000000c4100000, 0x00000000c4200000|  0%| F|  |TAMS 0x00000000c4100000, 0x00000000c4100000| Untracked 
|  36|0x00000000c4200000, 0x00000000c4200000, 0x00000000c4300000|  0%| F|  |TAMS 0x00000000c4200000, 0x00000000c4200000| Untracked 
|  37|0x00000000c4300000, 0x00000000c4300000, 0x00000000c4400000|  0%| F|  |TAMS 0x00000000c4300000, 0x00000000c4300000| Untracked 
|  38|0x00000000c4400000, 0x00000000c4400000, 0x00000000c4500000|  0%| F|  |TAMS 0x00000000c4400000, 0x00000000c4400000| Untracked 
|  39|0x00000000c4500000, 0x00000000c4500000, 0x00000000c4600000|  0%| F|  |TAMS 0x00000000c4500000, 0x00000000c4500000| Untracked 
|  40|0x00000000c4600000, 0x00000000c4600000, 0x00000000c4700000|  0%| F|  |TAMS 0x00000000c4600000, 0x00000000c4600000| Untracked 
|  41|0x00000000c4700000, 0x00000000c4700000, 0x00000000c4800000|  0%| F|  |TAMS 0x00000000c4700000, 0x00000000c4700000| Untracked 
|  42|0x00000000c4800000, 0x00000000c4800000, 0x00000000c4900000|  0%| F|  |TAMS 0x00000000c4800000, 0x00000000c4800000| Untracked 
|  43|0x00000000c4900000, 0x00000000c4900000, 0x00000000c4a00000|  0%| F|  |TAMS 0x00000000c4900000, 0x00000000c4900000| Untracked 
|  44|0x00000000c4a00000, 0x00000000c4b00000, 0x00000000c4b00000|100%| S|CS|TAMS 0x00000000c4a00000, 0x00000000c4a00000| Complete 
|  45|0x00000000c4b00000, 0x00000000c4b00000, 0x00000000c4c00000|  0%| F|  |TAMS 0x00000000c4b00000, 0x00000000c4b00000| Untracked 
|  46|0x00000000c4c00000, 0x00000000c4d00000, 0x00000000c4d00000|100%| S|CS|TAMS 0x00000000c4c00000, 0x00000000c4c00000| Complete 
|  47|0x00000000c4d00000, 0x00000000c4e00000, 0x00000000c4e00000|100%| S|CS|TAMS 0x00000000c4d00000, 0x00000000c4d00000| Complete 
|  48|0x00000000c4e00000, 0x00000000c4e00000, 0x00000000c4f00000|  0%| F|  |TAMS 0x00000000c4e00000, 0x00000000c4e00000| Untracked 
|  49|0x00000000c4f00000, 0x00000000c4f00000, 0x00000000c5000000|  0%| F|  |TAMS 0x00000000c4f00000, 0x00000000c4f00000| Untracked 
|  50|0x00000000c5000000, 0x00000000c5000000, 0x00000000c5100000|  0%| F|  |TAMS 0x00000000c5000000, 0x00000000c5000000| Untracked 
|  51|0x00000000c5100000, 0x00000000c5100000, 0x00000000c5200000|  0%| F|  |TAMS 0x00000000c5100000, 0x00000000c5100000| Untracked 
|  52|0x00000000c5200000, 0x00000000c5200000, 0x00000000c5300000|  0%| F|  |TAMS 0x00000000c5200000, 0x00000000c5200000| Untracked 
|  53|0x00000000c5300000, 0x00000000c5300000, 0x00000000c5400000|  0%| F|  |TAMS 0x00000000c5300000, 0x00000000c5300000| Untracked 
|  54|0x00000000c5400000, 0x00000000c5400000, 0x00000000c5500000|  0%| F|  |TAMS 0x00000000c5400000, 0x00000000c5400000| Untracked 
|  55|0x00000000c5500000, 0x00000000c5500000, 0x00000000c5600000|  0%| F|  |TAMS 0x00000000c5500000, 0x00000000c5500000| Untracked 
|  56|0x00000000c5600000, 0x00000000c5600000, 0x00000000c5700000|  0%| F|  |TAMS 0x00000000c5600000, 0x00000000c5600000| Untracked 
|  57|0x00000000c5700000, 0x00000000c5700000, 0x00000000c5800000|  0%| F|  |TAMS 0x00000000c5700000, 0x00000000c5700000| Untracked 
|  58|0x00000000c5800000, 0x00000000c5800000, 0x00000000c5900000|  0%| F|  |TAMS 0x00000000c5800000, 0x00000000c5800000| Untracked 
|  59|0x00000000c5900000, 0x00000000c5900000, 0x00000000c5a00000|  0%| F|  |TAMS 0x00000000c5900000, 0x00000000c5900000| Untracked 
|  60|0x00000000c5a00000, 0x00000000c5a00000, 0x00000000c5b00000|  0%| F|  |TAMS 0x00000000c5a00000, 0x00000000c5a00000| Untracked 
|  61|0x00000000c5b00000, 0x00000000c5b00000, 0x00000000c5c00000|  0%| F|  |TAMS 0x00000000c5b00000, 0x00000000c5b00000| Untracked 
|  62|0x00000000c5c00000, 0x00000000c5c00000, 0x00000000c5d00000|  0%| F|  |TAMS 0x00000000c5c00000, 0x00000000c5c00000| Untracked 
|  63|0x00000000c5d00000, 0x00000000c5d00000, 0x00000000c5e00000|  0%| F|  |TAMS 0x00000000c5d00000, 0x00000000c5d00000| Untracked 
|  64|0x00000000c5e00000, 0x00000000c5e00000, 0x00000000c5f00000|  0%| F|  |TAMS 0x00000000c5e00000, 0x00000000c5e00000| Untracked 

Card table byte_map: [0x00000224e2380000,0x00000224e2580000] _byte_map_base: 0x00000224e1d71000

Marking Bits (Prev, Next): (CMBitMap*) 0x00000224da4708f0, (CMBitMap*) 0x00000224da4708b0
 Prev Bits: [0x00000224e3710000, 0x00000224e4698000)
 Next Bits: [0x00000224e2780000, 0x00000224e3708000)

Polling page: 0x00000224da510000

Metaspace:

Usage:
  Non-class:     29.38 MB used.
      Class:      4.30 MB used.
       Both:     33.68 MB used.

Virtual space:
  Non-class space:       32.00 MB reserved,      29.50 MB ( 92%) committed,  4 nodes.
      Class space:        1.00 GB reserved,       4.50 MB ( <1%) committed,  1 nodes.
             Both:        1.03 GB reserved,      34.00 MB (  3%) committed. 

Chunk freelists:
   Non-Class:  2.00 MB
       Class:  3.37 MB
        Both:  5.38 MB

MaxMetaspaceSize: unlimited
CompressedClassSpaceSize: 1.00 GB
Initial GC threshold: 21.00 MB
Current GC threshold: 35.25 MB
CDS: off
MetaspaceReclaimPolicy: balanced
 - commit_granule_bytes: 65536.
 - commit_granule_words: 8192.
 - virtual_space_node_default_size: 1048576.
 - enlarge_chunks_in_place: 1.
 - new_chunks_are_fully_committed: 0.
 - uncommit_free_chunks: 1.
 - use_allocation_guard: 0.
 - handle_deallocations: 1.


Internal statistics:

num_allocs_failed_limit: 5.
num_arena_births: 332.
num_arena_deaths: 0.
num_vsnodes_births: 5.
num_vsnodes_deaths: 0.
num_space_committed: 544.
num_space_uncommitted: 0.
num_chunks_returned_to_freelist: 5.
num_chunks_taken_from_freelist: 1308.
num_chunk_merges: 5.
num_chunk_splits: 895.
num_chunks_enlarged: 679.
num_purges: 0.
num_inconsistent_stats: 0.

CodeCache: size=49152Kb used=7897Kb max_used=7897Kb free=41254Kb
 bounds [0x00000224de900000, 0x00000224df0c0000, 0x00000224e1900000]
 total_blobs=3970 nmethods=3450 adapters=444
 compilation: enabled
              stopped_count=0, restarted_count=0
 full_count=0

Compilation events (20 events):
Event: 5.095 Thread 0x00000224e873c360 3442 %     1       io.github.classgraph.ClasspathElementZip::scanPaths @ 182 (879 bytes)
Event: 5.095 Thread 0x00000224e95b0500 nmethod 3441 0x00000224df0b2690 code [0x00000224df0b2880, 0x00000224df0b2f68]
Event: 5.095 Thread 0x00000224e95b0500 3443       1       java.util.concurrent.atomic.AtomicInteger::decrementAndGet (14 bytes)
Event: 5.095 Thread 0x00000224e7139bb0 3445   !   1       sun.nio.fs.WindowsDirectoryStream$WindowsDirectoryIterator::readNextEntry (192 bytes)
Event: 5.095 Thread 0x00000224e95b0500 nmethod 3443 0x00000224df0b3210 code [0x00000224df0b33a0, 0x00000224df0b3478]
Event: 5.095 Thread 0x00000224e95b0500 3444  s    1       sun.nio.fs.WindowsDirectoryStream$WindowsDirectoryIterator::hasNext (35 bytes)
Event: 5.095 Thread 0x00000224e95b0500 nmethod 3444 0x00000224df0b3510 code [0x00000224df0b36c0, 0x00000224df0b38e8]
Event: 5.096 Thread 0x00000224e7139bb0 nmethod 3445 0x00000224df0b3990 code [0x00000224df0b3be0, 0x00000224df0b4238]
Event: 5.096 Thread 0x00000224e95b0500 3447   !   1       sun.nio.fs.WindowsDirectoryStream$WindowsDirectoryIterator::acceptEntry (71 bytes)
Event: 5.096 Thread 0x00000224e7139bb0 3446       1       sun.nio.fs.WindowsFileAttributes::fromFindData (127 bytes)
Event: 5.096 Thread 0x00000224e7139bb0 nmethod 3446 0x00000224df0b4810 code [0x00000224df0b49c0, 0x00000224df0b4c28]
Event: 5.096 Thread 0x00000224e7139bb0 3448       1       java.nio.file.Files$AcceptAllFilter::accept (9 bytes)
Event: 5.096 Thread 0x00000224e7139bb0 nmethod 3448 0x00000224df0b4d10 code [0x00000224df0b4ea0, 0x00000224df0b4fb8]
Event: 5.096 Thread 0x00000224e7139bb0 3449       1       sun.nio.fs.WindowsDirectoryStream$WindowsDirectoryIterator::next (5 bytes)
Event: 5.096 Thread 0x00000224e7139bb0 nmethod 3449 0x00000224df0b5090 code [0x00000224df0b5220, 0x00000224df0b5308]
Event: 5.097 Thread 0x00000224e7139bb0 3450  s    1       sun.nio.fs.WindowsDirectoryStream$WindowsDirectoryIterator::next (48 bytes)
Event: 5.097 Thread 0x00000224e95b0500 nmethod 3447 0x00000224df0b5390 code [0x00000224df0b55a0, 0x00000224df0b59e8]
Event: 5.097 Thread 0x00000224e7139bb0 nmethod 3450 0x00000224df0b5d10 code [0x00000224df0b5ec0, 0x00000224df0b6138]
Event: 5.098 Thread 0x00000224e7139bb0 3451       1       java.lang.Long::<init> (10 bytes)
Event: 5.099 Thread 0x00000224e7139bb0 nmethod 3451 0x00000224df0b6210 code [0x00000224df0b63a0, 0x00000224df0b6478]

GC Heap History (20 events):
Event: 3.273 GC heap after
{Heap after GC invocations=3 (full 0):
 garbage-first heap   total 65536K, used 11567K [0x00000000c1e00000, 0x0000000100000000)
  region size 1024K, 1 young (1024K), 1 survivors (1024K)
 Metaspace       used 21289K, committed 21504K, reserved 1073152K
  class space    used 2598K, committed 2688K, reserved 1048576K
}
Event: 3.887 GC heap before
{Heap before GC invocations=4 (full 0):
 garbage-first heap   total 45056K, used 33071K [0x00000000c1e00000, 0x0000000100000000)
  region size 1024K, 24 young (24576K), 1 survivors (1024K)
 Metaspace       used 24789K, committed 25024K, reserved 1073152K
  class space    used 3056K, committed 3136K, reserved 1048576K
}
Event: 3.891 GC heap after
{Heap after GC invocations=5 (full 0):
 garbage-first heap   total 45056K, used 12870K [0x00000000c1e00000, 0x0000000100000000)
  region size 1024K, 3 young (3072K), 3 survivors (3072K)
 Metaspace       used 24789K, committed 25024K, reserved 1073152K
  class space    used 3056K, committed 3136K, reserved 1048576K
}
Event: 3.923 GC heap before
{Heap before GC invocations=5 (full 0):
 garbage-first heap   total 45056K, used 12870K [0x00000000c1e00000, 0x0000000100000000)
  region size 1024K, 4 young (4096K), 3 survivors (3072K)
 Metaspace       used 25044K, committed 25280K, reserved 1073152K
  class space    used 3087K, committed 3200K, reserved 1048576K
}
Event: 3.928 GC heap after
{Heap after GC invocations=6 (full 0):
 garbage-first heap   total 45056K, used 12941K [0x00000000c1e00000, 0x0000000100000000)
  region size 1024K, 1 young (1024K), 1 survivors (1024K)
 Metaspace       used 25044K, committed 25280K, reserved 1073152K
  class space    used 3087K, committed 3200K, reserved 1048576K
}
Event: 4.241 GC heap before
{Heap before GC invocations=6 (full 0):
 garbage-first heap   total 45056K, used 28301K [0x00000000c1e00000, 0x0000000100000000)
  region size 1024K, 17 young (17408K), 1 survivors (1024K)
 Metaspace       used 27902K, committed 28160K, reserved 1081344K
  class space    used 3505K, committed 3648K, reserved 1048576K
}
Event: 4.245 GC heap after
{Heap after GC invocations=7 (full 0):
 garbage-first heap   total 45056K, used 15812K [0x00000000c1e00000, 0x0000000100000000)
  region size 1024K, 3 young (3072K), 3 survivors (3072K)
 Metaspace       used 27902K, committed 28160K, reserved 1081344K
  class space    used 3505K, committed 3648K, reserved 1048576K
}
Event: 4.706 GC heap before
{Heap before GC invocations=7 (full 0):
 garbage-first heap   total 45056K, used 31172K [0x00000000c1e00000, 0x0000000100000000)
  region size 1024K, 18 young (18432K), 3 survivors (3072K)
 Metaspace       used 30751K, committed 31040K, reserved 1081344K
  class space    used 3881K, committed 4032K, reserved 1048576K
}
Event: 4.711 GC heap after
{Heap after GC invocations=8 (full 0):
 garbage-first heap   total 45056K, used 16179K [0x00000000c1e00000, 0x0000000100000000)
  region size 1024K, 2 young (2048K), 2 survivors (2048K)
 Metaspace       used 30751K, committed 31040K, reserved 1081344K
  class space    used 3881K, committed 4032K, reserved 1048576K
}
Event: 4.865 GC heap before
{Heap before GC invocations=8 (full 0):
 garbage-first heap   total 45056K, used 31539K [0x00000000c1e00000, 0x0000000100000000)
  region size 1024K, 17 young (17408K), 2 survivors (2048K)
 Metaspace       used 33067K, committed 33344K, reserved 1081344K
  class space    used 4190K, committed 4288K, reserved 1048576K
}
Event: 4.870 GC heap after
{Heap after GC invocations=9 (full 0):
 garbage-first heap   total 45056K, used 18692K [0x00000000c1e00000, 0x0000000100000000)
  region size 1024K, 3 young (3072K), 3 survivors (3072K)
 Metaspace       used 33067K, committed 33344K, reserved 1081344K
  class space    used 4190K, committed 4288K, reserved 1048576K
}
Event: 4.906 GC heap before
{Heap before GC invocations=9 (full 0):
 garbage-first heap   total 45056K, used 30980K [0x00000000c1e00000, 0x0000000100000000)
  region size 1024K, 16 young (16384K), 3 survivors (3072K)
 Metaspace       used 33164K, committed 33472K, reserved 1081344K
  class space    used 4207K, committed 4352K, reserved 1048576K
}
Event: 4.912 GC heap after
{Heap after GC invocations=10 (full 0):
 garbage-first heap   total 66560K, used 21236K [0x00000000c1e00000, 0x0000000100000000)
  region size 1024K, 2 young (2048K), 2 survivors (2048K)
 Metaspace       used 33164K, committed 33472K, reserved 1081344K
  class space    used 4207K, committed 4352K, reserved 1048576K
}
Event: 4.964 GC heap before
{Heap before GC invocations=10 (full 0):
 garbage-first heap   total 66560K, used 44788K [0x00000000c1e00000, 0x0000000100000000)
  region size 1024K, 26 young (26624K), 2 survivors (2048K)
 Metaspace       used 33354K, committed 33600K, reserved 1081344K
  class space    used 4239K, committed 4352K, reserved 1048576K
}
Event: 4.969 GC heap after
{Heap after GC invocations=11 (full 0):
 garbage-first heap   total 66560K, used 25782K [0x00000000c1e00000, 0x0000000100000000)
  region size 1024K, 4 young (4096K), 4 survivors (4096K)
 Metaspace       used 33354K, committed 33600K, reserved 1081344K
  class space    used 4239K, committed 4352K, reserved 1048576K
}
Event: 5.027 GC heap before
{Heap before GC invocations=11 (full 0):
 garbage-first heap   total 66560K, used 45238K [0x00000000c1e00000, 0x0000000100000000)
  region size 1024K, 24 young (24576K), 4 survivors (4096K)
 Metaspace       used 33980K, committed 34304K, reserved 1081344K
  class space    used 4331K, committed 4480K, reserved 1048576K
}
Event: 5.032 GC heap after
{Heap after GC invocations=12 (full 0):
 garbage-first heap   total 66560K, used 29223K [0x00000000c1e00000, 0x0000000100000000)
  region size 1024K, 3 young (3072K), 3 survivors (3072K)
 Metaspace       used 33980K, committed 34304K, reserved 1081344K
  class space    used 4331K, committed 4480K, reserved 1048576K
}
Event: 5.068 GC heap before
{Heap before GC invocations=12 (full 0):
 garbage-first heap   total 66560K, used 48679K [0x00000000c1e00000, 0x0000000100000000)
  region size 1024K, 22 young (22528K), 3 survivors (3072K)
 Metaspace       used 34330K, committed 34624K, reserved 1081344K
  class space    used 4383K, committed 4544K, reserved 1048576K
}
Event: 5.073 GC heap after
{Heap after GC invocations=13 (full 0):
 garbage-first heap   total 66560K, used 32768K [0x00000000c1e00000, 0x0000000100000000)
  region size 1024K, 3 young (3072K), 3 survivors (3072K)
 Metaspace       used 34330K, committed 34624K, reserved 1081344K
  class space    used 4383K, committed 4544K, reserved 1048576K
}
Event: 5.099 GC heap before
{Heap before GC invocations=13 (full 0):
 garbage-first heap   total 66560K, used 50176K [0x00000000c1e00000, 0x0000000100000000)
  region size 1024K, 20 young (20480K), 3 survivors (3072K)
 Metaspace       used 34484K, committed 34816K, reserved 1081344K
  class space    used 4401K, committed 4608K, reserved 1048576K
}

Deoptimization events (10 events):
Event: 3.238 Thread 0x00000224da432e30 DEOPT PACKING pc=0x00000224ded2fd19 sp=0x000000c64aefd510
Event: 3.239 Thread 0x00000224da432e30 DEOPT UNPACKING pc=0x00000224de952b43 sp=0x000000c64aefc9f0 mode 3
Event: 4.784 Thread 0x00000224da432e30 DEOPT PACKING pc=0x00000224def2b299 sp=0x000000c64aefc8f0
Event: 4.784 Thread 0x00000224da432e30 DEOPT UNPACKING pc=0x00000224de952b43 sp=0x000000c64aefbdd0 mode 3
Event: 4.827 Thread 0x00000224e97ba4f0 DEOPT PACKING pc=0x00000224def6a02b sp=0x000000c64ccfe540
Event: 4.827 Thread 0x00000224e97ba4f0 DEOPT UNPACKING pc=0x00000224de952b43 sp=0x000000c64ccfda88 mode 3
Event: 4.913 Thread 0x00000224e9954f30 DEOPT PACKING pc=0x00000224ded2ea01 sp=0x000000c64cdfea80
Event: 4.913 Thread 0x00000224e9954f30 DEOPT UNPACKING pc=0x00000224de952b43 sp=0x000000c64cdfdf10 mode 3
Event: 4.957 Thread 0x00000224e998ce20 DEOPT PACKING pc=0x00000224ded2c917 sp=0x000000c64cfff030
Event: 4.957 Thread 0x00000224e998ce20 DEOPT UNPACKING pc=0x00000224de952b43 sp=0x000000c64cffe488 mode 3

Classes unloaded (0 events):
No events

Classes redefined (0 events):
No events

Internal exceptions (20 events):
Event: 4.851 Thread 0x00000224e998c950 Exception <a 'sun/nio/fs/WindowsException'{0x00000000c40ece88}> (0x00000000c40ece88) 
thrown [s\src\hotspot\share\prims\jni.cpp, line 516]
Event: 4.852 Thread 0x00000224e998c950 Exception <a 'sun/nio/fs/WindowsException'{0x00000000c40ed260}> (0x00000000c40ed260) 
thrown [s\src\hotspot\share\prims\jni.cpp, line 516]
Event: 4.852 Thread 0x00000224e998c950 Exception <a 'sun/nio/fs/WindowsException'{0x00000000c40edc48}> (0x00000000c40edc48) 
thrown [s\src\hotspot\share\prims\jni.cpp, line 516]
Event: 4.852 Thread 0x00000224e998c950 Exception <a 'sun/nio/fs/WindowsException'{0x00000000c40edfe8}> (0x00000000c40edfe8) 
thrown [s\src\hotspot\share\prims\jni.cpp, line 516]
Event: 4.852 Thread 0x00000224e998c950 Exception <a 'sun/nio/fs/WindowsException'{0x00000000c40ee9e0}> (0x00000000c40ee9e0) 
thrown [s\src\hotspot\share\prims\jni.cpp, line 516]
Event: 4.852 Thread 0x00000224e998c950 Exception <a 'sun/nio/fs/WindowsException'{0x00000000c40eed98}> (0x00000000c40eed98) 
thrown [s\src\hotspot\share\prims\jni.cpp, line 516]
Event: 4.852 Thread 0x00000224e998c950 Exception <a 'sun/nio/fs/WindowsException'{0x00000000c40ef780}> (0x00000000c40ef780) 
thrown [s\src\hotspot\share\prims\jni.cpp, line 516]
Event: 4.852 Thread 0x00000224e998c950 Exception <a 'sun/nio/fs/WindowsException'{0x00000000c40efb28}> (0x00000000c40efb28) 
thrown [s\src\hotspot\share\prims\jni.cpp, line 516]
Event: 4.853 Thread 0x00000224e998c950 Exception <a 'sun/nio/fs/WindowsException'{0x00000000c40f0520}> (0x00000000c40f0520) 
thrown [s\src\hotspot\share\prims\jni.cpp, line 516]
Event: 4.853 Thread 0x00000224e998c950 Exception <a 'sun/nio/fs/WindowsException'{0x00000000c40f08d8}> (0x00000000c40f08d8) 
thrown [s\src\hotspot\share\prims\jni.cpp, line 516]
Event: 4.853 Thread 0x00000224e998c950 Exception <a 'sun/nio/fs/WindowsException'{0x00000000c40f12e8}> (0x00000000c40f12e8) 
thrown [s\src\hotspot\share\prims\jni.cpp, line 516]
Event: 4.853 Thread 0x00000224e998c950 Exception <a 'sun/nio/fs/WindowsException'{0x00000000c40f16c0}> (0x00000000c40f16c0) 
thrown [s\src\hotspot\share\prims\jni.cpp, line 516]
Event: 4.853 Thread 0x00000224e998c950 Exception <a 'sun/nio/fs/WindowsException'{0x00000000c40f20e8}> (0x00000000c40f20e8) 
thrown [s\src\hotspot\share\prims\jni.cpp, line 516]
Event: 4.853 Thread 0x00000224e998c950 Exception <a 'sun/nio/fs/WindowsException'{0x00000000c40f24d8}> (0x00000000c40f24d8) 
thrown [s\src\hotspot\share\prims\jni.cpp, line 516]
Event: 4.853 Thread 0x00000224e998c950 Exception <a 'sun/nio/fs/WindowsException'{0x00000000c40f2ef8}> (0x00000000c40f2ef8) 
thrown [s\src\hotspot\share\prims\jni.cpp, line 516]
Event: 4.853 Thread 0x00000224e998c950 Exception <a 'sun/nio/fs/WindowsException'{0x00000000c40f32e0}> (0x00000000c40f32e0) 
thrown [s\src\hotspot\share\prims\jni.cpp, line 516]
Event: 4.925 Thread 0x00000224da432e30 Exception <a 'java/lang/NoSuchMethodError'{0x00000000c58dc590}: 'java.lang.Object java.lang.invoke.DirectMethodHandle$Holder.newInvokeSpecial(java.lang.Object, java.lang.Object, int, java.lang.Object, java.lang.Object)'> (0x00000000c58dc590) 
thrown [s\src\hotspot\share\interpreter\linkResolver.cpp, line 759]
Event: 4.927 Thread 0x00000224da432e30 Exception <a 'java/lang/NoSuchMethodError'{0x00000000c58ee560}: 'java.lang.Object java.lang.invoke.DirectMethodHandle$Holder.invokeSpecial(java.lang.Object, java.lang.Object, int, java.lang.Object, int, java.lang.Object)'> (0x00000000c58ee560) 
thrown [s\src\hotspot\share\interpreter\linkResolver.cpp, line 759]
Event: 4.928 Thread 0x00000224da432e30 Exception <a 'java/lang/NoSuchMethodError'{0x00000000c58f6360}: 'java.lang.Object java.lang.invoke.DirectMethodHandle$Holder.newInvokeSpecial(java.lang.Object, java.lang.Object, int, java.lang.Object, int)'> (0x00000000c58f6360) 
thrown [s\src\hotspot\share\interpreter\linkResolver.cpp, line 759]
Event: 4.928 Thread 0x00000224da432e30 Exception <a 'java/lang/NoSuchMethodError'{0x00000000c58fa460}: 'java.lang.Object java.lang.invoke.DirectMethodHandle$Holder.invokeSpecial(java.lang.Object, java.lang.Object, java.lang.Object, int, java.lang.Object, int)'> (0x00000000c58fa460) 
thrown [s\src\hotspot\share\interpreter\linkResolver.cpp, line 759]

VM Operations (20 events):
Event: 4.342 Executing VM operation: HandshakeAllThreads done
Event: 4.706 Executing VM operation: G1CollectForAllocation
Event: 4.711 Executing VM operation: G1CollectForAllocation done
Event: 4.725 Executing VM operation: HandshakeAllThreads
Event: 4.725 Executing VM operation: HandshakeAllThreads done
Event: 4.865 Executing VM operation: G1CollectForAllocation
Event: 4.871 Executing VM operation: G1CollectForAllocation done
Event: 4.906 Executing VM operation: G1CollectForAllocation
Event: 4.913 Executing VM operation: G1CollectForAllocation done
Event: 4.964 Executing VM operation: G1CollectForAllocation
Event: 4.969 Executing VM operation: G1CollectForAllocation done
Event: 4.976 Executing VM operation: HandshakeAllThreads
Event: 4.976 Executing VM operation: HandshakeAllThreads done
Event: 5.027 Executing VM operation: G1CollectForAllocation
Event: 5.032 Executing VM operation: G1CollectForAllocation done
Event: 5.068 Executing VM operation: G1CollectForAllocation
Event: 5.073 Executing VM operation: G1CollectForAllocation done
Event: 5.083 Executing VM operation: HandshakeAllThreads
Event: 5.083 Executing VM operation: HandshakeAllThreads done
Event: 5.099 Executing VM operation: G1CollectForAllocation

Events (20 events):
Event: 4.976 loading class java/util/stream/Nodes$EmptyNode$OfDouble done
Event: 4.976 loading class java/util/stream/Nodes$FixedNodeBuilder
Event: 4.976 loading class java/util/stream/Node$Builder
Event: 4.976 loading class java/util/stream/Node$Builder done
Event: 4.976 loading class java/util/stream/Nodes$ArrayNode
Event: 4.976 loading class java/util/stream/Nodes$ArrayNode done
Event: 4.976 loading class java/util/stream/Nodes$FixedNodeBuilder done
Event: 4.977 loading class jdk/internal/jimage/ImageReader$Resource
Event: 4.977 loading class jdk/internal/jimage/ImageReader$Resource done
Event: 4.977 loading class java/util/stream/LongStream
Event: 4.977 loading class java/util/stream/LongStream done
Event: 4.977 loading class java/util/stream/DoubleStream
Event: 4.977 loading class java/util/stream/DoubleStream done
Event: 5.034 Thread 0x00000224e998f4f0 Thread added: 0x00000224e998f4f0
Event: 5.054 loading class jdk/internal/reflect/UnsafeQualifiedIntegerFieldAccessorImpl
Event: 5.055 loading class jdk/internal/reflect/UnsafeQualifiedFieldAccessorImpl
Event: 5.055 loading class jdk/internal/reflect/UnsafeQualifiedFieldAccessorImpl done
Event: 5.055 loading class jdk/internal/reflect/UnsafeQualifiedIntegerFieldAccessorImpl done
Event: 5.090 loading class jdk/internal/reflect/UnsafeBooleanFieldAccessorImpl
Event: 5.090 loading class jdk/internal/reflect/UnsafeBooleanFieldAccessorImpl done


Dynamic libraries:
0x00007ff7b1610000 - 0x00007ff7b161e000 	c:\Users\Dell\.vscode\extensions\redhat.java-1.11.0-win32-x64\jre\17.0.4.1-win32-x86_64\bin\java.exe
0x00007ff857f50000 - 0x00007ff858148000 	C:\Windows\SYSTEM32\ntdll.dll
0x00007ff857720000 - 0x00007ff8577dd000 	C:\Windows\System32\KERNEL32.DLL
0x00007ff855b70000 - 0x00007ff855e42000 	C:\Windows\System32\KERNELBASE.dll
0x00007ff855970000 - 0x00007ff855a70000 	C:\Windows\System32\ucrtbase.dll
0x00007ff82e030000 - 0x00007ff82e049000 	c:\Users\Dell\.vscode\extensions\redhat.java-1.11.0-win32-x64\jre\17.0.4.1-win32-x86_64\bin\VCRUNTIME140.dll
0x00007ff82e620000 - 0x00007ff82e638000 	c:\Users\Dell\.vscode\extensions\redhat.java-1.11.0-win32-x64\jre\17.0.4.1-win32-x86_64\bin\jli.dll
0x00007ff856740000 - 0x00007ff8568dd000 	C:\Windows\System32\USER32.dll
0x00007ff842980000 - 0x00007ff842c1a000 	C:\Windows\WinSxS\amd64_microsoft.windows.common-controls_6595b64144ccf1df_6.0.19041.1110_none_60b5254171f9507e\COMCTL32.dll
0x00007ff855ec0000 - 0x00007ff855ee2000 	C:\Windows\System32\win32u.dll
0x00007ff8577e0000 - 0x00007ff85787e000 	C:\Windows\System32\msvcrt.dll
0x00007ff856f90000 - 0x00007ff856fbb000 	C:\Windows\System32\GDI32.dll
0x00007ff855660000 - 0x00007ff85576f000 	C:\Windows\System32\gdi32full.dll
0x00007ff855770000 - 0x00007ff85580d000 	C:\Windows\System32\msvcp_win.dll
0x00007ff8568e0000 - 0x00007ff856910000 	C:\Windows\System32\IMM32.DLL
0x00007ff844f70000 - 0x00007ff844f7c000 	c:\Users\Dell\.vscode\extensions\redhat.java-1.11.0-win32-x64\jre\17.0.4.1-win32-x86_64\bin\vcruntime140_1.dll
0x00007fffe57b0000 - 0x00007fffe5841000 	c:\Users\Dell\.vscode\extensions\redhat.java-1.11.0-win32-x64\jre\17.0.4.1-win32-x86_64\bin\msvcp140.dll
0x00007fffdf610000 - 0x00007fffe0256000 	c:\Users\Dell\.vscode\extensions\redhat.java-1.11.0-win32-x64\jre\17.0.4.1-win32-x86_64\bin\server\jvm.dll
0x00007ff856610000 - 0x00007ff8566be000 	C:\Windows\System32\ADVAPI32.dll
0x00007ff857a30000 - 0x00007ff857acc000 	C:\Windows\System32\sechost.dll
0x00007ff856db0000 - 0x00007ff856ed5000 	C:\Windows\System32\RPCRT4.dll
0x00007ff856da0000 - 0x00007ff856da8000 	C:\Windows\System32\PSAPI.DLL
0x00007ff8350e0000 - 0x00007ff8350e9000 	C:\Windows\SYSTEM32\WSOCK32.dll
0x00007ff847140000 - 0x00007ff847167000 	C:\Windows\SYSTEM32\WINMM.dll
0x00007ff84cf10000 - 0x00007ff84cf1a000 	C:\Windows\SYSTEM32\VERSION.dll
0x00007ff857ae0000 - 0x00007ff857b4b000 	C:\Windows\System32\WS2_32.dll
0x00007ff853eb0000 - 0x00007ff853ec2000 	C:\Windows\SYSTEM32\kernel.appcore.dll
0x00007ff834530000 - 0x00007ff83453a000 	c:\Users\Dell\.vscode\extensions\redhat.java-1.11.0-win32-x64\jre\17.0.4.1-win32-x86_64\bin\jimage.dll
0x00007ff853430000 - 0x00007ff853614000 	C:\Windows\SYSTEM32\DBGHELP.DLL
0x00007ff84a660000 - 0x00007ff84a68c000 	C:\Windows\SYSTEM32\dbgcore.DLL
0x00007ff855f20000 - 0x00007ff855fa2000 	C:\Windows\System32\bcryptPrimitives.dll
0x00007ff81dab0000 - 0x00007ff81dad5000 	c:\Users\Dell\.vscode\extensions\redhat.java-1.11.0-win32-x64\jre\17.0.4.1-win32-x86_64\bin\java.dll
0x00007ff823c20000 - 0x00007ff823c38000 	c:\Users\Dell\.vscode\extensions\redhat.java-1.11.0-win32-x64\jre\17.0.4.1-win32-x86_64\bin\zip.dll
0x00007ff856fc0000 - 0x00007ff857703000 	C:\Windows\System32\SHELL32.dll
0x00007ff853700000 - 0x00007ff853e91000 	C:\Windows\SYSTEM32\windows.storage.dll
0x00007ff856a40000 - 0x00007ff856d94000 	C:\Windows\System32\combase.dll
0x00007ff8550c0000 - 0x00007ff8550f0000 	C:\Windows\SYSTEM32\Wldp.dll
0x00007ff857c60000 - 0x00007ff857d0d000 	C:\Windows\System32\SHCORE.dll
0x00007ff857c00000 - 0x00007ff857c55000 	C:\Windows\System32\shlwapi.dll
0x00007ff8555a0000 - 0x00007ff8555bf000 	C:\Windows\SYSTEM32\profapi.dll
0x00007ff82db00000 - 0x00007ff82db19000 	C:\Users\Dell\.vscode\extensions\redhat.java-1.11.0-win32-x64\jre\17.0.4.1-win32-x86_64\bin\net.dll
0x00007ff8490c0000 - 0x00007ff8491cd000 	C:\Windows\SYSTEM32\WINHTTP.dll
0x00007ff854e20000 - 0x00007ff854e8a000 	C:\Windows\system32\mswsock.dll
0x00007ff82dae0000 - 0x00007ff82daf5000 	C:\Users\Dell\.vscode\extensions\redhat.java-1.11.0-win32-x64\jre\17.0.4.1-win32-x86_64\bin\nio.dll
0x00007ff82dad0000 - 0x00007ff82dae0000 	c:\Users\Dell\.vscode\extensions\redhat.java-1.11.0-win32-x64\jre\17.0.4.1-win32-x86_64\bin\verify.dll
0x00007ff84d320000 - 0x00007ff84d329000 	C:\Users\Dell\.vscode\extensions\redhat.java-1.11.0-win32-x64\jre\17.0.4.1-win32-x86_64\bin\management.dll
0x00007ff84d0a0000 - 0x00007ff84d0ab000 	C:\Users\Dell\.vscode\extensions\redhat.java-1.11.0-win32-x64\jre\17.0.4.1-win32-x86_64\bin\management_ext.dll
0x00007ff8335e0000 - 0x00007ff8335f7000 	C:\Windows\system32\napinsp.dll
0x00007ff8335c0000 - 0x00007ff8335db000 	C:\Windows\system32\pnrpnsp.dll
0x00007ff8335a0000 - 0x00007ff8335b5000 	C:\Windows\system32\wshbth.dll
0x00007ff84c120000 - 0x00007ff84c13d000 	C:\Windows\system32\NLAapi.dll
0x00007ff854ac0000 - 0x00007ff854afb000 	C:\Windows\SYSTEM32\IPHLPAPI.DLL
0x00007ff854b00000 - 0x00007ff854bca000 	C:\Windows\SYSTEM32\DNSAPI.dll
0x00007ff857ad0000 - 0x00007ff857ad8000 	C:\Windows\System32\NSI.dll
0x00007ff833580000 - 0x00007ff833592000 	C:\Windows\System32\winrnr.dll
0x00007ff849020000 - 0x00007ff84902a000 	C:\Windows\System32\rasadhlp.dll
0x00007ff849040000 - 0x00007ff8490c0000 	C:\Windows\System32\fwpuclnt.dll
0x00007ff855ef0000 - 0x00007ff855f17000 	C:\Windows\System32\bcrypt.dll
0x00007ff855010000 - 0x00007ff855028000 	C:\Windows\SYSTEM32\CRYPTSP.dll
0x00007ff8546d0000 - 0x00007ff854704000 	C:\Windows\system32\rsaenh.dll
0x00007ff855520000 - 0x00007ff85554e000 	C:\Windows\SYSTEM32\USERENV.dll
0x00007ff855030000 - 0x00007ff85503c000 	C:\Windows\SYSTEM32\CRYPTBASE.dll
0x00007ff84b020000 - 0x00007ff84b037000 	C:\Windows\SYSTEM32\dhcpcsvc6.DLL
0x00007ff84b360000 - 0x00007ff84b37d000 	C:\Windows\SYSTEM32\dhcpcsvc.DLL

dbghelp: loaded successfully - version: 4.0.5 - missing functions: none
symbol engine: initialized successfully - sym options: 0x614 - pdb path: .;c:\Users\Dell\.vscode\extensions\redhat.java-1.11.0-win32-x64\jre\17.0.4.1-win32-x86_64\bin;C:\Windows\SYSTEM32;C:\Windows\WinSxS\amd64_microsoft.windows.common-controls_6595b64144ccf1df_6.0.19041.1110_none_60b5254171f9507e;c:\Users\Dell\.vscode\extensions\redhat.java-1.11.0-win32-x64\jre\17.0.4.1-win32-x86_64\bin\server

VM Arguments:
jvm_args: -Dsts.lsp.client=vscode -Dsts.log.file=/dev/null -XX:TieredStopAtLevel=1 -Xlog:jni+resolve=off -Dspring.config.location=file:c:\Users\Dell\.vscode\extensions\pivotal.vscode-spring-boot-1.39.0\language-server\BOOT-INF\classes\application.properties 
java_command: org.springframework.ide.vscode.boot.app.BootLanguageServerBootApp
java_class_path (initial): c:\Users\Dell\.vscode\extensions\pivotal.vscode-spring-boot-1.39.0\language-server\BOOT-INF\classes;c:\Users\Dell\.vscode\extensions\pivotal.vscode-spring-boot-1.39.0\language-server\BOOT-INF\lib\annotations-23.0.0.jar;c:\Users\Dell\.vscode\extensions\pivotal.vscode-spring-boot-1.39.0\language-server\BOOT-INF\lib\antlr-runtime-3.5.2.jar;c:\Users\Dell\.vscode\extensions\pivotal.vscode-spring-boot-1.39.0\language-server\BOOT-INF\lib\antlr4-4.9.3.jar;c:\Users\Dell\.vscode\extensions\pivotal.vscode-spring-boot-1.39.0\language-server\BOOT-INF\lib\antlr4-runtime-4.9.3.jar;c:\Users\Dell\.vscode\extensions\pivotal.vscode-spring-boot-1.39.0\language-server\BOOT-INF\lib\asm-9.3.jar;c:\Users\Dell\.vscode\extensions\pivotal.vscode-spring-boot-1.39.0\language-server\BOOT-INF\lib\asm-analysis-9.3.jar;c:\Users\Dell\.vscode\extensions\pivotal.vscode-spring-boot-1.39.0\language-server\BOOT-INF\lib\asm-tree-9.3.jar;c:\Users\Dell\.vscode\extensions\pivotal.vscode-spring-boot-1.39.0\language-server\BOOT-INF\lib\asm-util-9.3.jar;c:\Users\Dell\.vscode\extensions\pivotal.vscode-spring-boot-1.39.0\language-server\BOOT-INF\lib\byte-buddy-1.12.13.jar;c:\Users\Dell\.vscode\extensions\pivotal.vscode-spring-boot-1.39.0\language-server\BOOT-INF\lib\caffeine-2.9.3.jar;c:\Users\Dell\.vscode\extensions\pivotal.vscode-spring-boot-1.39.0\language-server\BOOT-INF\lib\checker-qual-3.12.0.jar;c:\Users\Dell\.vscode\extensions\pivotal.vscode-spring-boot-1.39.0\language-server\BOOT-INF\lib\classgraph-4.8.149.jar;c:\Users\Dell\.vscode\extensions\pivotal.vscode-spring-boot-1.39.0\language-server\BOOT-INF\lib\commons-codec-1.15.jar;c:\Users\Dell\.vscode\extensions\pivotal.vscode-spring-boot-1.39.0\language-server\BOOT-INF\lib\commons-compress-1.21.jar;c:\Users\Dell\.vscode\extensions\pivotal.vscode-spring-boot-1.39.0\language-server\BOOT-INF\lib\commons-exec-1.3.jar;c:\Users\Dell\.vscode\extensions\pivotal.vscode-spring-boot-1.39.0\language-server\BOOT-INF\lib\commons-io-2.4.jar;c
Launcher Type: SUN_STANDARD

[Global flags]
     intx CICompilerCount                          = 4                                         {product} {ergonomic}
     uint ConcGCThreads                            = 2                                         {product} {ergonomic}
     uint G1ConcRefinementThreads                  = 8                                         {product} {ergonomic}
   size_t G1HeapRegionSize                         = 1048576                                   {product} {ergonomic}
    uintx GCDrainStackTargetSize                   = 64                                        {product} {ergonomic}
   size_t InitialHeapSize                          = 67108864                                  {product} {ergonomic}
   size_t MarkStackSize                            = 4194304                                   {product} {ergonomic}
   size_t MaxHeapSize                              = 1042284544                                {product} {ergonomic}
   size_t MaxNewSize                               = 624951296                                 {product} {ergonomic}
   size_t MinHeapDeltaBytes                        = 1048576                                   {product} {ergonomic}
   size_t MinHeapSize                              = 8388608                                   {product} {ergonomic}
    uintx NonProfiledCodeHeapSize                  = 0                                      {pd product} {ergonomic}
     bool ProfileInterpreter                       = false                                  {pd product} {command line}
    uintx ProfiledCodeHeapSize                     = 0                                      {pd product} {ergonomic}
   size_t SoftMaxHeapSize                          = 1042284544                             {manageable} {ergonomic}
     intx TieredStopAtLevel                        = 1                                         {product} {command line}
     bool UseCompressedClassPointers               = true                           {product lp64_product} {ergonomic}
     bool UseCompressedOops                        = true                           {product lp64_product} {ergonomic}
     bool UseG1GC                                  = true                                      {product} {ergonomic}
     bool UseLargePagesIndividualAllocation        = false                                  {pd product} {ergonomic}

Logging:
Log output configuration:
 #0: stdout all=warning,jni+resolve=off uptime,level,tags
 #1: stderr all=off uptime,level,tags

Environment Variables:
PATH=C:\Windows\system32;C:\Windows;C:\Windows\System32\Wbem;C:\Windows\System32\WindowsPowerShell\v1.0\;C:\Windows\System32\OpenSSH\;C:\Program Files\Cloudflare\Cloudflare WARP\;C:\Program Files\Git\cmd;C:\JDK 11  Now Now\jdk-11.0.1\bin;D:\NodeJS\;C:\Users\Dell\AppData\Local\Microsoft\WindowsApps;C:\JDK 11  Now Now\jdk-11.0.1\bin;C:\Users\Dell\AppData\Roaming\npm;C:\Users\Dell\AppData\Local\Programs\Microsoft VS Code\bin
USERNAME=Dell
OS=Windows_NT
PROCESSOR_IDENTIFIER=Intel64 Family 6 Model 142 Stepping 11, GenuineIntel
TMP=C:\Users\Dell\AppData\Local\Temp
TEMP=C:\Users\Dell\AppData\Local\Temp



---------------  S Y S T E M  ---------------

OS:
 Windows 10 , 64 bit Build 19041 (10.0.19041.1889)
OS uptime: 2 days 21:48 hours

CPU: total 8 (initial active 8) (4 cores per cpu, 2 threads per core) family 6 model 142 stepping 11 microcode 0xf0, cx8, cmov, fxsr, ht, mmx, 3dnowpref, sse, sse2, sse3, ssse3, sse4.1, sse4.2, popcnt, lzcnt, tsc, tscinvbit, avx, avx2, aes, erms, clmul, bmi1, bmi2, adx, fma, vzeroupper, clflush, clflushopt

Memory: 4k page, system-wide physical 3971M (216M free)
TotalPageFile size 16259M (AvailPageFile size 68M)
current process WorkingSet (physical memory assigned to process): 158M, peak: 158M
current process commit charge ("private bytes"): 196M, peak: 261M

vm_info: OpenJDK 64-Bit Server VM (17.0.4.1+1) for windows-amd64 JRE (17.0.4.1+1), built on Aug 17 2022 07:42:43 by "temurin" with MS VC++ 16.7 (VS2019)

END.
